Args in experiment:
Namespace(random_seed=2025, is_training=1, model_id='electricity_96_720', model='MLPAer_univariate', data='custom', root_path='./dataset/', data_path='electricity.csv', features='MS', target='OT', freq='h', checkpoints='./checkpoints/', seq_len=96, label_len=48, pred_len=720, fc_dropout=0.05, head_dropout=0.6, patch_len=16, stride=8, padding_patch='end', revin=1, affine=0, subtract_last=0, decomposition=0, kernel_size=25, individual=0, embed_type=0, enc_in=321, dec_in=7, c_out=7, d_model=2048, n_heads=8, e_layers=2, d_layers=1, d_ff=2048, moving_avg=25, factor=1, distil=True, dropout=0.05, embed='timeF', activation='gelu', output_attention=False, do_predict=False, num_workers=10, itr=1, train_epochs=10, batch_size=32, patience=100, learning_rate=0.0001, des='Exp', loss='mse', lradj='type3', pct_start=0.3, use_amp=False, c_ff=24, t_ff=512, c_dropout=0.2, t_dropout=0.2, embed_dropout=0.2, head_type='prediction', usenorm=1, use_gpu=True, gpu=0, use_multi_gpu=False, devices='0,1,2,3', test_flop=False)
Use GPU: cuda:0
>>>>>>>start training : electricity_96_720_MLPAer_univariate_custom_ftMS_sl96_ll48_pl720_dm2048_nh8_el2_dl1_df2048_fc1_ebtimeF_dtTrue_Exp_0>>>>>>>>>>>>>>>>>>>>>>>>>>
train 17597
val 1913
test 4541
	iters: 100, epoch: 1 | loss: 0.8327882
	speed: 0.0760s/iter; left time: 409.9103s
	iters: 200, epoch: 1 | loss: 0.9251602
	speed: 0.0553s/iter; left time: 292.3322s
	iters: 300, epoch: 1 | loss: 0.7654614
	speed: 0.0575s/iter; left time: 298.3000s
	iters: 400, epoch: 1 | loss: 0.8550561
	speed: 0.0557s/iter; left time: 283.7770s
	iters: 500, epoch: 1 | loss: 0.7636804
	speed: 0.0555s/iter; left time: 276.8458s
Epoch: 1 cost time: 30.994675159454346
Epoch: 1, Steps: 549 | Train Loss: 0.7738333 Vali Loss: 0.4405557 Test Loss: 0.6614723
Validation loss decreased (inf --> 0.440556).  Saving model ...
Updating learning rate to 0.0001
	iters: 100, epoch: 2 | loss: 0.6321148
	speed: 0.2360s/iter; left time: 1142.8866s
	iters: 200, epoch: 2 | loss: 0.4333519
	speed: 0.0577s/iter; left time: 273.6215s
	iters: 300, epoch: 2 | loss: 0.4857388
	speed: 0.0554s/iter; left time: 257.2317s
	iters: 400, epoch: 2 | loss: 0.4551653
	speed: 0.0547s/iter; left time: 248.4805s
	iters: 500, epoch: 2 | loss: 0.3379200
	speed: 0.0569s/iter; left time: 252.5477s
Epoch: 2 cost time: 30.546792030334473
Epoch: 2, Steps: 549 | Train Loss: 0.4713200 Vali Loss: 0.2545275 Test Loss: 0.4410169
Validation loss decreased (0.440556 --> 0.254528).  Saving model ...
Updating learning rate to 0.0001
	iters: 100, epoch: 3 | loss: 0.5532127
	speed: 0.2301s/iter; left time: 987.8722s
	iters: 200, epoch: 3 | loss: 0.4220941
	speed: 0.0549s/iter; left time: 230.1304s
	iters: 300, epoch: 3 | loss: 0.3651983
	speed: 0.0551s/iter; left time: 225.6663s
	iters: 400, epoch: 3 | loss: 0.4059338
	speed: 0.0555s/iter; left time: 221.5473s
	iters: 500, epoch: 3 | loss: 0.2811345
	speed: 0.0555s/iter; left time: 215.9197s
Epoch: 3 cost time: 30.310986042022705
Epoch: 3, Steps: 549 | Train Loss: 0.3915280 Vali Loss: 0.2488600 Test Loss: 0.4248775
Validation loss decreased (0.254528 --> 0.248860).  Saving model ...
Updating learning rate to 0.0001
	iters: 100, epoch: 4 | loss: 0.4347030
	speed: 0.2308s/iter; left time: 864.2077s
	iters: 200, epoch: 4 | loss: 0.4226210
	speed: 0.0549s/iter; left time: 200.1445s
	iters: 300, epoch: 4 | loss: 0.3205616
	speed: 0.0585s/iter; left time: 207.2081s
	iters: 400, epoch: 4 | loss: 0.4126704
	speed: 0.0540s/iter; left time: 186.0696s
	iters: 500, epoch: 4 | loss: 0.3168941
	speed: 0.0558s/iter; left time: 186.5013s
Epoch: 4 cost time: 30.855923891067505
Epoch: 4, Steps: 549 | Train Loss: 0.3579307 Vali Loss: 0.2505781 Test Loss: 0.4273590
EarlyStopping counter: 1 out of 100
Updating learning rate to 9e-05
	iters: 100, epoch: 5 | loss: 0.2828640
	speed: 0.2406s/iter; left time: 768.6064s
	iters: 200, epoch: 5 | loss: 0.3361396
	speed: 0.0568s/iter; left time: 175.9427s
	iters: 300, epoch: 5 | loss: 0.3275581
	speed: 0.0563s/iter; left time: 168.5828s
	iters: 400, epoch: 5 | loss: 0.3835877
	speed: 0.0564s/iter; left time: 163.3633s
	iters: 500, epoch: 5 | loss: 0.2735843
	speed: 0.0580s/iter; left time: 162.2419s
Epoch: 5 cost time: 31.306902170181274
Epoch: 5, Steps: 549 | Train Loss: 0.3263586 Vali Loss: 0.2482672 Test Loss: 0.4186856
Validation loss decreased (0.248860 --> 0.248267).  Saving model ...
Updating learning rate to 8.1e-05
	iters: 100, epoch: 6 | loss: 0.2373483
	speed: 0.2376s/iter; left time: 628.7690s
	iters: 200, epoch: 6 | loss: 0.2996731
	speed: 0.0554s/iter; left time: 140.9240s
	iters: 300, epoch: 6 | loss: 0.3434809
	speed: 0.0555s/iter; left time: 135.8096s
	iters: 400, epoch: 6 | loss: 0.2770008
	speed: 0.0554s/iter; left time: 129.8762s
	iters: 500, epoch: 6 | loss: 0.2842448
	speed: 0.0562s/iter; left time: 126.2562s
Epoch: 6 cost time: 30.627466440200806
Epoch: 6, Steps: 549 | Train Loss: 0.2946514 Vali Loss: 0.2492867 Test Loss: 0.4261976
EarlyStopping counter: 1 out of 100
Updating learning rate to 7.290000000000001e-05
	iters: 100, epoch: 7 | loss: 0.2619762
	speed: 0.2293s/iter; left time: 480.8085s
	iters: 200, epoch: 7 | loss: 0.2638038
	speed: 0.0548s/iter; left time: 109.4843s
	iters: 300, epoch: 7 | loss: 0.2322497
	speed: 0.0563s/iter; left time: 106.7437s
	iters: 400, epoch: 7 | loss: 0.3022546
	speed: 0.0542s/iter; left time: 97.3636s
	iters: 500, epoch: 7 | loss: 0.2852624
	speed: 0.0551s/iter; left time: 93.4839s
Epoch: 7 cost time: 30.154253244400024
Epoch: 7, Steps: 549 | Train Loss: 0.2747227 Vali Loss: 0.2415958 Test Loss: 0.4006619
Validation loss decreased (0.248267 --> 0.241596).  Saving model ...
Updating learning rate to 6.561e-05
	iters: 100, epoch: 8 | loss: 0.2666850
	speed: 0.2329s/iter; left time: 360.5361s
	iters: 200, epoch: 8 | loss: 0.2451517
	speed: 0.0543s/iter; left time: 78.6017s
	iters: 300, epoch: 8 | loss: 0.3092310
	speed: 0.0549s/iter; left time: 74.0352s
	iters: 400, epoch: 8 | loss: 0.2167497
	speed: 0.0554s/iter; left time: 69.0771s
	iters: 500, epoch: 8 | loss: 0.2782077
	speed: 0.0553s/iter; left time: 63.5206s
Epoch: 8 cost time: 30.315547466278076
Epoch: 8, Steps: 549 | Train Loss: 0.2625666 Vali Loss: 0.2464913 Test Loss: 0.4066317
EarlyStopping counter: 1 out of 100
Updating learning rate to 5.904900000000001e-05
	iters: 100, epoch: 9 | loss: 0.2510835
	speed: 0.2301s/iter; left time: 229.8799s
	iters: 200, epoch: 9 | loss: 0.2636147
	speed: 0.0546s/iter; left time: 49.0658s
	iters: 300, epoch: 9 | loss: 0.1967723
	speed: 0.0550s/iter; left time: 43.9413s
	iters: 400, epoch: 9 | loss: 0.2638738
	speed: 0.0560s/iter; left time: 39.1106s
	iters: 500, epoch: 9 | loss: 0.2513580
	speed: 0.0546s/iter; left time: 32.6824s
Epoch: 9 cost time: 30.288670301437378
Epoch: 9, Steps: 549 | Train Loss: 0.2542452 Vali Loss: 0.2472483 Test Loss: 0.4013895
EarlyStopping counter: 2 out of 100
Updating learning rate to 5.3144100000000005e-05
	iters: 100, epoch: 10 | loss: 0.2130870
	speed: 0.2298s/iter; left time: 103.4295s
	iters: 200, epoch: 10 | loss: 0.2331142
	speed: 0.0569s/iter; left time: 19.9011s
	iters: 300, epoch: 10 | loss: 0.2281287
	speed: 0.0555s/iter; left time: 13.8833s
	iters: 400, epoch: 10 | loss: 0.2154556
	speed: 0.0571s/iter; left time: 8.5596s
	iters: 500, epoch: 10 | loss: 0.2860436
	speed: 0.0554s/iter; left time: 2.7725s
Epoch: 10 cost time: 30.730153799057007
Epoch: 10, Steps: 549 | Train Loss: 0.2475191 Vali Loss: 0.2552400 Test Loss: 0.4160000
EarlyStopping counter: 3 out of 100
Updating learning rate to 4.782969000000001e-05
>>>>>>>testing : electricity_96_720_MLPAer_univariate_custom_ftMS_sl96_ll48_pl720_dm2048_nh8_el2_dl1_df2048_fc1_ebtimeF_dtTrue_Exp_0<<<<<<<<<<<<<<<<<<<<<<<<<<<<<<<<<
test 4541
mse:0.40066197514533997, mae:0.4595486521720886, rse:0.6178480386734009
