Args in experiment:
Namespace(random_seed=2025, is_training=1, model_id='ETTh1_96_192', model='MLPAer_univariate', data='ETTh1', root_path='./dataset/', data_path='ETTh1.csv', features='MS', target='OT', freq='h', checkpoints='./checkpoints/', seq_len=96, label_len=48, pred_len=192, fc_dropout=0.05, head_dropout=0.7, patch_len=16, stride=8, padding_patch='end', revin=1, affine=0, subtract_last=0, decomposition=0, kernel_size=25, individual=0, embed_type=0, enc_in=7, dec_in=7, c_out=7, d_model=512, n_heads=8, e_layers=2, d_layers=1, d_ff=2048, moving_avg=25, factor=1, distil=True, dropout=0.05, embed='timeF', activation='gelu', output_attention=False, do_predict=False, num_workers=10, itr=1, train_epochs=30, batch_size=16, patience=100, learning_rate=0.0001, des='Exp', loss='mse', lradj='type3', pct_start=0.3, use_amp=False, c_ff=7, t_ff=512, c_dropout=0.0, t_dropout=0.0, embed_dropout=0.1, head_type='prediction', usenorm=1, use_gpu=True, gpu=0, use_multi_gpu=False, devices='0,1,2,3', test_flop=False)
Use GPU: cuda:0
>>>>>>>start training : ETTh1_96_192_MLPAer_univariate_ETTh1_ftMS_sl96_ll48_pl192_dm512_nh8_el2_dl1_df2048_fc1_ebtimeF_dtTrue_Exp_0>>>>>>>>>>>>>>>>>>>>>>>>>>
train 8353
val 2689
test 2689
	iters: 100, epoch: 1 | loss: 0.1817787
	speed: 0.0392s/iter; left time: 610.5197s
	iters: 200, epoch: 1 | loss: 0.2148741
	speed: 0.0112s/iter; left time: 173.4273s
	iters: 300, epoch: 1 | loss: 0.1742007
	speed: 0.0104s/iter; left time: 159.8380s
	iters: 400, epoch: 1 | loss: 0.2482003
	speed: 0.0117s/iter; left time: 178.1284s
	iters: 500, epoch: 1 | loss: 0.1758013
	speed: 0.0107s/iter; left time: 161.7224s
Epoch: 1 cost time: 6.210936546325684
Epoch: 1, Steps: 522 | Train Loss: 0.2312861 Vali Loss: 0.1313518 Test Loss: 0.0828516
Validation loss decreased (inf --> 0.131352).  Saving model ...
Updating learning rate to 0.0001
	iters: 100, epoch: 2 | loss: 0.2497849
	speed: 0.0405s/iter; left time: 609.0964s
	iters: 200, epoch: 2 | loss: 0.1928999
	speed: 0.0117s/iter; left time: 174.7022s
	iters: 300, epoch: 2 | loss: 0.1214149
	speed: 0.0113s/iter; left time: 167.6346s
	iters: 400, epoch: 2 | loss: 0.2558429
	speed: 0.0108s/iter; left time: 159.3838s
	iters: 500, epoch: 2 | loss: 0.2712648
	speed: 0.0116s/iter; left time: 170.4103s
Epoch: 2 cost time: 6.209022760391235
Epoch: 2, Steps: 522 | Train Loss: 0.2074112 Vali Loss: 0.1185724 Test Loss: 0.0747486
Validation loss decreased (0.131352 --> 0.118572).  Saving model ...
Updating learning rate to 0.0001
	iters: 100, epoch: 3 | loss: 0.1691128
	speed: 0.0414s/iter; left time: 600.7772s
	iters: 200, epoch: 3 | loss: 0.1709216
	speed: 0.0123s/iter; left time: 177.8903s
	iters: 300, epoch: 3 | loss: 0.1508998
	speed: 0.0118s/iter; left time: 169.6470s
	iters: 400, epoch: 3 | loss: 0.1783994
	speed: 0.0117s/iter; left time: 166.6008s
	iters: 500, epoch: 3 | loss: 0.2287538
	speed: 0.0130s/iter; left time: 183.6258s
Epoch: 3 cost time: 6.556074857711792
Epoch: 3, Steps: 522 | Train Loss: 0.1939002 Vali Loss: 0.1162907 Test Loss: 0.0736623
Validation loss decreased (0.118572 --> 0.116291).  Saving model ...
Updating learning rate to 0.0001
	iters: 100, epoch: 4 | loss: 0.2094353
	speed: 0.0417s/iter; left time: 583.8481s
	iters: 200, epoch: 4 | loss: 0.1597003
	speed: 0.0126s/iter; left time: 174.5419s
	iters: 300, epoch: 4 | loss: 0.1796765
	speed: 0.0120s/iter; left time: 166.1624s
	iters: 400, epoch: 4 | loss: 0.1777581
	speed: 0.0109s/iter; left time: 148.8478s
	iters: 500, epoch: 4 | loss: 0.1725368
	speed: 0.0115s/iter; left time: 155.6854s
Epoch: 4 cost time: 6.29287052154541
Epoch: 4, Steps: 522 | Train Loss: 0.1896939 Vali Loss: 0.1144602 Test Loss: 0.0720935
Validation loss decreased (0.116291 --> 0.114460).  Saving model ...
Updating learning rate to 9e-05
	iters: 100, epoch: 5 | loss: 0.2163998
	speed: 0.0432s/iter; left time: 581.8782s
	iters: 200, epoch: 5 | loss: 0.1442617
	speed: 0.0124s/iter; left time: 165.3266s
	iters: 300, epoch: 5 | loss: 0.1973045
	speed: 0.0118s/iter; left time: 156.8383s
	iters: 400, epoch: 5 | loss: 0.2048579
	speed: 0.0125s/iter; left time: 164.6955s
	iters: 500, epoch: 5 | loss: 0.2152271
	speed: 0.0102s/iter; left time: 133.4292s
Epoch: 5 cost time: 6.3436102867126465
Epoch: 5, Steps: 522 | Train Loss: 0.1878067 Vali Loss: 0.1156106 Test Loss: 0.0726053
EarlyStopping counter: 1 out of 100
Updating learning rate to 8.1e-05
	iters: 100, epoch: 6 | loss: 0.1759752
	speed: 0.0407s/iter; left time: 527.5551s
	iters: 200, epoch: 6 | loss: 0.1918743
	speed: 0.0122s/iter; left time: 157.2871s
	iters: 300, epoch: 6 | loss: 0.2471455
	speed: 0.0126s/iter; left time: 160.9777s
	iters: 400, epoch: 6 | loss: 0.3112107
	speed: 0.0113s/iter; left time: 143.3015s
	iters: 500, epoch: 6 | loss: 0.1704112
	speed: 0.0126s/iter; left time: 157.6710s
Epoch: 6 cost time: 6.530720472335815
Epoch: 6, Steps: 522 | Train Loss: 0.1859498 Vali Loss: 0.1142838 Test Loss: 0.0725522
Validation loss decreased (0.114460 --> 0.114284).  Saving model ...
Updating learning rate to 7.290000000000001e-05
	iters: 100, epoch: 7 | loss: 0.1399224
	speed: 0.0531s/iter; left time: 660.4201s
	iters: 200, epoch: 7 | loss: 0.2036614
	speed: 0.0186s/iter; left time: 228.7279s
	iters: 300, epoch: 7 | loss: 0.1675372
	speed: 0.0175s/iter; left time: 213.6558s
	iters: 400, epoch: 7 | loss: 0.1260194
	speed: 0.0183s/iter; left time: 222.3938s
	iters: 500, epoch: 7 | loss: 0.1544549
	speed: 0.0182s/iter; left time: 219.1944s
Epoch: 7 cost time: 9.683950662612915
Epoch: 7, Steps: 522 | Train Loss: 0.1851832 Vali Loss: 0.1136328 Test Loss: 0.0719328
Validation loss decreased (0.114284 --> 0.113633).  Saving model ...
Updating learning rate to 6.561e-05
	iters: 100, epoch: 8 | loss: 0.2166645
	speed: 0.0660s/iter; left time: 786.4376s
	iters: 200, epoch: 8 | loss: 0.1954497
	speed: 0.0178s/iter; left time: 209.8550s
	iters: 300, epoch: 8 | loss: 0.1842183
	speed: 0.0181s/iter; left time: 211.5369s
	iters: 400, epoch: 8 | loss: 0.1918775
	speed: 0.0186s/iter; left time: 215.7082s
	iters: 500, epoch: 8 | loss: 0.2210345
	speed: 0.0180s/iter; left time: 207.2812s
Epoch: 8 cost time: 9.700475692749023
Epoch: 8, Steps: 522 | Train Loss: 0.1838083 Vali Loss: 0.1128301 Test Loss: 0.0717340
Validation loss decreased (0.113633 --> 0.112830).  Saving model ...
Updating learning rate to 5.904900000000001e-05
	iters: 100, epoch: 9 | loss: 0.2275165
	speed: 0.0638s/iter; left time: 725.9620s
	iters: 200, epoch: 9 | loss: 0.1710090
	speed: 0.0197s/iter; left time: 222.2803s
	iters: 300, epoch: 9 | loss: 0.1490597
	speed: 0.0186s/iter; left time: 208.3446s
	iters: 400, epoch: 9 | loss: 0.1787575
	speed: 0.0185s/iter; left time: 204.6109s
	iters: 500, epoch: 9 | loss: 0.1749521
	speed: 0.0181s/iter; left time: 198.4140s
Epoch: 9 cost time: 9.873793601989746
Epoch: 9, Steps: 522 | Train Loss: 0.1827313 Vali Loss: 0.1146356 Test Loss: 0.0717783
EarlyStopping counter: 1 out of 100
Updating learning rate to 5.3144100000000005e-05
	iters: 100, epoch: 10 | loss: 0.1905307
	speed: 0.0645s/iter; left time: 700.5920s
	iters: 200, epoch: 10 | loss: 0.2556509
	speed: 0.0178s/iter; left time: 191.4965s
	iters: 300, epoch: 10 | loss: 0.1370341
	speed: 0.0184s/iter; left time: 195.7872s
	iters: 400, epoch: 10 | loss: 0.1608988
	speed: 0.0176s/iter; left time: 185.5326s
	iters: 500, epoch: 10 | loss: 0.1682310
	speed: 0.0170s/iter; left time: 178.2726s
Epoch: 10 cost time: 9.45234990119934
Epoch: 10, Steps: 522 | Train Loss: 0.1822688 Vali Loss: 0.1136327 Test Loss: 0.0717418
EarlyStopping counter: 2 out of 100
Updating learning rate to 4.782969000000001e-05
	iters: 100, epoch: 11 | loss: 0.2198848
	speed: 0.0633s/iter; left time: 654.5130s
	iters: 200, epoch: 11 | loss: 0.1657020
	speed: 0.0179s/iter; left time: 183.0016s
	iters: 300, epoch: 11 | loss: 0.2238647
	speed: 0.0184s/iter; left time: 186.3350s
	iters: 400, epoch: 11 | loss: 0.2161666
	speed: 0.0168s/iter; left time: 168.5437s
	iters: 500, epoch: 11 | loss: 0.1268378
	speed: 0.0179s/iter; left time: 177.8184s
Epoch: 11 cost time: 9.448579549789429
Epoch: 11, Steps: 522 | Train Loss: 0.1814105 Vali Loss: 0.1128101 Test Loss: 0.0718072
Validation loss decreased (0.112830 --> 0.112810).  Saving model ...
Updating learning rate to 4.304672100000001e-05
	iters: 100, epoch: 12 | loss: 0.1232636
	speed: 0.0660s/iter; left time: 647.8192s
	iters: 200, epoch: 12 | loss: 0.1294015
	speed: 0.0177s/iter; left time: 172.1327s
	iters: 300, epoch: 12 | loss: 0.1888877
	speed: 0.0176s/iter; left time: 169.5484s
	iters: 400, epoch: 12 | loss: 0.2578419
	speed: 0.0174s/iter; left time: 165.5298s
	iters: 500, epoch: 12 | loss: 0.1550428
	speed: 0.0175s/iter; left time: 164.3886s
Epoch: 12 cost time: 9.435074806213379
Epoch: 12, Steps: 522 | Train Loss: 0.1806211 Vali Loss: 0.1139731 Test Loss: 0.0715531
EarlyStopping counter: 1 out of 100
Updating learning rate to 3.874204890000001e-05
	iters: 100, epoch: 13 | loss: 0.2160803
	speed: 0.0649s/iter; left time: 602.9181s
	iters: 200, epoch: 13 | loss: 0.1790596
	speed: 0.0183s/iter; left time: 168.0518s
	iters: 300, epoch: 13 | loss: 0.1163834
	speed: 0.0180s/iter; left time: 163.4059s
	iters: 400, epoch: 13 | loss: 0.2019453
	speed: 0.0172s/iter; left time: 154.7010s
	iters: 500, epoch: 13 | loss: 0.1706767
	speed: 0.0178s/iter; left time: 157.9239s
Epoch: 13 cost time: 9.569836139678955
Epoch: 13, Steps: 522 | Train Loss: 0.1796251 Vali Loss: 0.1147428 Test Loss: 0.0717959
EarlyStopping counter: 2 out of 100
Updating learning rate to 3.486784401000001e-05
	iters: 100, epoch: 14 | loss: 0.1884119
	speed: 0.0641s/iter; left time: 562.6567s
	iters: 200, epoch: 14 | loss: 0.1432468
	speed: 0.0172s/iter; left time: 149.6197s
	iters: 300, epoch: 14 | loss: 0.1497675
	speed: 0.0170s/iter; left time: 145.4290s
	iters: 400, epoch: 14 | loss: 0.1920782
	speed: 0.0183s/iter; left time: 155.4028s
	iters: 500, epoch: 14 | loss: 0.1899668
	speed: 0.0166s/iter; left time: 138.7679s
Epoch: 14 cost time: 9.285086154937744
Epoch: 14, Steps: 522 | Train Loss: 0.1795683 Vali Loss: 0.1141390 Test Loss: 0.0718756
EarlyStopping counter: 3 out of 100
Updating learning rate to 3.138105960900001e-05
	iters: 100, epoch: 15 | loss: 0.1400521
	speed: 0.0656s/iter; left time: 541.7777s
	iters: 200, epoch: 15 | loss: 0.1549406
	speed: 0.0186s/iter; left time: 151.3927s
	iters: 300, epoch: 15 | loss: 0.1798169
	speed: 0.0182s/iter; left time: 146.7018s
	iters: 400, epoch: 15 | loss: 0.2444876
	speed: 0.0177s/iter; left time: 140.4178s
	iters: 500, epoch: 15 | loss: 0.1853798
	speed: 0.0172s/iter; left time: 135.1919s
Epoch: 15 cost time: 9.574538469314575
Epoch: 15, Steps: 522 | Train Loss: 0.1787898 Vali Loss: 0.1118047 Test Loss: 0.0713264
Validation loss decreased (0.112810 --> 0.111805).  Saving model ...
Updating learning rate to 2.824295364810001e-05
	iters: 100, epoch: 16 | loss: 0.1638465
	speed: 0.0637s/iter; left time: 492.7750s
	iters: 200, epoch: 16 | loss: 0.1842134
	speed: 0.0179s/iter; left time: 136.5865s
	iters: 300, epoch: 16 | loss: 0.2647804
	speed: 0.0168s/iter; left time: 126.6204s
	iters: 400, epoch: 16 | loss: 0.1859265
	speed: 0.0172s/iter; left time: 128.0544s
	iters: 500, epoch: 16 | loss: 0.1097415
	speed: 0.0173s/iter; left time: 126.6564s
Epoch: 16 cost time: 9.203644037246704
Epoch: 16, Steps: 522 | Train Loss: 0.1783553 Vali Loss: 0.1132819 Test Loss: 0.0717807
EarlyStopping counter: 1 out of 100
Updating learning rate to 2.541865828329001e-05
	iters: 100, epoch: 17 | loss: 0.1837748
	speed: 0.0614s/iter; left time: 442.9701s
	iters: 200, epoch: 17 | loss: 0.1456569
	speed: 0.0181s/iter; left time: 128.7563s
	iters: 300, epoch: 17 | loss: 0.2371143
	speed: 0.0179s/iter; left time: 125.7478s
	iters: 400, epoch: 17 | loss: 0.1690826
	speed: 0.0169s/iter; left time: 117.0257s
	iters: 500, epoch: 17 | loss: 0.1552526
	speed: 0.0175s/iter; left time: 119.2390s
Epoch: 17 cost time: 9.339162588119507
Epoch: 17, Steps: 522 | Train Loss: 0.1775875 Vali Loss: 0.1139229 Test Loss: 0.0719041
EarlyStopping counter: 2 out of 100
Updating learning rate to 2.287679245496101e-05
	iters: 100, epoch: 18 | loss: 0.1934923
	speed: 0.0612s/iter; left time: 409.4571s
	iters: 200, epoch: 18 | loss: 0.1582855
	speed: 0.0170s/iter; left time: 112.0628s
	iters: 300, epoch: 18 | loss: 0.1680995
	speed: 0.0167s/iter; left time: 108.5316s
	iters: 400, epoch: 18 | loss: 0.1966168
	speed: 0.0166s/iter; left time: 106.0436s
	iters: 500, epoch: 18 | loss: 0.1639998
	speed: 0.0163s/iter; left time: 102.4179s
Epoch: 18 cost time: 8.915138006210327
Epoch: 18, Steps: 522 | Train Loss: 0.1772602 Vali Loss: 0.1141970 Test Loss: 0.0718411
EarlyStopping counter: 3 out of 100
Updating learning rate to 2.0589113209464907e-05
	iters: 100, epoch: 19 | loss: 0.2617321
	speed: 0.0642s/iter; left time: 396.0426s
	iters: 200, epoch: 19 | loss: 0.1113649
	speed: 0.0176s/iter; left time: 106.7597s
	iters: 300, epoch: 19 | loss: 0.1594905
	speed: 0.0176s/iter; left time: 105.1891s
	iters: 400, epoch: 19 | loss: 0.1839662
	speed: 0.0181s/iter; left time: 106.2077s
	iters: 500, epoch: 19 | loss: 0.1378432
	speed: 0.0172s/iter; left time: 99.3764s
Epoch: 19 cost time: 9.417583703994751
Epoch: 19, Steps: 522 | Train Loss: 0.1773731 Vali Loss: 0.1137676 Test Loss: 0.0716127
EarlyStopping counter: 4 out of 100
Updating learning rate to 1.8530201888518416e-05
	iters: 100, epoch: 20 | loss: 0.1880769
	speed: 0.0647s/iter; left time: 365.1725s
	iters: 200, epoch: 20 | loss: 0.1831189
	speed: 0.0180s/iter; left time: 99.9012s
	iters: 300, epoch: 20 | loss: 0.3177849
	speed: 0.0177s/iter; left time: 96.1871s
	iters: 400, epoch: 20 | loss: 0.2193638
	speed: 0.0173s/iter; left time: 92.2213s
	iters: 500, epoch: 20 | loss: 0.1709076
	speed: 0.0180s/iter; left time: 94.1144s
Epoch: 20 cost time: 9.483036518096924
Epoch: 20, Steps: 522 | Train Loss: 0.1764769 Vali Loss: 0.1140781 Test Loss: 0.0717488
EarlyStopping counter: 5 out of 100
Updating learning rate to 1.6677181699666577e-05
	iters: 100, epoch: 21 | loss: 0.2403665
	speed: 0.0647s/iter; left time: 331.4673s
	iters: 200, epoch: 21 | loss: 0.1976839
	speed: 0.0184s/iter; left time: 92.5179s
	iters: 300, epoch: 21 | loss: 0.2289254
	speed: 0.0188s/iter; left time: 92.4574s
	iters: 400, epoch: 21 | loss: 0.1662154
	speed: 0.0181s/iter; left time: 87.0325s
	iters: 500, epoch: 21 | loss: 0.1628928
	speed: 0.0182s/iter; left time: 86.0127s
Epoch: 21 cost time: 9.783928871154785
Epoch: 21, Steps: 522 | Train Loss: 0.1761486 Vali Loss: 0.1133949 Test Loss: 0.0715281
EarlyStopping counter: 6 out of 100
Updating learning rate to 1.5009463529699919e-05
	iters: 100, epoch: 22 | loss: 0.1345779
	speed: 0.0661s/iter; left time: 303.8781s
	iters: 200, epoch: 22 | loss: 0.1419607
	speed: 0.0182s/iter; left time: 81.8951s
	iters: 300, epoch: 22 | loss: 0.1502101
	speed: 0.0189s/iter; left time: 83.0190s
	iters: 400, epoch: 22 | loss: 0.1292071
	speed: 0.0190s/iter; left time: 81.8460s
	iters: 500, epoch: 22 | loss: 0.1519661
	speed: 0.0185s/iter; left time: 77.8527s
Epoch: 22 cost time: 9.957287549972534
Epoch: 22, Steps: 522 | Train Loss: 0.1758194 Vali Loss: 0.1131059 Test Loss: 0.0717587
EarlyStopping counter: 7 out of 100
Updating learning rate to 1.3508517176729929e-05
	iters: 100, epoch: 23 | loss: 0.2454434
	speed: 0.0669s/iter; left time: 272.8713s
	iters: 200, epoch: 23 | loss: 0.1586214
	speed: 0.0187s/iter; left time: 74.5633s
	iters: 300, epoch: 23 | loss: 0.1367043
	speed: 0.0190s/iter; left time: 73.7975s
	iters: 400, epoch: 23 | loss: 0.1606003
	speed: 0.0179s/iter; left time: 67.4398s
	iters: 500, epoch: 23 | loss: 0.1495559
	speed: 0.0180s/iter; left time: 66.1936s
Epoch: 23 cost time: 9.77189564704895
Epoch: 23, Steps: 522 | Train Loss: 0.1757337 Vali Loss: 0.1138450 Test Loss: 0.0717227
EarlyStopping counter: 8 out of 100
Updating learning rate to 1.2157665459056936e-05
	iters: 100, epoch: 24 | loss: 0.2624037
	speed: 0.0657s/iter; left time: 233.7055s
	iters: 200, epoch: 24 | loss: 0.1774139
	speed: 0.0178s/iter; left time: 61.5648s
	iters: 300, epoch: 24 | loss: 0.1278192
	speed: 0.0185s/iter; left time: 61.9423s
	iters: 400, epoch: 24 | loss: 0.1524786
	speed: 0.0177s/iter; left time: 57.7214s
	iters: 500, epoch: 24 | loss: 0.1325806
	speed: 0.0179s/iter; left time: 56.5024s
Epoch: 24 cost time: 9.598661661148071
Epoch: 24, Steps: 522 | Train Loss: 0.1755698 Vali Loss: 0.1130871 Test Loss: 0.0715617
EarlyStopping counter: 9 out of 100
Updating learning rate to 1.0941898913151242e-05
	iters: 100, epoch: 25 | loss: 0.1493957
	speed: 0.0642s/iter; left time: 194.7686s
	iters: 200, epoch: 25 | loss: 0.1705804
	speed: 0.0188s/iter; left time: 55.2427s
	iters: 300, epoch: 25 | loss: 0.2114327
	speed: 0.0185s/iter; left time: 52.4349s
	iters: 400, epoch: 25 | loss: 0.1971828
	speed: 0.0181s/iter; left time: 49.4857s
	iters: 500, epoch: 25 | loss: 0.1579063
	speed: 0.0182s/iter; left time: 47.8653s
Epoch: 25 cost time: 9.672192335128784
Epoch: 25, Steps: 522 | Train Loss: 0.1750086 Vali Loss: 0.1139025 Test Loss: 0.0717261
EarlyStopping counter: 10 out of 100
Updating learning rate to 9.847709021836118e-06
	iters: 100, epoch: 26 | loss: 0.2050333
	speed: 0.0666s/iter; left time: 167.3469s
	iters: 200, epoch: 26 | loss: 0.1724802
	speed: 0.0180s/iter; left time: 43.3003s
	iters: 300, epoch: 26 | loss: 0.1777327
	speed: 0.0183s/iter; left time: 42.2605s
	iters: 400, epoch: 26 | loss: 0.1406278
	speed: 0.0184s/iter; left time: 40.5813s
	iters: 500, epoch: 26 | loss: 0.1360777
	speed: 0.0186s/iter; left time: 39.3661s
Epoch: 26 cost time: 9.76623249053955
Epoch: 26, Steps: 522 | Train Loss: 0.1749710 Vali Loss: 0.1138254 Test Loss: 0.0718026
EarlyStopping counter: 11 out of 100
Updating learning rate to 8.862938119652508e-06
	iters: 100, epoch: 27 | loss: 0.1915246
	speed: 0.0651s/iter; left time: 129.5420s
	iters: 200, epoch: 27 | loss: 0.1880736
	speed: 0.0178s/iter; left time: 33.6973s
	iters: 300, epoch: 27 | loss: 0.1784254
	speed: 0.0189s/iter; left time: 33.8618s
	iters: 400, epoch: 27 | loss: 0.1876340
	speed: 0.0177s/iter; left time: 29.8849s
	iters: 500, epoch: 27 | loss: 0.1938809
	speed: 0.0177s/iter; left time: 28.1652s
Epoch: 27 cost time: 9.573772430419922
Epoch: 27, Steps: 522 | Train Loss: 0.1746771 Vali Loss: 0.1136220 Test Loss: 0.0717633
EarlyStopping counter: 12 out of 100
Updating learning rate to 7.976644307687255e-06
	iters: 100, epoch: 28 | loss: 0.2041489
	speed: 0.0658s/iter; left time: 96.5418s
	iters: 200, epoch: 28 | loss: 0.1607092
	speed: 0.0180s/iter; left time: 24.6685s
	iters: 300, epoch: 28 | loss: 0.1358360
	speed: 0.0182s/iter; left time: 23.0189s
	iters: 400, epoch: 28 | loss: 0.1503495
	speed: 0.0183s/iter; left time: 21.3375s
	iters: 500, epoch: 28 | loss: 0.1794288
	speed: 0.0188s/iter; left time: 20.0796s
Epoch: 28 cost time: 9.7096848487854
Epoch: 28, Steps: 522 | Train Loss: 0.1746743 Vali Loss: 0.1134491 Test Loss: 0.0717120
EarlyStopping counter: 13 out of 100
Updating learning rate to 7.178979876918531e-06
	iters: 100, epoch: 29 | loss: 0.2028626
	speed: 0.0669s/iter; left time: 63.2128s
	iters: 200, epoch: 29 | loss: 0.1893942
	speed: 0.0193s/iter; left time: 16.3181s
	iters: 300, epoch: 29 | loss: 0.1894787
	speed: 0.0180s/iter; left time: 13.4287s
	iters: 400, epoch: 29 | loss: 0.1938101
	speed: 0.0185s/iter; left time: 11.9334s
	iters: 500, epoch: 29 | loss: 0.2133418
	speed: 0.0190s/iter; left time: 10.3567s
Epoch: 29 cost time: 9.95349383354187
Epoch: 29, Steps: 522 | Train Loss: 0.1746356 Vali Loss: 0.1134708 Test Loss: 0.0717519
EarlyStopping counter: 14 out of 100
Updating learning rate to 6.4610818892266776e-06
	iters: 100, epoch: 30 | loss: 0.1570237
	speed: 0.0674s/iter; left time: 28.5038s
	iters: 200, epoch: 30 | loss: 0.1907573
	speed: 0.0182s/iter; left time: 5.8890s
	iters: 300, epoch: 30 | loss: 0.2720315
	speed: 0.0189s/iter; left time: 4.2116s
	iters: 400, epoch: 30 | loss: 0.2279946
	speed: 0.0185s/iter; left time: 2.2706s
	iters: 500, epoch: 30 | loss: 0.1236248
	speed: 0.0191s/iter; left time: 0.4390s
Epoch: 30 cost time: 9.916218280792236
Epoch: 30, Steps: 522 | Train Loss: 0.1746675 Vali Loss: 0.1135430 Test Loss: 0.0716941
EarlyStopping counter: 15 out of 100
Updating learning rate to 5.8149737003040096e-06
>>>>>>>testing : ETTh1_96_192_MLPAer_univariate_ETTh1_ftMS_sl96_ll48_pl192_dm512_nh8_el2_dl1_df2048_fc1_ebtimeF_dtTrue_Exp_0<<<<<<<<<<<<<<<<<<<<<<<<<<<<<<<<<
test 2689
mse:0.0713263750076294, mae:0.20233772695064545, rse:0.8053441047668457
