Args in experiment:
Namespace(random_seed=2025, is_training=1, model_id='BE_168_24', model='MLPAer_h', data='custom', root_path='./dataset/EPF/', data_path='BE.csv', features='MS', target='OT', freq='h', checkpoints='./checkpoints/', seq_len=168, label_len=48, pred_len=24, fc_dropout=0.05, head_dropout=0.7, patch_len=16, stride=8, padding_patch='end', revin=1, affine=0, subtract_last=0, decomposition=0, kernel_size=25, individual=0, embed_type=0, enc_in=3, dec_in=7, c_out=7, d_model=512, n_heads=8, e_layers=2, d_layers=1, d_ff=2048, moving_avg=25, factor=1, distil=True, dropout=0.05, embed='timeF', activation='gelu', output_attention=False, do_predict=False, num_workers=10, itr=1, train_epochs=30, batch_size=16, patience=100, learning_rate=0.0001, des='Exp', loss='mse', lradj='type3', pct_start=0.3, use_amp=False, c_ff=14, t_ff=512, c_dropout=0.0, t_dropout=0.0, embed_dropout=0.0, head_type='prediction', usenorm=1, use_gpu=True, gpu=1, use_multi_gpu=False, devices='0,1,2,3', test_flop=False)
Use GPU: cuda:1
>>>>>>>start training : BE_168_24_MLPAer_h_custom_ftMS_sl168_ll48_pl24_dm512_nh8_el2_dl1_df2048_fc1_ebtimeF_dtTrue_Exp_0>>>>>>>>>>>>>>>>>>>>>>>>>>
train 36500
val 5219
test 10460
	iters: 100, epoch: 1 | loss: 0.3989449
	speed: 0.0291s/iter; left time: 1989.5926s
	iters: 200, epoch: 1 | loss: 0.4188094
	speed: 0.0091s/iter; left time: 623.9588s
	iters: 300, epoch: 1 | loss: 0.4400284
	speed: 0.0092s/iter; left time: 624.1224s
	iters: 400, epoch: 1 | loss: 0.4013618
	speed: 0.0084s/iter; left time: 570.4992s
	iters: 500, epoch: 1 | loss: 0.4163281
	speed: 0.0079s/iter; left time: 535.7106s
	iters: 600, epoch: 1 | loss: 0.3395889
	speed: 0.0080s/iter; left time: 541.2028s
	iters: 700, epoch: 1 | loss: 0.4024740
	speed: 0.0083s/iter; left time: 564.6026s
	iters: 800, epoch: 1 | loss: 0.8723955
	speed: 0.0079s/iter; left time: 535.5882s
	iters: 900, epoch: 1 | loss: 0.3773301
	speed: 0.0080s/iter; left time: 542.5499s
	iters: 1000, epoch: 1 | loss: 0.3400781
	speed: 0.0078s/iter; left time: 527.0166s
	iters: 1100, epoch: 1 | loss: 0.3956894
	speed: 0.0081s/iter; left time: 544.6060s
	iters: 1200, epoch: 1 | loss: 0.3522864
	speed: 0.0081s/iter; left time: 544.7163s
	iters: 1300, epoch: 1 | loss: 0.3386146
	speed: 0.0082s/iter; left time: 553.1822s
	iters: 1400, epoch: 1 | loss: 0.2819263
	speed: 0.0079s/iter; left time: 530.9458s
	iters: 1500, epoch: 1 | loss: 0.3089221
	speed: 0.0080s/iter; left time: 534.2960s
	iters: 1600, epoch: 1 | loss: 0.2303109
	speed: 0.0079s/iter; left time: 530.4040s
	iters: 1700, epoch: 1 | loss: 2.0586567
	speed: 0.0081s/iter; left time: 540.5798s
	iters: 1800, epoch: 1 | loss: 0.3139249
	speed: 0.0080s/iter; left time: 533.2075s
	iters: 1900, epoch: 1 | loss: 0.7737967
	speed: 0.0087s/iter; left time: 580.4587s
	iters: 2000, epoch: 1 | loss: 0.2944706
	speed: 0.0082s/iter; left time: 542.6739s
	iters: 2100, epoch: 1 | loss: 0.2860876
	speed: 0.0082s/iter; left time: 546.1707s
	iters: 2200, epoch: 1 | loss: 0.3678883
	speed: 0.0080s/iter; left time: 526.9180s
Epoch: 1 cost time: 19.40303349494934
Epoch: 1, Steps: 2281 | Train Loss: 0.9073593 Vali Loss: 1.2110811 Test Loss: 0.6207902
Validation loss decreased (inf --> 1.211081).  Saving model ...
Updating learning rate to 0.0001
	iters: 100, epoch: 2 | loss: 0.3826164
	speed: 0.0682s/iter; left time: 4503.3897s
	iters: 200, epoch: 2 | loss: 0.1889637
	speed: 0.0077s/iter; left time: 508.1538s
	iters: 300, epoch: 2 | loss: 0.2549786
	speed: 0.0079s/iter; left time: 521.0676s
	iters: 400, epoch: 2 | loss: 0.1844416
	speed: 0.0089s/iter; left time: 587.6229s
	iters: 500, epoch: 2 | loss: 0.1985053
	speed: 0.0079s/iter; left time: 517.1715s
	iters: 600, epoch: 2 | loss: 0.1368713
	speed: 0.0081s/iter; left time: 532.4076s
	iters: 700, epoch: 2 | loss: 0.2355898
	speed: 0.0080s/iter; left time: 525.7687s
	iters: 800, epoch: 2 | loss: 0.2814140
	speed: 0.0079s/iter; left time: 515.5825s
	iters: 900, epoch: 2 | loss: 1.1856393
	speed: 0.0077s/iter; left time: 502.8222s
	iters: 1000, epoch: 2 | loss: 1.3824887
	speed: 0.0080s/iter; left time: 519.3893s
	iters: 1100, epoch: 2 | loss: 0.3120086
	speed: 0.0079s/iter; left time: 516.3242s
	iters: 1200, epoch: 2 | loss: 0.2152465
	speed: 0.0078s/iter; left time: 505.9396s
	iters: 1300, epoch: 2 | loss: 0.2585691
	speed: 0.0080s/iter; left time: 520.9919s
	iters: 1400, epoch: 2 | loss: 1.1216186
	speed: 0.0079s/iter; left time: 508.2877s
	iters: 1500, epoch: 2 | loss: 0.2156620
	speed: 0.0078s/iter; left time: 507.1251s
	iters: 1600, epoch: 2 | loss: 0.1449333
	speed: 0.0081s/iter; left time: 519.7183s
	iters: 1700, epoch: 2 | loss: 0.1745850
	speed: 0.0076s/iter; left time: 488.0148s
	iters: 1800, epoch: 2 | loss: 0.2900614
	speed: 0.0075s/iter; left time: 482.8367s
	iters: 1900, epoch: 2 | loss: 0.3095040
	speed: 0.0073s/iter; left time: 470.0330s
	iters: 2000, epoch: 2 | loss: 0.3984903
	speed: 0.0073s/iter; left time: 466.8771s
	iters: 2100, epoch: 2 | loss: 0.2739755
	speed: 0.0069s/iter; left time: 443.8380s
	iters: 2200, epoch: 2 | loss: 0.2642207
	speed: 0.0071s/iter; left time: 455.4086s
Epoch: 2 cost time: 18.09895420074463
Epoch: 2, Steps: 2281 | Train Loss: 0.7405444 Vali Loss: 1.0112292 Test Loss: 0.4674277
Validation loss decreased (1.211081 --> 1.011229).  Saving model ...
Updating learning rate to 0.0001
	iters: 100, epoch: 3 | loss: 0.1580476
	speed: 0.0634s/iter; left time: 4042.9588s
	iters: 200, epoch: 3 | loss: 0.1317631
	speed: 0.0076s/iter; left time: 480.9456s
	iters: 300, epoch: 3 | loss: 0.1488297
	speed: 0.0075s/iter; left time: 479.7119s
	iters: 400, epoch: 3 | loss: 0.2904133
	speed: 0.0076s/iter; left time: 482.6505s
	iters: 500, epoch: 3 | loss: 44.9418182
	speed: 0.0076s/iter; left time: 480.8334s
	iters: 600, epoch: 3 | loss: 0.2673762
	speed: 0.0078s/iter; left time: 491.8288s
	iters: 700, epoch: 3 | loss: 0.0967288
	speed: 0.0077s/iter; left time: 487.3721s
	iters: 800, epoch: 3 | loss: 0.2241923
	speed: 0.0077s/iter; left time: 487.4208s
	iters: 900, epoch: 3 | loss: 0.1740758
	speed: 0.0079s/iter; left time: 495.0465s
	iters: 1000, epoch: 3 | loss: 0.1959714
	speed: 0.0087s/iter; left time: 548.0188s
	iters: 1100, epoch: 3 | loss: 0.1349725
	speed: 0.0079s/iter; left time: 493.7302s
	iters: 1200, epoch: 3 | loss: 0.1332580
	speed: 0.0077s/iter; left time: 480.9018s
	iters: 1300, epoch: 3 | loss: 0.1571417
	speed: 0.0076s/iter; left time: 472.8089s
	iters: 1400, epoch: 3 | loss: 0.1370744
	speed: 0.0075s/iter; left time: 467.2550s
	iters: 1500, epoch: 3 | loss: 0.3121990
	speed: 0.0078s/iter; left time: 485.4693s
	iters: 1600, epoch: 3 | loss: 0.2569892
	speed: 0.0074s/iter; left time: 463.2199s
	iters: 1700, epoch: 3 | loss: 0.4089150
	speed: 0.0077s/iter; left time: 478.2858s
	iters: 1800, epoch: 3 | loss: 0.1597947
	speed: 0.0078s/iter; left time: 485.8509s
	iters: 1900, epoch: 3 | loss: 0.1885522
	speed: 0.0075s/iter; left time: 465.3560s
	iters: 2000, epoch: 3 | loss: 0.3040836
	speed: 0.0076s/iter; left time: 471.0116s
	iters: 2100, epoch: 3 | loss: 0.1924169
	speed: 0.0077s/iter; left time: 477.4638s
	iters: 2200, epoch: 3 | loss: 0.2121323
	speed: 0.0076s/iter; left time: 468.0683s
Epoch: 3 cost time: 17.887287139892578
Epoch: 3, Steps: 2281 | Train Loss: 0.6830344 Vali Loss: 1.0012944 Test Loss: 0.4489285
Validation loss decreased (1.011229 --> 1.001294).  Saving model ...
Updating learning rate to 0.0001
	iters: 100, epoch: 4 | loss: 0.1255951
	speed: 0.0632s/iter; left time: 3887.9186s
	iters: 200, epoch: 4 | loss: 44.4930954
	speed: 0.0074s/iter; left time: 453.8510s
	iters: 300, epoch: 4 | loss: 0.0973571
	speed: 0.0074s/iter; left time: 455.5969s
	iters: 400, epoch: 4 | loss: 0.2593337
	speed: 0.0074s/iter; left time: 452.2813s
	iters: 500, epoch: 4 | loss: 0.1963876
	speed: 0.0075s/iter; left time: 459.5149s
	iters: 600, epoch: 4 | loss: 0.1625866
	speed: 0.0078s/iter; left time: 473.0370s
	iters: 700, epoch: 4 | loss: 0.2405150
	speed: 0.0077s/iter; left time: 470.1091s
	iters: 800, epoch: 4 | loss: 0.1506341
	speed: 0.0077s/iter; left time: 467.6019s
	iters: 900, epoch: 4 | loss: 0.0867087
	speed: 0.0078s/iter; left time: 473.2709s
	iters: 1000, epoch: 4 | loss: 0.1185282
	speed: 0.0077s/iter; left time: 469.5127s
	iters: 1100, epoch: 4 | loss: 44.6975517
	speed: 0.0078s/iter; left time: 469.9320s
	iters: 1200, epoch: 4 | loss: 0.1304487
	speed: 0.0074s/iter; left time: 446.6099s
	iters: 1300, epoch: 4 | loss: 0.1769039
	speed: 0.0076s/iter; left time: 455.1745s
	iters: 1400, epoch: 4 | loss: 0.1834593
	speed: 0.0075s/iter; left time: 453.7335s
	iters: 1500, epoch: 4 | loss: 0.1256278
	speed: 0.0075s/iter; left time: 449.0323s
	iters: 1600, epoch: 4 | loss: 0.1748120
	speed: 0.0075s/iter; left time: 448.4161s
	iters: 1700, epoch: 4 | loss: 0.1525026
	speed: 0.0079s/iter; left time: 470.7832s
	iters: 1800, epoch: 4 | loss: 0.0988170
	speed: 0.0084s/iter; left time: 499.4361s
	iters: 1900, epoch: 4 | loss: 0.1671124
	speed: 0.0080s/iter; left time: 475.6921s
	iters: 2000, epoch: 4 | loss: 0.0913151
	speed: 0.0074s/iter; left time: 439.1520s
	iters: 2100, epoch: 4 | loss: 0.1682548
	speed: 0.0073s/iter; left time: 431.7227s
	iters: 2200, epoch: 4 | loss: 0.1345421
	speed: 0.0075s/iter; left time: 445.1635s
Epoch: 4 cost time: 17.67345380783081
Epoch: 4, Steps: 2281 | Train Loss: 0.6569120 Vali Loss: 0.9994776 Test Loss: 0.4201565
Validation loss decreased (1.001294 --> 0.999478).  Saving model ...
Updating learning rate to 9e-05
	iters: 100, epoch: 5 | loss: 0.0794734
	speed: 0.0629s/iter; left time: 3721.5725s
	iters: 200, epoch: 5 | loss: 0.1409018
	speed: 0.0076s/iter; left time: 447.2134s
	iters: 300, epoch: 5 | loss: 0.1176865
	speed: 0.0076s/iter; left time: 446.2737s
	iters: 400, epoch: 5 | loss: 0.2000594
	speed: 0.0075s/iter; left time: 442.7134s
	iters: 500, epoch: 5 | loss: 0.2443205
	speed: 0.0075s/iter; left time: 441.1162s
	iters: 600, epoch: 5 | loss: 0.1652877
	speed: 0.0075s/iter; left time: 439.8666s
	iters: 700, epoch: 5 | loss: 0.1987542
	speed: 0.0074s/iter; left time: 435.6373s
	iters: 800, epoch: 5 | loss: 0.1348649
	speed: 0.0074s/iter; left time: 430.7700s
	iters: 900, epoch: 5 | loss: 0.0958223
	speed: 0.0077s/iter; left time: 449.2361s
	iters: 1000, epoch: 5 | loss: 0.1174179
	speed: 0.0075s/iter; left time: 436.8492s
	iters: 1100, epoch: 5 | loss: 0.3102881
	speed: 0.0073s/iter; left time: 424.2281s
	iters: 1200, epoch: 5 | loss: 0.1294701
	speed: 0.0075s/iter; left time: 436.5561s
	iters: 1300, epoch: 5 | loss: 0.1334313
	speed: 0.0074s/iter; left time: 431.3812s
	iters: 1400, epoch: 5 | loss: 0.1321131
	speed: 0.0077s/iter; left time: 445.4406s
	iters: 1500, epoch: 5 | loss: 0.1408123
	speed: 0.0076s/iter; left time: 439.1575s
	iters: 1600, epoch: 5 | loss: 0.1867365
	speed: 0.0073s/iter; left time: 421.5207s
	iters: 1700, epoch: 5 | loss: 0.0924516
	speed: 0.0075s/iter; left time: 430.9853s
	iters: 1800, epoch: 5 | loss: 0.1430855
	speed: 0.0074s/iter; left time: 427.2656s
	iters: 1900, epoch: 5 | loss: 0.1279239
	speed: 0.0074s/iter; left time: 423.1813s
	iters: 2000, epoch: 5 | loss: 0.0987152
	speed: 0.0076s/iter; left time: 434.3941s
	iters: 2100, epoch: 5 | loss: 0.1491531
	speed: 0.0074s/iter; left time: 424.3081s
	iters: 2200, epoch: 5 | loss: 0.1221908
	speed: 0.0073s/iter; left time: 418.0692s
Epoch: 5 cost time: 17.4213764667511
Epoch: 5, Steps: 2281 | Train Loss: 0.6395805 Vali Loss: 1.0288441 Test Loss: 0.4129964
EarlyStopping counter: 1 out of 100
Updating learning rate to 8.1e-05
	iters: 100, epoch: 6 | loss: 0.1469753
	speed: 0.0631s/iter; left time: 3590.2542s
	iters: 200, epoch: 6 | loss: 0.1950335
	speed: 0.0076s/iter; left time: 430.5881s
	iters: 300, epoch: 6 | loss: 0.1951502
	speed: 0.0077s/iter; left time: 434.3059s
	iters: 400, epoch: 6 | loss: 0.1582993
	speed: 0.0075s/iter; left time: 426.1837s
	iters: 500, epoch: 6 | loss: 0.1027345
	speed: 0.0077s/iter; left time: 433.8142s
	iters: 600, epoch: 6 | loss: 0.0987179
	speed: 0.0078s/iter; left time: 438.2808s
	iters: 700, epoch: 6 | loss: 0.2059008
	speed: 0.0077s/iter; left time: 431.9182s
	iters: 800, epoch: 6 | loss: 0.1510855
	speed: 0.0076s/iter; left time: 424.6915s
	iters: 900, epoch: 6 | loss: 0.2534119
	speed: 0.0077s/iter; left time: 431.2999s
	iters: 1000, epoch: 6 | loss: 0.1152355
	speed: 0.0081s/iter; left time: 451.5487s
	iters: 1100, epoch: 6 | loss: 0.1146387
	speed: 0.0078s/iter; left time: 438.3181s
	iters: 1200, epoch: 6 | loss: 0.1206990
	speed: 0.0077s/iter; left time: 431.2390s
	iters: 1300, epoch: 6 | loss: 0.1449604
	speed: 0.0077s/iter; left time: 429.2854s
	iters: 1400, epoch: 6 | loss: 0.1367229
	speed: 0.0079s/iter; left time: 436.7737s
	iters: 1500, epoch: 6 | loss: 0.2018344
	speed: 0.0077s/iter; left time: 426.1023s
	iters: 1600, epoch: 6 | loss: 0.1575755
	speed: 0.0075s/iter; left time: 414.1329s
	iters: 1700, epoch: 6 | loss: 0.1846186
	speed: 0.0075s/iter; left time: 413.3016s
	iters: 1800, epoch: 6 | loss: 0.2351782
	speed: 0.0076s/iter; left time: 420.1030s
	iters: 1900, epoch: 6 | loss: 0.1133277
	speed: 0.0075s/iter; left time: 413.7369s
	iters: 2000, epoch: 6 | loss: 0.2025195
	speed: 0.0074s/iter; left time: 407.3211s
	iters: 2100, epoch: 6 | loss: 0.0859493
	speed: 0.0077s/iter; left time: 422.3025s
	iters: 2200, epoch: 6 | loss: 0.1293808
	speed: 0.0074s/iter; left time: 406.6533s
Epoch: 6 cost time: 17.718777179718018
Epoch: 6, Steps: 2281 | Train Loss: 0.6314884 Vali Loss: 1.0126472 Test Loss: 0.3993369
EarlyStopping counter: 2 out of 100
Updating learning rate to 7.290000000000001e-05
	iters: 100, epoch: 7 | loss: 0.2468778
	speed: 0.0613s/iter; left time: 3349.9210s
	iters: 200, epoch: 7 | loss: 0.1263186
	speed: 0.0079s/iter; left time: 429.8117s
	iters: 300, epoch: 7 | loss: 0.1449994
	speed: 0.0076s/iter; left time: 414.4719s
	iters: 400, epoch: 7 | loss: 0.2173464
	speed: 0.0077s/iter; left time: 420.1737s
	iters: 500, epoch: 7 | loss: 0.2356831
	speed: 0.0077s/iter; left time: 419.3265s
	iters: 600, epoch: 7 | loss: 0.1419885
	speed: 0.0075s/iter; left time: 408.7075s
	iters: 700, epoch: 7 | loss: 0.1269712
	speed: 0.0075s/iter; left time: 406.6320s
	iters: 800, epoch: 7 | loss: 0.2744430
	speed: 0.0076s/iter; left time: 409.0975s
	iters: 900, epoch: 7 | loss: 0.0939965
	speed: 0.0074s/iter; left time: 399.9947s
	iters: 1000, epoch: 7 | loss: 44.5424156
	speed: 0.0076s/iter; left time: 407.1778s
	iters: 1100, epoch: 7 | loss: 0.1945407
	speed: 0.0074s/iter; left time: 395.6381s
	iters: 1200, epoch: 7 | loss: 0.1560655
	speed: 0.0075s/iter; left time: 400.9068s
	iters: 1300, epoch: 7 | loss: 0.1143129
	speed: 0.0077s/iter; left time: 410.9080s
	iters: 1400, epoch: 7 | loss: 0.1222104
	speed: 0.0076s/iter; left time: 405.5763s
	iters: 1500, epoch: 7 | loss: 0.2166226
	speed: 0.0075s/iter; left time: 396.7583s
	iters: 1600, epoch: 7 | loss: 0.1015485
	speed: 0.0078s/iter; left time: 412.6289s
	iters: 1700, epoch: 7 | loss: 0.0954092
	speed: 0.0075s/iter; left time: 395.6864s
	iters: 1800, epoch: 7 | loss: 0.1643564
	speed: 0.0073s/iter; left time: 388.3431s
	iters: 1900, epoch: 7 | loss: 0.0830091
	speed: 0.0074s/iter; left time: 388.7579s
	iters: 2000, epoch: 7 | loss: 0.1121329
	speed: 0.0076s/iter; left time: 400.9293s
	iters: 2100, epoch: 7 | loss: 0.1255608
	speed: 0.0074s/iter; left time: 391.1573s
	iters: 2200, epoch: 7 | loss: 0.1415385
	speed: 0.0075s/iter; left time: 395.8364s
Epoch: 7 cost time: 17.53113055229187
Epoch: 7, Steps: 2281 | Train Loss: 0.6254521 Vali Loss: 0.9990072 Test Loss: 0.4011011
Validation loss decreased (0.999478 --> 0.999007).  Saving model ...
Updating learning rate to 6.561e-05
	iters: 100, epoch: 8 | loss: 0.0913364
	speed: 0.0620s/iter; left time: 3243.9950s
	iters: 200, epoch: 8 | loss: 0.2234373
	speed: 0.0077s/iter; left time: 404.3568s
	iters: 300, epoch: 8 | loss: 0.1771023
	speed: 0.0078s/iter; left time: 405.2177s
	iters: 400, epoch: 8 | loss: 0.0985900
	speed: 0.0075s/iter; left time: 391.1445s
	iters: 500, epoch: 8 | loss: 0.1496249
	speed: 0.0075s/iter; left time: 390.3075s
	iters: 600, epoch: 8 | loss: 0.1984855
	speed: 0.0075s/iter; left time: 389.2361s
	iters: 700, epoch: 8 | loss: 0.1386773
	speed: 0.0076s/iter; left time: 393.1197s
	iters: 800, epoch: 8 | loss: 0.1189522
	speed: 0.0078s/iter; left time: 401.1483s
	iters: 900, epoch: 8 | loss: 0.1005295
	speed: 0.0078s/iter; left time: 401.2878s
	iters: 1000, epoch: 8 | loss: 0.1648558
	speed: 0.0075s/iter; left time: 387.3058s
	iters: 1100, epoch: 8 | loss: 0.0979333
	speed: 0.0076s/iter; left time: 390.2780s
	iters: 1200, epoch: 8 | loss: 0.0985058
	speed: 0.0075s/iter; left time: 385.5719s
	iters: 1300, epoch: 8 | loss: 0.1089771
	speed: 0.0074s/iter; left time: 377.1605s
	iters: 1400, epoch: 8 | loss: 0.1993594
	speed: 0.0074s/iter; left time: 378.8451s
	iters: 1500, epoch: 8 | loss: 0.3065368
	speed: 0.0076s/iter; left time: 385.4384s
	iters: 1600, epoch: 8 | loss: 0.1462512
	speed: 0.0076s/iter; left time: 386.1342s
	iters: 1700, epoch: 8 | loss: 0.1287836
	speed: 0.0075s/iter; left time: 382.8085s
	iters: 1800, epoch: 8 | loss: 0.0891581
	speed: 0.0075s/iter; left time: 379.2503s
	iters: 1900, epoch: 8 | loss: 0.2632989
	speed: 0.0078s/iter; left time: 393.1850s
	iters: 2000, epoch: 8 | loss: 0.2121097
	speed: 0.0076s/iter; left time: 383.1263s
	iters: 2100, epoch: 8 | loss: 0.1002738
	speed: 0.0077s/iter; left time: 387.3442s
	iters: 2200, epoch: 8 | loss: 0.1668667
	speed: 0.0077s/iter; left time: 388.7619s
Epoch: 8 cost time: 17.63990092277527
Epoch: 8, Steps: 2281 | Train Loss: 0.6211335 Vali Loss: 0.9927273 Test Loss: 0.3908957
Validation loss decreased (0.999007 --> 0.992727).  Saving model ...
Updating learning rate to 5.904900000000001e-05
	iters: 100, epoch: 9 | loss: 0.1330305
	speed: 0.0613s/iter; left time: 3069.5339s
	iters: 200, epoch: 9 | loss: 0.0994668
	speed: 0.0075s/iter; left time: 375.2705s
	iters: 300, epoch: 9 | loss: 0.1004637
	speed: 0.0075s/iter; left time: 371.8525s
	iters: 400, epoch: 9 | loss: 0.1200872
	speed: 0.0074s/iter; left time: 370.7773s
	iters: 500, epoch: 9 | loss: 0.1251170
	speed: 0.0076s/iter; left time: 379.0192s
	iters: 600, epoch: 9 | loss: 0.1666656
	speed: 0.0076s/iter; left time: 376.6809s
	iters: 700, epoch: 9 | loss: 0.0996305
	speed: 0.0074s/iter; left time: 365.6813s
	iters: 800, epoch: 9 | loss: 0.1268835
	speed: 0.0076s/iter; left time: 375.8062s
	iters: 900, epoch: 9 | loss: 0.1144369
	speed: 0.0077s/iter; left time: 377.5937s
	iters: 1000, epoch: 9 | loss: 0.1616312
	speed: 0.0078s/iter; left time: 381.4595s
	iters: 1100, epoch: 9 | loss: 0.0694384
	speed: 0.0082s/iter; left time: 401.8781s
	iters: 1200, epoch: 9 | loss: 0.0764331
	speed: 0.0076s/iter; left time: 370.4722s
	iters: 1300, epoch: 9 | loss: 0.1441351
	speed: 0.0076s/iter; left time: 372.6355s
	iters: 1400, epoch: 9 | loss: 0.1554468
	speed: 0.0077s/iter; left time: 374.1030s
	iters: 1500, epoch: 9 | loss: 0.1448993
	speed: 0.0076s/iter; left time: 370.9529s
	iters: 1600, epoch: 9 | loss: 0.1766427
	speed: 0.0075s/iter; left time: 364.6168s
	iters: 1700, epoch: 9 | loss: 0.1227079
	speed: 0.0077s/iter; left time: 375.4757s
	iters: 1800, epoch: 9 | loss: 0.1896995
	speed: 0.0077s/iter; left time: 372.1382s
	iters: 1900, epoch: 9 | loss: 0.2042634
	speed: 0.0076s/iter; left time: 367.3415s
	iters: 2000, epoch: 9 | loss: 0.1177068
	speed: 0.0076s/iter; left time: 364.9211s
	iters: 2100, epoch: 9 | loss: 0.2669118
	speed: 0.0075s/iter; left time: 361.6806s
	iters: 2200, epoch: 9 | loss: 0.2096577
	speed: 0.0075s/iter; left time: 359.9322s
Epoch: 9 cost time: 17.62867045402527
Epoch: 9, Steps: 2281 | Train Loss: 0.6185943 Vali Loss: 1.0141797 Test Loss: 0.3985151
EarlyStopping counter: 1 out of 100
Updating learning rate to 5.3144100000000005e-05
	iters: 100, epoch: 10 | loss: 0.1738852
	speed: 0.0620s/iter; left time: 2965.0938s
	iters: 200, epoch: 10 | loss: 0.1451777
	speed: 0.0074s/iter; left time: 354.7401s
	iters: 300, epoch: 10 | loss: 0.2565246
	speed: 0.0074s/iter; left time: 350.5932s
	iters: 400, epoch: 10 | loss: 0.1254529
	speed: 0.0075s/iter; left time: 357.7340s
	iters: 500, epoch: 10 | loss: 0.1161609
	speed: 0.0075s/iter; left time: 355.1244s
	iters: 600, epoch: 10 | loss: 0.1088938
	speed: 0.0075s/iter; left time: 354.9187s
	iters: 700, epoch: 10 | loss: 0.0770979
	speed: 0.0078s/iter; left time: 366.6655s
	iters: 800, epoch: 10 | loss: 0.0898858
	speed: 0.0078s/iter; left time: 369.2177s
	iters: 900, epoch: 10 | loss: 0.1657372
	speed: 0.0079s/iter; left time: 372.2368s
	iters: 1000, epoch: 10 | loss: 0.2333580
	speed: 0.0080s/iter; left time: 374.6583s
	iters: 1100, epoch: 10 | loss: 0.1602168
	speed: 0.0080s/iter; left time: 376.2734s
	iters: 1200, epoch: 10 | loss: 0.0846368
	speed: 0.0076s/iter; left time: 353.5863s
	iters: 1300, epoch: 10 | loss: 0.1286320
	speed: 0.0079s/iter; left time: 366.1243s
	iters: 1400, epoch: 10 | loss: 0.1091020
	speed: 0.0076s/iter; left time: 353.9106s
	iters: 1500, epoch: 10 | loss: 0.0861054
	speed: 0.0074s/iter; left time: 345.4800s
	iters: 1600, epoch: 10 | loss: 0.2623019
	speed: 0.0077s/iter; left time: 357.4837s
	iters: 1700, epoch: 10 | loss: 0.0824340
	speed: 0.0077s/iter; left time: 354.0981s
	iters: 1800, epoch: 10 | loss: 0.0987948
	speed: 0.0075s/iter; left time: 347.8099s
	iters: 1900, epoch: 10 | loss: 0.1075123
	speed: 0.0076s/iter; left time: 349.2230s
	iters: 2000, epoch: 10 | loss: 0.1293050
	speed: 0.0082s/iter; left time: 377.6195s
	iters: 2100, epoch: 10 | loss: 0.2838211
	speed: 0.0081s/iter; left time: 370.3651s
	iters: 2200, epoch: 10 | loss: 0.2101293
	speed: 0.0077s/iter; left time: 351.6632s
Epoch: 10 cost time: 17.858723402023315
Epoch: 10, Steps: 2281 | Train Loss: 0.6150453 Vali Loss: 0.9852096 Test Loss: 0.3885246
Validation loss decreased (0.992727 --> 0.985210).  Saving model ...
Updating learning rate to 4.782969000000001e-05
	iters: 100, epoch: 11 | loss: 0.0773056
	speed: 0.0623s/iter; left time: 2834.5294s
	iters: 200, epoch: 11 | loss: 0.1570526
	speed: 0.0075s/iter; left time: 340.7157s
	iters: 300, epoch: 11 | loss: 0.0682847
	speed: 0.0074s/iter; left time: 336.7571s
	iters: 400, epoch: 11 | loss: 0.3003837
	speed: 0.0076s/iter; left time: 343.2105s
	iters: 500, epoch: 11 | loss: 0.1297004
	speed: 0.0078s/iter; left time: 352.3867s
	iters: 600, epoch: 11 | loss: 0.1307769
	speed: 0.0077s/iter; left time: 348.3521s
	iters: 700, epoch: 11 | loss: 0.1467013
	speed: 0.0077s/iter; left time: 343.8596s
	iters: 800, epoch: 11 | loss: 0.9256344
	speed: 0.0078s/iter; left time: 349.4068s
	iters: 900, epoch: 11 | loss: 0.0991379
	speed: 0.0075s/iter; left time: 336.9629s
	iters: 1000, epoch: 11 | loss: 0.1019849
	speed: 0.0077s/iter; left time: 342.1562s
	iters: 1100, epoch: 11 | loss: 0.1897355
	speed: 0.0074s/iter; left time: 329.8530s
	iters: 1200, epoch: 11 | loss: 0.1055816
	speed: 0.0075s/iter; left time: 334.7578s
	iters: 1300, epoch: 11 | loss: 0.0972994
	speed: 0.0075s/iter; left time: 332.8721s
	iters: 1400, epoch: 11 | loss: 0.0981563
	speed: 0.0075s/iter; left time: 333.7279s
	iters: 1500, epoch: 11 | loss: 0.1014093
	speed: 0.0078s/iter; left time: 346.1712s
	iters: 1600, epoch: 11 | loss: 0.1341836
	speed: 0.0075s/iter; left time: 329.8742s
	iters: 1700, epoch: 11 | loss: 0.1887748
	speed: 0.0075s/iter; left time: 329.5433s
	iters: 1800, epoch: 11 | loss: 0.1654898
	speed: 0.0078s/iter; left time: 341.9837s
	iters: 1900, epoch: 11 | loss: 0.0949405
	speed: 0.0076s/iter; left time: 331.6186s
	iters: 2000, epoch: 11 | loss: 0.1929392
	speed: 0.0075s/iter; left time: 328.4824s
	iters: 2100, epoch: 11 | loss: 0.1909338
	speed: 0.0075s/iter; left time: 326.9769s
	iters: 2200, epoch: 11 | loss: 0.1071401
	speed: 0.0076s/iter; left time: 330.9144s
Epoch: 11 cost time: 17.6262309551239
Epoch: 11, Steps: 2281 | Train Loss: 0.6120657 Vali Loss: 0.9857402 Test Loss: 0.3873367
EarlyStopping counter: 1 out of 100
Updating learning rate to 4.304672100000001e-05
	iters: 100, epoch: 12 | loss: 0.1204150
	speed: 0.0621s/iter; left time: 2687.0084s
	iters: 200, epoch: 12 | loss: 0.1082169
	speed: 0.0074s/iter; left time: 318.7962s
	iters: 300, epoch: 12 | loss: 0.0718279
	speed: 0.0073s/iter; left time: 315.7045s
	iters: 400, epoch: 12 | loss: 0.0908481
	speed: 0.0073s/iter; left time: 314.9193s
	iters: 500, epoch: 12 | loss: 0.1199774
	speed: 0.0075s/iter; left time: 319.2420s
	iters: 600, epoch: 12 | loss: 0.1123385
	speed: 0.0074s/iter; left time: 316.9802s
	iters: 700, epoch: 12 | loss: 0.1780656
	speed: 0.0075s/iter; left time: 317.9392s
	iters: 800, epoch: 12 | loss: 0.0918415
	speed: 0.0074s/iter; left time: 315.8446s
	iters: 900, epoch: 12 | loss: 0.1616760
	speed: 0.0076s/iter; left time: 322.5424s
	iters: 1000, epoch: 12 | loss: 0.0808213
	speed: 0.0077s/iter; left time: 326.2169s
	iters: 1100, epoch: 12 | loss: 0.0968645
	speed: 0.0075s/iter; left time: 316.1881s
	iters: 1200, epoch: 12 | loss: 0.1140593
	speed: 0.0078s/iter; left time: 329.2523s
	iters: 1300, epoch: 12 | loss: 0.0754999
	speed: 0.0075s/iter; left time: 314.9578s
	iters: 1400, epoch: 12 | loss: 0.1423947
	speed: 0.0077s/iter; left time: 322.4798s
	iters: 1500, epoch: 12 | loss: 0.0887558
	speed: 0.0077s/iter; left time: 323.3689s
	iters: 1600, epoch: 12 | loss: 0.2328631
	speed: 0.0078s/iter; left time: 324.4001s
	iters: 1700, epoch: 12 | loss: 44.4370689
	speed: 0.0077s/iter; left time: 321.6928s
	iters: 1800, epoch: 12 | loss: 0.1983812
	speed: 0.0084s/iter; left time: 348.6049s
	iters: 1900, epoch: 12 | loss: 0.0840497
	speed: 0.0081s/iter; left time: 337.5986s
	iters: 2000, epoch: 12 | loss: 0.1602672
	speed: 0.0080s/iter; left time: 329.3516s
	iters: 2100, epoch: 12 | loss: 0.1375634
	speed: 0.0075s/iter; left time: 310.6747s
	iters: 2200, epoch: 12 | loss: 0.2491419
	speed: 0.0076s/iter; left time: 311.8676s
Epoch: 12 cost time: 17.69861936569214
Epoch: 12, Steps: 2281 | Train Loss: 0.6109179 Vali Loss: 0.9918151 Test Loss: 0.3850426
EarlyStopping counter: 2 out of 100
Updating learning rate to 3.874204890000001e-05
	iters: 100, epoch: 13 | loss: 0.0918939
	speed: 0.0626s/iter; left time: 2565.0420s
	iters: 200, epoch: 13 | loss: 0.1108156
	speed: 0.0075s/iter; left time: 308.4632s
	iters: 300, epoch: 13 | loss: 0.4147641
	speed: 0.0077s/iter; left time: 313.9933s
	iters: 400, epoch: 13 | loss: 0.1024323
	speed: 0.0075s/iter; left time: 304.6350s
	iters: 500, epoch: 13 | loss: 0.1112198
	speed: 0.0076s/iter; left time: 307.2329s
	iters: 600, epoch: 13 | loss: 0.0764942
	speed: 0.0075s/iter; left time: 304.2963s
	iters: 700, epoch: 13 | loss: 0.0952631
	speed: 0.0074s/iter; left time: 297.1919s
	iters: 800, epoch: 13 | loss: 0.1549968
	speed: 0.0077s/iter; left time: 308.8098s
	iters: 900, epoch: 13 | loss: 0.1361834
	speed: 0.0073s/iter; left time: 294.9425s
	iters: 1000, epoch: 13 | loss: 0.1176244
	speed: 0.0075s/iter; left time: 301.1900s
	iters: 1100, epoch: 13 | loss: 0.1227015
	speed: 0.0078s/iter; left time: 310.0507s
	iters: 1200, epoch: 13 | loss: 0.1093528
	speed: 0.0077s/iter; left time: 305.0966s
	iters: 1300, epoch: 13 | loss: 0.1156889
	speed: 0.0075s/iter; left time: 298.7873s
	iters: 1400, epoch: 13 | loss: 0.2331905
	speed: 0.0075s/iter; left time: 299.1468s
	iters: 1500, epoch: 13 | loss: 0.1108440
	speed: 0.0077s/iter; left time: 303.0950s
	iters: 1600, epoch: 13 | loss: 0.2442577
	speed: 0.0081s/iter; left time: 320.4352s
	iters: 1700, epoch: 13 | loss: 0.1014498
	speed: 0.0075s/iter; left time: 293.2332s
	iters: 1800, epoch: 13 | loss: 0.0806087
	speed: 0.0077s/iter; left time: 300.8390s
	iters: 1900, epoch: 13 | loss: 0.0663011
	speed: 0.0078s/iter; left time: 303.7334s
	iters: 2000, epoch: 13 | loss: 0.1061220
	speed: 0.0075s/iter; left time: 294.5384s
	iters: 2100, epoch: 13 | loss: 0.0923514
	speed: 0.0075s/iter; left time: 291.2145s
	iters: 2200, epoch: 13 | loss: 0.1574580
	speed: 0.0076s/iter; left time: 295.8807s
Epoch: 13 cost time: 17.6054630279541
Epoch: 13, Steps: 2281 | Train Loss: 0.6086216 Vali Loss: 1.0103263 Test Loss: 0.3858503
EarlyStopping counter: 3 out of 100
Updating learning rate to 3.486784401000001e-05
	iters: 100, epoch: 14 | loss: 0.1577637
	speed: 0.0630s/iter; left time: 2436.9420s
	iters: 200, epoch: 14 | loss: 0.1182801
	speed: 0.0078s/iter; left time: 302.2382s
	iters: 300, epoch: 14 | loss: 0.1445802
	speed: 0.0077s/iter; left time: 296.8085s
	iters: 400, epoch: 14 | loss: 0.1347430
	speed: 0.0080s/iter; left time: 306.1280s
	iters: 500, epoch: 14 | loss: 0.0943732
	speed: 0.0077s/iter; left time: 296.3902s
	iters: 600, epoch: 14 | loss: 0.0977382
	speed: 0.0075s/iter; left time: 286.2241s
	iters: 700, epoch: 14 | loss: 0.1498744
	speed: 0.0079s/iter; left time: 300.2813s
	iters: 800, epoch: 14 | loss: 0.3691342
	speed: 0.0075s/iter; left time: 285.6640s
	iters: 900, epoch: 14 | loss: 0.1721672
	speed: 0.0075s/iter; left time: 283.2205s
	iters: 1000, epoch: 14 | loss: 0.1231086
	speed: 0.0075s/iter; left time: 285.1048s
	iters: 1100, epoch: 14 | loss: 0.0872101
	speed: 0.0076s/iter; left time: 287.9187s
	iters: 1200, epoch: 14 | loss: 0.2443888
	speed: 0.0075s/iter; left time: 280.4450s
	iters: 1300, epoch: 14 | loss: 0.2191232
	speed: 0.0076s/iter; left time: 285.7316s
	iters: 1400, epoch: 14 | loss: 0.3025625
	speed: 0.0081s/iter; left time: 302.3160s
	iters: 1500, epoch: 14 | loss: 0.0761978
	speed: 0.0075s/iter; left time: 280.0859s
	iters: 1600, epoch: 14 | loss: 0.1233504
	speed: 0.0075s/iter; left time: 277.9416s
	iters: 1700, epoch: 14 | loss: 0.1890320
	speed: 0.0078s/iter; left time: 288.5510s
	iters: 1800, epoch: 14 | loss: 0.0734466
	speed: 0.0072s/iter; left time: 265.5091s
	iters: 1900, epoch: 14 | loss: 0.0879902
	speed: 0.0075s/iter; left time: 277.0223s
	iters: 2000, epoch: 14 | loss: 0.0773604
	speed: 0.0075s/iter; left time: 274.4577s
	iters: 2100, epoch: 14 | loss: 0.1101636
	speed: 0.0076s/iter; left time: 277.8769s
	iters: 2200, epoch: 14 | loss: 0.0962585
	speed: 0.0073s/iter; left time: 266.1118s
Epoch: 14 cost time: 17.588634729385376
Epoch: 14, Steps: 2281 | Train Loss: 0.6075220 Vali Loss: 1.0031765 Test Loss: 0.3826277
EarlyStopping counter: 4 out of 100
Updating learning rate to 3.138105960900001e-05
	iters: 100, epoch: 15 | loss: 0.0758696
	speed: 0.0607s/iter; left time: 2210.8324s
	iters: 200, epoch: 15 | loss: 0.1437986
	speed: 0.0075s/iter; left time: 271.4550s
	iters: 300, epoch: 15 | loss: 0.1288041
	speed: 0.0078s/iter; left time: 282.0860s
	iters: 400, epoch: 15 | loss: 0.1344458
	speed: 0.0075s/iter; left time: 270.4889s
	iters: 500, epoch: 15 | loss: 0.1387127
	speed: 0.0077s/iter; left time: 277.2604s
	iters: 600, epoch: 15 | loss: 0.0944105
	speed: 0.0075s/iter; left time: 270.2355s
	iters: 700, epoch: 15 | loss: 0.0724395
	speed: 0.0076s/iter; left time: 270.5880s
	iters: 800, epoch: 15 | loss: 0.1206720
	speed: 0.0074s/iter; left time: 265.3546s
	iters: 900, epoch: 15 | loss: 0.0965733
	speed: 0.0075s/iter; left time: 266.6481s
	iters: 1000, epoch: 15 | loss: 0.1036882
	speed: 0.0077s/iter; left time: 272.2715s
	iters: 1100, epoch: 15 | loss: 0.1272192
	speed: 0.0074s/iter; left time: 262.4047s
	iters: 1200, epoch: 15 | loss: 0.0878380
	speed: 0.0077s/iter; left time: 272.1649s
	iters: 1300, epoch: 15 | loss: 0.0956441
	speed: 0.0075s/iter; left time: 264.8691s
	iters: 1400, epoch: 15 | loss: 0.1607775
	speed: 0.0076s/iter; left time: 268.2854s
	iters: 1500, epoch: 15 | loss: 0.1285933
	speed: 0.0077s/iter; left time: 267.9812s
	iters: 1600, epoch: 15 | loss: 0.1637810
	speed: 0.0088s/iter; left time: 307.8671s
	iters: 1700, epoch: 15 | loss: 0.1514182
	speed: 0.0076s/iter; left time: 262.8450s
	iters: 1800, epoch: 15 | loss: 0.1513933
	speed: 0.0075s/iter; left time: 258.6958s
	iters: 1900, epoch: 15 | loss: 0.1129908
	speed: 0.0076s/iter; left time: 261.8600s
	iters: 2000, epoch: 15 | loss: 0.1542121
	speed: 0.0076s/iter; left time: 263.1057s
	iters: 2100, epoch: 15 | loss: 0.0921845
	speed: 0.0077s/iter; left time: 263.4217s
	iters: 2200, epoch: 15 | loss: 0.1076353
	speed: 0.0077s/iter; left time: 262.3893s
Epoch: 15 cost time: 17.7102632522583
Epoch: 15, Steps: 2281 | Train Loss: 0.6057743 Vali Loss: 0.9937435 Test Loss: 0.3830138
EarlyStopping counter: 5 out of 100
Updating learning rate to 2.824295364810001e-05
	iters: 100, epoch: 16 | loss: 43.3910065
	speed: 0.0611s/iter; left time: 2085.1660s
	iters: 200, epoch: 16 | loss: 0.1177207
	speed: 0.0075s/iter; left time: 254.6153s
	iters: 300, epoch: 16 | loss: 0.1442587
	speed: 0.0076s/iter; left time: 256.3463s
	iters: 400, epoch: 16 | loss: 0.1277894
	speed: 0.0082s/iter; left time: 276.0406s
	iters: 500, epoch: 16 | loss: 0.0962050
	speed: 0.0073s/iter; left time: 246.3731s
	iters: 600, epoch: 16 | loss: 0.1464065
	speed: 0.0076s/iter; left time: 253.9138s
	iters: 700, epoch: 16 | loss: 0.0883580
	speed: 0.0076s/iter; left time: 255.1467s
	iters: 800, epoch: 16 | loss: 0.1574187
	speed: 0.0075s/iter; left time: 251.2933s
	iters: 900, epoch: 16 | loss: 0.0824476
	speed: 0.0075s/iter; left time: 251.2779s
	iters: 1000, epoch: 16 | loss: 0.1333100
	speed: 0.0078s/iter; left time: 259.6041s
	iters: 1100, epoch: 16 | loss: 0.1058460
	speed: 0.0081s/iter; left time: 267.3840s
	iters: 1200, epoch: 16 | loss: 0.1077694
	speed: 0.0079s/iter; left time: 260.4789s
	iters: 1300, epoch: 16 | loss: 0.0853181
	speed: 0.0075s/iter; left time: 246.9376s
	iters: 1400, epoch: 16 | loss: 0.1659569
	speed: 0.0076s/iter; left time: 249.8201s
	iters: 1500, epoch: 16 | loss: 0.1115774
	speed: 0.0076s/iter; left time: 247.7155s
	iters: 1600, epoch: 16 | loss: 0.1397574
	speed: 0.0077s/iter; left time: 252.2632s
	iters: 1700, epoch: 16 | loss: 0.1103722
	speed: 0.0075s/iter; left time: 244.9448s
	iters: 1800, epoch: 16 | loss: 0.1457417
	speed: 0.0077s/iter; left time: 249.0369s
	iters: 1900, epoch: 16 | loss: 0.0971590
	speed: 0.0076s/iter; left time: 245.5232s
	iters: 2000, epoch: 16 | loss: 0.1444792
	speed: 0.0074s/iter; left time: 238.0432s
	iters: 2100, epoch: 16 | loss: 0.0986790
	speed: 0.0075s/iter; left time: 242.3131s
	iters: 2200, epoch: 16 | loss: 0.1956776
	speed: 0.0077s/iter; left time: 247.1829s
Epoch: 16 cost time: 17.671452283859253
Epoch: 16, Steps: 2281 | Train Loss: 0.6041333 Vali Loss: 1.0076357 Test Loss: 0.3833580
EarlyStopping counter: 6 out of 100
Updating learning rate to 2.541865828329001e-05
	iters: 100, epoch: 17 | loss: 0.1051605
	speed: 0.0611s/iter; left time: 1946.2257s
	iters: 200, epoch: 17 | loss: 0.1130359
	speed: 0.0075s/iter; left time: 239.0454s
	iters: 300, epoch: 17 | loss: 0.1377069
	speed: 0.0074s/iter; left time: 235.5238s
	iters: 400, epoch: 17 | loss: 0.1082457
	speed: 0.0075s/iter; left time: 235.8215s
	iters: 500, epoch: 17 | loss: 0.1369789
	speed: 0.0074s/iter; left time: 232.0197s
	iters: 600, epoch: 17 | loss: 0.1282615
	speed: 0.0074s/iter; left time: 230.6797s
	iters: 700, epoch: 17 | loss: 0.1192894
	speed: 0.0077s/iter; left time: 240.2281s
	iters: 800, epoch: 17 | loss: 0.1122697
	speed: 0.0074s/iter; left time: 229.8260s
	iters: 900, epoch: 17 | loss: 0.1120497
	speed: 0.0075s/iter; left time: 232.4383s
	iters: 1000, epoch: 17 | loss: 0.1540204
	speed: 0.0076s/iter; left time: 235.3807s
	iters: 1100, epoch: 17 | loss: 0.0779585
	speed: 0.0079s/iter; left time: 242.3230s
	iters: 1200, epoch: 17 | loss: 0.0719507
	speed: 0.0074s/iter; left time: 228.0528s
	iters: 1300, epoch: 17 | loss: 0.1429577
	speed: 0.0077s/iter; left time: 234.9116s
	iters: 1400, epoch: 17 | loss: 0.0945561
	speed: 0.0077s/iter; left time: 234.6204s
	iters: 1500, epoch: 17 | loss: 0.0707083
	speed: 0.0075s/iter; left time: 228.1111s
	iters: 1600, epoch: 17 | loss: 0.1419958
	speed: 0.0076s/iter; left time: 230.1254s
	iters: 1700, epoch: 17 | loss: 0.0909282
	speed: 0.0077s/iter; left time: 233.4307s
	iters: 1800, epoch: 17 | loss: 0.1338108
	speed: 0.0076s/iter; left time: 228.9409s
	iters: 1900, epoch: 17 | loss: 0.1109169
	speed: 0.0077s/iter; left time: 232.1461s
	iters: 2000, epoch: 17 | loss: 0.1175039
	speed: 0.0077s/iter; left time: 229.6885s
	iters: 2100, epoch: 17 | loss: 0.0973704
	speed: 0.0074s/iter; left time: 221.2613s
	iters: 2200, epoch: 17 | loss: 0.0648647
	speed: 0.0075s/iter; left time: 224.4341s
Epoch: 17 cost time: 17.551947355270386
Epoch: 17, Steps: 2281 | Train Loss: 0.6032277 Vali Loss: 0.9987419 Test Loss: 0.3826257
EarlyStopping counter: 7 out of 100
Updating learning rate to 2.287679245496101e-05
	iters: 100, epoch: 18 | loss: 0.1163903
	speed: 0.0615s/iter; left time: 1817.6211s
	iters: 200, epoch: 18 | loss: 0.0856990
	speed: 0.0075s/iter; left time: 221.6501s
	iters: 300, epoch: 18 | loss: 0.1021217
	speed: 0.0076s/iter; left time: 223.5366s
	iters: 400, epoch: 18 | loss: 0.2681684
	speed: 0.0075s/iter; left time: 220.1744s
	iters: 500, epoch: 18 | loss: 0.1929727
	speed: 0.0077s/iter; left time: 224.0573s
	iters: 600, epoch: 18 | loss: 0.1242866
	speed: 0.0075s/iter; left time: 217.1515s
	iters: 700, epoch: 18 | loss: 0.1195383
	speed: 0.0075s/iter; left time: 218.0188s
	iters: 800, epoch: 18 | loss: 0.1123255
	speed: 0.0077s/iter; left time: 222.6866s
	iters: 900, epoch: 18 | loss: 0.1157225
	speed: 0.0074s/iter; left time: 212.8123s
	iters: 1000, epoch: 18 | loss: 0.1036197
	speed: 0.0076s/iter; left time: 216.8860s
	iters: 1100, epoch: 18 | loss: 0.1080838
	speed: 0.0074s/iter; left time: 210.5599s
	iters: 1200, epoch: 18 | loss: 0.0962307
	speed: 0.0075s/iter; left time: 214.2198s
	iters: 1300, epoch: 18 | loss: 0.0893252
	speed: 0.0074s/iter; left time: 209.0916s
	iters: 1400, epoch: 18 | loss: 0.1078698
	speed: 0.0074s/iter; left time: 209.2033s
	iters: 1500, epoch: 18 | loss: 0.1539288
	speed: 0.0074s/iter; left time: 207.3446s
	iters: 1600, epoch: 18 | loss: 0.1248407
	speed: 0.0074s/iter; left time: 207.9445s
	iters: 1700, epoch: 18 | loss: 0.0821339
	speed: 0.0076s/iter; left time: 212.7404s
	iters: 1800, epoch: 18 | loss: 0.0985507
	speed: 0.0073s/iter; left time: 204.7008s
	iters: 1900, epoch: 18 | loss: 0.1205078
	speed: 0.0075s/iter; left time: 209.0042s
	iters: 2000, epoch: 18 | loss: 0.0869782
	speed: 0.0073s/iter; left time: 201.5984s
	iters: 2100, epoch: 18 | loss: 0.2144556
	speed: 0.0076s/iter; left time: 208.5279s
	iters: 2200, epoch: 18 | loss: 0.0919493
	speed: 0.0071s/iter; left time: 195.7832s
Epoch: 18 cost time: 17.301191568374634
Epoch: 18, Steps: 2281 | Train Loss: 0.6017236 Vali Loss: 1.0005993 Test Loss: 0.3821783
EarlyStopping counter: 8 out of 100
Updating learning rate to 2.0589113209464907e-05
	iters: 100, epoch: 19 | loss: 0.1154384
	speed: 0.0615s/iter; left time: 1678.1011s
	iters: 200, epoch: 19 | loss: 0.1263653
	speed: 0.0077s/iter; left time: 209.1201s
	iters: 300, epoch: 19 | loss: 0.1156407
	speed: 0.0077s/iter; left time: 207.8764s
	iters: 400, epoch: 19 | loss: 0.1131345
	speed: 0.0076s/iter; left time: 205.4432s
	iters: 500, epoch: 19 | loss: 0.1040197
	speed: 0.0074s/iter; left time: 198.9583s
	iters: 600, epoch: 19 | loss: 0.0974634
	speed: 0.0075s/iter; left time: 200.1015s
	iters: 700, epoch: 19 | loss: 0.2067077
	speed: 0.0078s/iter; left time: 207.4167s
	iters: 800, epoch: 19 | loss: 0.2117287
	speed: 0.0075s/iter; left time: 200.0567s
	iters: 900, epoch: 19 | loss: 0.1424218
	speed: 0.0076s/iter; left time: 200.6728s
	iters: 1000, epoch: 19 | loss: 0.1465289
	speed: 0.0078s/iter; left time: 204.7618s
	iters: 1100, epoch: 19 | loss: 0.1048116
	speed: 0.0075s/iter; left time: 198.1991s
	iters: 1200, epoch: 19 | loss: 0.1110048
	speed: 0.0077s/iter; left time: 202.0491s
	iters: 1300, epoch: 19 | loss: 0.0717983
	speed: 0.0086s/iter; left time: 224.5337s
	iters: 1400, epoch: 19 | loss: 0.1314486
	speed: 0.0085s/iter; left time: 219.8180s
	iters: 1500, epoch: 19 | loss: 0.1467675
	speed: 0.0088s/iter; left time: 227.8505s
	iters: 1600, epoch: 19 | loss: 0.1227382
	speed: 0.0080s/iter; left time: 207.0722s
	iters: 1700, epoch: 19 | loss: 0.2426931
	speed: 0.0078s/iter; left time: 200.0132s
	iters: 1800, epoch: 19 | loss: 0.2057181
	speed: 0.0077s/iter; left time: 195.6819s
	iters: 1900, epoch: 19 | loss: 0.1543284
	speed: 0.0077s/iter; left time: 197.0315s
	iters: 2000, epoch: 19 | loss: 0.2779462
	speed: 0.0079s/iter; left time: 200.1043s
	iters: 2100, epoch: 19 | loss: 0.2231992
	speed: 0.0077s/iter; left time: 194.5260s
	iters: 2200, epoch: 19 | loss: 0.0842761
	speed: 0.0076s/iter; left time: 192.4453s
Epoch: 19 cost time: 18.10011863708496
Epoch: 19, Steps: 2281 | Train Loss: 0.6022191 Vali Loss: 0.9879610 Test Loss: 0.3812063
EarlyStopping counter: 9 out of 100
Updating learning rate to 1.8530201888518416e-05
	iters: 100, epoch: 20 | loss: 0.1584094
	speed: 0.0634s/iter; left time: 1584.4791s
	iters: 200, epoch: 20 | loss: 0.1549638
	speed: 0.0075s/iter; left time: 186.4343s
	iters: 300, epoch: 20 | loss: 0.1081847
	speed: 0.0081s/iter; left time: 199.9825s
	iters: 400, epoch: 20 | loss: 0.1050788
	speed: 0.0084s/iter; left time: 207.8429s
	iters: 500, epoch: 20 | loss: 0.0770880
	speed: 0.0091s/iter; left time: 222.9080s
	iters: 600, epoch: 20 | loss: 0.1246461
	speed: 0.0078s/iter; left time: 190.8950s
	iters: 700, epoch: 20 | loss: 0.0874999
	speed: 0.0077s/iter; left time: 188.0360s
	iters: 800, epoch: 20 | loss: 0.0644728
	speed: 0.0077s/iter; left time: 187.2700s
	iters: 900, epoch: 20 | loss: 0.1944914
	speed: 0.0075s/iter; left time: 181.2294s
	iters: 1000, epoch: 20 | loss: 0.2193836
	speed: 0.0077s/iter; left time: 185.4194s
	iters: 1100, epoch: 20 | loss: 0.1235037
	speed: 0.0074s/iter; left time: 178.6685s
	iters: 1200, epoch: 20 | loss: 0.1394050
	speed: 0.0077s/iter; left time: 182.8344s
	iters: 1300, epoch: 20 | loss: 0.1358227
	speed: 0.0073s/iter; left time: 173.8240s
	iters: 1400, epoch: 20 | loss: 0.0685636
	speed: 0.0075s/iter; left time: 177.3889s
	iters: 1500, epoch: 20 | loss: 0.1474252
	speed: 0.0073s/iter; left time: 172.4136s
	iters: 1600, epoch: 20 | loss: 0.1440538
	speed: 0.0079s/iter; left time: 184.8359s
	iters: 1700, epoch: 20 | loss: 0.1781450
	speed: 0.0077s/iter; left time: 179.7719s
	iters: 1800, epoch: 20 | loss: 0.1495113
	speed: 0.0071s/iter; left time: 164.7139s
	iters: 1900, epoch: 20 | loss: 0.1618672
	speed: 0.0072s/iter; left time: 168.1346s
	iters: 2000, epoch: 20 | loss: 0.1137805
	speed: 0.0072s/iter; left time: 166.6009s
	iters: 2100, epoch: 20 | loss: 0.1006431
	speed: 0.0075s/iter; left time: 172.8948s
	iters: 2200, epoch: 20 | loss: 0.1594032
	speed: 0.0071s/iter; left time: 163.6548s
Epoch: 20 cost time: 17.823106288909912
Epoch: 20, Steps: 2281 | Train Loss: 0.6008111 Vali Loss: 0.9941183 Test Loss: 0.3823740
EarlyStopping counter: 10 out of 100
Updating learning rate to 1.6677181699666577e-05
	iters: 100, epoch: 21 | loss: 0.0980110
	speed: 0.0626s/iter; left time: 1421.3556s
	iters: 200, epoch: 21 | loss: 0.0959133
	speed: 0.0075s/iter; left time: 168.7974s
	iters: 300, epoch: 21 | loss: 0.1115099
	speed: 0.0075s/iter; left time: 169.1900s
	iters: 400, epoch: 21 | loss: 0.1366653
	speed: 0.0075s/iter; left time: 166.9913s
	iters: 500, epoch: 21 | loss: 0.0820886
	speed: 0.0074s/iter; left time: 166.0162s
	iters: 600, epoch: 21 | loss: 0.1227546
	speed: 0.0075s/iter; left time: 166.0894s
	iters: 700, epoch: 21 | loss: 0.0878557
	speed: 0.0076s/iter; left time: 167.9023s
	iters: 800, epoch: 21 | loss: 0.0902258
	speed: 0.0075s/iter; left time: 165.2211s
	iters: 900, epoch: 21 | loss: 0.0718248
	speed: 0.0075s/iter; left time: 163.3128s
	iters: 1000, epoch: 21 | loss: 0.1078296
	speed: 0.0075s/iter; left time: 162.9773s
	iters: 1100, epoch: 21 | loss: 0.0646425
	speed: 0.0072s/iter; left time: 156.3185s
	iters: 1200, epoch: 21 | loss: 0.1109084
	speed: 0.0075s/iter; left time: 161.8824s
	iters: 1300, epoch: 21 | loss: 0.0679432
	speed: 0.0076s/iter; left time: 162.5071s
	iters: 1400, epoch: 21 | loss: 0.2063333
	speed: 0.0075s/iter; left time: 159.5861s
	iters: 1500, epoch: 21 | loss: 0.0804279
	speed: 0.0075s/iter; left time: 159.1467s
	iters: 1600, epoch: 21 | loss: 0.1215906
	speed: 0.0074s/iter; left time: 157.7210s
	iters: 1700, epoch: 21 | loss: 0.1014996
	speed: 0.0075s/iter; left time: 157.8900s
	iters: 1800, epoch: 21 | loss: 44.2060051
	speed: 0.0074s/iter; left time: 156.0367s
	iters: 1900, epoch: 21 | loss: 0.0847826
	speed: 0.0073s/iter; left time: 153.6528s
	iters: 2000, epoch: 21 | loss: 0.0793309
	speed: 0.0075s/iter; left time: 155.3249s
	iters: 2100, epoch: 21 | loss: 0.1635888
	speed: 0.0076s/iter; left time: 156.6492s
	iters: 2200, epoch: 21 | loss: 0.0826723
	speed: 0.0074s/iter; left time: 152.7790s
Epoch: 21 cost time: 17.2740421295166
Epoch: 21, Steps: 2281 | Train Loss: 0.6002140 Vali Loss: 0.9983550 Test Loss: 0.3824473
EarlyStopping counter: 11 out of 100
Updating learning rate to 1.5009463529699919e-05
	iters: 100, epoch: 22 | loss: 0.1142351
	speed: 0.0616s/iter; left time: 1258.3333s
	iters: 200, epoch: 22 | loss: 0.0888692
	speed: 0.0077s/iter; left time: 156.7166s
	iters: 300, epoch: 22 | loss: 0.0995298
	speed: 0.0074s/iter; left time: 150.5354s
	iters: 400, epoch: 22 | loss: 0.1347698
	speed: 0.0075s/iter; left time: 150.6872s
	iters: 500, epoch: 22 | loss: 0.1141984
	speed: 0.0075s/iter; left time: 149.8818s
	iters: 600, epoch: 22 | loss: 0.1577762
	speed: 0.0074s/iter; left time: 148.0807s
	iters: 700, epoch: 22 | loss: 0.1244214
	speed: 0.0074s/iter; left time: 146.2519s
	iters: 800, epoch: 22 | loss: 0.1224390
	speed: 0.0076s/iter; left time: 150.6180s
	iters: 900, epoch: 22 | loss: 0.1033399
	speed: 0.0079s/iter; left time: 154.9627s
	iters: 1000, epoch: 22 | loss: 0.1972539
	speed: 0.0079s/iter; left time: 154.6608s
	iters: 1100, epoch: 22 | loss: 0.1596461
	speed: 0.0078s/iter; left time: 150.8524s
	iters: 1200, epoch: 22 | loss: 0.1416465
	speed: 0.0075s/iter; left time: 144.6905s
	iters: 1300, epoch: 22 | loss: 0.1923465
	speed: 0.0078s/iter; left time: 150.5434s
	iters: 1400, epoch: 22 | loss: 0.1256193
	speed: 0.0076s/iter; left time: 145.7910s
	iters: 1500, epoch: 22 | loss: 0.1162778
	speed: 0.0077s/iter; left time: 147.2406s
	iters: 1600, epoch: 22 | loss: 0.0776244
	speed: 0.0081s/iter; left time: 152.7265s
	iters: 1700, epoch: 22 | loss: 0.0931748
	speed: 0.0074s/iter; left time: 139.3433s
	iters: 1800, epoch: 22 | loss: 0.0976987
	speed: 0.0084s/iter; left time: 157.3850s
	iters: 1900, epoch: 22 | loss: 0.1603952
	speed: 0.0075s/iter; left time: 138.8773s
	iters: 2000, epoch: 22 | loss: 0.1342246
	speed: 0.0076s/iter; left time: 141.7081s
	iters: 2100, epoch: 22 | loss: 0.1451897
	speed: 0.0082s/iter; left time: 150.2678s
	iters: 2200, epoch: 22 | loss: 0.0972419
	speed: 0.0087s/iter; left time: 160.1246s
Epoch: 22 cost time: 18.012006759643555
Epoch: 22, Steps: 2281 | Train Loss: 0.5997366 Vali Loss: 0.9920262 Test Loss: 0.3805150
EarlyStopping counter: 12 out of 100
Updating learning rate to 1.3508517176729929e-05
	iters: 100, epoch: 23 | loss: 0.2541855
	speed: 0.0630s/iter; left time: 1142.9740s
	iters: 200, epoch: 23 | loss: 0.1578373
	speed: 0.0078s/iter; left time: 139.9822s
	iters: 300, epoch: 23 | loss: 0.0717016
	speed: 0.0078s/iter; left time: 139.3951s
	iters: 400, epoch: 23 | loss: 0.1029353
	speed: 0.0076s/iter; left time: 135.9942s
	iters: 500, epoch: 23 | loss: 0.1267367
	speed: 0.0075s/iter; left time: 132.6615s
	iters: 600, epoch: 23 | loss: 0.0751376
	speed: 0.0073s/iter; left time: 129.4683s
	iters: 700, epoch: 23 | loss: 0.1499138
	speed: 0.0076s/iter; left time: 133.1000s
	iters: 800, epoch: 23 | loss: 0.2336830
	speed: 0.0074s/iter; left time: 129.7759s
	iters: 900, epoch: 23 | loss: 0.1192943
	speed: 0.0075s/iter; left time: 129.4935s
	iters: 1000, epoch: 23 | loss: 0.2093763
	speed: 0.0074s/iter; left time: 127.5107s
	iters: 1100, epoch: 23 | loss: 0.1085406
	speed: 0.0076s/iter; left time: 130.8578s
	iters: 1200, epoch: 23 | loss: 0.0874750
	speed: 0.0074s/iter; left time: 126.9700s
	iters: 1300, epoch: 23 | loss: 0.1287593
	speed: 0.0074s/iter; left time: 125.9501s
	iters: 1400, epoch: 23 | loss: 0.1280872
	speed: 0.0075s/iter; left time: 126.9203s
	iters: 1500, epoch: 23 | loss: 0.1573319
	speed: 0.0076s/iter; left time: 127.3768s
	iters: 1600, epoch: 23 | loss: 0.1133261
	speed: 0.0076s/iter; left time: 125.8917s
	iters: 1700, epoch: 23 | loss: 0.2925653
	speed: 0.0075s/iter; left time: 124.9050s
	iters: 1800, epoch: 23 | loss: 0.1314701
	speed: 0.0075s/iter; left time: 123.6819s
	iters: 1900, epoch: 23 | loss: 0.1021721
	speed: 0.0075s/iter; left time: 121.8411s
	iters: 2000, epoch: 23 | loss: 0.0982295
	speed: 0.0073s/iter; left time: 119.1940s
	iters: 2100, epoch: 23 | loss: 0.1088525
	speed: 0.0079s/iter; left time: 128.0237s
	iters: 2200, epoch: 23 | loss: 0.1313694
	speed: 0.0076s/iter; left time: 122.0697s
Epoch: 23 cost time: 17.52422022819519
Epoch: 23, Steps: 2281 | Train Loss: 0.5990934 Vali Loss: 0.9886013 Test Loss: 0.3810548
EarlyStopping counter: 13 out of 100
Updating learning rate to 1.2157665459056936e-05
	iters: 100, epoch: 24 | loss: 0.2912625
	speed: 0.0619s/iter; left time: 982.1374s
	iters: 200, epoch: 24 | loss: 0.0982228
	speed: 0.0074s/iter; left time: 117.3945s
	iters: 300, epoch: 24 | loss: 0.0909751
	speed: 0.0077s/iter; left time: 120.1777s
	iters: 400, epoch: 24 | loss: 0.2168324
	speed: 0.0082s/iter; left time: 127.0396s
	iters: 500, epoch: 24 | loss: 0.1058833
	speed: 0.0083s/iter; left time: 128.2544s
	iters: 600, epoch: 24 | loss: 0.0793567
	speed: 0.0075s/iter; left time: 114.6229s
	iters: 700, epoch: 24 | loss: 0.1044492
	speed: 0.0076s/iter; left time: 115.7929s
	iters: 800, epoch: 24 | loss: 0.1105018
	speed: 0.0076s/iter; left time: 114.9322s
	iters: 900, epoch: 24 | loss: 0.1548470
	speed: 0.0076s/iter; left time: 114.6022s
	iters: 1000, epoch: 24 | loss: 0.1421562
	speed: 0.0075s/iter; left time: 112.1079s
	iters: 1100, epoch: 24 | loss: 0.1068194
	speed: 0.0075s/iter; left time: 111.1025s
	iters: 1200, epoch: 24 | loss: 0.1150474
	speed: 0.0076s/iter; left time: 111.8125s
	iters: 1300, epoch: 24 | loss: 0.1350755
	speed: 0.0076s/iter; left time: 111.0329s
	iters: 1400, epoch: 24 | loss: 0.1961242
	speed: 0.0075s/iter; left time: 109.8255s
	iters: 1500, epoch: 24 | loss: 0.1018496
	speed: 0.0076s/iter; left time: 109.9642s
	iters: 1600, epoch: 24 | loss: 0.1143838
	speed: 0.0074s/iter; left time: 106.6893s
	iters: 1700, epoch: 24 | loss: 0.1383350
	speed: 0.0075s/iter; left time: 106.5980s
	iters: 1800, epoch: 24 | loss: 0.1673032
	speed: 0.0075s/iter; left time: 106.4840s
	iters: 1900, epoch: 24 | loss: 0.1105222
	speed: 0.0075s/iter; left time: 105.0216s
	iters: 2000, epoch: 24 | loss: 0.1280904
	speed: 0.0076s/iter; left time: 105.7607s
	iters: 2100, epoch: 24 | loss: 0.1987779
	speed: 0.0076s/iter; left time: 105.4424s
	iters: 2200, epoch: 24 | loss: 0.7588522
	speed: 0.0076s/iter; left time: 104.3648s
Epoch: 24 cost time: 17.581255197525024
Epoch: 24, Steps: 2281 | Train Loss: 0.5990212 Vali Loss: 0.9695609 Test Loss: 0.3803094
Validation loss decreased (0.985210 --> 0.969561).  Saving model ...
Updating learning rate to 1.0941898913151242e-05
	iters: 100, epoch: 25 | loss: 0.0884564
	speed: 0.0620s/iter; left time: 842.4513s
	iters: 200, epoch: 25 | loss: 0.0778663
	speed: 0.0075s/iter; left time: 101.1340s
	iters: 300, epoch: 25 | loss: 0.1773502
	speed: 0.0076s/iter; left time: 101.0982s
	iters: 400, epoch: 25 | loss: 0.0612572
	speed: 0.0079s/iter; left time: 104.4434s
	iters: 500, epoch: 25 | loss: 0.0688587
	speed: 0.0082s/iter; left time: 107.6009s
	iters: 600, epoch: 25 | loss: 0.1277859
	speed: 0.0076s/iter; left time: 99.0039s
	iters: 700, epoch: 25 | loss: 0.0841037
	speed: 0.0076s/iter; left time: 98.6605s
	iters: 800, epoch: 25 | loss: 0.1268853
	speed: 0.0075s/iter; left time: 96.6535s
	iters: 900, epoch: 25 | loss: 0.1556364
	speed: 0.0073s/iter; left time: 93.0624s
	iters: 1000, epoch: 25 | loss: 0.1299519
	speed: 0.0074s/iter; left time: 93.8780s
	iters: 1100, epoch: 25 | loss: 0.0849137
	speed: 0.0074s/iter; left time: 93.5041s
	iters: 1200, epoch: 25 | loss: 0.1027344
	speed: 0.0075s/iter; left time: 93.4192s
	iters: 1300, epoch: 25 | loss: 0.1045945
	speed: 0.0075s/iter; left time: 93.3333s
	iters: 1400, epoch: 25 | loss: 0.1242522
	speed: 0.0075s/iter; left time: 91.6580s
	iters: 1500, epoch: 25 | loss: 0.0956161
	speed: 0.0075s/iter; left time: 91.0806s
	iters: 1600, epoch: 25 | loss: 0.0898681
	speed: 0.0079s/iter; left time: 94.8937s
	iters: 1700, epoch: 25 | loss: 0.0709554
	speed: 0.0075s/iter; left time: 89.7398s
	iters: 1800, epoch: 25 | loss: 0.1936120
	speed: 0.0077s/iter; left time: 91.6758s
	iters: 1900, epoch: 25 | loss: 0.1000058
	speed: 0.0077s/iter; left time: 90.9224s
	iters: 2000, epoch: 25 | loss: 0.1384256
	speed: 0.0076s/iter; left time: 88.2743s
	iters: 2100, epoch: 25 | loss: 0.0930991
	speed: 0.0075s/iter; left time: 86.9334s
	iters: 2200, epoch: 25 | loss: 0.0744941
	speed: 0.0076s/iter; left time: 86.8201s
Epoch: 25 cost time: 17.57073187828064
Epoch: 25, Steps: 2281 | Train Loss: 0.5975831 Vali Loss: 0.9878850 Test Loss: 0.3813567
EarlyStopping counter: 1 out of 100
Updating learning rate to 9.847709021836118e-06
	iters: 100, epoch: 26 | loss: 0.3507408
	speed: 0.0634s/iter; left time: 717.1347s
	iters: 200, epoch: 26 | loss: 0.2125663
	speed: 0.0076s/iter; left time: 85.7219s
	iters: 300, epoch: 26 | loss: 0.1351977
	speed: 0.0089s/iter; left time: 99.2703s
	iters: 400, epoch: 26 | loss: 0.1245541
	speed: 0.0088s/iter; left time: 96.9460s
	iters: 500, epoch: 26 | loss: 0.0901650
	speed: 0.0079s/iter; left time: 86.2512s
	iters: 600, epoch: 26 | loss: 0.0804384
	speed: 0.0077s/iter; left time: 83.5640s
	iters: 700, epoch: 26 | loss: 0.1357066
	speed: 0.0078s/iter; left time: 83.9050s
	iters: 800, epoch: 26 | loss: 0.1104161
	speed: 0.0078s/iter; left time: 83.0233s
	iters: 900, epoch: 26 | loss: 0.1357746
	speed: 0.0076s/iter; left time: 79.8102s
	iters: 1000, epoch: 26 | loss: 0.1579879
	speed: 0.0078s/iter; left time: 81.2772s
	iters: 1100, epoch: 26 | loss: 0.1058453
	speed: 0.0075s/iter; left time: 77.6347s
	iters: 1200, epoch: 26 | loss: 0.2101130
	speed: 0.0075s/iter; left time: 76.8885s
	iters: 1300, epoch: 26 | loss: 0.1240968
	speed: 0.0076s/iter; left time: 76.4807s
	iters: 1400, epoch: 26 | loss: 0.1364070
	speed: 0.0078s/iter; left time: 77.8131s
	iters: 1500, epoch: 26 | loss: 0.0853372
	speed: 0.0079s/iter; left time: 77.9866s
	iters: 1600, epoch: 26 | loss: 0.1197091
	speed: 0.0081s/iter; left time: 78.9559s
	iters: 1700, epoch: 26 | loss: 0.1620800
	speed: 0.0075s/iter; left time: 73.2040s
	iters: 1800, epoch: 26 | loss: 0.0720562
	speed: 0.0076s/iter; left time: 73.4713s
	iters: 1900, epoch: 26 | loss: 0.1300542
	speed: 0.0082s/iter; left time: 77.9410s
	iters: 2000, epoch: 26 | loss: 0.0681256
	speed: 0.0079s/iter; left time: 73.9008s
	iters: 2100, epoch: 26 | loss: 0.1981307
	speed: 0.0076s/iter; left time: 71.0581s
	iters: 2200, epoch: 26 | loss: 43.8200836
	speed: 0.0078s/iter; left time: 71.8212s
Epoch: 26 cost time: 18.240269660949707
Epoch: 26, Steps: 2281 | Train Loss: 0.5974280 Vali Loss: 0.9954457 Test Loss: 0.3800523
EarlyStopping counter: 2 out of 100
Updating learning rate to 8.862938119652508e-06
	iters: 100, epoch: 27 | loss: 0.1147722
	speed: 0.0619s/iter; left time: 558.1997s
	iters: 200, epoch: 27 | loss: 0.0979006
	speed: 0.0075s/iter; left time: 66.4941s
	iters: 300, epoch: 27 | loss: 0.0985104
	speed: 0.0077s/iter; left time: 67.6628s
	iters: 400, epoch: 27 | loss: 0.1093791
	speed: 0.0074s/iter; left time: 64.1843s
	iters: 500, epoch: 27 | loss: 0.1101643
	speed: 0.0073s/iter; left time: 63.2015s
	iters: 600, epoch: 27 | loss: 0.0773567
	speed: 0.0075s/iter; left time: 63.9204s
	iters: 700, epoch: 27 | loss: 0.1462005
	speed: 0.0074s/iter; left time: 62.4332s
	iters: 800, epoch: 27 | loss: 0.1430482
	speed: 0.0079s/iter; left time: 65.6222s
	iters: 900, epoch: 27 | loss: 0.1331961
	speed: 0.0073s/iter; left time: 60.1435s
	iters: 1000, epoch: 27 | loss: 0.0632557
	speed: 0.0075s/iter; left time: 61.2250s
	iters: 1100, epoch: 27 | loss: 0.0970096
	speed: 0.0074s/iter; left time: 59.3360s
	iters: 1200, epoch: 27 | loss: 0.1262864
	speed: 0.0074s/iter; left time: 58.8396s
	iters: 1300, epoch: 27 | loss: 0.1649249
	speed: 0.0076s/iter; left time: 59.7862s
	iters: 1400, epoch: 27 | loss: 0.1433373
	speed: 0.0075s/iter; left time: 58.1037s
	iters: 1500, epoch: 27 | loss: 0.2417606
	speed: 0.0075s/iter; left time: 57.1805s
	iters: 1600, epoch: 27 | loss: 0.1164136
	speed: 0.0077s/iter; left time: 58.1499s
	iters: 1700, epoch: 27 | loss: 0.2243844
	speed: 0.0075s/iter; left time: 55.9407s
	iters: 1800, epoch: 27 | loss: 0.1399293
	speed: 0.0076s/iter; left time: 55.4637s
	iters: 1900, epoch: 27 | loss: 0.0501770
	speed: 0.0076s/iter; left time: 54.6003s
	iters: 2000, epoch: 27 | loss: 0.1129217
	speed: 0.0076s/iter; left time: 54.1422s
	iters: 2100, epoch: 27 | loss: 0.1083101
	speed: 0.0076s/iter; left time: 53.6003s
	iters: 2200, epoch: 27 | loss: 0.2060254
	speed: 0.0076s/iter; left time: 52.8245s
Epoch: 27 cost time: 17.480719327926636
Epoch: 27, Steps: 2281 | Train Loss: 0.5979411 Vali Loss: 0.9914045 Test Loss: 0.3799348
EarlyStopping counter: 3 out of 100
Updating learning rate to 7.976644307687255e-06
	iters: 100, epoch: 28 | loss: 0.1237694
	speed: 0.0620s/iter; left time: 418.2017s
	iters: 200, epoch: 28 | loss: 0.2418216
	speed: 0.0077s/iter; left time: 51.0996s
	iters: 300, epoch: 28 | loss: 0.1178851
	speed: 0.0076s/iter; left time: 49.4541s
	iters: 400, epoch: 28 | loss: 0.1965396
	speed: 0.0075s/iter; left time: 48.4938s
	iters: 500, epoch: 28 | loss: 0.2176427
	speed: 0.0077s/iter; left time: 48.6097s
	iters: 600, epoch: 28 | loss: 0.0710786
	speed: 0.0075s/iter; left time: 46.5341s
	iters: 700, epoch: 28 | loss: 0.0798841
	speed: 0.0074s/iter; left time: 45.4942s
	iters: 800, epoch: 28 | loss: 0.0853800
	speed: 0.0077s/iter; left time: 46.7316s
	iters: 900, epoch: 28 | loss: 0.1795253
	speed: 0.0076s/iter; left time: 45.0490s
	iters: 1000, epoch: 28 | loss: 0.1140956
	speed: 0.0077s/iter; left time: 45.0714s
	iters: 1100, epoch: 28 | loss: 43.1490593
	speed: 0.0075s/iter; left time: 42.8440s
	iters: 1200, epoch: 28 | loss: 0.1571694
	speed: 0.0075s/iter; left time: 42.1464s
	iters: 1300, epoch: 28 | loss: 0.0622307
	speed: 0.0075s/iter; left time: 41.3914s
	iters: 1400, epoch: 28 | loss: 0.0897451
	speed: 0.0076s/iter; left time: 41.2640s
	iters: 1500, epoch: 28 | loss: 0.1747823
	speed: 0.0076s/iter; left time: 40.7904s
	iters: 1600, epoch: 28 | loss: 0.0832575
	speed: 0.0076s/iter; left time: 39.9484s
	iters: 1700, epoch: 28 | loss: 0.1688540
	speed: 0.0077s/iter; left time: 39.6189s
	iters: 1800, epoch: 28 | loss: 0.1518208
	speed: 0.0075s/iter; left time: 37.8139s
	iters: 1900, epoch: 28 | loss: 0.1500339
	speed: 0.0076s/iter; left time: 37.8191s
	iters: 2000, epoch: 28 | loss: 0.1231451
	speed: 0.0077s/iter; left time: 37.1428s
	iters: 2100, epoch: 28 | loss: 0.1201542
	speed: 0.0076s/iter; left time: 36.1960s
	iters: 2200, epoch: 28 | loss: 0.2605278
	speed: 0.0078s/iter; left time: 36.2549s
Epoch: 28 cost time: 17.682923793792725
Epoch: 28, Steps: 2281 | Train Loss: 0.5967790 Vali Loss: 0.9921722 Test Loss: 0.3807374
EarlyStopping counter: 4 out of 100
Updating learning rate to 7.178979876918531e-06
	iters: 100, epoch: 29 | loss: 0.1004751
	speed: 0.0612s/iter; left time: 272.9317s
	iters: 200, epoch: 29 | loss: 0.1654871
	speed: 0.0076s/iter; left time: 33.3455s
	iters: 300, epoch: 29 | loss: 0.1258707
	speed: 0.0075s/iter; left time: 31.8464s
	iters: 400, epoch: 29 | loss: 0.1647847
	speed: 0.0075s/iter; left time: 31.3517s
	iters: 500, epoch: 29 | loss: 0.1200373
	speed: 0.0075s/iter; left time: 30.5403s
	iters: 600, epoch: 29 | loss: 0.1480981
	speed: 0.0078s/iter; left time: 30.8906s
	iters: 700, epoch: 29 | loss: 0.0990909
	speed: 0.0075s/iter; left time: 28.9417s
	iters: 800, epoch: 29 | loss: 0.1280448
	speed: 0.0077s/iter; left time: 28.9584s
	iters: 900, epoch: 29 | loss: 0.0909342
	speed: 0.0075s/iter; left time: 27.6251s
	iters: 1000, epoch: 29 | loss: 0.2034067
	speed: 0.0075s/iter; left time: 26.5930s
	iters: 1100, epoch: 29 | loss: 0.1450814
	speed: 0.0077s/iter; left time: 26.6674s
	iters: 1200, epoch: 29 | loss: 0.0836502
	speed: 0.0077s/iter; left time: 25.7747s
	iters: 1300, epoch: 29 | loss: 42.7242355
	speed: 0.0075s/iter; left time: 24.4709s
	iters: 1400, epoch: 29 | loss: 0.0989570
	speed: 0.0076s/iter; left time: 24.0723s
	iters: 1500, epoch: 29 | loss: 0.0912202
	speed: 0.0074s/iter; left time: 22.8055s
	iters: 1600, epoch: 29 | loss: 0.1989845
	speed: 0.0072s/iter; left time: 21.4236s
	iters: 1700, epoch: 29 | loss: 0.0629818
	speed: 0.0077s/iter; left time: 21.9302s
	iters: 1800, epoch: 29 | loss: 0.0797609
	speed: 0.0075s/iter; left time: 20.6946s
	iters: 1900, epoch: 29 | loss: 0.5953083
	speed: 0.0075s/iter; left time: 19.8528s
	iters: 2000, epoch: 29 | loss: 0.1398220
	speed: 0.0078s/iter; left time: 20.0435s
	iters: 2100, epoch: 29 | loss: 0.0960393
	speed: 0.0076s/iter; left time: 18.8175s
	iters: 2200, epoch: 29 | loss: 0.0778367
	speed: 0.0076s/iter; left time: 18.0666s
Epoch: 29 cost time: 17.510369062423706
Epoch: 29, Steps: 2281 | Train Loss: 0.5962553 Vali Loss: 0.9898115 Test Loss: 0.3801815
EarlyStopping counter: 5 out of 100
Updating learning rate to 6.4610818892266776e-06
	iters: 100, epoch: 30 | loss: 0.0956542
	speed: 0.0613s/iter; left time: 133.7016s
	iters: 200, epoch: 30 | loss: 0.2246247
	speed: 0.0076s/iter; left time: 15.8982s
	iters: 300, epoch: 30 | loss: 0.1984212
	speed: 0.0077s/iter; left time: 15.1670s
	iters: 400, epoch: 30 | loss: 0.0877122
	speed: 0.0075s/iter; left time: 14.2037s
	iters: 500, epoch: 30 | loss: 0.1438958
	speed: 0.0076s/iter; left time: 13.6079s
	iters: 600, epoch: 30 | loss: 0.1931156
	speed: 0.0078s/iter; left time: 13.1690s
	iters: 700, epoch: 30 | loss: 0.0992894
	speed: 0.0078s/iter; left time: 12.2788s
	iters: 800, epoch: 30 | loss: 0.1923650
	speed: 0.0076s/iter; left time: 11.2930s
	iters: 900, epoch: 30 | loss: 0.0934764
	speed: 0.0075s/iter; left time: 10.2979s
	iters: 1000, epoch: 30 | loss: 0.0977996
	speed: 0.0074s/iter; left time: 9.5434s
	iters: 1100, epoch: 30 | loss: 0.1015437
	speed: 0.0073s/iter; left time: 8.5947s
	iters: 1200, epoch: 30 | loss: 0.0973480
	speed: 0.0075s/iter; left time: 8.0856s
	iters: 1300, epoch: 30 | loss: 0.1348541
	speed: 0.0077s/iter; left time: 7.5166s
	iters: 1400, epoch: 30 | loss: 0.0795547
	speed: 0.0077s/iter; left time: 6.7642s
	iters: 1500, epoch: 30 | loss: 0.0927373
	speed: 0.0075s/iter; left time: 5.8306s
	iters: 1600, epoch: 30 | loss: 0.1618522
	speed: 0.0075s/iter; left time: 5.1415s
	iters: 1700, epoch: 30 | loss: 0.1377220
	speed: 0.0075s/iter; left time: 4.3738s
	iters: 1800, epoch: 30 | loss: 0.0998748
	speed: 0.0077s/iter; left time: 3.7328s
	iters: 1900, epoch: 30 | loss: 0.1578612
	speed: 0.0075s/iter; left time: 2.8710s
	iters: 2000, epoch: 30 | loss: 0.0703489
	speed: 0.0075s/iter; left time: 2.1063s
	iters: 2100, epoch: 30 | loss: 0.0830600
	speed: 0.0076s/iter; left time: 1.3758s
	iters: 2200, epoch: 30 | loss: 0.0976544
	speed: 0.0076s/iter; left time: 0.6230s
Epoch: 30 cost time: 17.544801473617554
Epoch: 30, Steps: 2281 | Train Loss: 0.5959573 Vali Loss: 0.9872202 Test Loss: 0.3803031
EarlyStopping counter: 6 out of 100
Updating learning rate to 5.8149737003040096e-06
>>>>>>>testing : BE_168_24_MLPAer_h_custom_ftMS_sl168_ll48_pl24_dm512_nh8_el2_dl1_df2048_fc1_ebtimeF_dtTrue_Exp_0<<<<<<<<<<<<<<<<<<<<<<<<<<<<<<<<<
test 10460
mse:0.3803093731403351, mae:0.25157904624938965, rse:0.6232482194900513
