Args in experiment:
Namespace(random_seed=2025, is_training=1, model_id='do_425012_96_192', model='MLPAer_univariate', data='custom', root_path='./dataset/', data_path='do_425012.csv', features='MS', target='OT', freq='h', checkpoints='./checkpoints/', seq_len=96, label_len=48, pred_len=192, fc_dropout=0.05, head_dropout=0.2, patch_len=16, stride=8, padding_patch='end', revin=1, affine=0, subtract_last=0, decomposition=0, kernel_size=25, individual=0, embed_type=0, enc_in=7, dec_in=7, c_out=7, d_model=512, n_heads=8, e_layers=2, d_layers=1, d_ff=2048, moving_avg=25, factor=1, distil=True, dropout=0.05, embed='timeF', activation='gelu', output_attention=False, do_predict=False, num_workers=10, itr=1, train_epochs=30, batch_size=128, patience=3, learning_rate=0.0001, des='Exp', loss='mse', lradj='type3', pct_start=0.3, use_amp=False, c_ff=7, t_ff=128, c_dropout=0.0, t_dropout=0.0, embed_dropout=0.0, head_type='prediction', usenorm=1, use_gpu=True, gpu=0, use_multi_gpu=False, devices='0,1,2,3', test_flop=False)
Use GPU: cuda:0
>>>>>>>start training : do_425012_96_192_MLPAer_univariate_custom_ftMS_sl96_ll48_pl192_dm512_nh8_el2_dl1_df2048_fc1_ebtimeF_dtTrue_Exp_0>>>>>>>>>>>>>>>>>>>>>>>>>>
train 53848
val 7543
test 15276
	iters: 100, epoch: 1 | loss: 0.2775362
	speed: 0.0331s/iter; left time: 413.3713s
	iters: 200, epoch: 1 | loss: 0.2441442
	speed: 0.0162s/iter; left time: 200.7764s
	iters: 300, epoch: 1 | loss: 0.2583188
	speed: 0.0139s/iter; left time: 171.1645s
	iters: 400, epoch: 1 | loss: 0.2144943
	speed: 0.0135s/iter; left time: 165.3164s
Epoch: 1 cost time: 6.334205865859985
Epoch: 1, Steps: 420 | Train Loss: 0.2393502 Vali Loss: 0.2441050 Test Loss: 0.2642997
Validation loss decreased (inf --> 0.244105).  Saving model ...
Updating learning rate to 0.0001
	iters: 100, epoch: 2 | loss: 0.2027326
	speed: 0.0416s/iter; left time: 503.0054s
	iters: 200, epoch: 2 | loss: 0.1794635
	speed: 0.0132s/iter; left time: 157.5951s
	iters: 300, epoch: 2 | loss: 0.1832232
	speed: 0.0139s/iter; left time: 165.5343s
	iters: 400, epoch: 2 | loss: 0.1672840
	speed: 0.0134s/iter; left time: 157.6174s
Epoch: 2 cost time: 5.887695550918579
Epoch: 2, Steps: 420 | Train Loss: 0.1974257 Vali Loss: 0.2315387 Test Loss: 0.2167312
Validation loss decreased (0.244105 --> 0.231539).  Saving model ...
Updating learning rate to 0.0001
	iters: 100, epoch: 3 | loss: 0.2371836
	speed: 0.0394s/iter; left time: 458.9774s
	iters: 200, epoch: 3 | loss: 0.1441562
	speed: 0.0130s/iter; left time: 149.7268s
	iters: 300, epoch: 3 | loss: 0.1982766
	speed: 0.0140s/iter; left time: 160.7576s
	iters: 400, epoch: 3 | loss: 0.1927264
	speed: 0.0133s/iter; left time: 150.5740s
Epoch: 3 cost time: 5.777732849121094
Epoch: 3, Steps: 420 | Train Loss: 0.1905680 Vali Loss: 0.2345280 Test Loss: 0.2146842
EarlyStopping counter: 1 out of 3
Updating learning rate to 0.0001
	iters: 100, epoch: 4 | loss: 0.2249482
	speed: 0.0414s/iter; left time: 465.3996s
	iters: 200, epoch: 4 | loss: 0.2534388
	speed: 0.0132s/iter; left time: 147.3457s
	iters: 300, epoch: 4 | loss: 0.2126638
	speed: 0.0137s/iter; left time: 151.7704s
	iters: 400, epoch: 4 | loss: 0.1393128
	speed: 0.0142s/iter; left time: 155.2680s
Epoch: 4 cost time: 5.933628559112549
Epoch: 4, Steps: 420 | Train Loss: 0.1891669 Vali Loss: 0.2348857 Test Loss: 0.2139964
EarlyStopping counter: 2 out of 3
Updating learning rate to 9e-05
	iters: 100, epoch: 5 | loss: 0.1676057
	speed: 0.0394s/iter; left time: 426.0604s
	iters: 200, epoch: 5 | loss: 0.1745759
	speed: 0.0140s/iter; left time: 149.7402s
	iters: 300, epoch: 5 | loss: 0.1506417
	speed: 0.0145s/iter; left time: 153.5402s
	iters: 400, epoch: 5 | loss: 0.1793794
	speed: 0.0141s/iter; left time: 148.6071s
Epoch: 5 cost time: 6.048724889755249
Epoch: 5, Steps: 420 | Train Loss: 0.1882206 Vali Loss: 0.2376844 Test Loss: 0.2135713
EarlyStopping counter: 3 out of 3
Early stopping
>>>>>>>testing : do_425012_96_192_MLPAer_univariate_custom_ftMS_sl96_ll48_pl192_dm512_nh8_el2_dl1_df2048_fc1_ebtimeF_dtTrue_Exp_0<<<<<<<<<<<<<<<<<<<<<<<<<<<<<<<<<
test 15276
find shape (15232, 192, 1) (15232, 192, 1)
mse:0.2167312651872635, mae:0.29176265001296997, nse:0.7358156144618988, mape:0.6627019643783569
