Args in experiment:
Namespace(random_seed=2025, is_training=1, model_id='traffic_96_336', model='MLPAer_univariate', data='custom', root_path='./dataset/', data_path='traffic.csv', features='MS', target='OT', freq='h', checkpoints='./checkpoints/', seq_len=96, label_len=48, pred_len=336, fc_dropout=0.05, head_dropout=0.7, patch_len=16, stride=8, padding_patch='end', revin=1, affine=0, subtract_last=0, decomposition=0, kernel_size=25, individual=0, embed_type=0, enc_in=862, dec_in=7, c_out=7, d_model=2048, n_heads=8, e_layers=2, d_layers=1, d_ff=2048, moving_avg=25, factor=1, distil=True, dropout=0.05, embed='timeF', activation='gelu', output_attention=False, do_predict=False, num_workers=10, itr=1, train_epochs=30, batch_size=16, patience=3, learning_rate=0.0001, des='Exp', loss='mse', lradj='type3', pct_start=0.3, use_amp=False, c_ff=32, t_ff=336, c_dropout=0.1, t_dropout=0.3, embed_dropout=0.3, head_type='prediction', usenorm=1, use_gpu=True, gpu=0, use_multi_gpu=False, devices='0,1,2,3', test_flop=False)
Use GPU: cuda:0
>>>>>>>start training : traffic_96_336_MLPAer_univariate_custom_ftMS_sl96_ll48_pl336_dm2048_nh8_el2_dl1_df2048_fc1_ebtimeF_dtTrue_Exp_0>>>>>>>>>>>>>>>>>>>>>>>>>>
train 11849
val 1421
test 3173
	iters: 100, epoch: 1 | loss: 0.9197878
	speed: 0.0641s/iter; left time: 1415.9488s
	iters: 200, epoch: 1 | loss: 0.7418284
	speed: 0.0437s/iter; left time: 960.3977s
	iters: 300, epoch: 1 | loss: 0.5815512
	speed: 0.0451s/iter; left time: 987.0538s
	iters: 400, epoch: 1 | loss: 0.4920129
	speed: 0.0448s/iter; left time: 975.9131s
	iters: 500, epoch: 1 | loss: 0.3999406
	speed: 0.0437s/iter; left time: 948.5180s
	iters: 600, epoch: 1 | loss: 0.3474054
	speed: 0.0452s/iter; left time: 977.1981s
	iters: 700, epoch: 1 | loss: 0.3053367
	speed: 0.0451s/iter; left time: 970.4152s
Epoch: 1 cost time: 33.13673496246338
Epoch: 1, Steps: 740 | Train Loss: 0.5888303 Vali Loss: 0.2465513 Test Loss: 0.3622238
Validation loss decreased (inf --> 0.246551).  Saving model ...
Updating learning rate to 0.0001
	iters: 100, epoch: 2 | loss: 0.1815333
	speed: 0.2331s/iter; left time: 4978.6753s
	iters: 200, epoch: 2 | loss: 0.1863870
	speed: 0.0451s/iter; left time: 959.2094s
	iters: 300, epoch: 2 | loss: 0.1800689
	speed: 0.0446s/iter; left time: 942.7870s
	iters: 400, epoch: 2 | loss: 0.1720353
	speed: 0.0447s/iter; left time: 942.0306s
	iters: 500, epoch: 2 | loss: 0.1486975
	speed: 0.0446s/iter; left time: 934.9092s
	iters: 600, epoch: 2 | loss: 0.1353815
	speed: 0.0450s/iter; left time: 938.5333s
	iters: 700, epoch: 2 | loss: 0.1646276
	speed: 0.0448s/iter; left time: 930.0322s
Epoch: 2 cost time: 33.29288291931152
Epoch: 2, Steps: 740 | Train Loss: 0.1587810 Vali Loss: 0.1330270 Test Loss: 0.2084318
Validation loss decreased (0.246551 --> 0.133027).  Saving model ...
Updating learning rate to 0.0001
	iters: 100, epoch: 3 | loss: 0.1390318
	speed: 0.2360s/iter; left time: 4866.7712s
	iters: 200, epoch: 3 | loss: 0.1036329
	speed: 0.0451s/iter; left time: 925.6676s
	iters: 300, epoch: 3 | loss: 0.0966071
	speed: 0.0439s/iter; left time: 896.7194s
	iters: 400, epoch: 3 | loss: 0.1107545
	speed: 0.0458s/iter; left time: 930.1215s
	iters: 500, epoch: 3 | loss: 0.1137138
	speed: 0.0444s/iter; left time: 898.0684s
	iters: 600, epoch: 3 | loss: 0.0978159
	speed: 0.0451s/iter; left time: 907.2205s
	iters: 700, epoch: 3 | loss: 0.0969468
	speed: 0.0439s/iter; left time: 878.4816s
Epoch: 3 cost time: 33.34538912773132
Epoch: 3, Steps: 740 | Train Loss: 0.1116583 Vali Loss: 0.1025008 Test Loss: 0.1701360
Validation loss decreased (0.133027 --> 0.102501).  Saving model ...
Updating learning rate to 0.0001
	iters: 100, epoch: 4 | loss: 0.0939660
	speed: 0.2408s/iter; left time: 4786.5562s
	iters: 200, epoch: 4 | loss: 0.0834255
	speed: 0.0448s/iter; left time: 886.8535s
	iters: 300, epoch: 4 | loss: 0.0999628
	speed: 0.0439s/iter; left time: 864.8089s
	iters: 400, epoch: 4 | loss: 0.0915237
	speed: 0.0446s/iter; left time: 873.6622s
	iters: 500, epoch: 4 | loss: 0.1059707
	speed: 0.0434s/iter; left time: 845.5718s
	iters: 600, epoch: 4 | loss: 0.1021067
	speed: 0.0436s/iter; left time: 844.6485s
	iters: 700, epoch: 4 | loss: 0.1056516
	speed: 0.0445s/iter; left time: 857.3411s
Epoch: 4 cost time: 32.90258169174194
Epoch: 4, Steps: 740 | Train Loss: 0.0941421 Vali Loss: 0.0933306 Test Loss: 0.1576796
Validation loss decreased (0.102501 --> 0.093331).  Saving model ...
Updating learning rate to 9e-05
	iters: 100, epoch: 5 | loss: 0.0823218
	speed: 0.2318s/iter; left time: 4436.2107s
	iters: 200, epoch: 5 | loss: 0.0789617
	speed: 0.0429s/iter; left time: 817.3738s
	iters: 300, epoch: 5 | loss: 0.0818144
	speed: 0.0433s/iter; left time: 819.8690s
	iters: 400, epoch: 5 | loss: 0.0855270
	speed: 0.0448s/iter; left time: 844.6154s
	iters: 500, epoch: 5 | loss: 0.0846424
	speed: 0.0435s/iter; left time: 815.5207s
	iters: 600, epoch: 5 | loss: 0.0800083
	speed: 0.0447s/iter; left time: 832.4057s
	iters: 700, epoch: 5 | loss: 0.0654687
	speed: 0.0458s/iter; left time: 849.5516s
Epoch: 5 cost time: 32.56490159034729
Epoch: 5, Steps: 740 | Train Loss: 0.0857754 Vali Loss: 0.0892644 Test Loss: 0.1518832
Validation loss decreased (0.093331 --> 0.089264).  Saving model ...
Updating learning rate to 8.1e-05
	iters: 100, epoch: 6 | loss: 0.0679945
	speed: 0.2322s/iter; left time: 4272.0758s
	iters: 200, epoch: 6 | loss: 0.0814715
	speed: 0.0448s/iter; left time: 820.3909s
	iters: 300, epoch: 6 | loss: 0.0867268
	speed: 0.0443s/iter; left time: 805.5024s
	iters: 400, epoch: 6 | loss: 0.0936990
	speed: 0.0434s/iter; left time: 785.1299s
	iters: 500, epoch: 6 | loss: 0.0891945
	speed: 0.0441s/iter; left time: 794.1822s
	iters: 600, epoch: 6 | loss: 0.0598560
	speed: 0.0445s/iter; left time: 796.8677s
	iters: 700, epoch: 6 | loss: 0.0843416
	speed: 0.0433s/iter; left time: 770.5729s
Epoch: 6 cost time: 32.83920192718506
Epoch: 6, Steps: 740 | Train Loss: 0.0806986 Vali Loss: 0.0870103 Test Loss: 0.1479843
Validation loss decreased (0.089264 --> 0.087010).  Saving model ...
Updating learning rate to 7.290000000000001e-05
	iters: 100, epoch: 7 | loss: 0.0792731
	speed: 0.2392s/iter; left time: 4225.3105s
	iters: 200, epoch: 7 | loss: 0.0814290
	speed: 0.0435s/iter; left time: 763.7651s
	iters: 300, epoch: 7 | loss: 0.0890283
	speed: 0.0429s/iter; left time: 749.4993s
	iters: 400, epoch: 7 | loss: 0.0698491
	speed: 0.0443s/iter; left time: 769.7325s
	iters: 500, epoch: 7 | loss: 0.0670813
	speed: 0.0431s/iter; left time: 744.6421s
	iters: 600, epoch: 7 | loss: 0.0988065
	speed: 0.0449s/iter; left time: 771.1159s
	iters: 700, epoch: 7 | loss: 0.0851480
	speed: 0.0429s/iter; left time: 732.6137s
Epoch: 7 cost time: 32.327595233917236
Epoch: 7, Steps: 740 | Train Loss: 0.0769540 Vali Loss: 0.0853596 Test Loss: 0.1467261
Validation loss decreased (0.087010 --> 0.085360).  Saving model ...
Updating learning rate to 6.561e-05
	iters: 100, epoch: 8 | loss: 0.0569552
	speed: 0.2349s/iter; left time: 3974.8320s
	iters: 200, epoch: 8 | loss: 0.0701259
	speed: 0.0420s/iter; left time: 706.2429s
	iters: 300, epoch: 8 | loss: 0.0722313
	speed: 0.0432s/iter; left time: 723.1558s
	iters: 400, epoch: 8 | loss: 0.0484349
	speed: 0.0443s/iter; left time: 735.5543s
	iters: 500, epoch: 8 | loss: 0.0713691
	speed: 0.0427s/iter; left time: 704.8193s
	iters: 600, epoch: 8 | loss: 0.0793855
	speed: 0.0436s/iter; left time: 716.5913s
	iters: 700, epoch: 8 | loss: 0.0621712
	speed: 0.0435s/iter; left time: 709.6051s
Epoch: 8 cost time: 32.183592557907104
Epoch: 8, Steps: 740 | Train Loss: 0.0745187 Vali Loss: 0.0838952 Test Loss: 0.1448945
Validation loss decreased (0.085360 --> 0.083895).  Saving model ...
Updating learning rate to 5.904900000000001e-05
	iters: 100, epoch: 9 | loss: 0.0988459
	speed: 0.2398s/iter; left time: 3879.7755s
	iters: 200, epoch: 9 | loss: 0.0611585
	speed: 0.0427s/iter; left time: 686.0734s
	iters: 300, epoch: 9 | loss: 0.0707002
	speed: 0.0421s/iter; left time: 672.0061s
	iters: 400, epoch: 9 | loss: 0.0678467
	speed: 0.0448s/iter; left time: 711.1730s
	iters: 500, epoch: 9 | loss: 0.0821880
	speed: 0.0443s/iter; left time: 699.5182s
	iters: 600, epoch: 9 | loss: 0.0647346
	speed: 0.0438s/iter; left time: 687.5280s
	iters: 700, epoch: 9 | loss: 0.0551561
	speed: 0.0435s/iter; left time: 677.5400s
Epoch: 9 cost time: 32.23884105682373
Epoch: 9, Steps: 740 | Train Loss: 0.0723336 Vali Loss: 0.0833378 Test Loss: 0.1441884
Validation loss decreased (0.083895 --> 0.083338).  Saving model ...
Updating learning rate to 5.3144100000000005e-05
	iters: 100, epoch: 10 | loss: 0.0944930
	speed: 0.2348s/iter; left time: 3625.6084s
	iters: 200, epoch: 10 | loss: 0.0812301
	speed: 0.0421s/iter; left time: 646.5070s
	iters: 300, epoch: 10 | loss: 0.0687552
	speed: 0.0437s/iter; left time: 665.6667s
	iters: 400, epoch: 10 | loss: 0.0806397
	speed: 0.0421s/iter; left time: 636.8803s
	iters: 500, epoch: 10 | loss: 0.0669436
	speed: 0.0432s/iter; left time: 649.5208s
	iters: 600, epoch: 10 | loss: 0.0544263
	speed: 0.0437s/iter; left time: 652.3070s
	iters: 700, epoch: 10 | loss: 0.0855144
	speed: 0.0419s/iter; left time: 621.3374s
Epoch: 10 cost time: 31.63460612297058
Epoch: 10, Steps: 740 | Train Loss: 0.0704664 Vali Loss: 0.0828439 Test Loss: 0.1439356
Validation loss decreased (0.083338 --> 0.082844).  Saving model ...
Updating learning rate to 4.782969000000001e-05
	iters: 100, epoch: 11 | loss: 0.0579892
	speed: 0.2367s/iter; left time: 3479.6608s
	iters: 200, epoch: 11 | loss: 0.0608323
	speed: 0.0428s/iter; left time: 624.5792s
	iters: 300, epoch: 11 | loss: 0.0798279
	speed: 0.0446s/iter; left time: 647.4027s
	iters: 400, epoch: 11 | loss: 0.0896868
	speed: 0.0447s/iter; left time: 643.8882s
	iters: 500, epoch: 11 | loss: 0.1098800
	speed: 0.0439s/iter; left time: 627.3936s
	iters: 600, epoch: 11 | loss: 0.0771499
	speed: 0.0428s/iter; left time: 607.6869s
	iters: 700, epoch: 11 | loss: 0.0608670
	speed: 0.0442s/iter; left time: 623.4236s
Epoch: 11 cost time: 32.574307441711426
Epoch: 11, Steps: 740 | Train Loss: 0.0691997 Vali Loss: 0.0832620 Test Loss: 0.1447080
EarlyStopping counter: 1 out of 3
Updating learning rate to 4.304672100000001e-05
	iters: 100, epoch: 12 | loss: 0.0548087
	speed: 0.2345s/iter; left time: 3273.9585s
	iters: 200, epoch: 12 | loss: 0.0606739
	speed: 0.0440s/iter; left time: 610.3533s
	iters: 300, epoch: 12 | loss: 0.0773987
	speed: 0.0430s/iter; left time: 591.7887s
	iters: 400, epoch: 12 | loss: 0.0681400
	speed: 0.0427s/iter; left time: 583.6767s
	iters: 500, epoch: 12 | loss: 0.0612142
	speed: 0.0438s/iter; left time: 593.6102s
	iters: 600, epoch: 12 | loss: 0.0633776
	speed: 0.0426s/iter; left time: 573.9655s
	iters: 700, epoch: 12 | loss: 0.0640314
	speed: 0.0427s/iter; left time: 570.4581s
Epoch: 12 cost time: 31.955556631088257
Epoch: 12, Steps: 740 | Train Loss: 0.0680648 Vali Loss: 0.0834850 Test Loss: 0.1460738
EarlyStopping counter: 2 out of 3
Updating learning rate to 3.874204890000001e-05
	iters: 100, epoch: 13 | loss: 0.0714875
	speed: 0.2321s/iter; left time: 3069.0687s
	iters: 200, epoch: 13 | loss: 0.0668844
	speed: 0.0426s/iter; left time: 558.3968s
	iters: 300, epoch: 13 | loss: 0.0480270
	speed: 0.0435s/iter; left time: 567.0371s
	iters: 400, epoch: 13 | loss: 0.0726902
	speed: 0.0452s/iter; left time: 584.1280s
	iters: 500, epoch: 13 | loss: 0.0645456
	speed: 0.0443s/iter; left time: 567.8868s
	iters: 600, epoch: 13 | loss: 0.0724539
	speed: 0.0438s/iter; left time: 556.8382s
	iters: 700, epoch: 13 | loss: 0.1040126
	speed: 0.0442s/iter; left time: 557.9980s
Epoch: 13 cost time: 32.5261869430542
Epoch: 13, Steps: 740 | Train Loss: 0.0673612 Vali Loss: 0.0827866 Test Loss: 0.1457745
Validation loss decreased (0.082844 --> 0.082787).  Saving model ...
Updating learning rate to 3.486784401000001e-05
	iters: 100, epoch: 14 | loss: 0.0478253
	speed: 0.2325s/iter; left time: 2901.4169s
	iters: 200, epoch: 14 | loss: 0.0673247
	speed: 0.0432s/iter; left time: 534.6278s
	iters: 300, epoch: 14 | loss: 0.0594546
	speed: 0.0435s/iter; left time: 534.5126s
	iters: 400, epoch: 14 | loss: 0.0634676
	speed: 0.0425s/iter; left time: 518.2097s
	iters: 500, epoch: 14 | loss: 0.0558887
	speed: 0.0428s/iter; left time: 517.2945s
	iters: 600, epoch: 14 | loss: 0.0771647
	speed: 0.0449s/iter; left time: 537.9489s
	iters: 700, epoch: 14 | loss: 0.0631144
	speed: 0.0440s/iter; left time: 522.1743s
Epoch: 14 cost time: 32.21159648895264
Epoch: 14, Steps: 740 | Train Loss: 0.0662185 Vali Loss: 0.0814794 Test Loss: 0.1434712
Validation loss decreased (0.082787 --> 0.081479).  Saving model ...
Updating learning rate to 3.138105960900001e-05
	iters: 100, epoch: 15 | loss: 0.0677695
	speed: 0.2366s/iter; left time: 2778.4525s
	iters: 200, epoch: 15 | loss: 0.0738166
	speed: 0.0432s/iter; left time: 502.9136s
	iters: 300, epoch: 15 | loss: 0.0705700
	speed: 0.0428s/iter; left time: 494.1683s
	iters: 400, epoch: 15 | loss: 0.0691623
	speed: 0.0447s/iter; left time: 510.9552s
	iters: 500, epoch: 15 | loss: 0.0880701
	speed: 0.0432s/iter; left time: 489.8238s
	iters: 600, epoch: 15 | loss: 0.0643856
	speed: 0.0431s/iter; left time: 484.6377s
	iters: 700, epoch: 15 | loss: 0.0606221
	speed: 0.0431s/iter; left time: 480.6272s
Epoch: 15 cost time: 32.26111626625061
Epoch: 15, Steps: 740 | Train Loss: 0.0657808 Vali Loss: 0.0814918 Test Loss: 0.1444586
EarlyStopping counter: 1 out of 3
Updating learning rate to 2.824295364810001e-05
	iters: 100, epoch: 16 | loss: 0.0586517
	speed: 0.2289s/iter; left time: 2517.9008s
	iters: 200, epoch: 16 | loss: 0.0705131
	speed: 0.0430s/iter; left time: 468.4342s
	iters: 300, epoch: 16 | loss: 0.0633879
	speed: 0.0432s/iter; left time: 466.3987s
	iters: 400, epoch: 16 | loss: 0.0870132
	speed: 0.0437s/iter; left time: 467.3937s
	iters: 500, epoch: 16 | loss: 0.0608877
	speed: 0.0454s/iter; left time: 481.7829s
	iters: 600, epoch: 16 | loss: 0.0504877
	speed: 0.0441s/iter; left time: 463.5549s
	iters: 700, epoch: 16 | loss: 0.0769247
	speed: 0.0443s/iter; left time: 460.8643s
Epoch: 16 cost time: 32.50855255126953
Epoch: 16, Steps: 740 | Train Loss: 0.0650853 Vali Loss: 0.0813400 Test Loss: 0.1441261
Validation loss decreased (0.081479 --> 0.081340).  Saving model ...
Updating learning rate to 2.541865828329001e-05
	iters: 100, epoch: 17 | loss: 0.0676731
	speed: 0.2367s/iter; left time: 2428.6715s
	iters: 200, epoch: 17 | loss: 0.0653048
	speed: 0.0427s/iter; left time: 433.4102s
	iters: 300, epoch: 17 | loss: 0.0672778
	speed: 0.0427s/iter; left time: 429.1585s
	iters: 400, epoch: 17 | loss: 0.0662631
	speed: 0.0422s/iter; left time: 419.9857s
	iters: 500, epoch: 17 | loss: 0.0656405
	speed: 0.0441s/iter; left time: 434.6268s
	iters: 600, epoch: 17 | loss: 0.0589780
	speed: 0.0434s/iter; left time: 423.9943s
	iters: 700, epoch: 17 | loss: 0.0640648
	speed: 0.0421s/iter; left time: 406.2475s
Epoch: 17 cost time: 32.00691103935242
Epoch: 17, Steps: 740 | Train Loss: 0.0649017 Vali Loss: 0.0806045 Test Loss: 0.1442263
Validation loss decreased (0.081340 --> 0.080605).  Saving model ...
Updating learning rate to 2.287679245496101e-05
	iters: 100, epoch: 18 | loss: 0.0637418
	speed: 0.2389s/iter; left time: 2274.5317s
	iters: 200, epoch: 18 | loss: 0.0560343
	speed: 0.0429s/iter; left time: 404.5933s
	iters: 300, epoch: 18 | loss: 0.0615943
	speed: 0.0448s/iter; left time: 417.9577s
	iters: 400, epoch: 18 | loss: 0.0450353
	speed: 0.0445s/iter; left time: 410.3325s
	iters: 500, epoch: 18 | loss: 0.0661155
	speed: 0.0432s/iter; left time: 394.0739s
	iters: 600, epoch: 18 | loss: 0.0731311
	speed: 0.0439s/iter; left time: 396.0020s
	iters: 700, epoch: 18 | loss: 0.0678901
	speed: 0.0430s/iter; left time: 383.9772s
Epoch: 18 cost time: 32.432132959365845
Epoch: 18, Steps: 740 | Train Loss: 0.0641905 Vali Loss: 0.0804258 Test Loss: 0.1437389
Validation loss decreased (0.080605 --> 0.080426).  Saving model ...
Updating learning rate to 2.0589113209464907e-05
	iters: 100, epoch: 19 | loss: 0.0548291
	speed: 0.2377s/iter; left time: 2086.8679s
	iters: 200, epoch: 19 | loss: 0.0616970
	speed: 0.0444s/iter; left time: 385.3531s
	iters: 300, epoch: 19 | loss: 0.0481828
	speed: 0.0441s/iter; left time: 378.1224s
	iters: 400, epoch: 19 | loss: 0.0558982
	speed: 0.0441s/iter; left time: 374.1225s
	iters: 500, epoch: 19 | loss: 0.0633235
	speed: 0.0444s/iter; left time: 372.0490s
	iters: 600, epoch: 19 | loss: 0.0534198
	speed: 0.0444s/iter; left time: 367.5554s
	iters: 700, epoch: 19 | loss: 0.0503992
	speed: 0.0437s/iter; left time: 357.1380s
Epoch: 19 cost time: 32.641952991485596
Epoch: 19, Steps: 740 | Train Loss: 0.0635683 Vali Loss: 0.0804520 Test Loss: 0.1439095
EarlyStopping counter: 1 out of 3
Updating learning rate to 1.8530201888518416e-05
	iters: 100, epoch: 20 | loss: 0.0599746
	speed: 0.2326s/iter; left time: 1870.0189s
	iters: 200, epoch: 20 | loss: 0.0721595
	speed: 0.0434s/iter; left time: 344.5288s
	iters: 300, epoch: 20 | loss: 0.0792971
	speed: 0.0440s/iter; left time: 345.0864s
	iters: 400, epoch: 20 | loss: 0.0792656
	speed: 0.0433s/iter; left time: 334.8401s
	iters: 500, epoch: 20 | loss: 0.0508354
	speed: 0.0425s/iter; left time: 325.0011s
	iters: 600, epoch: 20 | loss: 0.0505305
	speed: 0.0420s/iter; left time: 316.3896s
	iters: 700, epoch: 20 | loss: 0.0690547
	speed: 0.0432s/iter; left time: 321.5684s
Epoch: 20 cost time: 32.0017454624176
Epoch: 20, Steps: 740 | Train Loss: 0.0635952 Vali Loss: 0.0805483 Test Loss: 0.1447202
EarlyStopping counter: 2 out of 3
Updating learning rate to 1.6677181699666577e-05
	iters: 100, epoch: 21 | loss: 0.0679575
	speed: 0.2325s/iter; left time: 1697.3540s
	iters: 200, epoch: 21 | loss: 0.0700748
	speed: 0.0429s/iter; left time: 308.8298s
	iters: 300, epoch: 21 | loss: 0.0515983
	speed: 0.0435s/iter; left time: 308.6178s
	iters: 400, epoch: 21 | loss: 0.0854419
	speed: 0.0437s/iter; left time: 305.9455s
	iters: 500, epoch: 21 | loss: 0.0736037
	speed: 0.0424s/iter; left time: 292.7429s
	iters: 600, epoch: 21 | loss: 0.0836295
	speed: 0.0424s/iter; left time: 288.5396s
	iters: 700, epoch: 21 | loss: 0.0485815
	speed: 0.0430s/iter; left time: 288.0189s
Epoch: 21 cost time: 31.98353338241577
Epoch: 21, Steps: 740 | Train Loss: 0.0633925 Vali Loss: 0.0800710 Test Loss: 0.1435565
Validation loss decreased (0.080426 --> 0.080071).  Saving model ...
Updating learning rate to 1.5009463529699919e-05
	iters: 100, epoch: 22 | loss: 0.0557624
	speed: 0.2332s/iter; left time: 1530.2759s
	iters: 200, epoch: 22 | loss: 0.0658663
	speed: 0.0441s/iter; left time: 284.9751s
	iters: 300, epoch: 22 | loss: 0.0573033
	speed: 0.0439s/iter; left time: 279.0962s
	iters: 400, epoch: 22 | loss: 0.0655770
	speed: 0.0424s/iter; left time: 265.3775s
	iters: 500, epoch: 22 | loss: 0.0442419
	speed: 0.0431s/iter; left time: 265.6441s
	iters: 600, epoch: 22 | loss: 0.0578538
	speed: 0.0447s/iter; left time: 270.9657s
	iters: 700, epoch: 22 | loss: 0.0977534
	speed: 0.0442s/iter; left time: 263.4047s
Epoch: 22 cost time: 32.39317536354065
Epoch: 22, Steps: 740 | Train Loss: 0.0627796 Vali Loss: 0.0802598 Test Loss: 0.1441009
EarlyStopping counter: 1 out of 3
Updating learning rate to 1.3508517176729929e-05
	iters: 100, epoch: 23 | loss: 0.0747975
	speed: 0.2326s/iter; left time: 1354.1182s
	iters: 200, epoch: 23 | loss: 0.0552731
	speed: 0.0421s/iter; left time: 241.0599s
	iters: 300, epoch: 23 | loss: 0.0665723
	speed: 0.0427s/iter; left time: 239.8651s
	iters: 400, epoch: 23 | loss: 0.0655644
	speed: 0.0431s/iter; left time: 237.9981s
	iters: 500, epoch: 23 | loss: 0.0767587
	speed: 0.0435s/iter; left time: 235.8413s
	iters: 600, epoch: 23 | loss: 0.0558316
	speed: 0.0431s/iter; left time: 229.1882s
	iters: 700, epoch: 23 | loss: 0.0604950
	speed: 0.0442s/iter; left time: 230.8803s
Epoch: 23 cost time: 31.996777296066284
Epoch: 23, Steps: 740 | Train Loss: 0.0628424 Vali Loss: 0.0794045 Test Loss: 0.1426787
Validation loss decreased (0.080071 --> 0.079405).  Saving model ...
Updating learning rate to 1.2157665459056936e-05
	iters: 100, epoch: 24 | loss: 0.0405564
	speed: 0.2337s/iter; left time: 1187.6523s
	iters: 200, epoch: 24 | loss: 0.0927379
	speed: 0.0427s/iter; left time: 212.4883s
	iters: 300, epoch: 24 | loss: 0.0665120
	speed: 0.0429s/iter; left time: 209.4970s
	iters: 400, epoch: 24 | loss: 0.0639372
	speed: 0.0434s/iter; left time: 207.2926s
	iters: 500, epoch: 24 | loss: 0.0475144
	speed: 0.0444s/iter; left time: 207.9100s
	iters: 600, epoch: 24 | loss: 0.0498548
	speed: 0.0427s/iter; left time: 195.4260s
	iters: 700, epoch: 24 | loss: 0.0636107
	speed: 0.0424s/iter; left time: 189.8883s
Epoch: 24 cost time: 32.088114738464355
Epoch: 24, Steps: 740 | Train Loss: 0.0625619 Vali Loss: 0.0796459 Test Loss: 0.1437317
EarlyStopping counter: 1 out of 3
Updating learning rate to 1.0941898913151242e-05
	iters: 100, epoch: 25 | loss: 0.0503984
	speed: 0.2329s/iter; left time: 1011.0981s
	iters: 200, epoch: 25 | loss: 0.0632953
	speed: 0.0441s/iter; left time: 186.9939s
	iters: 300, epoch: 25 | loss: 0.0574542
	speed: 0.0426s/iter; left time: 176.6088s
	iters: 400, epoch: 25 | loss: 0.0748744
	speed: 0.0425s/iter; left time: 171.6123s
	iters: 500, epoch: 25 | loss: 0.0724620
	speed: 0.0437s/iter; left time: 172.1657s
	iters: 600, epoch: 25 | loss: 0.0627530
	speed: 0.0434s/iter; left time: 166.7858s
	iters: 700, epoch: 25 | loss: 0.0794105
	speed: 0.0428s/iter; left time: 160.1290s
Epoch: 25 cost time: 32.11271595954895
Epoch: 25, Steps: 740 | Train Loss: 0.0623710 Vali Loss: 0.0794004 Test Loss: 0.1428262
Validation loss decreased (0.079405 --> 0.079400).  Saving model ...
Updating learning rate to 9.847709021836118e-06
	iters: 100, epoch: 26 | loss: 0.0452956
	speed: 0.2362s/iter; left time: 850.4140s
	iters: 200, epoch: 26 | loss: 0.0694067
	speed: 0.0429s/iter; left time: 150.2001s
	iters: 300, epoch: 26 | loss: 0.0754524
	speed: 0.0454s/iter; left time: 154.2370s
	iters: 400, epoch: 26 | loss: 0.0477443
	speed: 0.0442s/iter; left time: 145.9887s
	iters: 500, epoch: 26 | loss: 0.0569201
	speed: 0.0432s/iter; left time: 138.2430s
	iters: 600, epoch: 26 | loss: 0.0520291
	speed: 0.0423s/iter; left time: 131.3030s
	iters: 700, epoch: 26 | loss: 0.0597434
	speed: 0.0435s/iter; left time: 130.6715s
Epoch: 26 cost time: 32.32791328430176
Epoch: 26, Steps: 740 | Train Loss: 0.0623466 Vali Loss: 0.0797452 Test Loss: 0.1439882
EarlyStopping counter: 1 out of 3
Updating learning rate to 8.862938119652508e-06
	iters: 100, epoch: 27 | loss: 0.0670243
	speed: 0.2313s/iter; left time: 661.6443s
	iters: 200, epoch: 27 | loss: 0.0596485
	speed: 0.0443s/iter; left time: 122.3343s
	iters: 300, epoch: 27 | loss: 0.0604209
	speed: 0.0436s/iter; left time: 116.0220s
	iters: 400, epoch: 27 | loss: 0.0494762
	speed: 0.0446s/iter; left time: 114.2562s
	iters: 500, epoch: 27 | loss: 0.0774626
	speed: 0.0436s/iter; left time: 107.3612s
	iters: 600, epoch: 27 | loss: 0.0661816
	speed: 0.0447s/iter; left time: 105.4616s
	iters: 700, epoch: 27 | loss: 0.0447555
	speed: 0.0432s/iter; left time: 97.6208s
Epoch: 27 cost time: 32.5795681476593
Epoch: 27, Steps: 740 | Train Loss: 0.0620471 Vali Loss: 0.0801480 Test Loss: 0.1448496
EarlyStopping counter: 2 out of 3
Updating learning rate to 7.976644307687255e-06
	iters: 100, epoch: 28 | loss: 0.0793839
	speed: 0.2410s/iter; left time: 511.1757s
	iters: 200, epoch: 28 | loss: 0.0641334
	speed: 0.0450s/iter; left time: 91.0102s
	iters: 300, epoch: 28 | loss: 0.0521108
	speed: 0.0447s/iter; left time: 85.8810s
	iters: 400, epoch: 28 | loss: 0.0594222
	speed: 0.0443s/iter; left time: 80.5907s
	iters: 500, epoch: 28 | loss: 0.0575115
	speed: 0.0450s/iter; left time: 77.4170s
	iters: 600, epoch: 28 | loss: 0.0671390
	speed: 0.0441s/iter; left time: 71.4926s
	iters: 700, epoch: 28 | loss: 0.0571110
	speed: 0.0437s/iter; left time: 66.5347s
Epoch: 28 cost time: 33.07456946372986
Epoch: 28, Steps: 740 | Train Loss: 0.0618140 Vali Loss: 0.0791289 Test Loss: 0.1430405
Validation loss decreased (0.079400 --> 0.079129).  Saving model ...
Updating learning rate to 7.178979876918531e-06
	iters: 100, epoch: 29 | loss: 0.0583591
	speed: 0.2348s/iter; left time: 324.2817s
	iters: 200, epoch: 29 | loss: 0.0602078
	speed: 0.0431s/iter; left time: 55.1713s
	iters: 300, epoch: 29 | loss: 0.0603263
	speed: 0.0435s/iter; left time: 51.3695s
	iters: 400, epoch: 29 | loss: 0.0481294
	speed: 0.0442s/iter; left time: 47.8143s
	iters: 500, epoch: 29 | loss: 0.0414877
	speed: 0.0442s/iter; left time: 43.4043s
	iters: 600, epoch: 29 | loss: 0.0465441
	speed: 0.0440s/iter; left time: 38.7624s
	iters: 700, epoch: 29 | loss: 0.0540713
	speed: 0.0429s/iter; left time: 33.5260s
Epoch: 29 cost time: 32.40762281417847
Epoch: 29, Steps: 740 | Train Loss: 0.0617418 Vali Loss: 0.0791568 Test Loss: 0.1433623
EarlyStopping counter: 1 out of 3
Updating learning rate to 6.4610818892266776e-06
	iters: 100, epoch: 30 | loss: 0.0788768
	speed: 0.2311s/iter; left time: 148.1233s
	iters: 200, epoch: 30 | loss: 0.0578243
	speed: 0.0432s/iter; left time: 23.3970s
	iters: 300, epoch: 30 | loss: 0.0619954
	speed: 0.0428s/iter; left time: 18.8581s
	iters: 400, epoch: 30 | loss: 0.0608794
	speed: 0.0446s/iter; left time: 15.2109s
	iters: 500, epoch: 30 | loss: 0.0546706
	speed: 0.0449s/iter; left time: 10.8101s
	iters: 600, epoch: 30 | loss: 0.0808748
	speed: 0.0437s/iter; left time: 6.1554s
	iters: 700, epoch: 30 | loss: 0.0665893
	speed: 0.0446s/iter; left time: 1.8302s
Epoch: 30 cost time: 32.52079391479492
Epoch: 30, Steps: 740 | Train Loss: 0.0618308 Vali Loss: 0.0795642 Test Loss: 0.1438042
EarlyStopping counter: 2 out of 3
Updating learning rate to 5.8149737003040096e-06
>>>>>>>testing : traffic_96_336_MLPAer_univariate_custom_ftMS_sl96_ll48_pl336_dm2048_nh8_el2_dl1_df2048_fc1_ebtimeF_dtTrue_Exp_0<<<<<<<<<<<<<<<<<<<<<<<<<<<<<<<<<
test 3173
mse:0.14304055273532867, mae:0.22116591036319733, rse:0.28060150146484375
