Args in experiment:
Namespace(random_seed=2025, is_training=1, model_id='crop_96_720', model='MLPAer', data='custom', root_path='./dataset/crop', data_path='crop.csv', features='MS', target='OT', freq='h', checkpoints='./checkpoints/', seq_len=96, label_len=48, pred_len=720, fc_dropout=0.05, head_dropout=0.6, patch_len=16, stride=8, padding_patch='end', revin=1, affine=0, subtract_last=0, decomposition=0, kernel_size=25, individual=0, embed_type=0, enc_in=8, dec_in=7, c_out=7, d_model=256, n_heads=8, e_layers=2, d_layers=1, d_ff=2048, moving_avg=25, factor=1, distil=True, dropout=0.05, embed='timeF', activation='gelu', output_attention=False, do_predict=False, num_workers=10, itr=1, train_epochs=30, batch_size=32, patience=3, learning_rate=0.0001, des='Exp', loss='mse', lradj='type3', pct_start=0.3, use_amp=False, c_ff=8, t_ff=128, c_dropout=0.0, t_dropout=0.0, embed_dropout=0.1, head_type='prediction', usenorm=1, use_gpu=True, gpu=0, use_multi_gpu=False, devices='0,1,2,3', test_flop=False)
Use GPU: cuda:0
>>>>>>>start training : crop_96_720_MLPAer_custom_ftMS_sl96_ll48_pl720_dm256_nh8_el2_dl1_df2048_fc1_ebtimeF_dtTrue_Exp_0>>>>>>>>>>>>>>>>>>>>>>>>>>
train 5424
val 174
test 1063
	iters: 100, epoch: 1 | loss: 1.4785622
	speed: 0.0291s/iter; left time: 144.8823s
Epoch: 1 cost time: 2.0099925994873047
Epoch: 1, Steps: 169 | Train Loss: 1.5644216 Vali Loss: 0.5917384 Test Loss: 0.5571840
Validation loss decreased (inf --> 0.591738).  Saving model ...
Updating learning rate to 0.0001
	iters: 100, epoch: 2 | loss: 1.9664599
	speed: 0.0246s/iter; left time: 117.9725s
Epoch: 2 cost time: 1.8114326000213623
Epoch: 2, Steps: 169 | Train Loss: 1.4773747 Vali Loss: 0.5190466 Test Loss: 0.5349078
Validation loss decreased (0.591738 --> 0.519047).  Saving model ...
Updating learning rate to 0.0001
	iters: 100, epoch: 3 | loss: 1.2480363
	speed: 0.0249s/iter; left time: 115.4837s
Epoch: 3 cost time: 1.8592581748962402
Epoch: 3, Steps: 169 | Train Loss: 1.4027238 Vali Loss: 0.5211905 Test Loss: 0.5392600
EarlyStopping counter: 1 out of 3
Updating learning rate to 0.0001
	iters: 100, epoch: 4 | loss: 1.4152430
	speed: 0.0245s/iter; left time: 109.5510s
Epoch: 4 cost time: 1.7576634883880615
Epoch: 4, Steps: 169 | Train Loss: 1.3873089 Vali Loss: 0.5195626 Test Loss: 0.5408477
EarlyStopping counter: 2 out of 3
Updating learning rate to 9e-05
	iters: 100, epoch: 5 | loss: 1.7760912
	speed: 0.0249s/iter; left time: 106.7634s
Epoch: 5 cost time: 1.8715345859527588
Epoch: 5, Steps: 169 | Train Loss: 1.3772166 Vali Loss: 0.5299324 Test Loss: 0.5453367
EarlyStopping counter: 3 out of 3
Early stopping
>>>>>>>testing : crop_96_720_MLPAer_custom_ftMS_sl96_ll48_pl720_dm256_nh8_el2_dl1_df2048_fc1_ebtimeF_dtTrue_Exp_0<<<<<<<<<<<<<<<<<<<<<<<<<<<<<<<<<
test 1063
find shape (1056, 720, 1) (1056, 720, 1)
mse:0.5349076986312866, mae:0.611859917640686, nse:-0.6303329467773438, mape:1.5041182041168213
