Args in experiment:
Namespace(random_seed=2025, is_training=1, model_id='DE_168_24', model='MLPAer_h', data='custom', root_path='./dataset/EPF/', data_path='DE.csv', features='MS', target='OT', freq='h', checkpoints='./checkpoints/', seq_len=168, label_len=48, pred_len=24, fc_dropout=0.05, head_dropout=0.7, patch_len=16, stride=8, padding_patch='end', revin=1, affine=0, subtract_last=0, decomposition=0, kernel_size=25, individual=0, embed_type=0, enc_in=3, dec_in=7, c_out=7, d_model=512, n_heads=8, e_layers=2, d_layers=1, d_ff=2048, moving_avg=25, factor=1, distil=True, dropout=0.05, embed='timeF', activation='gelu', output_attention=False, do_predict=False, num_workers=10, itr=1, train_epochs=30, batch_size=16, patience=6, learning_rate=0.0001, des='Exp', loss='mse', lradj='type3', pct_start=0.3, use_amp=False, c_ff=3, t_ff=256, c_dropout=0.1, t_dropout=0.1, embed_dropout=0.1, head_type='prediction', usenorm=1, use_gpu=True, gpu=1, use_multi_gpu=False, devices='0,1,2,3', test_flop=False)
Use GPU: cuda:1
>>>>>>>start training : DE_168_24_MLPAer_h_custom_ftMS_sl168_ll48_pl24_dm512_nh8_el2_dl1_df2048_fc1_ebtimeF_dtTrue_Exp_0>>>>>>>>>>>>>>>>>>>>>>>>>>
train 36500
val 5219
test 10460
	iters: 100, epoch: 1 | loss: 0.6754041
	speed: 0.0293s/iter; left time: 2003.7185s
	iters: 200, epoch: 1 | loss: 0.5962673
	speed: 0.0085s/iter; left time: 576.8786s
	iters: 300, epoch: 1 | loss: 0.7289404
	speed: 0.0092s/iter; left time: 624.1434s
	iters: 400, epoch: 1 | loss: 0.6282725
	speed: 0.0093s/iter; left time: 634.8480s
	iters: 500, epoch: 1 | loss: 0.6714734
	speed: 0.0093s/iter; left time: 633.5791s
	iters: 600, epoch: 1 | loss: 0.4111282
	speed: 0.0090s/iter; left time: 608.1718s
	iters: 700, epoch: 1 | loss: 0.6543961
	speed: 0.0083s/iter; left time: 562.3452s
	iters: 800, epoch: 1 | loss: 0.7070038
	speed: 0.0084s/iter; left time: 566.5438s
	iters: 900, epoch: 1 | loss: 1.0918784
	speed: 0.0082s/iter; left time: 553.6604s
	iters: 1000, epoch: 1 | loss: 0.5371857
	speed: 0.0083s/iter; left time: 556.7254s
	iters: 1100, epoch: 1 | loss: 0.5881693
	speed: 0.0085s/iter; left time: 571.4963s
	iters: 1200, epoch: 1 | loss: 0.5987983
	speed: 0.0084s/iter; left time: 566.6339s
	iters: 1300, epoch: 1 | loss: 0.8086288
	speed: 0.0081s/iter; left time: 546.2108s
	iters: 1400, epoch: 1 | loss: 0.4652534
	speed: 0.0082s/iter; left time: 550.5405s
	iters: 1500, epoch: 1 | loss: 1.0386288
	speed: 0.0083s/iter; left time: 556.2812s
	iters: 1600, epoch: 1 | loss: 0.6233145
	speed: 0.0082s/iter; left time: 551.2337s
	iters: 1700, epoch: 1 | loss: 0.5181621
	speed: 0.0082s/iter; left time: 544.1089s
	iters: 1800, epoch: 1 | loss: 0.4681340
	speed: 0.0081s/iter; left time: 542.5531s
	iters: 1900, epoch: 1 | loss: 0.5080082
	speed: 0.0077s/iter; left time: 513.8424s
	iters: 2000, epoch: 1 | loss: 0.5224643
	speed: 0.0079s/iter; left time: 524.8301s
	iters: 2100, epoch: 1 | loss: 0.6387450
	speed: 0.0079s/iter; left time: 523.5582s
	iters: 2200, epoch: 1 | loss: 0.5336519
	speed: 0.0082s/iter; left time: 543.7714s
Epoch: 1 cost time: 19.850844621658325
Epoch: 1, Steps: 2281 | Train Loss: 0.7572728 Vali Loss: 0.2368557 Test Loss: 0.8759912
Validation loss decreased (inf --> 0.236856).  Saving model ...
Updating learning rate to 0.0001
	iters: 100, epoch: 2 | loss: 0.4970807
	speed: 0.0656s/iter; left time: 4332.1368s
	iters: 200, epoch: 2 | loss: 0.4284423
	speed: 0.0082s/iter; left time: 542.5202s
	iters: 300, epoch: 2 | loss: 0.4603687
	speed: 0.0083s/iter; left time: 549.4610s
	iters: 400, epoch: 2 | loss: 0.2795049
	speed: 0.0085s/iter; left time: 556.5729s
	iters: 500, epoch: 2 | loss: 2.2291334
	speed: 0.0082s/iter; left time: 540.1429s
	iters: 600, epoch: 2 | loss: 0.2806194
	speed: 0.0084s/iter; left time: 548.2915s
	iters: 700, epoch: 2 | loss: 0.2886691
	speed: 0.0086s/iter; left time: 560.0617s
	iters: 800, epoch: 2 | loss: 0.6220831
	speed: 0.0084s/iter; left time: 550.0217s
	iters: 900, epoch: 2 | loss: 0.5632946
	speed: 0.0082s/iter; left time: 533.9678s
	iters: 1000, epoch: 2 | loss: 0.2733921
	speed: 0.0083s/iter; left time: 538.4063s
	iters: 1100, epoch: 2 | loss: 0.3138427
	speed: 0.0081s/iter; left time: 528.0598s
	iters: 1200, epoch: 2 | loss: 4.6119576
	speed: 0.0083s/iter; left time: 540.0562s
	iters: 1300, epoch: 2 | loss: 0.3408882
	speed: 0.0081s/iter; left time: 525.0465s
	iters: 1400, epoch: 2 | loss: 0.4149174
	speed: 0.0084s/iter; left time: 541.0340s
	iters: 1500, epoch: 2 | loss: 0.3842699
	speed: 0.0082s/iter; left time: 529.2802s
	iters: 1600, epoch: 2 | loss: 0.3589904
	speed: 0.0083s/iter; left time: 532.5645s
	iters: 1700, epoch: 2 | loss: 0.2746660
	speed: 0.0082s/iter; left time: 530.9644s
	iters: 1800, epoch: 2 | loss: 0.4913247
	speed: 0.0083s/iter; left time: 531.8380s
	iters: 1900, epoch: 2 | loss: 0.2812557
	speed: 0.0083s/iter; left time: 533.1230s
	iters: 2000, epoch: 2 | loss: 0.1840319
	speed: 0.0081s/iter; left time: 522.7456s
	iters: 2100, epoch: 2 | loss: 0.3185923
	speed: 0.0082s/iter; left time: 527.3912s
	iters: 2200, epoch: 2 | loss: 0.2678549
	speed: 0.0082s/iter; left time: 525.8617s
Epoch: 2 cost time: 19.193047046661377
Epoch: 2, Steps: 2281 | Train Loss: 0.4532693 Vali Loss: 0.1557391 Test Loss: 0.5344919
Validation loss decreased (0.236856 --> 0.155739).  Saving model ...
Updating learning rate to 0.0001
	iters: 100, epoch: 3 | loss: 0.1917520
	speed: 0.0634s/iter; left time: 4044.5067s
	iters: 200, epoch: 3 | loss: 0.4424776
	speed: 0.0085s/iter; left time: 540.1261s
	iters: 300, epoch: 3 | loss: 0.2886587
	speed: 0.0081s/iter; left time: 513.3182s
	iters: 400, epoch: 3 | loss: 0.3707250
	speed: 0.0078s/iter; left time: 494.9677s
	iters: 500, epoch: 3 | loss: 0.3170024
	speed: 0.0076s/iter; left time: 482.7943s
	iters: 600, epoch: 3 | loss: 0.2380888
	speed: 0.0078s/iter; left time: 492.0059s
	iters: 700, epoch: 3 | loss: 0.5065498
	speed: 0.0077s/iter; left time: 486.6644s
	iters: 800, epoch: 3 | loss: 0.2916455
	speed: 0.0078s/iter; left time: 491.8582s
	iters: 900, epoch: 3 | loss: 0.3676985
	speed: 0.0079s/iter; left time: 495.2229s
	iters: 1000, epoch: 3 | loss: 0.2620194
	speed: 0.0080s/iter; left time: 500.3551s
	iters: 1100, epoch: 3 | loss: 0.3562633
	speed: 0.0078s/iter; left time: 486.8746s
	iters: 1200, epoch: 3 | loss: 0.2985462
	speed: 0.0079s/iter; left time: 497.7478s
	iters: 1300, epoch: 3 | loss: 0.5729635
	speed: 0.0079s/iter; left time: 497.2787s
	iters: 1400, epoch: 3 | loss: 0.2321376
	speed: 0.0079s/iter; left time: 490.4587s
	iters: 1500, epoch: 3 | loss: 0.2743967
	speed: 0.0081s/iter; left time: 503.8162s
	iters: 1600, epoch: 3 | loss: 0.3110397
	speed: 0.0079s/iter; left time: 494.9275s
	iters: 1700, epoch: 3 | loss: 0.2039680
	speed: 0.0078s/iter; left time: 486.5384s
	iters: 1800, epoch: 3 | loss: 0.1595256
	speed: 0.0080s/iter; left time: 495.6866s
	iters: 1900, epoch: 3 | loss: 0.3688070
	speed: 0.0081s/iter; left time: 504.4499s
	iters: 2000, epoch: 3 | loss: 0.4379104
	speed: 0.0080s/iter; left time: 492.4755s
	iters: 2100, epoch: 3 | loss: 0.2991545
	speed: 0.0076s/iter; left time: 469.4029s
	iters: 2200, epoch: 3 | loss: 0.2745395
	speed: 0.0078s/iter; left time: 480.4783s
Epoch: 3 cost time: 18.320489168167114
Epoch: 3, Steps: 2281 | Train Loss: 0.3837500 Vali Loss: 0.1479358 Test Loss: 0.5055876
Validation loss decreased (0.155739 --> 0.147936).  Saving model ...
Updating learning rate to 0.0001
	iters: 100, epoch: 4 | loss: 0.2640867
	speed: 0.0623s/iter; left time: 3833.5236s
	iters: 200, epoch: 4 | loss: 0.2952043
	speed: 0.0080s/iter; left time: 489.2537s
	iters: 300, epoch: 4 | loss: 0.2685569
	speed: 0.0077s/iter; left time: 471.1583s
	iters: 400, epoch: 4 | loss: 0.2654937
	speed: 0.0076s/iter; left time: 465.8166s
	iters: 500, epoch: 4 | loss: 0.1962180
	speed: 0.0076s/iter; left time: 464.6832s
	iters: 600, epoch: 4 | loss: 0.2579136
	speed: 0.0076s/iter; left time: 461.1896s
	iters: 700, epoch: 4 | loss: 0.4780515
	speed: 0.0077s/iter; left time: 466.0084s
	iters: 800, epoch: 4 | loss: 0.3768674
	speed: 0.0079s/iter; left time: 482.9557s
	iters: 900, epoch: 4 | loss: 0.1303309
	speed: 0.0079s/iter; left time: 478.3075s
	iters: 1000, epoch: 4 | loss: 0.2807598
	speed: 0.0081s/iter; left time: 491.2363s
	iters: 1100, epoch: 4 | loss: 0.6014529
	speed: 0.0079s/iter; left time: 475.0054s
	iters: 1200, epoch: 4 | loss: 0.3385333
	speed: 0.0076s/iter; left time: 457.3445s
	iters: 1300, epoch: 4 | loss: 0.6299579
	speed: 0.0078s/iter; left time: 467.9730s
	iters: 1400, epoch: 4 | loss: 0.2660809
	speed: 0.0079s/iter; left time: 472.6076s
	iters: 1500, epoch: 4 | loss: 0.2334365
	speed: 0.0080s/iter; left time: 481.9624s
	iters: 1600, epoch: 4 | loss: 0.2265204
	speed: 0.0080s/iter; left time: 481.9202s
	iters: 1700, epoch: 4 | loss: 0.4074716
	speed: 0.0080s/iter; left time: 481.5656s
	iters: 1800, epoch: 4 | loss: 0.3481736
	speed: 0.0079s/iter; left time: 470.0638s
	iters: 1900, epoch: 4 | loss: 0.2062672
	speed: 0.0079s/iter; left time: 472.1174s
	iters: 2000, epoch: 4 | loss: 0.2373672
	speed: 0.0078s/iter; left time: 467.1147s
	iters: 2100, epoch: 4 | loss: 0.1752348
	speed: 0.0078s/iter; left time: 463.3554s
	iters: 2200, epoch: 4 | loss: 0.2117815
	speed: 0.0078s/iter; left time: 465.6378s
Epoch: 4 cost time: 18.142464876174927
Epoch: 4, Steps: 2281 | Train Loss: 0.3569218 Vali Loss: 0.1393483 Test Loss: 0.4895942
Validation loss decreased (0.147936 --> 0.139348).  Saving model ...
Updating learning rate to 9e-05
	iters: 100, epoch: 5 | loss: 3.7371480
	speed: 0.0637s/iter; left time: 3768.8763s
	iters: 200, epoch: 5 | loss: 0.3364088
	speed: 0.0079s/iter; left time: 464.4811s
	iters: 300, epoch: 5 | loss: 0.4633662
	speed: 0.0078s/iter; left time: 459.0572s
	iters: 400, epoch: 5 | loss: 0.2778943
	speed: 0.0078s/iter; left time: 457.9682s
	iters: 500, epoch: 5 | loss: 0.1473819
	speed: 0.0078s/iter; left time: 460.0852s
	iters: 600, epoch: 5 | loss: 0.3277636
	speed: 0.0078s/iter; left time: 459.8599s
	iters: 700, epoch: 5 | loss: 0.1441436
	speed: 0.0078s/iter; left time: 457.8988s
	iters: 800, epoch: 5 | loss: 0.2033012
	speed: 0.0078s/iter; left time: 458.3574s
	iters: 900, epoch: 5 | loss: 0.2584490
	speed: 0.0081s/iter; left time: 472.5885s
	iters: 1000, epoch: 5 | loss: 0.3025740
	speed: 0.0076s/iter; left time: 442.9357s
	iters: 1100, epoch: 5 | loss: 0.3637574
	speed: 0.0079s/iter; left time: 459.8722s
	iters: 1200, epoch: 5 | loss: 3.6465635
	speed: 0.0078s/iter; left time: 455.8613s
	iters: 1300, epoch: 5 | loss: 0.2373282
	speed: 0.0080s/iter; left time: 466.5317s
	iters: 1400, epoch: 5 | loss: 0.3117465
	speed: 0.0078s/iter; left time: 454.5422s
	iters: 1500, epoch: 5 | loss: 0.4877532
	speed: 0.0079s/iter; left time: 455.5555s
	iters: 1600, epoch: 5 | loss: 0.3202920
	speed: 0.0078s/iter; left time: 450.3379s
	iters: 1700, epoch: 5 | loss: 0.3215670
	speed: 0.0077s/iter; left time: 444.0736s
	iters: 1800, epoch: 5 | loss: 0.1819068
	speed: 0.0079s/iter; left time: 453.5516s
	iters: 1900, epoch: 5 | loss: 0.3839975
	speed: 0.0080s/iter; left time: 457.2837s
	iters: 2000, epoch: 5 | loss: 0.2683482
	speed: 0.0077s/iter; left time: 440.4171s
	iters: 2100, epoch: 5 | loss: 0.2910514
	speed: 0.0077s/iter; left time: 438.5019s
	iters: 2200, epoch: 5 | loss: 0.2309641
	speed: 0.0071s/iter; left time: 407.7170s
Epoch: 5 cost time: 18.14253878593445
Epoch: 5, Steps: 2281 | Train Loss: 0.3382291 Vali Loss: 0.1351967 Test Loss: 0.4853819
Validation loss decreased (0.139348 --> 0.135197).  Saving model ...
Updating learning rate to 8.1e-05
	iters: 100, epoch: 6 | loss: 0.2184229
	speed: 0.0637s/iter; left time: 3627.1039s
	iters: 200, epoch: 6 | loss: 0.2138000
	speed: 0.0078s/iter; left time: 442.5562s
	iters: 300, epoch: 6 | loss: 0.1886625
	speed: 0.0077s/iter; left time: 434.3896s
	iters: 400, epoch: 6 | loss: 0.2100600
	speed: 0.0079s/iter; left time: 446.3619s
	iters: 500, epoch: 6 | loss: 0.3594407
	speed: 0.0079s/iter; left time: 449.3118s
	iters: 600, epoch: 6 | loss: 0.4380504
	speed: 0.0077s/iter; left time: 435.3849s
	iters: 700, epoch: 6 | loss: 0.2611819
	speed: 0.0080s/iter; left time: 452.2553s
	iters: 800, epoch: 6 | loss: 0.1833328
	speed: 0.0078s/iter; left time: 437.4810s
	iters: 900, epoch: 6 | loss: 0.1866044
	speed: 0.0077s/iter; left time: 433.5690s
	iters: 1000, epoch: 6 | loss: 0.1631993
	speed: 0.0078s/iter; left time: 437.0133s
	iters: 1100, epoch: 6 | loss: 0.3183458
	speed: 0.0077s/iter; left time: 432.8112s
	iters: 1200, epoch: 6 | loss: 0.5441113
	speed: 0.0078s/iter; left time: 437.1216s
	iters: 1300, epoch: 6 | loss: 0.2223758
	speed: 0.0077s/iter; left time: 428.2227s
	iters: 1400, epoch: 6 | loss: 0.1425664
	speed: 0.0078s/iter; left time: 432.6693s
	iters: 1500, epoch: 6 | loss: 0.1945957
	speed: 0.0078s/iter; left time: 435.5569s
	iters: 1600, epoch: 6 | loss: 0.2600076
	speed: 0.0083s/iter; left time: 462.8049s
	iters: 1700, epoch: 6 | loss: 0.8779387
	speed: 0.0080s/iter; left time: 443.5883s
	iters: 1800, epoch: 6 | loss: 0.3325395
	speed: 0.0077s/iter; left time: 427.4096s
	iters: 1900, epoch: 6 | loss: 0.3210844
	speed: 0.0078s/iter; left time: 432.0499s
	iters: 2000, epoch: 6 | loss: 0.2385925
	speed: 0.0077s/iter; left time: 426.3391s
	iters: 2100, epoch: 6 | loss: 0.3502273
	speed: 0.0079s/iter; left time: 433.9560s
	iters: 2200, epoch: 6 | loss: 0.8954363
	speed: 0.0078s/iter; left time: 427.3305s
Epoch: 6 cost time: 18.204631328582764
Epoch: 6, Steps: 2281 | Train Loss: 0.3275833 Vali Loss: 0.1319583 Test Loss: 0.4741783
Validation loss decreased (0.135197 --> 0.131958).  Saving model ...
Updating learning rate to 7.290000000000001e-05
	iters: 100, epoch: 7 | loss: 0.4500442
	speed: 0.0623s/iter; left time: 3404.1778s
	iters: 200, epoch: 7 | loss: 0.2802982
	speed: 0.0075s/iter; left time: 408.9264s
	iters: 300, epoch: 7 | loss: 0.2868927
	speed: 0.0075s/iter; left time: 407.9452s
	iters: 400, epoch: 7 | loss: 0.3528803
	speed: 0.0079s/iter; left time: 430.2510s
	iters: 500, epoch: 7 | loss: 0.2396595
	speed: 0.0077s/iter; left time: 419.7171s
	iters: 600, epoch: 7 | loss: 0.3015252
	speed: 0.0077s/iter; left time: 415.8434s
	iters: 700, epoch: 7 | loss: 0.4094692
	speed: 0.0074s/iter; left time: 399.4869s
	iters: 800, epoch: 7 | loss: 0.2306213
	speed: 0.0077s/iter; left time: 414.4386s
	iters: 900, epoch: 7 | loss: 0.4507221
	speed: 0.0078s/iter; left time: 422.5941s
	iters: 1000, epoch: 7 | loss: 0.2509820
	speed: 0.0079s/iter; left time: 422.3272s
	iters: 1100, epoch: 7 | loss: 0.5665777
	speed: 0.0079s/iter; left time: 424.4251s
	iters: 1200, epoch: 7 | loss: 0.2193382
	speed: 0.0079s/iter; left time: 425.3511s
	iters: 1300, epoch: 7 | loss: 0.4141271
	speed: 0.0075s/iter; left time: 399.2591s
	iters: 1400, epoch: 7 | loss: 0.3889074
	speed: 0.0076s/iter; left time: 402.8031s
	iters: 1500, epoch: 7 | loss: 0.2445576
	speed: 0.0081s/iter; left time: 433.2115s
	iters: 1600, epoch: 7 | loss: 0.1742001
	speed: 0.0079s/iter; left time: 418.5769s
	iters: 1700, epoch: 7 | loss: 0.1234411
	speed: 0.0080s/iter; left time: 422.2295s
	iters: 1800, epoch: 7 | loss: 0.2023793
	speed: 0.0078s/iter; left time: 411.5389s
	iters: 1900, epoch: 7 | loss: 0.1768597
	speed: 0.0078s/iter; left time: 413.2473s
	iters: 2000, epoch: 7 | loss: 0.1512010
	speed: 0.0079s/iter; left time: 418.0776s
	iters: 2100, epoch: 7 | loss: 0.1898014
	speed: 0.0076s/iter; left time: 399.7666s
	iters: 2200, epoch: 7 | loss: 0.1755131
	speed: 0.0077s/iter; left time: 402.3445s
Epoch: 7 cost time: 17.93959140777588
Epoch: 7, Steps: 2281 | Train Loss: 0.3185134 Vali Loss: 0.1333966 Test Loss: 0.4677800
EarlyStopping counter: 1 out of 6
Updating learning rate to 6.561e-05
	iters: 100, epoch: 8 | loss: 0.2728126
	speed: 0.0622s/iter; left time: 3255.4432s
	iters: 200, epoch: 8 | loss: 0.1491673
	speed: 0.0079s/iter; left time: 414.9158s
	iters: 300, epoch: 8 | loss: 0.2582738
	speed: 0.0078s/iter; left time: 406.9166s
	iters: 400, epoch: 8 | loss: 0.2491596
	speed: 0.0078s/iter; left time: 407.0292s
	iters: 500, epoch: 8 | loss: 0.3842009
	speed: 0.0080s/iter; left time: 413.6995s
	iters: 600, epoch: 8 | loss: 0.2708556
	speed: 0.0079s/iter; left time: 409.8920s
	iters: 700, epoch: 8 | loss: 0.2171143
	speed: 0.0079s/iter; left time: 406.9198s
	iters: 800, epoch: 8 | loss: 0.3591737
	speed: 0.0078s/iter; left time: 401.8891s
	iters: 900, epoch: 8 | loss: 0.3366009
	speed: 0.0079s/iter; left time: 404.9996s
	iters: 1000, epoch: 8 | loss: 0.2380610
	speed: 0.0077s/iter; left time: 397.7878s
	iters: 1100, epoch: 8 | loss: 0.1688382
	speed: 0.0080s/iter; left time: 408.8824s
	iters: 1200, epoch: 8 | loss: 0.1792995
	speed: 0.0079s/iter; left time: 403.2274s
	iters: 1300, epoch: 8 | loss: 0.1590123
	speed: 0.0082s/iter; left time: 417.7927s
	iters: 1400, epoch: 8 | loss: 0.1891692
	speed: 0.0078s/iter; left time: 397.8806s
	iters: 1500, epoch: 8 | loss: 0.3340563
	speed: 0.0079s/iter; left time: 402.9176s
	iters: 1600, epoch: 8 | loss: 0.1824683
	speed: 0.0078s/iter; left time: 396.0785s
	iters: 1700, epoch: 8 | loss: 0.3704207
	speed: 0.0080s/iter; left time: 406.0367s
	iters: 1800, epoch: 8 | loss: 0.2019632
	speed: 0.0078s/iter; left time: 396.4095s
	iters: 1900, epoch: 8 | loss: 0.3771811
	speed: 0.0079s/iter; left time: 399.7309s
	iters: 2000, epoch: 8 | loss: 0.3974246
	speed: 0.0079s/iter; left time: 397.5966s
	iters: 2100, epoch: 8 | loss: 0.2596367
	speed: 0.0079s/iter; left time: 399.3112s
	iters: 2200, epoch: 8 | loss: 0.2330326
	speed: 0.0079s/iter; left time: 394.7680s
Epoch: 8 cost time: 18.241914987564087
Epoch: 8, Steps: 2281 | Train Loss: 0.3123304 Vali Loss: 0.1302282 Test Loss: 0.4679161
Validation loss decreased (0.131958 --> 0.130228).  Saving model ...
Updating learning rate to 5.904900000000001e-05
	iters: 100, epoch: 9 | loss: 0.1983311
	speed: 0.0628s/iter; left time: 3143.4415s
	iters: 200, epoch: 9 | loss: 0.1658607
	speed: 0.0081s/iter; left time: 402.8704s
	iters: 300, epoch: 9 | loss: 0.2177309
	speed: 0.0081s/iter; left time: 402.1614s
	iters: 400, epoch: 9 | loss: 0.7262475
	speed: 0.0077s/iter; left time: 383.4910s
	iters: 500, epoch: 9 | loss: 0.3322287
	speed: 0.0079s/iter; left time: 390.4952s
	iters: 600, epoch: 9 | loss: 0.2097633
	speed: 0.0078s/iter; left time: 387.4839s
	iters: 700, epoch: 9 | loss: 0.4577595
	speed: 0.0078s/iter; left time: 384.2001s
	iters: 800, epoch: 9 | loss: 0.3454715
	speed: 0.0080s/iter; left time: 397.0580s
	iters: 900, epoch: 9 | loss: 0.3873128
	speed: 0.0080s/iter; left time: 392.4239s
	iters: 1000, epoch: 9 | loss: 0.2050482
	speed: 0.0079s/iter; left time: 387.6618s
	iters: 1100, epoch: 9 | loss: 0.2111229
	speed: 0.0078s/iter; left time: 382.8397s
	iters: 1200, epoch: 9 | loss: 0.1760338
	speed: 0.0077s/iter; left time: 376.3511s
	iters: 1300, epoch: 9 | loss: 0.3405888
	speed: 0.0077s/iter; left time: 374.2989s
	iters: 1400, epoch: 9 | loss: 0.5422176
	speed: 0.0076s/iter; left time: 368.9512s
	iters: 1500, epoch: 9 | loss: 0.4571490
	speed: 0.0078s/iter; left time: 380.8052s
	iters: 1600, epoch: 9 | loss: 0.2739768
	speed: 0.0079s/iter; left time: 385.1841s
	iters: 1700, epoch: 9 | loss: 0.1715521
	speed: 0.0077s/iter; left time: 374.5473s
	iters: 1800, epoch: 9 | loss: 0.2041829
	speed: 0.0078s/iter; left time: 377.6548s
	iters: 1900, epoch: 9 | loss: 0.5361383
	speed: 0.0078s/iter; left time: 377.3558s
	iters: 2000, epoch: 9 | loss: 0.2748874
	speed: 0.0076s/iter; left time: 366.8716s
	iters: 2100, epoch: 9 | loss: 0.2405009
	speed: 0.0078s/iter; left time: 373.0570s
	iters: 2200, epoch: 9 | loss: 0.1738144
	speed: 0.0085s/iter; left time: 406.6349s
Epoch: 9 cost time: 18.180614233016968
Epoch: 9, Steps: 2281 | Train Loss: 0.3085050 Vali Loss: 0.1277974 Test Loss: 0.4575532
Validation loss decreased (0.130228 --> 0.127797).  Saving model ...
Updating learning rate to 5.3144100000000005e-05
	iters: 100, epoch: 10 | loss: 0.3053297
	speed: 0.0625s/iter; left time: 2987.5205s
	iters: 200, epoch: 10 | loss: 0.2032002
	speed: 0.0078s/iter; left time: 374.2193s
	iters: 300, epoch: 10 | loss: 0.1194701
	speed: 0.0079s/iter; left time: 376.5455s
	iters: 400, epoch: 10 | loss: 0.1976259
	speed: 0.0080s/iter; left time: 378.7424s
	iters: 500, epoch: 10 | loss: 0.1856613
	speed: 0.0078s/iter; left time: 370.7803s
	iters: 600, epoch: 10 | loss: 0.4090906
	speed: 0.0079s/iter; left time: 373.1723s
	iters: 700, epoch: 10 | loss: 0.1488586
	speed: 0.0080s/iter; left time: 378.8548s
	iters: 800, epoch: 10 | loss: 0.2346936
	speed: 0.0078s/iter; left time: 369.5086s
	iters: 900, epoch: 10 | loss: 0.1423564
	speed: 0.0077s/iter; left time: 364.2537s
	iters: 1000, epoch: 10 | loss: 0.2805476
	speed: 0.0080s/iter; left time: 373.7633s
	iters: 1100, epoch: 10 | loss: 0.2722782
	speed: 0.0081s/iter; left time: 376.8986s
	iters: 1200, epoch: 10 | loss: 0.1475469
	speed: 0.0078s/iter; left time: 364.7979s
	iters: 1300, epoch: 10 | loss: 0.2170366
	speed: 0.0077s/iter; left time: 360.1169s
	iters: 1400, epoch: 10 | loss: 0.3347508
	speed: 0.0078s/iter; left time: 364.0492s
	iters: 1500, epoch: 10 | loss: 0.2803709
	speed: 0.0077s/iter; left time: 358.6157s
	iters: 1600, epoch: 10 | loss: 0.1983601
	speed: 0.0077s/iter; left time: 358.1110s
	iters: 1700, epoch: 10 | loss: 0.3068335
	speed: 0.0079s/iter; left time: 366.9858s
	iters: 1800, epoch: 10 | loss: 0.1918110
	speed: 0.0078s/iter; left time: 358.0779s
	iters: 1900, epoch: 10 | loss: 0.4267007
	speed: 0.0083s/iter; left time: 379.7845s
	iters: 2000, epoch: 10 | loss: 0.1934460
	speed: 0.0087s/iter; left time: 398.9371s
	iters: 2100, epoch: 10 | loss: 0.4452189
	speed: 0.0077s/iter; left time: 351.9695s
	iters: 2200, epoch: 10 | loss: 0.2986480
	speed: 0.0075s/iter; left time: 343.6883s
Epoch: 10 cost time: 18.317874670028687
Epoch: 10, Steps: 2281 | Train Loss: 0.3031027 Vali Loss: 0.1274825 Test Loss: 0.4596268
Validation loss decreased (0.127797 --> 0.127482).  Saving model ...
Updating learning rate to 4.782969000000001e-05
	iters: 100, epoch: 11 | loss: 0.1759911
	speed: 0.0637s/iter; left time: 2899.8123s
	iters: 200, epoch: 11 | loss: 0.1813808
	speed: 0.0078s/iter; left time: 354.6563s
	iters: 300, epoch: 11 | loss: 0.2207827
	speed: 0.0079s/iter; left time: 357.3836s
	iters: 400, epoch: 11 | loss: 0.2816548
	speed: 0.0079s/iter; left time: 356.8627s
	iters: 500, epoch: 11 | loss: 0.4892003
	speed: 0.0079s/iter; left time: 358.2154s
	iters: 600, epoch: 11 | loss: 0.3696674
	speed: 0.0077s/iter; left time: 348.8628s
	iters: 700, epoch: 11 | loss: 0.0951238
	speed: 0.0083s/iter; left time: 371.1475s
	iters: 800, epoch: 11 | loss: 0.3384671
	speed: 0.0086s/iter; left time: 386.9845s
	iters: 900, epoch: 11 | loss: 0.2226401
	speed: 0.0078s/iter; left time: 348.8077s
	iters: 1000, epoch: 11 | loss: 0.3178272
	speed: 0.0077s/iter; left time: 344.2518s
	iters: 1100, epoch: 11 | loss: 0.2676730
	speed: 0.0078s/iter; left time: 345.7812s
	iters: 1200, epoch: 11 | loss: 0.4865769
	speed: 0.0079s/iter; left time: 352.1990s
	iters: 1300, epoch: 11 | loss: 0.2241480
	speed: 0.0078s/iter; left time: 344.2772s
	iters: 1400, epoch: 11 | loss: 0.2875077
	speed: 0.0080s/iter; left time: 354.5445s
	iters: 1500, epoch: 11 | loss: 0.2345121
	speed: 0.0080s/iter; left time: 351.7400s
	iters: 1600, epoch: 11 | loss: 0.2362501
	speed: 0.0077s/iter; left time: 337.3649s
	iters: 1700, epoch: 11 | loss: 0.4762923
	speed: 0.0078s/iter; left time: 343.0717s
	iters: 1800, epoch: 11 | loss: 0.1734928
	speed: 0.0079s/iter; left time: 345.7456s
	iters: 1900, epoch: 11 | loss: 0.2485801
	speed: 0.0078s/iter; left time: 340.2348s
	iters: 2000, epoch: 11 | loss: 0.2117847
	speed: 0.0078s/iter; left time: 340.4335s
	iters: 2100, epoch: 11 | loss: 0.3667299
	speed: 0.0087s/iter; left time: 377.5832s
	iters: 2200, epoch: 11 | loss: 0.1981589
	speed: 0.0080s/iter; left time: 347.2084s
Epoch: 11 cost time: 18.429052114486694
Epoch: 11, Steps: 2281 | Train Loss: 0.3001037 Vali Loss: 0.1281774 Test Loss: 0.4602538
EarlyStopping counter: 1 out of 6
Updating learning rate to 4.304672100000001e-05
	iters: 100, epoch: 12 | loss: 0.1130664
	speed: 0.0628s/iter; left time: 2713.5994s
	iters: 200, epoch: 12 | loss: 0.3256019
	speed: 0.0080s/iter; left time: 344.0856s
	iters: 300, epoch: 12 | loss: 0.2659328
	speed: 0.0078s/iter; left time: 335.1906s
	iters: 400, epoch: 12 | loss: 0.2813352
	speed: 0.0080s/iter; left time: 342.0409s
	iters: 500, epoch: 12 | loss: 0.6446978
	speed: 0.0079s/iter; left time: 336.7977s
	iters: 600, epoch: 12 | loss: 0.3633277
	speed: 0.0078s/iter; left time: 331.8797s
	iters: 700, epoch: 12 | loss: 0.3347169
	speed: 0.0079s/iter; left time: 336.8887s
	iters: 800, epoch: 12 | loss: 0.2649878
	speed: 0.0078s/iter; left time: 330.1261s
	iters: 900, epoch: 12 | loss: 0.2134887
	speed: 0.0077s/iter; left time: 325.8247s
	iters: 1000, epoch: 12 | loss: 0.5627829
	speed: 0.0078s/iter; left time: 329.3185s
	iters: 1100, epoch: 12 | loss: 0.2942689
	speed: 0.0077s/iter; left time: 326.9807s
	iters: 1200, epoch: 12 | loss: 0.1568887
	speed: 0.0082s/iter; left time: 344.2437s
	iters: 1300, epoch: 12 | loss: 0.3094478
	speed: 0.0088s/iter; left time: 369.5616s
	iters: 1400, epoch: 12 | loss: 0.1363991
	speed: 0.0083s/iter; left time: 347.3989s
	iters: 1500, epoch: 12 | loss: 0.3475975
	speed: 0.0078s/iter; left time: 325.6911s
	iters: 1600, epoch: 12 | loss: 0.6159348
	speed: 0.0078s/iter; left time: 325.9280s
	iters: 1700, epoch: 12 | loss: 0.1928769
	speed: 0.0078s/iter; left time: 324.8153s
	iters: 1800, epoch: 12 | loss: 0.2173134
	speed: 0.0078s/iter; left time: 323.8783s
	iters: 1900, epoch: 12 | loss: 0.4141095
	speed: 0.0080s/iter; left time: 329.7781s
	iters: 2000, epoch: 12 | loss: 0.4246398
	speed: 0.0077s/iter; left time: 319.3794s
	iters: 2100, epoch: 12 | loss: 0.3610763
	speed: 0.0080s/iter; left time: 329.6321s
	iters: 2200, epoch: 12 | loss: 0.2700604
	speed: 0.0079s/iter; left time: 323.4575s
Epoch: 12 cost time: 18.28793740272522
Epoch: 12, Steps: 2281 | Train Loss: 0.2961047 Vali Loss: 0.1265084 Test Loss: 0.4565095
Validation loss decreased (0.127482 --> 0.126508).  Saving model ...
Updating learning rate to 3.874204890000001e-05
	iters: 100, epoch: 13 | loss: 0.3929317
	speed: 0.0628s/iter; left time: 2570.9573s
	iters: 200, epoch: 13 | loss: 0.2340136
	speed: 0.0076s/iter; left time: 312.0943s
	iters: 300, epoch: 13 | loss: 0.2740389
	speed: 0.0078s/iter; left time: 316.3958s
	iters: 400, epoch: 13 | loss: 0.2196202
	speed: 0.0078s/iter; left time: 318.5562s
	iters: 500, epoch: 13 | loss: 0.1987118
	speed: 0.0077s/iter; left time: 312.6167s
	iters: 600, epoch: 13 | loss: 0.2014426
	speed: 0.0080s/iter; left time: 322.9960s
	iters: 700, epoch: 13 | loss: 0.1702763
	speed: 0.0079s/iter; left time: 318.4512s
	iters: 800, epoch: 13 | loss: 0.2896820
	speed: 0.0077s/iter; left time: 311.3011s
	iters: 900, epoch: 13 | loss: 0.2887520
	speed: 0.0080s/iter; left time: 320.1462s
	iters: 1000, epoch: 13 | loss: 0.4854198
	speed: 0.0078s/iter; left time: 314.2367s
	iters: 1100, epoch: 13 | loss: 0.1899229
	speed: 0.0080s/iter; left time: 321.6481s
	iters: 1200, epoch: 13 | loss: 0.3757832
	speed: 0.0078s/iter; left time: 311.6769s
	iters: 1300, epoch: 13 | loss: 0.2061251
	speed: 0.0078s/iter; left time: 310.2121s
	iters: 1400, epoch: 13 | loss: 0.1945976
	speed: 0.0078s/iter; left time: 309.2682s
	iters: 1500, epoch: 13 | loss: 0.4845129
	speed: 0.0078s/iter; left time: 309.6693s
	iters: 1600, epoch: 13 | loss: 0.3316884
	speed: 0.0075s/iter; left time: 297.1928s
	iters: 1700, epoch: 13 | loss: 0.2212536
	speed: 0.0076s/iter; left time: 298.2138s
	iters: 1800, epoch: 13 | loss: 0.4144050
	speed: 0.0078s/iter; left time: 307.9835s
	iters: 1900, epoch: 13 | loss: 0.1575659
	speed: 0.0078s/iter; left time: 304.3981s
	iters: 2000, epoch: 13 | loss: 0.3283818
	speed: 0.0081s/iter; left time: 315.1339s
	iters: 2100, epoch: 13 | loss: 0.2273422
	speed: 0.0080s/iter; left time: 310.1211s
	iters: 2200, epoch: 13 | loss: 0.1721191
	speed: 0.0079s/iter; left time: 305.1213s
Epoch: 13 cost time: 18.138994693756104
Epoch: 13, Steps: 2281 | Train Loss: 0.2922855 Vali Loss: 0.1263070 Test Loss: 0.4520306
Validation loss decreased (0.126508 --> 0.126307).  Saving model ...
Updating learning rate to 3.486784401000001e-05
	iters: 100, epoch: 14 | loss: 0.2139883
	speed: 0.0617s/iter; left time: 2386.1552s
	iters: 200, epoch: 14 | loss: 0.3582885
	speed: 0.0080s/iter; left time: 306.7175s
	iters: 300, epoch: 14 | loss: 0.1532750
	speed: 0.0082s/iter; left time: 314.9806s
	iters: 400, epoch: 14 | loss: 0.1294427
	speed: 0.0080s/iter; left time: 305.5966s
	iters: 500, epoch: 14 | loss: 0.1796346
	speed: 0.0078s/iter; left time: 298.1323s
	iters: 600, epoch: 14 | loss: 0.2057297
	speed: 0.0081s/iter; left time: 310.0715s
	iters: 700, epoch: 14 | loss: 0.2095438
	speed: 0.0079s/iter; left time: 300.4772s
	iters: 800, epoch: 14 | loss: 0.1465199
	speed: 0.0078s/iter; left time: 294.7919s
	iters: 900, epoch: 14 | loss: 0.3034340
	speed: 0.0080s/iter; left time: 302.0655s
	iters: 1000, epoch: 14 | loss: 0.2512598
	speed: 0.0077s/iter; left time: 289.0686s
	iters: 1100, epoch: 14 | loss: 0.2120416
	speed: 0.0077s/iter; left time: 289.3995s
	iters: 1200, epoch: 14 | loss: 0.3306356
	speed: 0.0079s/iter; left time: 296.5230s
	iters: 1300, epoch: 14 | loss: 0.1346493
	speed: 0.0077s/iter; left time: 289.8089s
	iters: 1400, epoch: 14 | loss: 0.2418383
	speed: 0.0078s/iter; left time: 291.5525s
	iters: 1500, epoch: 14 | loss: 0.3645621
	speed: 0.0078s/iter; left time: 291.0108s
	iters: 1600, epoch: 14 | loss: 0.3267556
	speed: 0.0080s/iter; left time: 295.8466s
	iters: 1700, epoch: 14 | loss: 0.1830919
	speed: 0.0089s/iter; left time: 329.3273s
	iters: 1800, epoch: 14 | loss: 0.2150532
	speed: 0.0090s/iter; left time: 332.5636s
	iters: 1900, epoch: 14 | loss: 0.2205482
	speed: 0.0084s/iter; left time: 309.3111s
	iters: 2000, epoch: 14 | loss: 0.1578474
	speed: 0.0080s/iter; left time: 292.7532s
	iters: 2100, epoch: 14 | loss: 0.2276192
	speed: 0.0078s/iter; left time: 287.4772s
	iters: 2200, epoch: 14 | loss: 0.8532511
	speed: 0.0077s/iter; left time: 283.0152s
Epoch: 14 cost time: 18.53592085838318
Epoch: 14, Steps: 2281 | Train Loss: 0.2904943 Vali Loss: 0.1262781 Test Loss: 0.4508153
Validation loss decreased (0.126307 --> 0.126278).  Saving model ...
Updating learning rate to 3.138105960900001e-05
	iters: 100, epoch: 15 | loss: 0.1220382
	speed: 0.0637s/iter; left time: 2317.4237s
	iters: 200, epoch: 15 | loss: 0.2327574
	speed: 0.0081s/iter; left time: 294.0876s
	iters: 300, epoch: 15 | loss: 0.3003029
	speed: 0.0079s/iter; left time: 285.2753s
	iters: 400, epoch: 15 | loss: 0.3232008
	speed: 0.0079s/iter; left time: 286.0005s
	iters: 500, epoch: 15 | loss: 0.1443528
	speed: 0.0080s/iter; left time: 289.0999s
	iters: 600, epoch: 15 | loss: 0.1503616
	speed: 0.0079s/iter; left time: 283.1817s
	iters: 700, epoch: 15 | loss: 0.1433246
	speed: 0.0088s/iter; left time: 316.3899s
	iters: 800, epoch: 15 | loss: 0.1859156
	speed: 0.0084s/iter; left time: 299.9032s
	iters: 900, epoch: 15 | loss: 0.2347272
	speed: 0.0081s/iter; left time: 287.8174s
	iters: 1000, epoch: 15 | loss: 0.2469835
	speed: 0.0078s/iter; left time: 276.6061s
	iters: 1100, epoch: 15 | loss: 0.3004712
	speed: 0.0079s/iter; left time: 280.3921s
	iters: 1200, epoch: 15 | loss: 0.3617102
	speed: 0.0077s/iter; left time: 273.4570s
	iters: 1300, epoch: 15 | loss: 0.2413234
	speed: 0.0079s/iter; left time: 277.2702s
	iters: 1400, epoch: 15 | loss: 0.3476017
	speed: 0.0080s/iter; left time: 279.4267s
	iters: 1500, epoch: 15 | loss: 0.2640811
	speed: 0.0078s/iter; left time: 273.2007s
	iters: 1600, epoch: 15 | loss: 0.1637846
	speed: 0.0078s/iter; left time: 272.2415s
	iters: 1700, epoch: 15 | loss: 0.1651362
	speed: 0.0077s/iter; left time: 267.3529s
	iters: 1800, epoch: 15 | loss: 0.2917087
	speed: 0.0077s/iter; left time: 265.8267s
	iters: 1900, epoch: 15 | loss: 0.2028550
	speed: 0.0081s/iter; left time: 279.3302s
	iters: 2000, epoch: 15 | loss: 0.2419221
	speed: 0.0080s/iter; left time: 276.0874s
	iters: 2100, epoch: 15 | loss: 0.2708827
	speed: 0.0082s/iter; left time: 280.9881s
	iters: 2200, epoch: 15 | loss: 0.3507854
	speed: 0.0079s/iter; left time: 272.6079s
Epoch: 15 cost time: 18.518542766571045
Epoch: 15, Steps: 2281 | Train Loss: 0.2869255 Vali Loss: 0.1250248 Test Loss: 0.4481590
Validation loss decreased (0.126278 --> 0.125025).  Saving model ...
Updating learning rate to 2.824295364810001e-05
	iters: 100, epoch: 16 | loss: 0.1756325
	speed: 0.0622s/iter; left time: 2120.4506s
	iters: 200, epoch: 16 | loss: 0.2885505
	speed: 0.0080s/iter; left time: 272.3984s
	iters: 300, epoch: 16 | loss: 0.3278712
	speed: 0.0077s/iter; left time: 262.8270s
	iters: 400, epoch: 16 | loss: 0.3713648
	speed: 0.0077s/iter; left time: 261.9078s
	iters: 500, epoch: 16 | loss: 0.2366968
	speed: 0.0078s/iter; left time: 262.3303s
	iters: 600, epoch: 16 | loss: 0.1470806
	speed: 0.0077s/iter; left time: 258.8863s
	iters: 700, epoch: 16 | loss: 0.2588815
	speed: 0.0078s/iter; left time: 262.3115s
	iters: 800, epoch: 16 | loss: 0.4187849
	speed: 0.0077s/iter; left time: 258.3767s
	iters: 900, epoch: 16 | loss: 0.2172931
	speed: 0.0081s/iter; left time: 269.9995s
	iters: 1000, epoch: 16 | loss: 0.4700319
	speed: 0.0078s/iter; left time: 258.7957s
	iters: 1100, epoch: 16 | loss: 0.1747961
	speed: 0.0078s/iter; left time: 257.5558s
	iters: 1200, epoch: 16 | loss: 0.1246917
	speed: 0.0078s/iter; left time: 258.8930s
	iters: 1300, epoch: 16 | loss: 0.1821508
	speed: 0.0078s/iter; left time: 256.8241s
	iters: 1400, epoch: 16 | loss: 0.1484101
	speed: 0.0079s/iter; left time: 258.1930s
	iters: 1500, epoch: 16 | loss: 0.2801272
	speed: 0.0078s/iter; left time: 253.8264s
	iters: 1600, epoch: 16 | loss: 0.3478300
	speed: 0.0077s/iter; left time: 250.4138s
	iters: 1700, epoch: 16 | loss: 0.2746048
	speed: 0.0077s/iter; left time: 251.8422s
	iters: 1800, epoch: 16 | loss: 0.2650465
	speed: 0.0078s/iter; left time: 253.6302s
	iters: 1900, epoch: 16 | loss: 0.2176142
	speed: 0.0077s/iter; left time: 250.1715s
	iters: 2000, epoch: 16 | loss: 0.4436322
	speed: 0.0077s/iter; left time: 246.6079s
	iters: 2100, epoch: 16 | loss: 0.1606146
	speed: 0.0078s/iter; left time: 251.3311s
	iters: 2200, epoch: 16 | loss: 0.6208456
	speed: 0.0077s/iter; left time: 247.1735s
Epoch: 16 cost time: 18.045098781585693
Epoch: 16, Steps: 2281 | Train Loss: 0.2862937 Vali Loss: 0.1256776 Test Loss: 0.4463829
EarlyStopping counter: 1 out of 6
Updating learning rate to 2.541865828329001e-05
	iters: 100, epoch: 17 | loss: 0.1856177
	speed: 0.0615s/iter; left time: 1957.8335s
	iters: 200, epoch: 17 | loss: 0.1308425
	speed: 0.0079s/iter; left time: 250.0677s
	iters: 300, epoch: 17 | loss: 0.2604460
	speed: 0.0076s/iter; left time: 239.3523s
	iters: 400, epoch: 17 | loss: 0.2303798
	speed: 0.0075s/iter; left time: 237.9237s
	iters: 500, epoch: 17 | loss: 0.1646957
	speed: 0.0078s/iter; left time: 244.3651s
	iters: 600, epoch: 17 | loss: 0.2082860
	speed: 0.0079s/iter; left time: 247.0811s
	iters: 700, epoch: 17 | loss: 0.1718148
	speed: 0.0077s/iter; left time: 239.1563s
	iters: 800, epoch: 17 | loss: 0.1721704
	speed: 0.0076s/iter; left time: 236.1044s
	iters: 900, epoch: 17 | loss: 0.3569216
	speed: 0.0078s/iter; left time: 241.1045s
	iters: 1000, epoch: 17 | loss: 0.1410723
	speed: 0.0078s/iter; left time: 240.8257s
	iters: 1100, epoch: 17 | loss: 0.3143797
	speed: 0.0079s/iter; left time: 243.1900s
	iters: 1200, epoch: 17 | loss: 0.3000873
	speed: 0.0077s/iter; left time: 237.0726s
	iters: 1300, epoch: 17 | loss: 0.2446338
	speed: 0.0075s/iter; left time: 230.9526s
	iters: 1400, epoch: 17 | loss: 0.2164113
	speed: 0.0080s/iter; left time: 243.7638s
	iters: 1500, epoch: 17 | loss: 0.1466694
	speed: 0.0077s/iter; left time: 233.0926s
	iters: 1600, epoch: 17 | loss: 1.0414181
	speed: 0.0079s/iter; left time: 238.8346s
	iters: 1700, epoch: 17 | loss: 0.2801995
	speed: 0.0083s/iter; left time: 250.6112s
	iters: 1800, epoch: 17 | loss: 0.2612253
	speed: 0.0080s/iter; left time: 240.8724s
	iters: 1900, epoch: 17 | loss: 0.2959798
	speed: 0.0079s/iter; left time: 238.5382s
	iters: 2000, epoch: 17 | loss: 0.1809824
	speed: 0.0076s/iter; left time: 228.7802s
	iters: 2100, epoch: 17 | loss: 0.2099088
	speed: 0.0077s/iter; left time: 230.9622s
	iters: 2200, epoch: 17 | loss: 0.1894564
	speed: 0.0078s/iter; left time: 233.2372s
Epoch: 17 cost time: 18.0572669506073
Epoch: 17, Steps: 2281 | Train Loss: 0.2842537 Vali Loss: 0.1245052 Test Loss: 0.4499119
Validation loss decreased (0.125025 --> 0.124505).  Saving model ...
Updating learning rate to 2.287679245496101e-05
	iters: 100, epoch: 18 | loss: 0.1724363
	speed: 0.0641s/iter; left time: 1895.7904s
	iters: 200, epoch: 18 | loss: 0.1947247
	speed: 0.0077s/iter; left time: 225.8705s
	iters: 300, epoch: 18 | loss: 0.2378957
	speed: 0.0079s/iter; left time: 230.4774s
	iters: 400, epoch: 18 | loss: 0.1652545
	speed: 0.0080s/iter; left time: 235.4806s
	iters: 500, epoch: 18 | loss: 0.2328417
	speed: 0.0077s/iter; left time: 224.9053s
	iters: 600, epoch: 18 | loss: 0.1275727
	speed: 0.0080s/iter; left time: 232.6480s
	iters: 700, epoch: 18 | loss: 0.1831551
	speed: 0.0079s/iter; left time: 229.8744s
	iters: 800, epoch: 18 | loss: 0.2250422
	speed: 0.0078s/iter; left time: 225.6081s
	iters: 900, epoch: 18 | loss: 0.5871984
	speed: 0.0078s/iter; left time: 224.0641s
	iters: 1000, epoch: 18 | loss: 0.6244440
	speed: 0.0079s/iter; left time: 226.1323s
	iters: 1100, epoch: 18 | loss: 0.2329760
	speed: 0.0079s/iter; left time: 224.4250s
	iters: 1200, epoch: 18 | loss: 0.1582873
	speed: 0.0077s/iter; left time: 217.9169s
	iters: 1300, epoch: 18 | loss: 0.3021887
	speed: 0.0080s/iter; left time: 225.8466s
	iters: 1400, epoch: 18 | loss: 0.1935727
	speed: 0.0077s/iter; left time: 218.5658s
	iters: 1500, epoch: 18 | loss: 0.2303351
	speed: 0.0079s/iter; left time: 221.5469s
	iters: 1600, epoch: 18 | loss: 0.2345698
	speed: 0.0079s/iter; left time: 221.7989s
	iters: 1700, epoch: 18 | loss: 0.3116246
	speed: 0.0080s/iter; left time: 224.3101s
	iters: 1800, epoch: 18 | loss: 0.1859346
	speed: 0.0077s/iter; left time: 215.2645s
	iters: 1900, epoch: 18 | loss: 0.1935616
	speed: 0.0079s/iter; left time: 219.5117s
	iters: 2000, epoch: 18 | loss: 0.4516487
	speed: 0.0080s/iter; left time: 220.5065s
	iters: 2100, epoch: 18 | loss: 0.1637432
	speed: 0.0077s/iter; left time: 211.6063s
	iters: 2200, epoch: 18 | loss: 0.2244637
	speed: 0.0078s/iter; left time: 214.6323s
Epoch: 18 cost time: 18.18600845336914
Epoch: 18, Steps: 2281 | Train Loss: 0.2822838 Vali Loss: 0.1246495 Test Loss: 0.4476731
EarlyStopping counter: 1 out of 6
Updating learning rate to 2.0589113209464907e-05
	iters: 100, epoch: 19 | loss: 0.1943889
	speed: 0.0622s/iter; left time: 1696.7923s
	iters: 200, epoch: 19 | loss: 0.4098003
	speed: 0.0078s/iter; left time: 212.7579s
	iters: 300, epoch: 19 | loss: 0.1629565
	speed: 0.0078s/iter; left time: 210.4001s
	iters: 400, epoch: 19 | loss: 0.2222586
	speed: 0.0079s/iter; left time: 213.3776s
	iters: 500, epoch: 19 | loss: 0.4132489
	speed: 0.0078s/iter; left time: 209.7610s
	iters: 600, epoch: 19 | loss: 0.6489455
	speed: 0.0079s/iter; left time: 211.6446s
	iters: 700, epoch: 19 | loss: 0.3156240
	speed: 0.0080s/iter; left time: 214.5685s
	iters: 800, epoch: 19 | loss: 0.2433897
	speed: 0.0078s/iter; left time: 206.1785s
	iters: 900, epoch: 19 | loss: 0.3372340
	speed: 0.0088s/iter; left time: 232.9651s
	iters: 1000, epoch: 19 | loss: 0.2739914
	speed: 0.0085s/iter; left time: 224.4250s
	iters: 1100, epoch: 19 | loss: 0.1961530
	speed: 0.0078s/iter; left time: 203.9724s
	iters: 1200, epoch: 19 | loss: 0.2527007
	speed: 0.0082s/iter; left time: 214.6663s
	iters: 1300, epoch: 19 | loss: 0.3083473
	speed: 0.0092s/iter; left time: 239.3121s
	iters: 1400, epoch: 19 | loss: 0.2207341
	speed: 0.0087s/iter; left time: 226.6702s
	iters: 1500, epoch: 19 | loss: 0.3212784
	speed: 0.0077s/iter; left time: 198.8705s
	iters: 1600, epoch: 19 | loss: 0.1645847
	speed: 0.0077s/iter; left time: 198.3421s
	iters: 1700, epoch: 19 | loss: 0.1645762
	speed: 0.0082s/iter; left time: 209.2965s
	iters: 1800, epoch: 19 | loss: 0.1785700
	speed: 0.0076s/iter; left time: 195.2908s
	iters: 1900, epoch: 19 | loss: 0.4718791
	speed: 0.0081s/iter; left time: 205.2129s
	iters: 2000, epoch: 19 | loss: 0.2068656
	speed: 0.0078s/iter; left time: 197.3947s
	iters: 2100, epoch: 19 | loss: 0.2321994
	speed: 0.0079s/iter; left time: 199.1454s
	iters: 2200, epoch: 19 | loss: 0.1500555
	speed: 0.0077s/iter; left time: 193.9653s
Epoch: 19 cost time: 18.58520793914795
Epoch: 19, Steps: 2281 | Train Loss: 0.2815956 Vali Loss: 0.1234240 Test Loss: 0.4455338
Validation loss decreased (0.124505 --> 0.123424).  Saving model ...
Updating learning rate to 1.8530201888518416e-05
	iters: 100, epoch: 20 | loss: 0.2318984
	speed: 0.0624s/iter; left time: 1558.4376s
	iters: 200, epoch: 20 | loss: 0.2721835
	speed: 0.0076s/iter; left time: 189.2972s
	iters: 300, epoch: 20 | loss: 0.2629344
	speed: 0.0075s/iter; left time: 187.0855s
	iters: 400, epoch: 20 | loss: 0.1858030
	speed: 0.0075s/iter; left time: 185.4304s
	iters: 500, epoch: 20 | loss: 0.2796980
	speed: 0.0077s/iter; left time: 189.2904s
	iters: 600, epoch: 20 | loss: 0.2448291
	speed: 0.0079s/iter; left time: 193.6982s
	iters: 700, epoch: 20 | loss: 0.9107020
	speed: 0.0077s/iter; left time: 187.6207s
	iters: 800, epoch: 20 | loss: 0.2378991
	speed: 0.0074s/iter; left time: 178.9009s
	iters: 900, epoch: 20 | loss: 0.2870250
	speed: 0.0076s/iter; left time: 183.4855s
	iters: 1000, epoch: 20 | loss: 0.1280115
	speed: 0.0076s/iter; left time: 183.4000s
	iters: 1100, epoch: 20 | loss: 0.2792820
	speed: 0.0076s/iter; left time: 182.6862s
	iters: 1200, epoch: 20 | loss: 0.1762182
	speed: 0.0076s/iter; left time: 181.4613s
	iters: 1300, epoch: 20 | loss: 0.3655832
	speed: 0.0078s/iter; left time: 184.6395s
	iters: 1400, epoch: 20 | loss: 0.1409398
	speed: 0.0079s/iter; left time: 188.0949s
	iters: 1500, epoch: 20 | loss: 0.1621843
	speed: 0.0079s/iter; left time: 186.8982s
	iters: 1600, epoch: 20 | loss: 0.1760849
	speed: 0.0078s/iter; left time: 182.8854s
	iters: 1700, epoch: 20 | loss: 0.3891844
	speed: 0.0076s/iter; left time: 178.8605s
	iters: 1800, epoch: 20 | loss: 0.2613529
	speed: 0.0077s/iter; left time: 179.2044s
	iters: 1900, epoch: 20 | loss: 0.3026348
	speed: 0.0079s/iter; left time: 183.6358s
	iters: 2000, epoch: 20 | loss: 0.1983670
	speed: 0.0078s/iter; left time: 179.8282s
	iters: 2100, epoch: 20 | loss: 0.1818428
	speed: 0.0079s/iter; left time: 181.9679s
	iters: 2200, epoch: 20 | loss: 0.2406354
	speed: 0.0077s/iter; left time: 175.9767s
Epoch: 20 cost time: 17.868146419525146
Epoch: 20, Steps: 2281 | Train Loss: 0.2799874 Vali Loss: 0.1235745 Test Loss: 0.4465298
EarlyStopping counter: 1 out of 6
Updating learning rate to 1.6677181699666577e-05
	iters: 100, epoch: 21 | loss: 0.2214325
	speed: 0.0634s/iter; left time: 1440.0566s
	iters: 200, epoch: 21 | loss: 0.3244601
	speed: 0.0079s/iter; left time: 178.3839s
	iters: 300, epoch: 21 | loss: 0.1406161
	speed: 0.0078s/iter; left time: 174.9486s
	iters: 400, epoch: 21 | loss: 0.1899212
	speed: 0.0077s/iter; left time: 173.2431s
	iters: 500, epoch: 21 | loss: 0.2511730
	speed: 0.0081s/iter; left time: 180.6139s
	iters: 600, epoch: 21 | loss: 0.3343939
	speed: 0.0079s/iter; left time: 175.2267s
	iters: 700, epoch: 21 | loss: 0.2156430
	speed: 0.0078s/iter; left time: 172.3327s
	iters: 800, epoch: 21 | loss: 0.3879305
	speed: 0.0079s/iter; left time: 173.8782s
	iters: 900, epoch: 21 | loss: 0.2625347
	speed: 0.0078s/iter; left time: 171.5549s
	iters: 1000, epoch: 21 | loss: 0.4241903
	speed: 0.0077s/iter; left time: 168.9672s
	iters: 1100, epoch: 21 | loss: 0.2533422
	speed: 0.0079s/iter; left time: 171.7776s
	iters: 1200, epoch: 21 | loss: 0.2145120
	speed: 0.0085s/iter; left time: 183.2394s
	iters: 1300, epoch: 21 | loss: 0.1148519
	speed: 0.0082s/iter; left time: 176.9599s
	iters: 1400, epoch: 21 | loss: 0.2091428
	speed: 0.0081s/iter; left time: 174.1796s
	iters: 1500, epoch: 21 | loss: 0.1766874
	speed: 0.0081s/iter; left time: 171.5754s
	iters: 1600, epoch: 21 | loss: 0.2561828
	speed: 0.0080s/iter; left time: 168.6891s
	iters: 1700, epoch: 21 | loss: 0.1418380
	speed: 0.0077s/iter; left time: 163.2773s
	iters: 1800, epoch: 21 | loss: 0.2717579
	speed: 0.0080s/iter; left time: 167.1180s
	iters: 1900, epoch: 21 | loss: 0.4507990
	speed: 0.0080s/iter; left time: 167.8842s
	iters: 2000, epoch: 21 | loss: 0.2211972
	speed: 0.0077s/iter; left time: 160.0175s
	iters: 2100, epoch: 21 | loss: 0.2689996
	speed: 0.0080s/iter; left time: 165.1650s
	iters: 2200, epoch: 21 | loss: 0.1451166
	speed: 0.0080s/iter; left time: 165.2220s
Epoch: 21 cost time: 18.37255072593689
Epoch: 21, Steps: 2281 | Train Loss: 0.2799373 Vali Loss: 0.1238763 Test Loss: 0.4464066
EarlyStopping counter: 2 out of 6
Updating learning rate to 1.5009463529699919e-05
	iters: 100, epoch: 22 | loss: 0.2529356
	speed: 0.0625s/iter; left time: 1276.8834s
	iters: 200, epoch: 22 | loss: 0.3321668
	speed: 0.0080s/iter; left time: 162.6372s
	iters: 300, epoch: 22 | loss: 0.2619624
	speed: 0.0077s/iter; left time: 155.2837s
	iters: 400, epoch: 22 | loss: 0.2731194
	speed: 0.0077s/iter; left time: 154.3147s
	iters: 500, epoch: 22 | loss: 0.2607483
	speed: 0.0080s/iter; left time: 160.2211s
	iters: 600, epoch: 22 | loss: 0.2433956
	speed: 0.0077s/iter; left time: 154.0232s
	iters: 700, epoch: 22 | loss: 0.3958887
	speed: 0.0078s/iter; left time: 153.9895s
	iters: 800, epoch: 22 | loss: 0.1646665
	speed: 0.0079s/iter; left time: 156.7016s
	iters: 900, epoch: 22 | loss: 0.1607910
	speed: 0.0079s/iter; left time: 155.1321s
	iters: 1000, epoch: 22 | loss: 0.2241331
	speed: 0.0079s/iter; left time: 153.5958s
	iters: 1100, epoch: 22 | loss: 0.4283380
	speed: 0.0079s/iter; left time: 153.8548s
	iters: 1200, epoch: 22 | loss: 0.2518451
	speed: 0.0079s/iter; left time: 153.5479s
	iters: 1300, epoch: 22 | loss: 0.2061590
	speed: 0.0079s/iter; left time: 151.2487s
	iters: 1400, epoch: 22 | loss: 0.1913571
	speed: 0.0085s/iter; left time: 162.5574s
	iters: 1500, epoch: 22 | loss: 0.2405078
	speed: 0.0081s/iter; left time: 153.4589s
	iters: 1600, epoch: 22 | loss: 0.1581409
	speed: 0.0077s/iter; left time: 145.1120s
	iters: 1700, epoch: 22 | loss: 0.2836959
	speed: 0.0079s/iter; left time: 148.7358s
	iters: 1800, epoch: 22 | loss: 0.3319300
	speed: 0.0082s/iter; left time: 152.6772s
	iters: 1900, epoch: 22 | loss: 0.2604612
	speed: 0.0078s/iter; left time: 144.6491s
	iters: 2000, epoch: 22 | loss: 0.1403891
	speed: 0.0078s/iter; left time: 145.4287s
	iters: 2100, epoch: 22 | loss: 0.1865508
	speed: 0.0077s/iter; left time: 142.6845s
	iters: 2200, epoch: 22 | loss: 0.1646947
	speed: 0.0078s/iter; left time: 142.8021s
Epoch: 22 cost time: 18.245757579803467
Epoch: 22, Steps: 2281 | Train Loss: 0.2784519 Vali Loss: 0.1239018 Test Loss: 0.4449374
EarlyStopping counter: 3 out of 6
Updating learning rate to 1.3508517176729929e-05
	iters: 100, epoch: 23 | loss: 0.2214861
	speed: 0.0627s/iter; left time: 1137.8115s
	iters: 200, epoch: 23 | loss: 0.2639645
	speed: 0.0077s/iter; left time: 139.8592s
	iters: 300, epoch: 23 | loss: 0.1502574
	speed: 0.0077s/iter; left time: 138.2930s
	iters: 400, epoch: 23 | loss: 0.2790459
	speed: 0.0079s/iter; left time: 140.3091s
	iters: 500, epoch: 23 | loss: 0.2460971
	speed: 0.0079s/iter; left time: 139.5813s
	iters: 600, epoch: 23 | loss: 0.1555923
	speed: 0.0077s/iter; left time: 135.3425s
	iters: 700, epoch: 23 | loss: 0.1469024
	speed: 0.0079s/iter; left time: 139.1796s
	iters: 800, epoch: 23 | loss: 0.2054041
	speed: 0.0080s/iter; left time: 139.0633s
	iters: 900, epoch: 23 | loss: 0.1797389
	speed: 0.0078s/iter; left time: 135.9859s
	iters: 1000, epoch: 23 | loss: 0.1000419
	speed: 0.0078s/iter; left time: 134.2303s
	iters: 1100, epoch: 23 | loss: 0.3495132
	speed: 0.0077s/iter; left time: 132.5571s
	iters: 1200, epoch: 23 | loss: 0.2321486
	speed: 0.0078s/iter; left time: 132.9928s
	iters: 1300, epoch: 23 | loss: 0.2671000
	speed: 0.0077s/iter; left time: 129.9197s
	iters: 1400, epoch: 23 | loss: 0.1619245
	speed: 0.0078s/iter; left time: 130.9096s
	iters: 1500, epoch: 23 | loss: 0.3129122
	speed: 0.0080s/iter; left time: 133.2509s
	iters: 1600, epoch: 23 | loss: 3.0241048
	speed: 0.0079s/iter; left time: 131.1253s
	iters: 1700, epoch: 23 | loss: 0.1546461
	speed: 0.0079s/iter; left time: 131.0328s
	iters: 1800, epoch: 23 | loss: 0.1853672
	speed: 0.0082s/iter; left time: 134.7155s
	iters: 1900, epoch: 23 | loss: 0.1621509
	speed: 0.0079s/iter; left time: 128.6729s
	iters: 2000, epoch: 23 | loss: 0.3582369
	speed: 0.0080s/iter; left time: 130.5685s
	iters: 2100, epoch: 23 | loss: 0.1854160
	speed: 0.0077s/iter; left time: 125.1438s
	iters: 2200, epoch: 23 | loss: 0.1791537
	speed: 0.0077s/iter; left time: 124.2952s
Epoch: 23 cost time: 18.12680745124817
Epoch: 23, Steps: 2281 | Train Loss: 0.2781542 Vali Loss: 0.1236707 Test Loss: 0.4440757
EarlyStopping counter: 4 out of 6
Updating learning rate to 1.2157665459056936e-05
	iters: 100, epoch: 24 | loss: 0.1879240
	speed: 0.0624s/iter; left time: 990.7446s
	iters: 200, epoch: 24 | loss: 0.3403396
	speed: 0.0077s/iter; left time: 122.1923s
	iters: 300, epoch: 24 | loss: 0.1936884
	speed: 0.0079s/iter; left time: 123.3058s
	iters: 400, epoch: 24 | loss: 0.3953374
	speed: 0.0078s/iter; left time: 121.0140s
	iters: 500, epoch: 24 | loss: 0.2310012
	speed: 0.0079s/iter; left time: 121.9447s
	iters: 600, epoch: 24 | loss: 0.1243754
	speed: 0.0077s/iter; left time: 119.0696s
	iters: 700, epoch: 24 | loss: 0.4107747
	speed: 0.0081s/iter; left time: 123.0043s
	iters: 800, epoch: 24 | loss: 0.1921694
	speed: 0.0082s/iter; left time: 124.1770s
	iters: 900, epoch: 24 | loss: 0.3210140
	speed: 0.0080s/iter; left time: 121.0117s
	iters: 1000, epoch: 24 | loss: 0.1311812
	speed: 0.0082s/iter; left time: 122.4578s
	iters: 1100, epoch: 24 | loss: 0.2819545
	speed: 0.0079s/iter; left time: 116.8806s
	iters: 1200, epoch: 24 | loss: 0.1888655
	speed: 0.0078s/iter; left time: 114.7252s
	iters: 1300, epoch: 24 | loss: 0.3767071
	speed: 0.0077s/iter; left time: 113.2721s
	iters: 1400, epoch: 24 | loss: 0.1959912
	speed: 0.0080s/iter; left time: 115.9592s
	iters: 1500, epoch: 24 | loss: 0.3373287
	speed: 0.0079s/iter; left time: 114.4839s
	iters: 1600, epoch: 24 | loss: 0.2230601
	speed: 0.0078s/iter; left time: 112.4776s
	iters: 1700, epoch: 24 | loss: 0.1980997
	speed: 0.0078s/iter; left time: 111.8696s
	iters: 1800, epoch: 24 | loss: 0.2103267
	speed: 0.0079s/iter; left time: 111.8909s
	iters: 1900, epoch: 24 | loss: 0.1424571
	speed: 0.0079s/iter; left time: 110.5744s
	iters: 2000, epoch: 24 | loss: 0.3772805
	speed: 0.0078s/iter; left time: 109.5768s
	iters: 2100, epoch: 24 | loss: 0.2216301
	speed: 0.0079s/iter; left time: 109.9513s
	iters: 2200, epoch: 24 | loss: 0.2749081
	speed: 0.0079s/iter; left time: 108.4007s
Epoch: 24 cost time: 18.27912449836731
Epoch: 24, Steps: 2281 | Train Loss: 0.2771566 Vali Loss: 0.1236661 Test Loss: 0.4443502
EarlyStopping counter: 5 out of 6
Updating learning rate to 1.0941898913151242e-05
	iters: 100, epoch: 25 | loss: 0.1436314
	speed: 0.0629s/iter; left time: 854.9677s
	iters: 200, epoch: 25 | loss: 0.1852196
	speed: 0.0080s/iter; left time: 108.1589s
	iters: 300, epoch: 25 | loss: 0.1146055
	speed: 0.0076s/iter; left time: 101.7049s
	iters: 400, epoch: 25 | loss: 0.1427053
	speed: 0.0079s/iter; left time: 104.6545s
	iters: 500, epoch: 25 | loss: 0.2891264
	speed: 0.0078s/iter; left time: 102.5747s
	iters: 600, epoch: 25 | loss: 0.2254475
	speed: 0.0079s/iter; left time: 102.9915s
	iters: 700, epoch: 25 | loss: 0.1533094
	speed: 0.0079s/iter; left time: 102.8435s
	iters: 800, epoch: 25 | loss: 0.1869151
	speed: 0.0078s/iter; left time: 100.4672s
	iters: 900, epoch: 25 | loss: 0.2330337
	speed: 0.0081s/iter; left time: 104.1315s
	iters: 1000, epoch: 25 | loss: 0.2868505
	speed: 0.0079s/iter; left time: 100.1241s
	iters: 1100, epoch: 25 | loss: 0.2978513
	speed: 0.0082s/iter; left time: 103.2750s
	iters: 1200, epoch: 25 | loss: 0.2940790
	speed: 0.0075s/iter; left time: 93.8861s
	iters: 1300, epoch: 25 | loss: 0.2947123
	speed: 0.0076s/iter; left time: 94.5704s
	iters: 1400, epoch: 25 | loss: 0.2689578
	speed: 0.0078s/iter; left time: 96.3691s
	iters: 1500, epoch: 25 | loss: 0.3351203
	speed: 0.0076s/iter; left time: 93.1631s
	iters: 1600, epoch: 25 | loss: 0.1977598
	speed: 0.0078s/iter; left time: 93.9067s
	iters: 1700, epoch: 25 | loss: 0.3116640
	speed: 0.0076s/iter; left time: 91.5235s
	iters: 1800, epoch: 25 | loss: 0.2388966
	speed: 0.0076s/iter; left time: 90.5310s
	iters: 1900, epoch: 25 | loss: 0.3211148
	speed: 0.0076s/iter; left time: 89.9429s
	iters: 2000, epoch: 25 | loss: 0.2263694
	speed: 0.0077s/iter; left time: 90.1737s
	iters: 2100, epoch: 25 | loss: 0.2473329
	speed: 0.0077s/iter; left time: 89.7261s
	iters: 2200, epoch: 25 | loss: 0.1290155
	speed: 0.0078s/iter; left time: 89.7393s
Epoch: 25 cost time: 18.08176302909851
Epoch: 25, Steps: 2281 | Train Loss: 0.2753638 Vali Loss: 0.1233299 Test Loss: 0.4458693
Validation loss decreased (0.123424 --> 0.123330).  Saving model ...
Updating learning rate to 9.847709021836118e-06
	iters: 100, epoch: 26 | loss: 0.2052792
	speed: 0.0622s/iter; left time: 703.5471s
	iters: 200, epoch: 26 | loss: 0.1262843
	speed: 0.0076s/iter; left time: 85.2624s
	iters: 300, epoch: 26 | loss: 0.2099755
	speed: 0.0077s/iter; left time: 85.1277s
	iters: 400, epoch: 26 | loss: 0.2063511
	speed: 0.0077s/iter; left time: 84.4786s
	iters: 500, epoch: 26 | loss: 0.1140796
	speed: 0.0075s/iter; left time: 81.7913s
	iters: 600, epoch: 26 | loss: 0.2088684
	speed: 0.0076s/iter; left time: 82.3503s
	iters: 700, epoch: 26 | loss: 0.2920883
	speed: 0.0076s/iter; left time: 81.6734s
	iters: 800, epoch: 26 | loss: 0.3190565
	speed: 0.0078s/iter; left time: 82.5832s
	iters: 900, epoch: 26 | loss: 0.3160959
	speed: 0.0086s/iter; left time: 90.8125s
	iters: 1000, epoch: 26 | loss: 0.2204311
	speed: 0.0089s/iter; left time: 92.1527s
	iters: 1100, epoch: 26 | loss: 0.1803541
	speed: 0.0086s/iter; left time: 88.2043s
	iters: 1200, epoch: 26 | loss: 0.2003980
	speed: 0.0077s/iter; left time: 78.7937s
	iters: 1300, epoch: 26 | loss: 0.3562857
	speed: 0.0078s/iter; left time: 78.3657s
	iters: 1400, epoch: 26 | loss: 0.2367427
	speed: 0.0081s/iter; left time: 81.3268s
	iters: 1500, epoch: 26 | loss: 0.2493418
	speed: 0.0078s/iter; left time: 77.6142s
	iters: 1600, epoch: 26 | loss: 0.1526352
	speed: 0.0078s/iter; left time: 76.8826s
	iters: 1700, epoch: 26 | loss: 0.1938836
	speed: 0.0081s/iter; left time: 78.8709s
	iters: 1800, epoch: 26 | loss: 0.4160837
	speed: 0.0077s/iter; left time: 73.9305s
	iters: 1900, epoch: 26 | loss: 0.3014721
	speed: 0.0077s/iter; left time: 72.7799s
	iters: 2000, epoch: 26 | loss: 0.1698937
	speed: 0.0080s/iter; left time: 75.3381s
	iters: 2100, epoch: 26 | loss: 0.2966324
	speed: 0.0079s/iter; left time: 73.1134s
	iters: 2200, epoch: 26 | loss: 0.2065592
	speed: 0.0080s/iter; left time: 73.8163s
Epoch: 26 cost time: 18.31460189819336
Epoch: 26, Steps: 2281 | Train Loss: 0.2777638 Vali Loss: 0.1235569 Test Loss: 0.4431313
EarlyStopping counter: 1 out of 6
Updating learning rate to 8.862938119652508e-06
	iters: 100, epoch: 27 | loss: 0.2984906
	speed: 0.0622s/iter; left time: 561.2813s
	iters: 200, epoch: 27 | loss: 0.3455251
	speed: 0.0077s/iter; left time: 69.0155s
	iters: 300, epoch: 27 | loss: 0.3942940
	speed: 0.0076s/iter; left time: 67.0459s
	iters: 400, epoch: 27 | loss: 0.1359930
	speed: 0.0075s/iter; left time: 65.7579s
	iters: 500, epoch: 27 | loss: 0.2716530
	speed: 0.0077s/iter; left time: 66.4570s
	iters: 600, epoch: 27 | loss: 0.1119426
	speed: 0.0079s/iter; left time: 67.7609s
	iters: 700, epoch: 27 | loss: 0.1631185
	speed: 0.0074s/iter; left time: 62.7434s
	iters: 800, epoch: 27 | loss: 0.3869936
	speed: 0.0076s/iter; left time: 63.1108s
	iters: 900, epoch: 27 | loss: 0.2206042
	speed: 0.0078s/iter; left time: 63.8480s
	iters: 1000, epoch: 27 | loss: 0.2724179
	speed: 0.0078s/iter; left time: 63.7662s
	iters: 1100, epoch: 27 | loss: 0.4347515
	speed: 0.0076s/iter; left time: 61.1519s
	iters: 1200, epoch: 27 | loss: 0.3231274
	speed: 0.0078s/iter; left time: 62.1427s
	iters: 1300, epoch: 27 | loss: 0.2115321
	speed: 0.0077s/iter; left time: 60.0699s
	iters: 1400, epoch: 27 | loss: 0.5296322
	speed: 0.0076s/iter; left time: 58.9850s
	iters: 1500, epoch: 27 | loss: 0.2160308
	speed: 0.0080s/iter; left time: 60.9961s
	iters: 1600, epoch: 27 | loss: 0.2372291
	speed: 0.0077s/iter; left time: 57.9438s
	iters: 1700, epoch: 27 | loss: 0.2230377
	speed: 0.0078s/iter; left time: 57.6693s
	iters: 1800, epoch: 27 | loss: 0.1867171
	speed: 0.0079s/iter; left time: 58.1878s
	iters: 1900, epoch: 27 | loss: 0.2260227
	speed: 0.0078s/iter; left time: 56.0771s
	iters: 2000, epoch: 27 | loss: 0.3212087
	speed: 0.0077s/iter; left time: 54.8546s
	iters: 2100, epoch: 27 | loss: 0.3329957
	speed: 0.0079s/iter; left time: 55.5222s
	iters: 2200, epoch: 27 | loss: 0.2118000
	speed: 0.0079s/iter; left time: 54.4934s
Epoch: 27 cost time: 17.939297199249268
Epoch: 27, Steps: 2281 | Train Loss: 0.2757721 Vali Loss: 0.1234319 Test Loss: 0.4445968
EarlyStopping counter: 2 out of 6
Updating learning rate to 7.976644307687255e-06
	iters: 100, epoch: 28 | loss: 0.6478332
	speed: 0.0630s/iter; left time: 424.5964s
	iters: 200, epoch: 28 | loss: 0.1763758
	speed: 0.0078s/iter; left time: 52.1173s
	iters: 300, epoch: 28 | loss: 0.1343353
	speed: 0.0077s/iter; left time: 50.4058s
	iters: 400, epoch: 28 | loss: 0.2480979
	speed: 0.0079s/iter; left time: 51.1689s
	iters: 500, epoch: 28 | loss: 0.1907572
	speed: 0.0080s/iter; left time: 50.6225s
	iters: 600, epoch: 28 | loss: 0.5316535
	speed: 0.0077s/iter; left time: 47.7775s
	iters: 700, epoch: 28 | loss: 0.2023645
	speed: 0.0082s/iter; left time: 50.1788s
	iters: 800, epoch: 28 | loss: 0.4072389
	speed: 0.0083s/iter; left time: 49.9572s
	iters: 900, epoch: 28 | loss: 0.1299729
	speed: 0.0078s/iter; left time: 46.6598s
	iters: 1000, epoch: 28 | loss: 0.4108191
	speed: 0.0079s/iter; left time: 45.9767s
	iters: 1100, epoch: 28 | loss: 0.1306670
	speed: 0.0077s/iter; left time: 44.3419s
	iters: 1200, epoch: 28 | loss: 0.3649904
	speed: 0.0079s/iter; left time: 44.7046s
	iters: 1300, epoch: 28 | loss: 0.1958967
	speed: 0.0078s/iter; left time: 42.9682s
	iters: 1400, epoch: 28 | loss: 0.1463422
	speed: 0.0080s/iter; left time: 43.4054s
	iters: 1500, epoch: 28 | loss: 0.2602803
	speed: 0.0079s/iter; left time: 42.3468s
	iters: 1600, epoch: 28 | loss: 0.2676482
	speed: 0.0078s/iter; left time: 40.6824s
	iters: 1700, epoch: 28 | loss: 0.2235464
	speed: 0.0077s/iter; left time: 39.7458s
	iters: 1800, epoch: 28 | loss: 0.1756442
	speed: 0.0079s/iter; left time: 39.9690s
	iters: 1900, epoch: 28 | loss: 0.1733931
	speed: 0.0080s/iter; left time: 39.6211s
	iters: 2000, epoch: 28 | loss: 0.2388150
	speed: 0.0080s/iter; left time: 38.6911s
	iters: 2100, epoch: 28 | loss: 0.1620860
	speed: 0.0080s/iter; left time: 37.7978s
	iters: 2200, epoch: 28 | loss: 0.1783595
	speed: 0.0078s/iter; left time: 36.2505s
Epoch: 28 cost time: 18.31874942779541
Epoch: 28, Steps: 2281 | Train Loss: 0.2745656 Vali Loss: 0.1230543 Test Loss: 0.4436466
Validation loss decreased (0.123330 --> 0.123054).  Saving model ...
Updating learning rate to 7.178979876918531e-06
	iters: 100, epoch: 29 | loss: 0.1866295
	speed: 0.0624s/iter; left time: 278.3869s
	iters: 200, epoch: 29 | loss: 0.2439762
	speed: 0.0080s/iter; left time: 34.7587s
	iters: 300, epoch: 29 | loss: 0.2615597
	speed: 0.0079s/iter; left time: 33.6743s
	iters: 400, epoch: 29 | loss: 0.1735366
	speed: 0.0078s/iter; left time: 32.3469s
	iters: 500, epoch: 29 | loss: 0.2111849
	speed: 0.0078s/iter; left time: 31.5492s
	iters: 600, epoch: 29 | loss: 0.1742323
	speed: 0.0079s/iter; left time: 31.2474s
	iters: 700, epoch: 29 | loss: 0.2526205
	speed: 0.0079s/iter; left time: 30.3444s
	iters: 800, epoch: 29 | loss: 0.2119435
	speed: 0.0078s/iter; left time: 29.3833s
	iters: 900, epoch: 29 | loss: 0.2057975
	speed: 0.0078s/iter; left time: 28.4441s
	iters: 1000, epoch: 29 | loss: 0.2279368
	speed: 0.0078s/iter; left time: 27.6561s
	iters: 1100, epoch: 29 | loss: 0.1565369
	speed: 0.0078s/iter; left time: 26.9517s
	iters: 1200, epoch: 29 | loss: 0.4519041
	speed: 0.0078s/iter; left time: 26.2372s
	iters: 1300, epoch: 29 | loss: 0.2084731
	speed: 0.0078s/iter; left time: 25.5315s
	iters: 1400, epoch: 29 | loss: 0.2052626
	speed: 0.0078s/iter; left time: 24.7444s
	iters: 1500, epoch: 29 | loss: 0.1437970
	speed: 0.0077s/iter; left time: 23.4992s
	iters: 1600, epoch: 29 | loss: 0.3030316
	speed: 0.0079s/iter; left time: 23.3304s
	iters: 1700, epoch: 29 | loss: 0.1895906
	speed: 0.0078s/iter; left time: 22.2383s
	iters: 1800, epoch: 29 | loss: 0.2193379
	speed: 0.0079s/iter; left time: 21.8375s
	iters: 1900, epoch: 29 | loss: 0.1323525
	speed: 0.0079s/iter; left time: 20.9526s
	iters: 2000, epoch: 29 | loss: 0.3254839
	speed: 0.0077s/iter; left time: 19.7113s
	iters: 2100, epoch: 29 | loss: 0.2442532
	speed: 0.0079s/iter; left time: 19.4465s
	iters: 2200, epoch: 29 | loss: 0.2104360
	speed: 0.0078s/iter; left time: 18.5056s
Epoch: 29 cost time: 18.099241495132446
Epoch: 29, Steps: 2281 | Train Loss: 0.2737414 Vali Loss: 0.1227244 Test Loss: 0.4418518
Validation loss decreased (0.123054 --> 0.122724).  Saving model ...
Updating learning rate to 6.4610818892266776e-06
	iters: 100, epoch: 30 | loss: 0.1576644
	speed: 0.0623s/iter; left time: 135.8526s
	iters: 200, epoch: 30 | loss: 0.2502731
	speed: 0.0076s/iter; left time: 15.9032s
	iters: 300, epoch: 30 | loss: 0.2364595
	speed: 0.0075s/iter; left time: 14.9200s
	iters: 400, epoch: 30 | loss: 0.2757572
	speed: 0.0075s/iter; left time: 14.1793s
	iters: 500, epoch: 30 | loss: 0.2494422
	speed: 0.0078s/iter; left time: 13.8589s
	iters: 600, epoch: 30 | loss: 0.3263376
	speed: 0.0077s/iter; left time: 12.8862s
	iters: 700, epoch: 30 | loss: 0.2598177
	speed: 0.0079s/iter; left time: 12.4479s
	iters: 800, epoch: 30 | loss: 0.1843381
	speed: 0.0079s/iter; left time: 11.7513s
	iters: 900, epoch: 30 | loss: 0.1982965
	speed: 0.0077s/iter; left time: 10.6244s
	iters: 1000, epoch: 30 | loss: 0.1770423
	speed: 0.0080s/iter; left time: 10.2098s
	iters: 1100, epoch: 30 | loss: 0.2582837
	speed: 0.0079s/iter; left time: 9.3274s
	iters: 1200, epoch: 30 | loss: 0.1534710
	speed: 0.0079s/iter; left time: 8.5914s
	iters: 1300, epoch: 30 | loss: 0.1400676
	speed: 0.0078s/iter; left time: 7.6687s
	iters: 1400, epoch: 30 | loss: 0.3888717
	speed: 0.0079s/iter; left time: 6.9553s
	iters: 1500, epoch: 30 | loss: 0.1979151
	speed: 0.0079s/iter; left time: 6.1720s
	iters: 1600, epoch: 30 | loss: 0.2114011
	speed: 0.0077s/iter; left time: 5.2700s
	iters: 1700, epoch: 30 | loss: 0.4512262
	speed: 0.0078s/iter; left time: 4.5190s
	iters: 1800, epoch: 30 | loss: 0.3234559
	speed: 0.0078s/iter; left time: 3.7605s
	iters: 1900, epoch: 30 | loss: 0.2040060
	speed: 0.0077s/iter; left time: 2.9590s
	iters: 2000, epoch: 30 | loss: 0.2268892
	speed: 0.0078s/iter; left time: 2.2021s
	iters: 2100, epoch: 30 | loss: 0.1850257
	speed: 0.0079s/iter; left time: 1.4295s
	iters: 2200, epoch: 30 | loss: 0.2060312
	speed: 0.0077s/iter; left time: 0.6307s
Epoch: 30 cost time: 18.017728328704834
Epoch: 30, Steps: 2281 | Train Loss: 0.2744688 Vali Loss: 0.1230401 Test Loss: 0.4428096
EarlyStopping counter: 1 out of 6
Updating learning rate to 5.8149737003040096e-06
>>>>>>>testing : DE_168_24_MLPAer_h_custom_ftMS_sl168_ll48_pl24_dm512_nh8_el2_dl1_df2048_fc1_ebtimeF_dtTrue_Exp_0<<<<<<<<<<<<<<<<<<<<<<<<<<<<<<<<<
test 10460
mse:0.44185179471969604, mae:0.4204108417034149, rse:0.6032447814941406
