Args in experiment:
Namespace(random_seed=2025, is_training=1, model_id='do_425012_96_720', model='MLPAer_univariate', data='custom', root_path='./dataset/', data_path='do_425012.csv', features='MS', target='OT', freq='h', checkpoints='./checkpoints/', seq_len=96, label_len=48, pred_len=720, fc_dropout=0.05, head_dropout=0.2, patch_len=16, stride=8, padding_patch='end', revin=1, affine=0, subtract_last=0, decomposition=0, kernel_size=25, individual=0, embed_type=0, enc_in=7, dec_in=7, c_out=7, d_model=512, n_heads=8, e_layers=2, d_layers=1, d_ff=2048, moving_avg=25, factor=1, distil=True, dropout=0.05, embed='timeF', activation='gelu', output_attention=False, do_predict=False, num_workers=10, itr=1, train_epochs=30, batch_size=128, patience=3, learning_rate=0.0001, des='Exp', loss='mse', lradj='type3', pct_start=0.3, use_amp=False, c_ff=7, t_ff=128, c_dropout=0.0, t_dropout=0.0, embed_dropout=0.0, head_type='prediction', usenorm=1, use_gpu=True, gpu=0, use_multi_gpu=False, devices='0,1,2,3', test_flop=False)
Use GPU: cuda:0
>>>>>>>start training : do_425012_96_720_MLPAer_univariate_custom_ftMS_sl96_ll48_pl720_dm512_nh8_el2_dl1_df2048_fc1_ebtimeF_dtTrue_Exp_0>>>>>>>>>>>>>>>>>>>>>>>>>>
train 53320
val 7015
test 14748
	iters: 100, epoch: 1 | loss: 0.6645117
	speed: 0.0386s/iter; left time: 478.4741s
	iters: 200, epoch: 1 | loss: 0.6575179
	speed: 0.0184s/iter; left time: 225.7827s
	iters: 300, epoch: 1 | loss: 0.5279546
	speed: 0.0183s/iter; left time: 223.1078s
	iters: 400, epoch: 1 | loss: 0.4574354
	speed: 0.0184s/iter; left time: 222.1556s
Epoch: 1 cost time: 7.978440999984741
Epoch: 1, Steps: 416 | Train Loss: 0.5835157 Vali Loss: 0.4154205 Test Loss: 0.5850102
Validation loss decreased (inf --> 0.415421).  Saving model ...
Updating learning rate to 0.0001
	iters: 100, epoch: 2 | loss: 0.5280585
	speed: 0.0570s/iter; left time: 682.4824s
	iters: 200, epoch: 2 | loss: 0.5751230
	speed: 0.0196s/iter; left time: 232.9062s
	iters: 300, epoch: 2 | loss: 0.6849527
	speed: 0.0200s/iter; left time: 235.4194s
	iters: 400, epoch: 2 | loss: 0.4884223
	speed: 0.0214s/iter; left time: 249.9729s
Epoch: 2 cost time: 8.799619674682617
Epoch: 2, Steps: 416 | Train Loss: 0.5513612 Vali Loss: 0.4265033 Test Loss: 0.5576612
EarlyStopping counter: 1 out of 3
Updating learning rate to 0.0001
	iters: 100, epoch: 3 | loss: 0.6076007
	speed: 0.0644s/iter; left time: 743.4727s
	iters: 200, epoch: 3 | loss: 0.5626644
	speed: 0.0205s/iter; left time: 234.5154s
	iters: 300, epoch: 3 | loss: 0.5339162
	speed: 0.0189s/iter; left time: 214.1402s
	iters: 400, epoch: 3 | loss: 0.4970559
	speed: 0.0192s/iter; left time: 216.5245s
Epoch: 3 cost time: 8.690561056137085
Epoch: 3, Steps: 416 | Train Loss: 0.5425189 Vali Loss: 0.4296336 Test Loss: 0.5547292
EarlyStopping counter: 2 out of 3
Updating learning rate to 0.0001
	iters: 100, epoch: 4 | loss: 0.7213663
	speed: 0.0626s/iter; left time: 697.2934s
	iters: 200, epoch: 4 | loss: 0.4078326
	speed: 0.0203s/iter; left time: 224.4161s
	iters: 300, epoch: 4 | loss: 0.4346493
	speed: 0.0201s/iter; left time: 220.1081s
	iters: 400, epoch: 4 | loss: 0.6574831
	speed: 0.0184s/iter; left time: 199.3820s
Epoch: 4 cost time: 8.406494617462158
Epoch: 4, Steps: 416 | Train Loss: 0.5397166 Vali Loss: 0.4390226 Test Loss: 0.5564439
EarlyStopping counter: 3 out of 3
Early stopping
>>>>>>>testing : do_425012_96_720_MLPAer_univariate_custom_ftMS_sl96_ll48_pl720_dm512_nh8_el2_dl1_df2048_fc1_ebtimeF_dtTrue_Exp_0<<<<<<<<<<<<<<<<<<<<<<<<<<<<<<<<<
test 14748
find shape (14720, 720, 1) (14720, 720, 1)
mse:0.5850092172622681, mae:0.5544871091842651, nse:0.2925354242324829, mape:1.6161296367645264
