Args in experiment:
Namespace(random_seed=2025, is_training=1, model_id='ETTm2_96_96', model='MLPAer_univariate', data='ETTm2', root_path='./dataset/', data_path='ETTm2.csv', features='MS', target='OT', freq='h', checkpoints='./checkpoints/', seq_len=96, label_len=48, pred_len=96, fc_dropout=0.05, head_dropout=0.7, patch_len=16, stride=8, padding_patch='end', revin=1, affine=0, subtract_last=0, decomposition=0, kernel_size=25, individual=0, embed_type=0, enc_in=7, dec_in=7, c_out=7, d_model=512, n_heads=8, e_layers=2, d_layers=1, d_ff=2048, moving_avg=25, factor=1, distil=True, dropout=0.05, embed='timeF', activation='gelu', output_attention=False, do_predict=False, num_workers=10, itr=1, train_epochs=30, batch_size=32, patience=100, learning_rate=0.0001, des='Exp', loss='mse', lradj='type3', pct_start=0.3, use_amp=False, c_ff=21, t_ff=256, c_dropout=0.0, t_dropout=0.0, embed_dropout=0.0, head_type='prediction', usenorm=1, use_gpu=True, gpu=0, use_multi_gpu=False, devices='0,1,2,3', test_flop=False)
Use GPU: cuda:0
>>>>>>>start training : ETTm2_96_96_MLPAer_univariate_ETTm2_ftMS_sl96_ll48_pl96_dm512_nh8_el2_dl1_df2048_fc1_ebtimeF_dtTrue_Exp_0>>>>>>>>>>>>>>>>>>>>>>>>>>
train 34369
val 11425
test 11425
	iters: 100, epoch: 1 | loss: 0.1806292
	speed: 0.0451s/iter; left time: 1450.0733s
	iters: 200, epoch: 1 | loss: 0.1852254
	speed: 0.0117s/iter; left time: 373.0569s
	iters: 300, epoch: 1 | loss: 0.1509939
	speed: 0.0115s/iter; left time: 368.5232s
	iters: 400, epoch: 1 | loss: 0.1245502
	speed: 0.0124s/iter; left time: 395.2450s
	iters: 500, epoch: 1 | loss: 0.2027338
	speed: 0.0118s/iter; left time: 373.9719s
	iters: 600, epoch: 1 | loss: 0.1861055
	speed: 0.0118s/iter; left time: 372.4018s
	iters: 700, epoch: 1 | loss: 0.1339079
	speed: 0.0115s/iter; left time: 363.0522s
	iters: 800, epoch: 1 | loss: 0.1289592
	speed: 0.0119s/iter; left time: 373.9604s
	iters: 900, epoch: 1 | loss: 0.1501621
	speed: 0.0123s/iter; left time: 386.6420s
	iters: 1000, epoch: 1 | loss: 0.0889536
	speed: 0.0117s/iter; left time: 366.6535s
Epoch: 1 cost time: 13.068215370178223
Epoch: 1, Steps: 1074 | Train Loss: 0.1666745 Vali Loss: 0.1371210 Test Loss: 0.1050461
Validation loss decreased (inf --> 0.137121).  Saving model ...
Updating learning rate to 0.0001
	iters: 100, epoch: 2 | loss: 0.0976063
	speed: 0.0790s/iter; left time: 2451.3222s
	iters: 200, epoch: 2 | loss: 0.1257756
	speed: 0.0100s/iter; left time: 309.3802s
	iters: 300, epoch: 2 | loss: 0.1333513
	speed: 0.0109s/iter; left time: 336.7389s
	iters: 400, epoch: 2 | loss: 0.1022938
	speed: 0.0107s/iter; left time: 328.5838s
	iters: 500, epoch: 2 | loss: 0.0909023
	speed: 0.0103s/iter; left time: 315.9027s
	iters: 600, epoch: 2 | loss: 0.1019338
	speed: 0.0105s/iter; left time: 320.4527s
	iters: 700, epoch: 2 | loss: 0.1441707
	speed: 0.0113s/iter; left time: 345.2151s
	iters: 800, epoch: 2 | loss: 0.1911448
	speed: 0.0105s/iter; left time: 317.4567s
	iters: 900, epoch: 2 | loss: 0.0926841
	speed: 0.0109s/iter; left time: 328.9006s
	iters: 1000, epoch: 2 | loss: 0.0830939
	speed: 0.0098s/iter; left time: 295.7755s
Epoch: 2 cost time: 11.749269723892212
Epoch: 2, Steps: 1074 | Train Loss: 0.1088316 Vali Loss: 0.0980848 Test Loss: 0.0714095
Validation loss decreased (0.137121 --> 0.098085).  Saving model ...
Updating learning rate to 0.0001
	iters: 100, epoch: 3 | loss: 0.0811582
	speed: 0.0780s/iter; left time: 2339.3200s
	iters: 200, epoch: 3 | loss: 0.1247787
	speed: 0.0127s/iter; left time: 378.5962s
	iters: 300, epoch: 3 | loss: 0.1229072
	speed: 0.0119s/iter; left time: 354.3956s
	iters: 400, epoch: 3 | loss: 0.1006716
	speed: 0.0128s/iter; left time: 380.3745s
	iters: 500, epoch: 3 | loss: 0.0656061
	speed: 0.0111s/iter; left time: 327.0831s
	iters: 600, epoch: 3 | loss: 0.1244277
	speed: 0.0112s/iter; left time: 330.8292s
	iters: 700, epoch: 3 | loss: 0.1647060
	speed: 0.0111s/iter; left time: 325.9452s
	iters: 800, epoch: 3 | loss: 0.0648443
	speed: 0.0119s/iter; left time: 347.2704s
	iters: 900, epoch: 3 | loss: 0.0901855
	speed: 0.0107s/iter; left time: 311.5444s
	iters: 1000, epoch: 3 | loss: 0.0747623
	speed: 0.0112s/iter; left time: 326.6832s
Epoch: 3 cost time: 12.643937349319458
Epoch: 3, Steps: 1074 | Train Loss: 0.1001225 Vali Loss: 0.0956433 Test Loss: 0.0691533
Validation loss decreased (0.098085 --> 0.095643).  Saving model ...
Updating learning rate to 0.0001
	iters: 100, epoch: 4 | loss: 0.0688332
	speed: 0.0736s/iter; left time: 2126.5327s
	iters: 200, epoch: 4 | loss: 0.0976974
	speed: 0.0118s/iter; left time: 339.1621s
	iters: 300, epoch: 4 | loss: 0.0672028
	speed: 0.0108s/iter; left time: 309.0179s
	iters: 400, epoch: 4 | loss: 0.1093178
	speed: 0.0111s/iter; left time: 316.3946s
	iters: 500, epoch: 4 | loss: 0.1488202
	speed: 0.0120s/iter; left time: 342.0758s
	iters: 600, epoch: 4 | loss: 0.1012901
	speed: 0.0119s/iter; left time: 338.5561s
	iters: 700, epoch: 4 | loss: 0.0976579
	speed: 0.0103s/iter; left time: 291.9406s
	iters: 800, epoch: 4 | loss: 0.1031812
	speed: 0.0116s/iter; left time: 326.5854s
	iters: 900, epoch: 4 | loss: 0.0694893
	speed: 0.0113s/iter; left time: 316.2155s
	iters: 1000, epoch: 4 | loss: 0.0617078
	speed: 0.0113s/iter; left time: 317.0857s
Epoch: 4 cost time: 12.202600240707397
Epoch: 4, Steps: 1074 | Train Loss: 0.0978679 Vali Loss: 0.0953238 Test Loss: 0.0678876
Validation loss decreased (0.095643 --> 0.095324).  Saving model ...
Updating learning rate to 9e-05
	iters: 100, epoch: 5 | loss: 0.0676579
	speed: 0.0780s/iter; left time: 2169.3009s
	iters: 200, epoch: 5 | loss: 0.0957740
	speed: 0.0103s/iter; left time: 286.7777s
	iters: 300, epoch: 5 | loss: 0.1134774
	speed: 0.0111s/iter; left time: 307.9400s
	iters: 400, epoch: 5 | loss: 0.0736815
	speed: 0.0123s/iter; left time: 338.7061s
	iters: 500, epoch: 5 | loss: 0.0848044
	speed: 0.0122s/iter; left time: 334.0049s
	iters: 600, epoch: 5 | loss: 0.0739305
	speed: 0.0117s/iter; left time: 319.1191s
	iters: 700, epoch: 5 | loss: 0.1246996
	speed: 0.0117s/iter; left time: 318.8353s
	iters: 800, epoch: 5 | loss: 0.0770120
	speed: 0.0115s/iter; left time: 310.5920s
	iters: 900, epoch: 5 | loss: 0.0939162
	speed: 0.0130s/iter; left time: 350.6747s
	iters: 1000, epoch: 5 | loss: 0.0819836
	speed: 0.0111s/iter; left time: 298.2520s
Epoch: 5 cost time: 12.696654319763184
Epoch: 5, Steps: 1074 | Train Loss: 0.0960926 Vali Loss: 0.0946031 Test Loss: 0.0669086
Validation loss decreased (0.095324 --> 0.094603).  Saving model ...
Updating learning rate to 8.1e-05
	iters: 100, epoch: 6 | loss: 0.0682646
	speed: 0.0814s/iter; left time: 2177.0277s
	iters: 200, epoch: 6 | loss: 0.0902585
	speed: 0.0122s/iter; left time: 326.0586s
	iters: 300, epoch: 6 | loss: 0.0927572
	speed: 0.0130s/iter; left time: 344.1303s
	iters: 400, epoch: 6 | loss: 0.1313609
	speed: 0.0117s/iter; left time: 309.3829s
	iters: 500, epoch: 6 | loss: 0.0967619
	speed: 0.0114s/iter; left time: 300.2409s
	iters: 600, epoch: 6 | loss: 0.0654663
	speed: 0.0117s/iter; left time: 306.5597s
	iters: 700, epoch: 6 | loss: 0.0438690
	speed: 0.0116s/iter; left time: 304.5872s
	iters: 800, epoch: 6 | loss: 0.0945255
	speed: 0.0120s/iter; left time: 313.3848s
	iters: 900, epoch: 6 | loss: 0.0892428
	speed: 0.0116s/iter; left time: 301.4955s
	iters: 1000, epoch: 6 | loss: 0.0582679
	speed: 0.0133s/iter; left time: 344.7452s
Epoch: 6 cost time: 13.189842939376831
Epoch: 6, Steps: 1074 | Train Loss: 0.0942665 Vali Loss: 0.0937889 Test Loss: 0.0660059
Validation loss decreased (0.094603 --> 0.093789).  Saving model ...
Updating learning rate to 7.290000000000001e-05
	iters: 100, epoch: 7 | loss: 0.1211446
	speed: 0.0824s/iter; left time: 2114.6953s
	iters: 200, epoch: 7 | loss: 0.1026237
	speed: 0.0115s/iter; left time: 294.2491s
	iters: 300, epoch: 7 | loss: 0.1137253
	speed: 0.0125s/iter; left time: 317.2945s
	iters: 400, epoch: 7 | loss: 0.0578905
	speed: 0.0131s/iter; left time: 332.1204s
	iters: 500, epoch: 7 | loss: 0.0773418
	speed: 0.0115s/iter; left time: 290.7242s
	iters: 600, epoch: 7 | loss: 0.0753928
	speed: 0.0122s/iter; left time: 306.2716s
	iters: 700, epoch: 7 | loss: 0.0819278
	speed: 0.0112s/iter; left time: 279.7351s
	iters: 800, epoch: 7 | loss: 0.0753929
	speed: 0.0122s/iter; left time: 304.7271s
	iters: 900, epoch: 7 | loss: 0.0723370
	speed: 0.0122s/iter; left time: 302.8244s
	iters: 1000, epoch: 7 | loss: 0.0813482
	speed: 0.0115s/iter; left time: 285.0387s
Epoch: 7 cost time: 13.00312352180481
Epoch: 7, Steps: 1074 | Train Loss: 0.0929705 Vali Loss: 0.0928711 Test Loss: 0.0659855
Validation loss decreased (0.093789 --> 0.092871).  Saving model ...
Updating learning rate to 6.561e-05
	iters: 100, epoch: 8 | loss: 0.0770360
	speed: 0.0730s/iter; left time: 1795.6823s
	iters: 200, epoch: 8 | loss: 0.0638224
	speed: 0.0104s/iter; left time: 255.5599s
	iters: 300, epoch: 8 | loss: 0.1102081
	speed: 0.0118s/iter; left time: 286.9761s
	iters: 400, epoch: 8 | loss: 0.0866259
	speed: 0.0113s/iter; left time: 275.7209s
	iters: 500, epoch: 8 | loss: 0.0819683
	speed: 0.0118s/iter; left time: 285.1020s
	iters: 600, epoch: 8 | loss: 0.0959225
	speed: 0.0115s/iter; left time: 277.1330s
	iters: 700, epoch: 8 | loss: 0.0899389
	speed: 0.0103s/iter; left time: 246.6589s
	iters: 800, epoch: 8 | loss: 0.1109760
	speed: 0.0120s/iter; left time: 285.9237s
	iters: 900, epoch: 8 | loss: 0.0606989
	speed: 0.0104s/iter; left time: 248.7189s
	iters: 1000, epoch: 8 | loss: 0.0802418
	speed: 0.0114s/iter; left time: 269.5486s
Epoch: 8 cost time: 12.307070255279541
Epoch: 8, Steps: 1074 | Train Loss: 0.0918027 Vali Loss: 0.0927905 Test Loss: 0.0661701
Validation loss decreased (0.092871 --> 0.092790).  Saving model ...
Updating learning rate to 5.904900000000001e-05
	iters: 100, epoch: 9 | loss: 0.1092069
	speed: 0.0764s/iter; left time: 1797.5980s
	iters: 200, epoch: 9 | loss: 0.0794008
	speed: 0.0119s/iter; left time: 279.0502s
	iters: 300, epoch: 9 | loss: 0.0724637
	speed: 0.0113s/iter; left time: 263.3539s
	iters: 400, epoch: 9 | loss: 0.1114009
	speed: 0.0118s/iter; left time: 273.5414s
	iters: 500, epoch: 9 | loss: 0.0608541
	speed: 0.0113s/iter; left time: 262.3015s
	iters: 600, epoch: 9 | loss: 0.0976971
	speed: 0.0113s/iter; left time: 259.7561s
	iters: 700, epoch: 9 | loss: 0.0852029
	speed: 0.0121s/iter; left time: 277.0487s
	iters: 800, epoch: 9 | loss: 0.1249052
	speed: 0.0126s/iter; left time: 288.4911s
	iters: 900, epoch: 9 | loss: 0.0904103
	speed: 0.0133s/iter; left time: 302.1744s
	iters: 1000, epoch: 9 | loss: 0.1122587
	speed: 0.0110s/iter; left time: 249.0270s
Epoch: 9 cost time: 12.98400354385376
Epoch: 9, Steps: 1074 | Train Loss: 0.0908686 Vali Loss: 0.0919918 Test Loss: 0.0658104
Validation loss decreased (0.092790 --> 0.091992).  Saving model ...
Updating learning rate to 5.3144100000000005e-05
	iters: 100, epoch: 10 | loss: 0.1112610
	speed: 0.0799s/iter; left time: 1794.5642s
	iters: 200, epoch: 10 | loss: 0.1243466
	speed: 0.0117s/iter; left time: 261.6197s
	iters: 300, epoch: 10 | loss: 0.1222427
	speed: 0.0116s/iter; left time: 258.8967s
	iters: 400, epoch: 10 | loss: 0.0643368
	speed: 0.0123s/iter; left time: 272.7080s
	iters: 500, epoch: 10 | loss: 0.1071944
	speed: 0.0113s/iter; left time: 249.2543s
	iters: 600, epoch: 10 | loss: 0.0562839
	speed: 0.0120s/iter; left time: 264.4157s
	iters: 700, epoch: 10 | loss: 0.0898679
	speed: 0.0119s/iter; left time: 260.8878s
	iters: 800, epoch: 10 | loss: 0.0816143
	speed: 0.0126s/iter; left time: 273.0552s
	iters: 900, epoch: 10 | loss: 0.1085901
	speed: 0.0117s/iter; left time: 252.8279s
	iters: 1000, epoch: 10 | loss: 0.0858001
	speed: 0.0105s/iter; left time: 225.4337s
Epoch: 10 cost time: 12.998552083969116
Epoch: 10, Steps: 1074 | Train Loss: 0.0900507 Vali Loss: 0.0924466 Test Loss: 0.0651189
EarlyStopping counter: 1 out of 100
Updating learning rate to 4.782969000000001e-05
	iters: 100, epoch: 11 | loss: 0.1363093
	speed: 0.0780s/iter; left time: 1668.4337s
	iters: 200, epoch: 11 | loss: 0.0872547
	speed: 0.0113s/iter; left time: 240.1607s
	iters: 300, epoch: 11 | loss: 0.1044413
	speed: 0.0118s/iter; left time: 248.8983s
	iters: 400, epoch: 11 | loss: 0.0742512
	speed: 0.0126s/iter; left time: 265.6636s
	iters: 500, epoch: 11 | loss: 0.0729661
	speed: 0.0136s/iter; left time: 284.6803s
	iters: 600, epoch: 11 | loss: 0.1110589
	speed: 0.0116s/iter; left time: 242.1930s
	iters: 700, epoch: 11 | loss: 0.0422205
	speed: 0.0128s/iter; left time: 265.6895s
	iters: 800, epoch: 11 | loss: 0.0566205
	speed: 0.0119s/iter; left time: 245.8393s
	iters: 900, epoch: 11 | loss: 0.0827884
	speed: 0.0133s/iter; left time: 272.9368s
	iters: 1000, epoch: 11 | loss: 0.0594640
	speed: 0.0120s/iter; left time: 246.2956s
Epoch: 11 cost time: 13.34378433227539
Epoch: 11, Steps: 1074 | Train Loss: 0.0894365 Vali Loss: 0.0918062 Test Loss: 0.0652726
Validation loss decreased (0.091992 --> 0.091806).  Saving model ...
Updating learning rate to 4.304672100000001e-05
	iters: 100, epoch: 12 | loss: 0.0740947
	speed: 0.0790s/iter; left time: 1604.0770s
	iters: 200, epoch: 12 | loss: 0.0719548
	speed: 0.0118s/iter; left time: 237.4594s
	iters: 300, epoch: 12 | loss: 0.1379601
	speed: 0.0117s/iter; left time: 234.9960s
	iters: 400, epoch: 12 | loss: 0.1005778
	speed: 0.0110s/iter; left time: 220.6524s
	iters: 500, epoch: 12 | loss: 0.0661028
	speed: 0.0120s/iter; left time: 239.1719s
	iters: 600, epoch: 12 | loss: 0.0934763
	speed: 0.0127s/iter; left time: 252.0727s
	iters: 700, epoch: 12 | loss: 0.1124667
	speed: 0.0109s/iter; left time: 215.2389s
	iters: 800, epoch: 12 | loss: 0.0834370
	speed: 0.0072s/iter; left time: 141.0389s
	iters: 900, epoch: 12 | loss: 0.1163304
	speed: 0.0084s/iter; left time: 163.0001s
	iters: 1000, epoch: 12 | loss: 0.0660588
	speed: 0.0105s/iter; left time: 202.9842s
Epoch: 12 cost time: 11.879844427108765
Epoch: 12, Steps: 1074 | Train Loss: 0.0889234 Vali Loss: 0.0916045 Test Loss: 0.0650215
Validation loss decreased (0.091806 --> 0.091605).  Saving model ...
Updating learning rate to 3.874204890000001e-05
	iters: 100, epoch: 13 | loss: 0.0737248
	speed: 0.0721s/iter; left time: 1386.3444s
	iters: 200, epoch: 13 | loss: 0.0952191
	speed: 0.0107s/iter; left time: 204.5179s
	iters: 300, epoch: 13 | loss: 0.1273696
	speed: 0.0123s/iter; left time: 234.0438s
	iters: 400, epoch: 13 | loss: 0.0961695
	speed: 0.0110s/iter; left time: 207.7638s
	iters: 500, epoch: 13 | loss: 0.0974305
	speed: 0.0105s/iter; left time: 197.5870s
	iters: 600, epoch: 13 | loss: 0.0901934
	speed: 0.0113s/iter; left time: 212.1508s
	iters: 700, epoch: 13 | loss: 0.0507111
	speed: 0.0106s/iter; left time: 196.8962s
	iters: 800, epoch: 13 | loss: 0.0920281
	speed: 0.0106s/iter; left time: 196.3958s
	iters: 900, epoch: 13 | loss: 0.0914074
	speed: 0.0108s/iter; left time: 199.4606s
	iters: 1000, epoch: 13 | loss: 0.0928164
	speed: 0.0106s/iter; left time: 194.6211s
Epoch: 13 cost time: 11.917328357696533
Epoch: 13, Steps: 1074 | Train Loss: 0.0884144 Vali Loss: 0.0916871 Test Loss: 0.0649505
EarlyStopping counter: 1 out of 100
Updating learning rate to 3.486784401000001e-05
	iters: 100, epoch: 14 | loss: 0.0947474
	speed: 0.0707s/iter; left time: 1284.3141s
	iters: 200, epoch: 14 | loss: 0.1055754
	speed: 0.0104s/iter; left time: 188.4960s
	iters: 300, epoch: 14 | loss: 0.0560323
	speed: 0.0110s/iter; left time: 198.0986s
	iters: 400, epoch: 14 | loss: 0.0721106
	speed: 0.0110s/iter; left time: 196.2998s
	iters: 500, epoch: 14 | loss: 0.0703188
	speed: 0.0103s/iter; left time: 183.7739s
	iters: 600, epoch: 14 | loss: 0.0907570
	speed: 0.0108s/iter; left time: 190.1281s
	iters: 700, epoch: 14 | loss: 0.1247881
	speed: 0.0103s/iter; left time: 180.7024s
	iters: 800, epoch: 14 | loss: 0.1060064
	speed: 0.0108s/iter; left time: 189.1460s
	iters: 900, epoch: 14 | loss: 0.1042328
	speed: 0.0102s/iter; left time: 177.0604s
	iters: 1000, epoch: 14 | loss: 0.0701032
	speed: 0.0107s/iter; left time: 185.0999s
Epoch: 14 cost time: 11.668171644210815
Epoch: 14, Steps: 1074 | Train Loss: 0.0881508 Vali Loss: 0.0913448 Test Loss: 0.0644307
Validation loss decreased (0.091605 --> 0.091345).  Saving model ...
Updating learning rate to 3.138105960900001e-05
	iters: 100, epoch: 15 | loss: 0.0916554
	speed: 0.0741s/iter; left time: 1265.7537s
	iters: 200, epoch: 15 | loss: 0.1021277
	speed: 0.0101s/iter; left time: 171.0432s
	iters: 300, epoch: 15 | loss: 0.0890011
	speed: 0.0104s/iter; left time: 175.2569s
	iters: 400, epoch: 15 | loss: 0.0865152
	speed: 0.0109s/iter; left time: 182.2851s
	iters: 500, epoch: 15 | loss: 0.1301177
	speed: 0.0107s/iter; left time: 178.3388s
	iters: 600, epoch: 15 | loss: 0.1196782
	speed: 0.0111s/iter; left time: 183.3054s
	iters: 700, epoch: 15 | loss: 0.0535690
	speed: 0.0108s/iter; left time: 178.5935s
	iters: 800, epoch: 15 | loss: 0.0814445
	speed: 0.0112s/iter; left time: 182.9533s
	iters: 900, epoch: 15 | loss: 0.0809183
	speed: 0.0108s/iter; left time: 176.6820s
	iters: 1000, epoch: 15 | loss: 0.1027569
	speed: 0.0104s/iter; left time: 168.7451s
Epoch: 15 cost time: 11.796387195587158
Epoch: 15, Steps: 1074 | Train Loss: 0.0876723 Vali Loss: 0.0910818 Test Loss: 0.0645417
Validation loss decreased (0.091345 --> 0.091082).  Saving model ...
Updating learning rate to 2.824295364810001e-05
	iters: 100, epoch: 16 | loss: 0.0623569
	speed: 0.0742s/iter; left time: 1187.3857s
	iters: 200, epoch: 16 | loss: 0.0676066
	speed: 0.0102s/iter; left time: 162.6330s
	iters: 300, epoch: 16 | loss: 0.1276906
	speed: 0.0119s/iter; left time: 188.1018s
	iters: 400, epoch: 16 | loss: 0.0610119
	speed: 0.0114s/iter; left time: 178.9900s
	iters: 500, epoch: 16 | loss: 0.1258561
	speed: 0.0110s/iter; left time: 171.1755s
	iters: 600, epoch: 16 | loss: 0.0959694
	speed: 0.0107s/iter; left time: 166.3214s
	iters: 700, epoch: 16 | loss: 0.1082299
	speed: 0.0105s/iter; left time: 162.0145s
	iters: 800, epoch: 16 | loss: 0.0624548
	speed: 0.0110s/iter; left time: 168.0673s
	iters: 900, epoch: 16 | loss: 0.0976760
	speed: 0.0100s/iter; left time: 151.9423s
	iters: 1000, epoch: 16 | loss: 0.0671122
	speed: 0.0114s/iter; left time: 171.7715s
Epoch: 16 cost time: 11.88147521018982
Epoch: 16, Steps: 1074 | Train Loss: 0.0873114 Vali Loss: 0.0908786 Test Loss: 0.0644752
Validation loss decreased (0.091082 --> 0.090879).  Saving model ...
Updating learning rate to 2.541865828329001e-05
	iters: 100, epoch: 17 | loss: 0.1241209
	speed: 0.0736s/iter; left time: 1099.5552s
	iters: 200, epoch: 17 | loss: 0.0719839
	speed: 0.0110s/iter; left time: 163.3002s
	iters: 300, epoch: 17 | loss: 0.0534064
	speed: 0.0104s/iter; left time: 153.8737s
	iters: 400, epoch: 17 | loss: 0.1224359
	speed: 0.0105s/iter; left time: 153.1232s
	iters: 500, epoch: 17 | loss: 0.1446819
	speed: 0.0109s/iter; left time: 158.9445s
	iters: 600, epoch: 17 | loss: 0.0742469
	speed: 0.0110s/iter; left time: 158.5737s
	iters: 700, epoch: 17 | loss: 0.0795898
	speed: 0.0113s/iter; left time: 161.8780s
	iters: 800, epoch: 17 | loss: 0.0786651
	speed: 0.0112s/iter; left time: 159.5196s
	iters: 900, epoch: 17 | loss: 0.0651166
	speed: 0.0104s/iter; left time: 147.1218s
	iters: 1000, epoch: 17 | loss: 0.0755151
	speed: 0.0109s/iter; left time: 153.1410s
Epoch: 17 cost time: 11.875682830810547
Epoch: 17, Steps: 1074 | Train Loss: 0.0871997 Vali Loss: 0.0906580 Test Loss: 0.0649479
Validation loss decreased (0.090879 --> 0.090658).  Saving model ...
Updating learning rate to 2.287679245496101e-05
	iters: 100, epoch: 18 | loss: 0.0640583
	speed: 0.0746s/iter; left time: 1033.6998s
	iters: 200, epoch: 18 | loss: 0.0701433
	speed: 0.0116s/iter; left time: 159.9252s
	iters: 300, epoch: 18 | loss: 0.1049071
	speed: 0.0109s/iter; left time: 148.4247s
	iters: 400, epoch: 18 | loss: 0.1498781
	speed: 0.0115s/iter; left time: 156.6311s
	iters: 500, epoch: 18 | loss: 0.1313916
	speed: 0.0102s/iter; left time: 137.4237s
	iters: 600, epoch: 18 | loss: 0.0835783
	speed: 0.0112s/iter; left time: 149.8088s
	iters: 700, epoch: 18 | loss: 0.1289107
	speed: 0.0105s/iter; left time: 138.8054s
	iters: 800, epoch: 18 | loss: 0.0600011
	speed: 0.0104s/iter; left time: 136.5383s
	iters: 900, epoch: 18 | loss: 0.0817329
	speed: 0.0106s/iter; left time: 137.9157s
	iters: 1000, epoch: 18 | loss: 0.0678336
	speed: 0.0108s/iter; left time: 140.2185s
Epoch: 18 cost time: 11.882749319076538
Epoch: 18, Steps: 1074 | Train Loss: 0.0867542 Vali Loss: 0.0908571 Test Loss: 0.0642601
EarlyStopping counter: 1 out of 100
Updating learning rate to 2.0589113209464907e-05
	iters: 100, epoch: 19 | loss: 0.0839432
	speed: 0.0726s/iter; left time: 928.2082s
	iters: 200, epoch: 19 | loss: 0.0542297
	speed: 0.0106s/iter; left time: 134.4505s
	iters: 300, epoch: 19 | loss: 0.1123005
	speed: 0.0110s/iter; left time: 138.4491s
	iters: 400, epoch: 19 | loss: 0.1234339
	speed: 0.0113s/iter; left time: 141.1919s
	iters: 500, epoch: 19 | loss: 0.0691059
	speed: 0.0110s/iter; left time: 136.7225s
	iters: 600, epoch: 19 | loss: 0.0459096
	speed: 0.0111s/iter; left time: 136.1785s
	iters: 700, epoch: 19 | loss: 0.0678440
	speed: 0.0113s/iter; left time: 137.6229s
	iters: 800, epoch: 19 | loss: 0.0815809
	speed: 0.0120s/iter; left time: 144.8601s
	iters: 900, epoch: 19 | loss: 0.1116935
	speed: 0.0113s/iter; left time: 135.8024s
	iters: 1000, epoch: 19 | loss: 0.0774560
	speed: 0.0119s/iter; left time: 141.3089s
Epoch: 19 cost time: 12.40064525604248
Epoch: 19, Steps: 1074 | Train Loss: 0.0865394 Vali Loss: 0.0913083 Test Loss: 0.0641908
EarlyStopping counter: 2 out of 100
Updating learning rate to 1.8530201888518416e-05
	iters: 100, epoch: 20 | loss: 0.0673335
	speed: 0.0814s/iter; left time: 954.0218s
	iters: 200, epoch: 20 | loss: 0.1157533
	speed: 0.0112s/iter; left time: 130.0383s
	iters: 300, epoch: 20 | loss: 0.0605447
	speed: 0.0108s/iter; left time: 124.1872s
	iters: 400, epoch: 20 | loss: 0.0982592
	speed: 0.0121s/iter; left time: 138.4571s
	iters: 500, epoch: 20 | loss: 0.1052827
	speed: 0.0116s/iter; left time: 131.0248s
	iters: 600, epoch: 20 | loss: 0.0959711
	speed: 0.0117s/iter; left time: 130.6957s
	iters: 700, epoch: 20 | loss: 0.0707851
	speed: 0.0120s/iter; left time: 133.5761s
	iters: 800, epoch: 20 | loss: 0.0889658
	speed: 0.0119s/iter; left time: 131.0544s
	iters: 900, epoch: 20 | loss: 0.0507872
	speed: 0.0117s/iter; left time: 128.0950s
	iters: 1000, epoch: 20 | loss: 0.0978132
	speed: 0.0116s/iter; left time: 125.6913s
Epoch: 20 cost time: 12.725240468978882
Epoch: 20, Steps: 1074 | Train Loss: 0.0866221 Vali Loss: 0.0905975 Test Loss: 0.0644458
Validation loss decreased (0.090658 --> 0.090598).  Saving model ...
Updating learning rate to 1.6677181699666577e-05
	iters: 100, epoch: 21 | loss: 0.0723739
	speed: 0.0802s/iter; left time: 853.3135s
	iters: 200, epoch: 21 | loss: 0.1033779
	speed: 0.0115s/iter; left time: 121.1475s
	iters: 300, epoch: 21 | loss: 0.0687125
	speed: 0.0137s/iter; left time: 142.7775s
	iters: 400, epoch: 21 | loss: 0.0694630
	speed: 0.0112s/iter; left time: 116.2186s
	iters: 500, epoch: 21 | loss: 0.0947765
	speed: 0.0119s/iter; left time: 122.0590s
	iters: 600, epoch: 21 | loss: 0.0590788
	speed: 0.0121s/iter; left time: 123.0823s
	iters: 700, epoch: 21 | loss: 0.0728053
	speed: 0.0125s/iter; left time: 125.2712s
	iters: 800, epoch: 21 | loss: 0.0806940
	speed: 0.0122s/iter; left time: 121.3912s
	iters: 900, epoch: 21 | loss: 0.0587852
	speed: 0.0116s/iter; left time: 114.0760s
	iters: 1000, epoch: 21 | loss: 0.0979189
	speed: 0.0124s/iter; left time: 120.8306s
Epoch: 21 cost time: 13.318997859954834
Epoch: 21, Steps: 1074 | Train Loss: 0.0861967 Vali Loss: 0.0907330 Test Loss: 0.0645227
EarlyStopping counter: 1 out of 100
Updating learning rate to 1.5009463529699919e-05
	iters: 100, epoch: 22 | loss: 0.0639292
	speed: 0.0784s/iter; left time: 750.1086s
	iters: 200, epoch: 22 | loss: 0.1000196
	speed: 0.0112s/iter; left time: 105.6721s
	iters: 300, epoch: 22 | loss: 0.0781833
	speed: 0.0120s/iter; left time: 112.4398s
	iters: 400, epoch: 22 | loss: 0.0593824
	speed: 0.0116s/iter; left time: 107.6210s
	iters: 500, epoch: 22 | loss: 0.0836638
	speed: 0.0119s/iter; left time: 108.8511s
	iters: 600, epoch: 22 | loss: 0.0432423
	speed: 0.0109s/iter; left time: 98.4659s
	iters: 700, epoch: 22 | loss: 0.0786743
	speed: 0.0124s/iter; left time: 110.9885s
	iters: 800, epoch: 22 | loss: 0.1022392
	speed: 0.0108s/iter; left time: 95.3996s
	iters: 900, epoch: 22 | loss: 0.0577535
	speed: 0.0131s/iter; left time: 114.9678s
	iters: 1000, epoch: 22 | loss: 0.0989149
	speed: 0.0130s/iter; left time: 112.6241s
Epoch: 22 cost time: 12.964592218399048
Epoch: 22, Steps: 1074 | Train Loss: 0.0860138 Vali Loss: 0.0905225 Test Loss: 0.0641500
Validation loss decreased (0.090598 --> 0.090523).  Saving model ...
Updating learning rate to 1.3508517176729929e-05
	iters: 100, epoch: 23 | loss: 0.0953652
	speed: 0.0818s/iter; left time: 695.0496s
	iters: 200, epoch: 23 | loss: 0.0681199
	speed: 0.0118s/iter; left time: 98.7206s
	iters: 300, epoch: 23 | loss: 0.0706829
	speed: 0.0119s/iter; left time: 98.7486s
	iters: 400, epoch: 23 | loss: 0.0905425
	speed: 0.0106s/iter; left time: 86.4579s
	iters: 500, epoch: 23 | loss: 0.0716131
	speed: 0.0141s/iter; left time: 114.2608s
	iters: 600, epoch: 23 | loss: 0.0715139
	speed: 0.0111s/iter; left time: 88.6477s
	iters: 700, epoch: 23 | loss: 0.0847910
	speed: 0.0116s/iter; left time: 91.4103s
	iters: 800, epoch: 23 | loss: 0.0762519
	speed: 0.0129s/iter; left time: 100.6303s
	iters: 900, epoch: 23 | loss: 0.1162750
	speed: 0.0127s/iter; left time: 97.6247s
	iters: 1000, epoch: 23 | loss: 0.0633032
	speed: 0.0130s/iter; left time: 98.9942s
Epoch: 23 cost time: 13.42847752571106
Epoch: 23, Steps: 1074 | Train Loss: 0.0858558 Vali Loss: 0.0902407 Test Loss: 0.0644575
Validation loss decreased (0.090523 --> 0.090241).  Saving model ...
Updating learning rate to 1.2157665459056936e-05
	iters: 100, epoch: 24 | loss: 0.0712753
	speed: 0.0823s/iter; left time: 610.5923s
	iters: 200, epoch: 24 | loss: 0.0473754
	speed: 0.0111s/iter; left time: 80.9979s
	iters: 300, epoch: 24 | loss: 0.1044408
	speed: 0.0112s/iter; left time: 80.5851s
	iters: 400, epoch: 24 | loss: 0.0516136
	speed: 0.0109s/iter; left time: 77.2440s
	iters: 500, epoch: 24 | loss: 0.0802385
	speed: 0.0107s/iter; left time: 74.8774s
	iters: 600, epoch: 24 | loss: 0.0584018
	speed: 0.0117s/iter; left time: 80.6419s
	iters: 700, epoch: 24 | loss: 0.0951293
	speed: 0.0105s/iter; left time: 71.3179s
	iters: 800, epoch: 24 | loss: 0.0733950
	speed: 0.0108s/iter; left time: 72.5750s
	iters: 900, epoch: 24 | loss: 0.0822411
	speed: 0.0117s/iter; left time: 77.2239s
	iters: 1000, epoch: 24 | loss: 0.0849884
	speed: 0.0121s/iter; left time: 78.5971s
Epoch: 24 cost time: 12.47964882850647
Epoch: 24, Steps: 1074 | Train Loss: 0.0858467 Vali Loss: 0.0903188 Test Loss: 0.0642863
EarlyStopping counter: 1 out of 100
Updating learning rate to 1.0941898913151242e-05
	iters: 100, epoch: 25 | loss: 0.0461257
	speed: 0.0801s/iter; left time: 507.9385s
	iters: 200, epoch: 25 | loss: 0.0723877
	speed: 0.0116s/iter; left time: 72.2929s
	iters: 300, epoch: 25 | loss: 0.0630446
	speed: 0.0116s/iter; left time: 71.4138s
	iters: 400, epoch: 25 | loss: 0.0667665
	speed: 0.0113s/iter; left time: 68.1407s
	iters: 500, epoch: 25 | loss: 0.0833790
	speed: 0.0122s/iter; left time: 72.7605s
	iters: 600, epoch: 25 | loss: 0.0602185
	speed: 0.0112s/iter; left time: 65.5624s
	iters: 700, epoch: 25 | loss: 0.0559695
	speed: 0.0113s/iter; left time: 64.7383s
	iters: 800, epoch: 25 | loss: 0.1056659
	speed: 0.0103s/iter; left time: 58.3226s
	iters: 900, epoch: 25 | loss: 0.0784654
	speed: 0.0115s/iter; left time: 63.5577s
	iters: 1000, epoch: 25 | loss: 0.0833052
	speed: 0.0114s/iter; left time: 62.0650s
Epoch: 25 cost time: 12.536540508270264
Epoch: 25, Steps: 1074 | Train Loss: 0.0856928 Vali Loss: 0.0903463 Test Loss: 0.0642043
EarlyStopping counter: 2 out of 100
Updating learning rate to 9.847709021836118e-06
	iters: 100, epoch: 26 | loss: 0.1088136
	speed: 0.0781s/iter; left time: 411.4258s
	iters: 200, epoch: 26 | loss: 0.1017134
	speed: 0.0116s/iter; left time: 59.9060s
	iters: 300, epoch: 26 | loss: 0.1509256
	speed: 0.0106s/iter; left time: 53.8650s
	iters: 400, epoch: 26 | loss: 0.0918582
	speed: 0.0117s/iter; left time: 58.2476s
	iters: 500, epoch: 26 | loss: 0.1051437
	speed: 0.0111s/iter; left time: 53.8979s
	iters: 600, epoch: 26 | loss: 0.1265027
	speed: 0.0120s/iter; left time: 57.3833s
	iters: 700, epoch: 26 | loss: 0.0843695
	speed: 0.0114s/iter; left time: 53.1779s
	iters: 800, epoch: 26 | loss: 0.0738565
	speed: 0.0105s/iter; left time: 47.8488s
	iters: 900, epoch: 26 | loss: 0.0510797
	speed: 0.0124s/iter; left time: 55.4433s
	iters: 1000, epoch: 26 | loss: 0.0711798
	speed: 0.0116s/iter; left time: 50.7415s
Epoch: 26 cost time: 12.41693663597107
Epoch: 26, Steps: 1074 | Train Loss: 0.0854833 Vali Loss: 0.0904811 Test Loss: 0.0640785
EarlyStopping counter: 3 out of 100
Updating learning rate to 8.862938119652508e-06
	iters: 100, epoch: 27 | loss: 0.0795316
	speed: 0.0749s/iter; left time: 314.2038s
	iters: 200, epoch: 27 | loss: 0.0953565
	speed: 0.0120s/iter; left time: 49.0151s
	iters: 300, epoch: 27 | loss: 0.0768696
	speed: 0.0114s/iter; left time: 45.5896s
	iters: 400, epoch: 27 | loss: 0.0843606
	speed: 0.0109s/iter; left time: 42.3926s
	iters: 500, epoch: 27 | loss: 0.0840358
	speed: 0.0106s/iter; left time: 40.1299s
	iters: 600, epoch: 27 | loss: 0.0856262
	speed: 0.0143s/iter; left time: 52.8065s
	iters: 700, epoch: 27 | loss: 0.1561318
	speed: 0.0106s/iter; left time: 38.2727s
	iters: 800, epoch: 27 | loss: 0.0820227
	speed: 0.0111s/iter; left time: 38.7284s
	iters: 900, epoch: 27 | loss: 0.0687932
	speed: 0.0125s/iter; left time: 42.5291s
	iters: 1000, epoch: 27 | loss: 0.0753669
	speed: 0.0115s/iter; left time: 37.7907s
Epoch: 27 cost time: 12.65754222869873
Epoch: 27, Steps: 1074 | Train Loss: 0.0855589 Vali Loss: 0.0901908 Test Loss: 0.0642870
Validation loss decreased (0.090241 --> 0.090191).  Saving model ...
Updating learning rate to 7.976644307687255e-06
	iters: 100, epoch: 28 | loss: 0.0619904
	speed: 0.0798s/iter; left time: 249.2231s
	iters: 200, epoch: 28 | loss: 0.0841535
	speed: 0.0112s/iter; left time: 33.8709s
	iters: 300, epoch: 28 | loss: 0.1064968
	speed: 0.0127s/iter; left time: 37.2402s
	iters: 400, epoch: 28 | loss: 0.0894853
	speed: 0.0111s/iter; left time: 31.3988s
	iters: 500, epoch: 28 | loss: 0.0695684
	speed: 0.0123s/iter; left time: 33.5883s
	iters: 600, epoch: 28 | loss: 0.0910332
	speed: 0.0117s/iter; left time: 30.7529s
	iters: 700, epoch: 28 | loss: 0.0719069
	speed: 0.0118s/iter; left time: 29.8033s
	iters: 800, epoch: 28 | loss: 0.0756334
	speed: 0.0101s/iter; left time: 24.4312s
	iters: 900, epoch: 28 | loss: 0.0593023
	speed: 0.0110s/iter; left time: 25.5115s
	iters: 1000, epoch: 28 | loss: 0.0902732
	speed: 0.0113s/iter; left time: 25.0337s
Epoch: 28 cost time: 12.542786121368408
Epoch: 28, Steps: 1074 | Train Loss: 0.0854858 Vali Loss: 0.0903279 Test Loss: 0.0641539
EarlyStopping counter: 1 out of 100
Updating learning rate to 7.178979876918531e-06
	iters: 100, epoch: 29 | loss: 0.0644517
	speed: 0.0787s/iter; left time: 161.1918s
	iters: 200, epoch: 29 | loss: 0.0698793
	speed: 0.0112s/iter; left time: 21.7921s
	iters: 300, epoch: 29 | loss: 0.0861632
	speed: 0.0104s/iter; left time: 19.2742s
	iters: 400, epoch: 29 | loss: 0.0836111
	speed: 0.0125s/iter; left time: 21.9025s
	iters: 500, epoch: 29 | loss: 0.1122114
	speed: 0.0110s/iter; left time: 18.0606s
	iters: 600, epoch: 29 | loss: 0.0455587
	speed: 0.0113s/iter; left time: 17.4547s
	iters: 700, epoch: 29 | loss: 0.1135968
	speed: 0.0117s/iter; left time: 16.9187s
	iters: 800, epoch: 29 | loss: 0.0662324
	speed: 0.0137s/iter; left time: 18.4957s
	iters: 900, epoch: 29 | loss: 0.1229762
	speed: 0.0112s/iter; left time: 13.9513s
	iters: 1000, epoch: 29 | loss: 0.1029860
	speed: 0.0111s/iter; left time: 12.7647s
Epoch: 29 cost time: 12.737517595291138
Epoch: 29, Steps: 1074 | Train Loss: 0.0855023 Vali Loss: 0.0901377 Test Loss: 0.0641663
Validation loss decreased (0.090191 --> 0.090138).  Saving model ...
Updating learning rate to 6.4610818892266776e-06
	iters: 100, epoch: 30 | loss: 0.0883442
	speed: 0.0820s/iter; left time: 79.9848s
	iters: 200, epoch: 30 | loss: 0.0579505
	speed: 0.0105s/iter; left time: 9.1785s
	iters: 300, epoch: 30 | loss: 0.0812898
	speed: 0.0109s/iter; left time: 8.4638s
	iters: 400, epoch: 30 | loss: 0.1164433
	speed: 0.0139s/iter; left time: 9.3902s
	iters: 500, epoch: 30 | loss: 0.0812043
	speed: 0.0139s/iter; left time: 8.0177s
	iters: 600, epoch: 30 | loss: 0.1129372
	speed: 0.0144s/iter; left time: 6.8481s
	iters: 700, epoch: 30 | loss: 0.0940481
	speed: 0.0140s/iter; left time: 5.2516s
	iters: 800, epoch: 30 | loss: 0.1276417
	speed: 0.0134s/iter; left time: 3.6740s
	iters: 900, epoch: 30 | loss: 0.0786269
	speed: 0.0116s/iter; left time: 2.0380s
	iters: 1000, epoch: 30 | loss: 0.1149558
	speed: 0.0121s/iter; left time: 0.9078s
Epoch: 30 cost time: 13.818653106689453
Epoch: 30, Steps: 1074 | Train Loss: 0.0853683 Vali Loss: 0.0902267 Test Loss: 0.0641059
EarlyStopping counter: 1 out of 100
Updating learning rate to 5.8149737003040096e-06
>>>>>>>testing : ETTm2_96_96_MLPAer_univariate_ETTm2_ftMS_sl96_ll48_pl96_dm512_nh8_el2_dl1_df2048_fc1_ebtimeF_dtTrue_Exp_0<<<<<<<<<<<<<<<<<<<<<<<<<<<<<<<<<
test 11425
mse:0.0641663447022438, mae:0.18199972808361053, rse:0.4119495749473572
