Args in experiment:
Namespace(random_seed=2025, is_training=1, model_id='ETTh1_96_96', model='MLPAer_univariate', data='ETTh1', root_path='./dataset/', data_path='ETTh1.csv', features='MS', target='OT', freq='h', checkpoints='./checkpoints/', seq_len=96, label_len=48, pred_len=96, fc_dropout=0.05, head_dropout=0.7, patch_len=16, stride=8, padding_patch='end', revin=1, affine=0, subtract_last=0, decomposition=0, kernel_size=25, individual=0, embed_type=0, enc_in=7, dec_in=7, c_out=7, d_model=512, n_heads=8, e_layers=2, d_layers=1, d_ff=2048, moving_avg=25, factor=1, distil=True, dropout=0.05, embed='timeF', activation='gelu', output_attention=False, do_predict=False, num_workers=10, itr=1, train_epochs=30, batch_size=128, patience=3, learning_rate=0.0005, des='Exp', loss='mse', lradj='type3', pct_start=0.3, use_amp=False, c_ff=14, t_ff=512, c_dropout=0.0, t_dropout=0.0, embed_dropout=0.0, head_type='prediction', usenorm=1, use_gpu=True, gpu=0, use_multi_gpu=False, devices='0,1,2,3', test_flop=False)
Use GPU: cuda:0
>>>>>>>start training : ETTh1_96_96_MLPAer_univariate_ETTh1_ftMS_sl96_ll48_pl96_dm512_nh8_el2_dl1_df2048_fc1_ebtimeF_dtTrue_Exp_0>>>>>>>>>>>>>>>>>>>>>>>>>>
train 8449
val 2785
test 2785
Epoch: 1 cost time: 5.105977535247803
Epoch: 1, Steps: 66 | Train Loss: 0.2124215 Vali Loss: 0.1188756 Test Loss: 0.0665550
Validation loss decreased (inf --> 0.118876).  Saving model ...
Updating learning rate to 0.0005
Epoch: 2 cost time: 5.063726186752319
Epoch: 2, Steps: 66 | Train Loss: 0.1795849 Vali Loss: 0.1007765 Test Loss: 0.0571231
Validation loss decreased (0.118876 --> 0.100777).  Saving model ...
Updating learning rate to 0.0005
Epoch: 3 cost time: 5.157597064971924
Epoch: 3, Steps: 66 | Train Loss: 0.1670367 Vali Loss: 0.0999727 Test Loss: 0.0565585
Validation loss decreased (0.100777 --> 0.099973).  Saving model ...
Updating learning rate to 0.0005
Epoch: 4 cost time: 4.991976499557495
Epoch: 4, Steps: 66 | Train Loss: 0.1622776 Vali Loss: 0.0999347 Test Loss: 0.0559324
Validation loss decreased (0.099973 --> 0.099935).  Saving model ...
Updating learning rate to 0.00045000000000000004
Epoch: 5 cost time: 5.17353081703186
Epoch: 5, Steps: 66 | Train Loss: 0.1595627 Vali Loss: 0.1002214 Test Loss: 0.0561641
EarlyStopping counter: 1 out of 3
Updating learning rate to 0.00040500000000000003
Epoch: 6 cost time: 5.056103944778442
Epoch: 6, Steps: 66 | Train Loss: 0.1578866 Vali Loss: 0.0987935 Test Loss: 0.0554075
Validation loss decreased (0.099935 --> 0.098794).  Saving model ...
Updating learning rate to 0.0003645000000000001
Epoch: 7 cost time: 5.3612589836120605
Epoch: 7, Steps: 66 | Train Loss: 0.1558783 Vali Loss: 0.1015675 Test Loss: 0.0562041
EarlyStopping counter: 1 out of 3
Updating learning rate to 0.00032805000000000003
Epoch: 8 cost time: 5.451133489608765
Epoch: 8, Steps: 66 | Train Loss: 0.1544377 Vali Loss: 0.1009853 Test Loss: 0.0555707
EarlyStopping counter: 2 out of 3
Updating learning rate to 0.000295245
Epoch: 9 cost time: 5.343526840209961
Epoch: 9, Steps: 66 | Train Loss: 0.1527431 Vali Loss: 0.1020141 Test Loss: 0.0556006
EarlyStopping counter: 3 out of 3
Early stopping
>>>>>>>testing : ETTh1_96_96_MLPAer_univariate_ETTh1_ftMS_sl96_ll48_pl96_dm512_nh8_el2_dl1_df2048_fc1_ebtimeF_dtTrue_Exp_0<<<<<<<<<<<<<<<<<<<<<<<<<<<<<<<<<
test 2785
mse:0.05540752410888672, mae:0.17813429236412048, rse:0.6885033249855042
