Args in experiment:
Namespace(random_seed=2025, is_training=1, model_id='ETTm1_96_720', model='MLPAer_univariate', data='ETTm1', root_path='./dataset/', data_path='ETTm1.csv', features='MS', target='OT', freq='h', checkpoints='./checkpoints/', seq_len=96, label_len=48, pred_len=720, fc_dropout=0.05, head_dropout=0.6, patch_len=16, stride=8, padding_patch='end', revin=1, affine=0, subtract_last=0, decomposition=0, kernel_size=25, individual=0, embed_type=0, enc_in=7, dec_in=7, c_out=7, d_model=512, n_heads=8, e_layers=2, d_layers=1, d_ff=2048, moving_avg=25, factor=1, distil=True, dropout=0.05, embed='timeF', activation='gelu', output_attention=False, do_predict=False, num_workers=10, itr=1, train_epochs=3, batch_size=32, patience=1, learning_rate=0.0001, des='Exp', loss='mse', lradj='type3', pct_start=0.3, use_amp=False, c_ff=7, t_ff=256, c_dropout=0.1, t_dropout=0.4, embed_dropout=0.3, head_type='prediction', usenorm=1, use_gpu=True, gpu=0, use_multi_gpu=False, devices='0,1,2,3', test_flop=False)
Use GPU: cuda:0
>>>>>>>start training : ETTm1_96_720_MLPAer_univariate_ETTm1_ftMS_sl96_ll48_pl720_dm512_nh8_el2_dl1_df2048_fc1_ebtimeF_dtTrue_Exp_0>>>>>>>>>>>>>>>>>>>>>>>>>>
train 33745
val 10801
test 10801
	iters: 100, epoch: 1 | loss: 0.2407950
	speed: 0.0937s/iter; left time: 287.1481s
	iters: 200, epoch: 1 | loss: 0.2407291
	speed: 0.0582s/iter; left time: 172.5188s
	iters: 300, epoch: 1 | loss: 0.2398051
	speed: 0.0566s/iter; left time: 162.0263s
	iters: 400, epoch: 1 | loss: 0.2172868
	speed: 0.0587s/iter; left time: 162.1200s
	iters: 500, epoch: 1 | loss: 0.2042805
	speed: 0.0581s/iter; left time: 154.6690s
	iters: 600, epoch: 1 | loss: 0.2025026
	speed: 0.0576s/iter; left time: 147.5435s
	iters: 700, epoch: 1 | loss: 0.3064246
	speed: 0.0586s/iter; left time: 144.3248s
	iters: 800, epoch: 1 | loss: 0.2174627
	speed: 0.0571s/iter; left time: 134.9832s
	iters: 900, epoch: 1 | loss: 0.2252516
	speed: 0.0574s/iter; left time: 129.9549s
	iters: 1000, epoch: 1 | loss: 0.3227505
	speed: 0.0587s/iter; left time: 127.0211s
Epoch: 1 cost time: 61.57922863960266
Epoch: 1, Steps: 1054 | Train Loss: 0.2526963 Vali Loss: 0.1443193 Test Loss: 0.0822427
Validation loss decreased (inf --> 0.144319).  Saving model ...
Updating learning rate to 0.0001
	iters: 100, epoch: 2 | loss: 0.2420639
	speed: 0.6303s/iter; left time: 1266.1974s
	iters: 200, epoch: 2 | loss: 0.2101496
	speed: 0.0324s/iter; left time: 61.7690s
	iters: 300, epoch: 2 | loss: 0.2678080
	speed: 0.0324s/iter; left time: 58.5894s
	iters: 400, epoch: 2 | loss: 0.1823598
	speed: 0.0331s/iter; left time: 56.6378s
	iters: 500, epoch: 2 | loss: 0.1789955
	speed: 0.0319s/iter; left time: 51.3996s
	iters: 600, epoch: 2 | loss: 0.2544348
	speed: 0.0319s/iter; left time: 48.1307s
	iters: 700, epoch: 2 | loss: 0.2579775
	speed: 0.0328s/iter; left time: 46.1569s
	iters: 800, epoch: 2 | loss: 0.2740999
	speed: 0.0326s/iter; left time: 42.6744s
	iters: 900, epoch: 2 | loss: 0.2330547
	speed: 0.0328s/iter; left time: 39.6433s
	iters: 1000, epoch: 2 | loss: 0.2215970
	speed: 0.0337s/iter; left time: 37.4056s
Epoch: 2 cost time: 34.649056911468506
Epoch: 2, Steps: 1054 | Train Loss: 0.2399904 Vali Loss: 0.1372303 Test Loss: 0.0794040
Validation loss decreased (0.144319 --> 0.137230).  Saving model ...
Updating learning rate to 0.0001
	iters: 100, epoch: 3 | loss: 0.3014856
	speed: 0.4457s/iter; left time: 425.6257s
	iters: 200, epoch: 3 | loss: 0.2128318
	speed: 0.0325s/iter; left time: 27.8072s
	iters: 300, epoch: 3 | loss: 0.1619341
	speed: 0.0327s/iter; left time: 24.7075s
	iters: 400, epoch: 3 | loss: 0.2124032
	speed: 0.0332s/iter; left time: 21.7382s
	iters: 500, epoch: 3 | loss: 0.2023152
	speed: 0.0332s/iter; left time: 18.4331s
	iters: 600, epoch: 3 | loss: 0.2216663
	speed: 0.0344s/iter; left time: 15.6441s
	iters: 700, epoch: 3 | loss: 0.2693256
	speed: 0.0324s/iter; left time: 11.4896s
	iters: 800, epoch: 3 | loss: 0.2747385
	speed: 0.0328s/iter; left time: 8.3763s
	iters: 900, epoch: 3 | loss: 0.1904598
	speed: 0.0327s/iter; left time: 5.0648s
	iters: 1000, epoch: 3 | loss: 0.1965607
	speed: 0.0330s/iter; left time: 1.8170s
Epoch: 3 cost time: 34.91974997520447
Epoch: 3, Steps: 1054 | Train Loss: 0.2355397 Vali Loss: 0.1349097 Test Loss: 0.0792415
Validation loss decreased (0.137230 --> 0.134910).  Saving model ...
Updating learning rate to 0.0001
>>>>>>>testing : ETTm1_96_720_MLPAer_univariate_ETTm1_ftMS_sl96_ll48_pl720_dm512_nh8_el2_dl1_df2048_fc1_ebtimeF_dtTrue_Exp_0<<<<<<<<<<<<<<<<<<<<<<<<<<<<<<<<<
test 10801
mse:0.07924153655767441, mae:0.21618537604808807, rse:0.8476159572601318
