Args in experiment:
Namespace(random_seed=2025, is_training=1, model_id='FR_168_24', model='MLPAer_h', data='custom', root_path='./dataset/EPF/', data_path='FR.csv', features='MS', target='OT', freq='h', checkpoints='./checkpoints/', seq_len=168, label_len=48, pred_len=24, fc_dropout=0.05, head_dropout=0.5, patch_len=16, stride=8, padding_patch='end', revin=1, affine=0, subtract_last=0, decomposition=0, kernel_size=25, individual=0, embed_type=0, enc_in=3, dec_in=7, c_out=7, d_model=256, n_heads=8, e_layers=2, d_layers=1, d_ff=2048, moving_avg=25, factor=1, distil=True, dropout=0.05, embed='timeF', activation='gelu', output_attention=False, do_predict=False, num_workers=10, itr=1, train_epochs=30, batch_size=32, patience=6, learning_rate=0.0001, des='Exp', loss='mse', lradj='type3', pct_start=0.3, use_amp=False, c_ff=8, t_ff=128, c_dropout=0.0, t_dropout=0.0, embed_dropout=0.0, head_type='prediction', usenorm=1, use_gpu=True, gpu=1, use_multi_gpu=False, devices='0,1,2,3', test_flop=False)
Use GPU: cuda:1
>>>>>>>start training : FR_168_24_MLPAer_h_custom_ftMS_sl168_ll48_pl24_dm256_nh8_el2_dl1_df2048_fc1_ebtimeF_dtTrue_Exp_0>>>>>>>>>>>>>>>>>>>>>>>>>>
train 36500
val 5219
test 10460
	iters: 100, epoch: 1 | loss: 0.3316384
	speed: 0.0283s/iter; left time: 965.9259s
	iters: 200, epoch: 1 | loss: 0.3431940
	speed: 0.0081s/iter; left time: 276.0187s
	iters: 300, epoch: 1 | loss: 0.4061199
	speed: 0.0081s/iter; left time: 273.4255s
	iters: 400, epoch: 1 | loss: 0.3473099
	speed: 0.0079s/iter; left time: 267.3132s
	iters: 500, epoch: 1 | loss: 0.4371437
	speed: 0.0082s/iter; left time: 277.4501s
	iters: 600, epoch: 1 | loss: 1.1723914
	speed: 0.0085s/iter; left time: 285.0213s
	iters: 700, epoch: 1 | loss: 0.3323475
	speed: 0.0085s/iter; left time: 285.3250s
	iters: 800, epoch: 1 | loss: 0.3047957
	speed: 0.0079s/iter; left time: 262.3460s
	iters: 900, epoch: 1 | loss: 0.3824250
	speed: 0.0083s/iter; left time: 275.4185s
	iters: 1000, epoch: 1 | loss: 0.3269154
	speed: 0.0080s/iter; left time: 267.0110s
	iters: 1100, epoch: 1 | loss: 0.2831456
	speed: 0.0080s/iter; left time: 263.4240s
Epoch: 1 cost time: 10.0144362449646
Epoch: 1, Steps: 1140 | Train Loss: 0.8383809 Vali Loss: 0.2024785 Test Loss: 0.6219327
Validation loss decreased (inf --> 0.202478).  Saving model ...
Updating learning rate to 0.0001
	iters: 100, epoch: 2 | loss: 0.3882627
	speed: 0.0407s/iter; left time: 1342.2417s
	iters: 200, epoch: 2 | loss: 0.6209882
	speed: 0.0080s/iter; left time: 263.7767s
	iters: 300, epoch: 2 | loss: 0.4783172
	speed: 0.0079s/iter; left time: 259.6484s
	iters: 400, epoch: 2 | loss: 0.3322792
	speed: 0.0081s/iter; left time: 265.5004s
	iters: 500, epoch: 2 | loss: 0.2420944
	speed: 0.0080s/iter; left time: 260.3337s
	iters: 600, epoch: 2 | loss: 0.2057881
	speed: 0.0087s/iter; left time: 282.6681s
	iters: 700, epoch: 2 | loss: 0.1984853
	speed: 0.0091s/iter; left time: 295.9300s
	iters: 800, epoch: 2 | loss: 0.1611915
	speed: 0.0082s/iter; left time: 263.6749s
	iters: 900, epoch: 2 | loss: 0.2519839
	speed: 0.0078s/iter; left time: 251.9419s
	iters: 1000, epoch: 2 | loss: 0.1615147
	speed: 0.0082s/iter; left time: 261.9562s
	iters: 1100, epoch: 2 | loss: 0.2206805
	speed: 0.0081s/iter; left time: 259.0666s
Epoch: 2 cost time: 9.659790754318237
Epoch: 2, Steps: 1140 | Train Loss: 0.6858901 Vali Loss: 0.1088255 Test Loss: 0.4539869
Validation loss decreased (0.202478 --> 0.108825).  Saving model ...
Updating learning rate to 0.0001
	iters: 100, epoch: 3 | loss: 0.1720905
	speed: 0.0406s/iter; left time: 1291.7313s
	iters: 200, epoch: 3 | loss: 0.3898395
	speed: 0.0082s/iter; left time: 260.2321s
	iters: 300, epoch: 3 | loss: 0.4517775
	speed: 0.0081s/iter; left time: 256.6513s
	iters: 400, epoch: 3 | loss: 0.1580566
	speed: 0.0081s/iter; left time: 254.8169s
	iters: 500, epoch: 3 | loss: 0.4618309
	speed: 0.0084s/iter; left time: 262.5741s
	iters: 600, epoch: 3 | loss: 0.1790213
	speed: 0.0082s/iter; left time: 255.2684s
	iters: 700, epoch: 3 | loss: 0.1661409
	speed: 0.0081s/iter; left time: 251.7653s
	iters: 800, epoch: 3 | loss: 1.0409427
	speed: 0.0083s/iter; left time: 257.1282s
	iters: 900, epoch: 3 | loss: 0.1304405
	speed: 0.0082s/iter; left time: 253.2175s
	iters: 1000, epoch: 3 | loss: 0.2034998
	speed: 0.0081s/iter; left time: 251.5915s
	iters: 1100, epoch: 3 | loss: 0.1602869
	speed: 0.0081s/iter; left time: 249.9187s
Epoch: 3 cost time: 9.597797632217407
Epoch: 3, Steps: 1140 | Train Loss: 0.6201042 Vali Loss: 0.1033775 Test Loss: 0.4358214
Validation loss decreased (0.108825 --> 0.103378).  Saving model ...
Updating learning rate to 0.0001
	iters: 100, epoch: 4 | loss: 0.1491179
	speed: 0.0403s/iter; left time: 1237.0396s
	iters: 200, epoch: 4 | loss: 0.1572931
	speed: 0.0082s/iter; left time: 250.0908s
	iters: 300, epoch: 4 | loss: 0.1678103
	speed: 0.0083s/iter; left time: 253.1881s
	iters: 400, epoch: 4 | loss: 0.1523998
	speed: 0.0084s/iter; left time: 254.6772s
	iters: 500, epoch: 4 | loss: 0.1643984
	speed: 0.0081s/iter; left time: 244.1312s
	iters: 600, epoch: 4 | loss: 0.1585599
	speed: 0.0082s/iter; left time: 248.8190s
	iters: 700, epoch: 4 | loss: 0.1333307
	speed: 0.0083s/iter; left time: 249.2188s
	iters: 800, epoch: 4 | loss: 0.3159898
	speed: 0.0084s/iter; left time: 250.9753s
	iters: 900, epoch: 4 | loss: 0.1737134
	speed: 0.0083s/iter; left time: 248.1957s
	iters: 1000, epoch: 4 | loss: 0.1477398
	speed: 0.0082s/iter; left time: 245.4546s
	iters: 1100, epoch: 4 | loss: 0.3935962
	speed: 0.0083s/iter; left time: 244.9655s
Epoch: 4 cost time: 9.716269493103027
Epoch: 4, Steps: 1140 | Train Loss: 0.5946803 Vali Loss: 0.0980573 Test Loss: 0.4277434
Validation loss decreased (0.103378 --> 0.098057).  Saving model ...
Updating learning rate to 9e-05
	iters: 100, epoch: 5 | loss: 0.2656372
	speed: 0.0397s/iter; left time: 1173.7181s
	iters: 200, epoch: 5 | loss: 0.2406255
	speed: 0.0081s/iter; left time: 237.8962s
	iters: 300, epoch: 5 | loss: 0.1540038
	speed: 0.0081s/iter; left time: 236.8491s
	iters: 400, epoch: 5 | loss: 0.2479337
	speed: 0.0079s/iter; left time: 230.1782s
	iters: 500, epoch: 5 | loss: 0.1833376
	speed: 0.0083s/iter; left time: 243.0758s
	iters: 600, epoch: 5 | loss: 0.1231224
	speed: 0.0080s/iter; left time: 233.3850s
	iters: 700, epoch: 5 | loss: 0.1531457
	speed: 0.0082s/iter; left time: 236.4562s
	iters: 800, epoch: 5 | loss: 0.3405333
	speed: 0.0080s/iter; left time: 231.8076s
	iters: 900, epoch: 5 | loss: 0.1179545
	speed: 0.0081s/iter; left time: 233.1929s
	iters: 1000, epoch: 5 | loss: 0.1515822
	speed: 0.0080s/iter; left time: 229.5247s
	iters: 1100, epoch: 5 | loss: 0.3797556
	speed: 0.0081s/iter; left time: 231.4486s
Epoch: 5 cost time: 9.509775638580322
Epoch: 5, Steps: 1140 | Train Loss: 0.5719438 Vali Loss: 0.0927637 Test Loss: 0.4194619
Validation loss decreased (0.098057 --> 0.092764).  Saving model ...
Updating learning rate to 8.1e-05
	iters: 100, epoch: 6 | loss: 0.1637616
	speed: 0.0406s/iter; left time: 1152.4196s
	iters: 200, epoch: 6 | loss: 0.1287315
	speed: 0.0081s/iter; left time: 230.5076s
	iters: 300, epoch: 6 | loss: 0.5057750
	speed: 0.0080s/iter; left time: 226.6679s
	iters: 400, epoch: 6 | loss: 0.2845143
	speed: 0.0084s/iter; left time: 235.4967s
	iters: 500, epoch: 6 | loss: 0.1223412
	speed: 0.0081s/iter; left time: 227.8007s
	iters: 600, epoch: 6 | loss: 0.1888009
	speed: 0.0084s/iter; left time: 234.8978s
	iters: 700, epoch: 6 | loss: 0.0857821
	speed: 0.0080s/iter; left time: 223.3043s
	iters: 800, epoch: 6 | loss: 0.4461584
	speed: 0.0080s/iter; left time: 220.7164s
	iters: 900, epoch: 6 | loss: 0.1147843
	speed: 0.0079s/iter; left time: 218.9103s
	iters: 1000, epoch: 6 | loss: 0.1678209
	speed: 0.0081s/iter; left time: 223.1569s
	iters: 1100, epoch: 6 | loss: 0.1674589
	speed: 0.0081s/iter; left time: 222.3548s
Epoch: 6 cost time: 9.57939600944519
Epoch: 6, Steps: 1140 | Train Loss: 0.5519072 Vali Loss: 0.0883806 Test Loss: 0.4118425
Validation loss decreased (0.092764 --> 0.088381).  Saving model ...
Updating learning rate to 7.290000000000001e-05
	iters: 100, epoch: 7 | loss: 0.1932938
	speed: 0.0409s/iter; left time: 1114.1548s
	iters: 200, epoch: 7 | loss: 0.1035328
	speed: 0.0082s/iter; left time: 221.7441s
	iters: 300, epoch: 7 | loss: 0.1718914
	speed: 0.0081s/iter; left time: 219.5499s
	iters: 400, epoch: 7 | loss: 0.1449167
	speed: 0.0084s/iter; left time: 227.0204s
	iters: 500, epoch: 7 | loss: 0.1418822
	speed: 0.0082s/iter; left time: 220.9020s
	iters: 600, epoch: 7 | loss: 0.1146731
	speed: 0.0080s/iter; left time: 215.4086s
	iters: 700, epoch: 7 | loss: 0.2211178
	speed: 0.0081s/iter; left time: 215.8505s
	iters: 800, epoch: 7 | loss: 0.1494637
	speed: 0.0082s/iter; left time: 218.9882s
	iters: 900, epoch: 7 | loss: 0.1466672
	speed: 0.0080s/iter; left time: 211.5788s
	iters: 1000, epoch: 7 | loss: 0.1189930
	speed: 0.0082s/iter; left time: 215.9307s
	iters: 1100, epoch: 7 | loss: 0.2474942
	speed: 0.0080s/iter; left time: 211.0992s
Epoch: 7 cost time: 9.603572607040405
Epoch: 7, Steps: 1140 | Train Loss: 0.5323215 Vali Loss: 0.0865307 Test Loss: 0.4090606
Validation loss decreased (0.088381 --> 0.086531).  Saving model ...
Updating learning rate to 6.561e-05
	iters: 100, epoch: 8 | loss: 0.1435622
	speed: 0.0413s/iter; left time: 1079.8592s
	iters: 200, epoch: 8 | loss: 0.0973519
	speed: 0.0082s/iter; left time: 213.6202s
	iters: 300, epoch: 8 | loss: 0.1067280
	speed: 0.0081s/iter; left time: 210.8079s
	iters: 400, epoch: 8 | loss: 0.2402018
	speed: 0.0082s/iter; left time: 212.3515s
	iters: 500, epoch: 8 | loss: 0.1889013
	speed: 0.0080s/iter; left time: 205.2039s
	iters: 600, epoch: 8 | loss: 0.1367821
	speed: 0.0081s/iter; left time: 207.7698s
	iters: 700, epoch: 8 | loss: 0.1985076
	speed: 0.0080s/iter; left time: 204.7971s
	iters: 800, epoch: 8 | loss: 0.1194762
	speed: 0.0079s/iter; left time: 201.9985s
	iters: 900, epoch: 8 | loss: 0.2297597
	speed: 0.0081s/iter; left time: 204.1149s
	iters: 1000, epoch: 8 | loss: 0.0954253
	speed: 0.0083s/iter; left time: 209.1999s
	iters: 1100, epoch: 8 | loss: 0.1145482
	speed: 0.0081s/iter; left time: 204.2279s
Epoch: 8 cost time: 9.557751178741455
Epoch: 8, Steps: 1140 | Train Loss: 0.5214831 Vali Loss: 0.0866262 Test Loss: 0.4120291
EarlyStopping counter: 1 out of 6
Updating learning rate to 5.904900000000001e-05
	iters: 100, epoch: 9 | loss: 0.1115140
	speed: 0.0406s/iter; left time: 1014.4838s
	iters: 200, epoch: 9 | loss: 0.1114471
	speed: 0.0082s/iter; left time: 202.8651s
	iters: 300, epoch: 9 | loss: 0.1328636
	speed: 0.0080s/iter; left time: 198.2223s
	iters: 400, epoch: 9 | loss: 0.1318770
	speed: 0.0081s/iter; left time: 199.9698s
	iters: 500, epoch: 9 | loss: 0.1274525
	speed: 0.0083s/iter; left time: 202.8113s
	iters: 600, epoch: 9 | loss: 0.1286059
	speed: 0.0084s/iter; left time: 205.2068s
	iters: 700, epoch: 9 | loss: 0.1469971
	speed: 0.0081s/iter; left time: 196.4526s
	iters: 800, epoch: 9 | loss: 0.1319662
	speed: 0.0081s/iter; left time: 196.6921s
	iters: 900, epoch: 9 | loss: 0.1690797
	speed: 0.0082s/iter; left time: 198.5257s
	iters: 1000, epoch: 9 | loss: 0.1382352
	speed: 0.0080s/iter; left time: 192.4972s
	iters: 1100, epoch: 9 | loss: 0.1568343
	speed: 0.0080s/iter; left time: 191.7281s
Epoch: 9 cost time: 9.562551736831665
Epoch: 9, Steps: 1140 | Train Loss: 0.5140981 Vali Loss: 0.0849839 Test Loss: 0.4079660
Validation loss decreased (0.086531 --> 0.084984).  Saving model ...
Updating learning rate to 5.3144100000000005e-05
	iters: 100, epoch: 10 | loss: 0.1052984
	speed: 0.0407s/iter; left time: 971.4933s
	iters: 200, epoch: 10 | loss: 0.2010009
	speed: 0.0084s/iter; left time: 198.6455s
	iters: 300, epoch: 10 | loss: 0.1634133
	speed: 0.0078s/iter; left time: 185.1527s
	iters: 400, epoch: 10 | loss: 0.1346216
	speed: 0.0079s/iter; left time: 186.3856s
	iters: 500, epoch: 10 | loss: 0.2163146
	speed: 0.0080s/iter; left time: 188.4419s
	iters: 600, epoch: 10 | loss: 0.1182204
	speed: 0.0080s/iter; left time: 186.5734s
	iters: 700, epoch: 10 | loss: 0.1583431
	speed: 0.0080s/iter; left time: 186.2394s
	iters: 800, epoch: 10 | loss: 0.1765196
	speed: 0.0081s/iter; left time: 188.4171s
	iters: 900, epoch: 10 | loss: 0.3753611
	speed: 0.0082s/iter; left time: 188.2159s
	iters: 1000, epoch: 10 | loss: 15.9754105
	speed: 0.0079s/iter; left time: 180.7985s
	iters: 1100, epoch: 10 | loss: 0.1150340
	speed: 0.0080s/iter; left time: 181.7883s
Epoch: 10 cost time: 9.463692665100098
Epoch: 10, Steps: 1140 | Train Loss: 0.5048044 Vali Loss: 0.0832133 Test Loss: 0.4062254
Validation loss decreased (0.084984 --> 0.083213).  Saving model ...
Updating learning rate to 4.782969000000001e-05
	iters: 100, epoch: 11 | loss: 0.2555714
	speed: 0.0401s/iter; left time: 911.0365s
	iters: 200, epoch: 11 | loss: 0.1544773
	speed: 0.0081s/iter; left time: 183.4488s
	iters: 300, epoch: 11 | loss: 0.1221499
	speed: 0.0084s/iter; left time: 187.9841s
	iters: 400, epoch: 11 | loss: 0.1232330
	speed: 0.0084s/iter; left time: 187.1184s
	iters: 500, epoch: 11 | loss: 0.1107477
	speed: 0.0081s/iter; left time: 180.4208s
	iters: 600, epoch: 11 | loss: 0.1102033
	speed: 0.0082s/iter; left time: 182.3561s
	iters: 700, epoch: 11 | loss: 0.1409215
	speed: 0.0084s/iter; left time: 186.5873s
	iters: 800, epoch: 11 | loss: 0.1537015
	speed: 0.0083s/iter; left time: 183.0312s
	iters: 900, epoch: 11 | loss: 0.2111483
	speed: 0.0081s/iter; left time: 177.2546s
	iters: 1000, epoch: 11 | loss: 0.1522537
	speed: 0.0081s/iter; left time: 176.2561s
	iters: 1100, epoch: 11 | loss: 0.1078499
	speed: 0.0084s/iter; left time: 181.5814s
Epoch: 11 cost time: 9.656848669052124
Epoch: 11, Steps: 1140 | Train Loss: 0.4976945 Vali Loss: 0.0837597 Test Loss: 0.4070713
EarlyStopping counter: 1 out of 6
Updating learning rate to 4.304672100000001e-05
	iters: 100, epoch: 12 | loss: 0.1167230
	speed: 0.0394s/iter; left time: 848.7976s
	iters: 200, epoch: 12 | loss: 0.1023341
	speed: 0.0082s/iter; left time: 175.7802s
	iters: 300, epoch: 12 | loss: 0.1219833
	speed: 0.0081s/iter; left time: 172.3586s
	iters: 400, epoch: 12 | loss: 0.1572848
	speed: 0.0082s/iter; left time: 173.9644s
	iters: 500, epoch: 12 | loss: 0.1242602
	speed: 0.0082s/iter; left time: 174.3084s
	iters: 600, epoch: 12 | loss: 0.1281826
	speed: 0.0079s/iter; left time: 166.8157s
	iters: 700, epoch: 12 | loss: 0.1063374
	speed: 0.0081s/iter; left time: 170.7471s
	iters: 800, epoch: 12 | loss: 0.1153378
	speed: 0.0082s/iter; left time: 170.6870s
	iters: 900, epoch: 12 | loss: 0.1598057
	speed: 0.0083s/iter; left time: 172.6013s
	iters: 1000, epoch: 12 | loss: 0.1140319
	speed: 0.0081s/iter; left time: 167.7331s
	iters: 1100, epoch: 12 | loss: 0.1437255
	speed: 0.0081s/iter; left time: 166.4664s
Epoch: 12 cost time: 9.566205739974976
Epoch: 12, Steps: 1140 | Train Loss: 0.4923689 Vali Loss: 0.0817163 Test Loss: 0.4039710
Validation loss decreased (0.083213 --> 0.081716).  Saving model ...
Updating learning rate to 3.874204890000001e-05
	iters: 100, epoch: 13 | loss: 0.1528029
	speed: 0.0400s/iter; left time: 817.6019s
	iters: 200, epoch: 13 | loss: 0.1193009
	speed: 0.0080s/iter; left time: 162.2668s
	iters: 300, epoch: 13 | loss: 0.1149278
	speed: 0.0079s/iter; left time: 160.5647s
	iters: 400, epoch: 13 | loss: 0.1279732
	speed: 0.0080s/iter; left time: 160.6255s
	iters: 500, epoch: 13 | loss: 0.1743113
	speed: 0.0080s/iter; left time: 160.8794s
	iters: 600, epoch: 13 | loss: 0.1094050
	speed: 0.0080s/iter; left time: 159.3615s
	iters: 700, epoch: 13 | loss: 0.1123525
	speed: 0.0080s/iter; left time: 158.0101s
	iters: 800, epoch: 13 | loss: 0.1149473
	speed: 0.0082s/iter; left time: 161.1575s
	iters: 900, epoch: 13 | loss: 0.1307738
	speed: 0.0081s/iter; left time: 159.4711s
	iters: 1000, epoch: 13 | loss: 0.1449365
	speed: 0.0079s/iter; left time: 154.8484s
	iters: 1100, epoch: 13 | loss: 0.1820869
	speed: 0.0079s/iter; left time: 153.1731s
Epoch: 13 cost time: 9.413845300674438
Epoch: 13, Steps: 1140 | Train Loss: 0.4855592 Vali Loss: 0.0817732 Test Loss: 0.4038331
EarlyStopping counter: 1 out of 6
Updating learning rate to 3.486784401000001e-05
	iters: 100, epoch: 14 | loss: 0.1053164
	speed: 0.0401s/iter; left time: 773.5876s
	iters: 200, epoch: 14 | loss: 0.1934252
	speed: 0.0081s/iter; left time: 156.0271s
	iters: 300, epoch: 14 | loss: 0.1624037
	speed: 0.0081s/iter; left time: 154.2056s
	iters: 400, epoch: 14 | loss: 0.1077519
	speed: 0.0080s/iter; left time: 151.8581s
	iters: 500, epoch: 14 | loss: 0.1707130
	speed: 0.0081s/iter; left time: 152.8678s
	iters: 600, epoch: 14 | loss: 0.1310125
	speed: 0.0081s/iter; left time: 151.8196s
	iters: 700, epoch: 14 | loss: 0.0968507
	speed: 0.0081s/iter; left time: 151.3355s
	iters: 800, epoch: 14 | loss: 0.0967094
	speed: 0.0081s/iter; left time: 151.1148s
	iters: 900, epoch: 14 | loss: 0.0854902
	speed: 0.0081s/iter; left time: 150.0094s
	iters: 1000, epoch: 14 | loss: 0.1159629
	speed: 0.0082s/iter; left time: 149.8510s
	iters: 1100, epoch: 14 | loss: 0.1580708
	speed: 0.0081s/iter; left time: 147.1665s
Epoch: 14 cost time: 9.515914916992188
Epoch: 14, Steps: 1140 | Train Loss: 0.4799835 Vali Loss: 0.0820871 Test Loss: 0.4052865
EarlyStopping counter: 2 out of 6
Updating learning rate to 3.138105960900001e-05
	iters: 100, epoch: 15 | loss: 0.1047980
	speed: 0.0408s/iter; left time: 741.0511s
	iters: 200, epoch: 15 | loss: 0.0937469
	speed: 0.0082s/iter; left time: 147.8719s
	iters: 300, epoch: 15 | loss: 0.1258391
	speed: 0.0085s/iter; left time: 152.6041s
	iters: 400, epoch: 15 | loss: 0.2341351
	speed: 0.0080s/iter; left time: 143.5933s
	iters: 500, epoch: 15 | loss: 0.1363627
	speed: 0.0083s/iter; left time: 146.5680s
	iters: 600, epoch: 15 | loss: 0.0986701
	speed: 0.0081s/iter; left time: 142.3371s
	iters: 700, epoch: 15 | loss: 0.1153329
	speed: 0.0080s/iter; left time: 139.5257s
	iters: 800, epoch: 15 | loss: 0.1679991
	speed: 0.0081s/iter; left time: 140.4893s
	iters: 900, epoch: 15 | loss: 0.5508079
	speed: 0.0082s/iter; left time: 141.4796s
	iters: 1000, epoch: 15 | loss: 0.1682350
	speed: 0.0082s/iter; left time: 141.2340s
	iters: 1100, epoch: 15 | loss: 0.2666959
	speed: 0.0080s/iter; left time: 136.3432s
Epoch: 15 cost time: 9.599139928817749
Epoch: 15, Steps: 1140 | Train Loss: 0.4766676 Vali Loss: 0.0810006 Test Loss: 0.4046452
Validation loss decreased (0.081716 --> 0.081001).  Saving model ...
Updating learning rate to 2.824295364810001e-05
	iters: 100, epoch: 16 | loss: 0.1286230
	speed: 0.0402s/iter; left time: 683.3680s
	iters: 200, epoch: 16 | loss: 0.1199231
	speed: 0.0082s/iter; left time: 139.3077s
	iters: 300, epoch: 16 | loss: 0.1218887
	speed: 0.0082s/iter; left time: 137.8561s
	iters: 400, epoch: 16 | loss: 0.0900322
	speed: 0.0082s/iter; left time: 137.3059s
	iters: 500, epoch: 16 | loss: 0.2009778
	speed: 0.0080s/iter; left time: 133.1856s
	iters: 600, epoch: 16 | loss: 0.1503896
	speed: 0.0080s/iter; left time: 132.1190s
	iters: 700, epoch: 16 | loss: 0.1292506
	speed: 0.0080s/iter; left time: 130.4580s
	iters: 800, epoch: 16 | loss: 0.1768843
	speed: 0.0081s/iter; left time: 131.2581s
	iters: 900, epoch: 16 | loss: 0.1640832
	speed: 0.0082s/iter; left time: 132.5108s
	iters: 1000, epoch: 16 | loss: 0.3826137
	speed: 0.0080s/iter; left time: 129.1189s
	iters: 1100, epoch: 16 | loss: 0.7808182
	speed: 0.0082s/iter; left time: 131.1998s
Epoch: 16 cost time: 9.514642477035522
Epoch: 16, Steps: 1140 | Train Loss: 0.4758858 Vali Loss: 0.0811387 Test Loss: 0.4043537
EarlyStopping counter: 1 out of 6
Updating learning rate to 2.541865828329001e-05
	iters: 100, epoch: 17 | loss: 0.1111236
	speed: 0.0404s/iter; left time: 640.4759s
	iters: 200, epoch: 17 | loss: 0.0907663
	speed: 0.0083s/iter; left time: 130.6482s
	iters: 300, epoch: 17 | loss: 0.4619715
	speed: 0.0082s/iter; left time: 129.1035s
	iters: 400, epoch: 17 | loss: 0.1238320
	speed: 0.0080s/iter; left time: 125.1800s
	iters: 500, epoch: 17 | loss: 0.1444071
	speed: 0.0083s/iter; left time: 127.9563s
	iters: 600, epoch: 17 | loss: 0.2864908
	speed: 0.0081s/iter; left time: 123.8721s
	iters: 700, epoch: 17 | loss: 0.3713805
	speed: 0.0082s/iter; left time: 125.8381s
	iters: 800, epoch: 17 | loss: 0.1415717
	speed: 0.0079s/iter; left time: 120.5232s
	iters: 900, epoch: 17 | loss: 0.0892536
	speed: 0.0081s/iter; left time: 122.3358s
	iters: 1000, epoch: 17 | loss: 0.1570091
	speed: 0.0079s/iter; left time: 118.5081s
	iters: 1100, epoch: 17 | loss: 0.1668414
	speed: 0.0079s/iter; left time: 117.6618s
Epoch: 17 cost time: 9.555701971054077
Epoch: 17, Steps: 1140 | Train Loss: 0.4732451 Vali Loss: 0.0801368 Test Loss: 0.4037162
Validation loss decreased (0.081001 --> 0.080137).  Saving model ...
Updating learning rate to 2.287679245496101e-05
	iters: 100, epoch: 18 | loss: 0.8943469
	speed: 0.0400s/iter; left time: 588.2942s
	iters: 200, epoch: 18 | loss: 0.1486747
	speed: 0.0082s/iter; left time: 119.3638s
	iters: 300, epoch: 18 | loss: 0.1286706
	speed: 0.0083s/iter; left time: 119.9679s
	iters: 400, epoch: 18 | loss: 0.1262011
	speed: 0.0081s/iter; left time: 116.7937s
	iters: 500, epoch: 18 | loss: 0.2309406
	speed: 0.0082s/iter; left time: 117.3808s
	iters: 600, epoch: 18 | loss: 0.1449070
	speed: 0.0085s/iter; left time: 120.9252s
	iters: 700, epoch: 18 | loss: 0.2533859
	speed: 0.0082s/iter; left time: 115.1100s
	iters: 800, epoch: 18 | loss: 0.1185982
	speed: 0.0081s/iter; left time: 112.9312s
	iters: 900, epoch: 18 | loss: 0.0983162
	speed: 0.0084s/iter; left time: 116.5727s
	iters: 1000, epoch: 18 | loss: 0.1485586
	speed: 0.0082s/iter; left time: 113.9285s
	iters: 1100, epoch: 18 | loss: 0.1105276
	speed: 0.0081s/iter; left time: 111.2438s
Epoch: 18 cost time: 9.688184261322021
Epoch: 18, Steps: 1140 | Train Loss: 0.4631730 Vali Loss: 0.0806421 Test Loss: 0.4034665
EarlyStopping counter: 1 out of 6
Updating learning rate to 2.0589113209464907e-05
	iters: 100, epoch: 19 | loss: 0.1021312
	speed: 0.0416s/iter; left time: 564.8785s
	iters: 200, epoch: 19 | loss: 0.0716051
	speed: 0.0086s/iter; left time: 115.9267s
	iters: 300, epoch: 19 | loss: 0.1381468
	speed: 0.0081s/iter; left time: 107.8110s
	iters: 400, epoch: 19 | loss: 0.1341510
	speed: 0.0080s/iter; left time: 106.6410s
	iters: 500, epoch: 19 | loss: 0.1546379
	speed: 0.0082s/iter; left time: 107.8057s
	iters: 600, epoch: 19 | loss: 0.1187431
	speed: 0.0081s/iter; left time: 106.2401s
	iters: 700, epoch: 19 | loss: 0.1691355
	speed: 0.0081s/iter; left time: 104.9247s
	iters: 800, epoch: 19 | loss: 0.4559352
	speed: 0.0082s/iter; left time: 106.1715s
	iters: 900, epoch: 19 | loss: 0.1165591
	speed: 0.0082s/iter; left time: 104.2318s
	iters: 1000, epoch: 19 | loss: 0.1648490
	speed: 0.0076s/iter; left time: 97.0046s
	iters: 1100, epoch: 19 | loss: 0.1723338
	speed: 0.0076s/iter; left time: 95.8391s
Epoch: 19 cost time: 9.553819417953491
