Args in experiment:
Namespace(random_seed=2025, is_training=1, model_id='weather_96_192', model='MLPAer_univariate', data='custom', root_path='./dataset/', data_path='weather.csv', features='MS', target='OT', freq='h', checkpoints='./checkpoints/', seq_len=96, label_len=48, pred_len=192, fc_dropout=0.05, head_dropout=0.6, patch_len=16, stride=8, padding_patch='end', revin=1, affine=0, subtract_last=0, decomposition=0, kernel_size=25, individual=0, embed_type=0, enc_in=21, dec_in=7, c_out=7, d_model=2048, n_heads=8, e_layers=2, d_layers=1, d_ff=2048, moving_avg=25, factor=1, distil=True, dropout=0.05, embed='timeF', activation='gelu', output_attention=False, do_predict=False, num_workers=10, itr=1, train_epochs=30, batch_size=64, patience=3, learning_rate=0.0001, des='Exp', loss='mse', lradj='type3', pct_start=0.3, use_amp=False, c_ff=21, t_ff=512, c_dropout=0.1, t_dropout=0.4, embed_dropout=0.1, head_type='prediction', usenorm=1, use_gpu=True, gpu=0, use_multi_gpu=False, devices='0,1,2,3', test_flop=False)
Use GPU: cuda:0
>>>>>>>start training : weather_96_192_MLPAer_univariate_custom_ftMS_sl96_ll48_pl192_dm2048_nh8_el2_dl1_df2048_fc1_ebtimeF_dtTrue_Exp_0>>>>>>>>>>>>>>>>>>>>>>>>>>
train 36600
val 5079
test 10348
	iters: 100, epoch: 1 | loss: 1.1479725
	speed: 0.0713s/iter; left time: 1213.6716s
	iters: 200, epoch: 1 | loss: 2.5206494
	speed: 0.0436s/iter; left time: 738.0557s
	iters: 300, epoch: 1 | loss: 1.6279763
	speed: 0.0449s/iter; left time: 755.3119s
	iters: 400, epoch: 1 | loss: 0.0030270
	speed: 0.0440s/iter; left time: 736.5538s
	iters: 500, epoch: 1 | loss: 0.7259958
	speed: 0.0458s/iter; left time: 761.2377s
Epoch: 1 cost time: 26.039676904678345
Epoch: 1, Steps: 571 | Train Loss: 1.2126369 Vali Loss: 0.0036310 Test Loss: 0.0015280
Validation loss decreased (inf --> 0.003631).  Saving model ...
Updating learning rate to 0.0001
	iters: 100, epoch: 2 | loss: 0.0027571
	speed: 0.2845s/iter; left time: 4682.9793s
	iters: 200, epoch: 2 | loss: 2.9807563
	speed: 0.0455s/iter; left time: 743.8563s
	iters: 300, epoch: 2 | loss: 0.0031209
	speed: 0.0426s/iter; left time: 692.3537s
	iters: 400, epoch: 2 | loss: 1.1549958
	speed: 0.0451s/iter; left time: 728.0702s
	iters: 500, epoch: 2 | loss: 0.0029291
	speed: 0.0449s/iter; left time: 721.3427s
Epoch: 2 cost time: 26.15367341041565
Epoch: 2, Steps: 571 | Train Loss: 1.0320723 Vali Loss: 0.0037759 Test Loss: 0.0015737
EarlyStopping counter: 1 out of 3
Updating learning rate to 0.0001
	iters: 100, epoch: 3 | loss: 0.0033318
	speed: 0.2907s/iter; left time: 4618.2319s
	iters: 200, epoch: 3 | loss: 0.0421008
	speed: 0.0465s/iter; left time: 734.4410s
	iters: 300, epoch: 3 | loss: 0.9685436
	speed: 0.0446s/iter; left time: 699.7539s
	iters: 400, epoch: 3 | loss: 0.0032818
	speed: 0.0457s/iter; left time: 712.5418s
	iters: 500, epoch: 3 | loss: 0.0028855
	speed: 0.0465s/iter; left time: 720.8690s
Epoch: 3 cost time: 26.53117609024048
Epoch: 3, Steps: 571 | Train Loss: 0.9984743 Vali Loss: 0.0037781 Test Loss: 0.0015834
EarlyStopping counter: 2 out of 3
Updating learning rate to 0.0001
	iters: 100, epoch: 4 | loss: 0.2799813
	speed: 0.2570s/iter; left time: 3936.3071s
	iters: 200, epoch: 4 | loss: 0.0031179
	speed: 0.0409s/iter; left time: 622.4394s
	iters: 300, epoch: 4 | loss: 2.0772798
	speed: 0.0267s/iter; left time: 403.9409s
	iters: 400, epoch: 4 | loss: 0.0029912
	speed: 0.0230s/iter; left time: 345.8563s
	iters: 500, epoch: 4 | loss: 0.0908349
	speed: 0.0248s/iter; left time: 369.7579s
Epoch: 4 cost time: 18.318450689315796
Epoch: 4, Steps: 571 | Train Loss: 0.9910650 Vali Loss: 0.0036354 Test Loss: 0.0015505
EarlyStopping counter: 3 out of 3
Early stopping
>>>>>>>testing : weather_96_192_MLPAer_univariate_custom_ftMS_sl96_ll48_pl192_dm2048_nh8_el2_dl1_df2048_fc1_ebtimeF_dtTrue_Exp_0<<<<<<<<<<<<<<<<<<<<<<<<<<<<<<<<<
test 10348
mse:0.001528022694401443, mae:0.029285341501235962, rse:0.9163092970848083
