Args in experiment:
Namespace(random_seed=2025, is_training=1, model_id='ETTm1_96_720', model='MLPAer_only_channel', data='ETTm1', root_path='./dataset/', data_path='ETTm1.csv', features='M', target='OT', freq='h', checkpoints='./checkpoints/', seq_len=96, label_len=48, pred_len=720, fc_dropout=0.05, head_dropout=0.6, patch_len=16, stride=8, padding_patch='end', revin=1, affine=0, subtract_last=0, decomposition=0, kernel_size=25, individual=0, embed_type=0, enc_in=7, dec_in=7, c_out=7, d_model=512, n_heads=8, e_layers=2, d_layers=1, d_ff=2048, moving_avg=25, factor=1, distil=True, dropout=0.05, embed='timeF', activation='gelu', output_attention=False, do_predict=False, num_workers=10, itr=1, train_epochs=30, batch_size=32, patience=100, learning_rate=0.0001, des='Exp', loss='mse', lradj='type3', pct_start=0.3, use_amp=False, c_ff=7, t_ff=1024, c_dropout=0.1, t_dropout=0.4, embed_dropout=0.2, head_type='prediction', usenorm=1, use_gpu=True, gpu=0, use_multi_gpu=False, devices='0,1,2,3', test_flop=False)
Use GPU: cuda:0
>>>>>>>start training : ETTm1_96_720_MLPAer_only_channel_ETTm1_ftM_sl96_ll48_pl720_dm512_nh8_el2_dl1_df2048_fc1_ebtimeF_dtTrue_Exp_0>>>>>>>>>>>>>>>>>>>>>>>>>>
train 33745
val 10801
test 10801
	iters: 100, epoch: 1 | loss: 0.5774302
	speed: 0.0313s/iter; left time: 987.8279s
	iters: 200, epoch: 1 | loss: 0.6332055
	speed: 0.0095s/iter; left time: 298.6619s
	iters: 300, epoch: 1 | loss: 0.6002802
	speed: 0.0102s/iter; left time: 319.4588s
	iters: 400, epoch: 1 | loss: 0.5909257
	speed: 0.0100s/iter; left time: 312.6475s
	iters: 500, epoch: 1 | loss: 0.6783717
	speed: 0.0102s/iter; left time: 318.7101s
	iters: 600, epoch: 1 | loss: 0.5871223
	speed: 0.0094s/iter; left time: 290.5061s
	iters: 700, epoch: 1 | loss: 0.7030580
	speed: 0.0101s/iter; left time: 311.5975s
	iters: 800, epoch: 1 | loss: 0.6505281
	speed: 0.0101s/iter; left time: 310.4727s
	iters: 900, epoch: 1 | loss: 0.6116158
	speed: 0.0093s/iter; left time: 284.5509s
	iters: 1000, epoch: 1 | loss: 0.6229961
	speed: 0.0090s/iter; left time: 276.2475s
Epoch: 1 cost time: 10.706013202667236
Epoch: 1, Steps: 1054 | Train Loss: 0.6151125 Vali Loss: 1.2729657 Test Loss: 0.7165416
Validation loss decreased (inf --> 1.272966).  Saving model ...
Updating learning rate to 0.0001
	iters: 100, epoch: 2 | loss: 0.6671508
	speed: 0.0743s/iter; left time: 2264.8530s
	iters: 200, epoch: 2 | loss: 0.6053787
	speed: 0.0090s/iter; left time: 273.7932s
	iters: 300, epoch: 2 | loss: 0.5681249
	speed: 0.0089s/iter; left time: 270.7693s
	iters: 400, epoch: 2 | loss: 0.5712165
	speed: 0.0089s/iter; left time: 267.3602s
	iters: 500, epoch: 2 | loss: 0.5232031
	speed: 0.0097s/iter; left time: 291.2064s
	iters: 600, epoch: 2 | loss: 0.6121848
	speed: 0.0090s/iter; left time: 270.7902s
	iters: 700, epoch: 2 | loss: 0.6017225
	speed: 0.0090s/iter; left time: 268.5277s
	iters: 800, epoch: 2 | loss: 0.5408174
	speed: 0.0090s/iter; left time: 268.0324s
	iters: 900, epoch: 2 | loss: 0.5748329
	speed: 0.0104s/iter; left time: 307.9837s
	iters: 1000, epoch: 2 | loss: 0.4633710
	speed: 0.0093s/iter; left time: 273.9844s
Epoch: 2 cost time: 9.964900255203247
Epoch: 2, Steps: 1054 | Train Loss: 0.5105338 Vali Loss: 0.9996732 Test Loss: 0.4832757
Validation loss decreased (1.272966 --> 0.999673).  Saving model ...
Updating learning rate to 0.0001
	iters: 100, epoch: 3 | loss: 0.4451965
	speed: 0.0760s/iter; left time: 2235.4399s
	iters: 200, epoch: 3 | loss: 0.5041268
	speed: 0.0114s/iter; left time: 334.9269s
	iters: 300, epoch: 3 | loss: 0.4576904
	speed: 0.0091s/iter; left time: 266.9721s
	iters: 400, epoch: 3 | loss: 0.5312740
	speed: 0.0105s/iter; left time: 305.5016s
	iters: 500, epoch: 3 | loss: 0.5208195
	speed: 0.0089s/iter; left time: 257.9722s
	iters: 600, epoch: 3 | loss: 0.4880423
	speed: 0.0091s/iter; left time: 264.3970s
	iters: 700, epoch: 3 | loss: 0.5231599
	speed: 0.0093s/iter; left time: 267.9772s
	iters: 800, epoch: 3 | loss: 0.4375735
	speed: 0.0105s/iter; left time: 302.5954s
	iters: 900, epoch: 3 | loss: 0.4451434
	speed: 0.0090s/iter; left time: 258.7732s
	iters: 1000, epoch: 3 | loss: 0.4035394
	speed: 0.0118s/iter; left time: 336.0648s
Epoch: 3 cost time: 10.598694801330566
Epoch: 3, Steps: 1054 | Train Loss: 0.4816699 Vali Loss: 0.9891360 Test Loss: 0.4732602
Validation loss decreased (0.999673 --> 0.989136).  Saving model ...
Updating learning rate to 0.0001
	iters: 100, epoch: 4 | loss: 0.5235990
	speed: 0.0754s/iter; left time: 2138.2380s
	iters: 200, epoch: 4 | loss: 0.5263559
	speed: 0.0106s/iter; left time: 298.8531s
	iters: 300, epoch: 4 | loss: 0.4689779
	speed: 0.0096s/iter; left time: 269.2839s
	iters: 400, epoch: 4 | loss: 0.5590662
	speed: 0.0095s/iter; left time: 267.3628s
	iters: 500, epoch: 4 | loss: 0.4560380
	speed: 0.0091s/iter; left time: 253.5859s
	iters: 600, epoch: 4 | loss: 0.5086856
	speed: 0.0097s/iter; left time: 269.1775s
	iters: 700, epoch: 4 | loss: 0.4561737
	speed: 0.0101s/iter; left time: 280.8969s
	iters: 800, epoch: 4 | loss: 0.5522117
	speed: 0.0111s/iter; left time: 306.3002s
	iters: 900, epoch: 4 | loss: 0.4694105
	speed: 0.0099s/iter; left time: 271.8702s
	iters: 1000, epoch: 4 | loss: 0.4510340
	speed: 0.0099s/iter; left time: 272.5500s
Epoch: 4 cost time: 10.707902431488037
Epoch: 4, Steps: 1054 | Train Loss: 0.4726310 Vali Loss: 0.9846342 Test Loss: 0.4681865
Validation loss decreased (0.989136 --> 0.984634).  Saving model ...
Updating learning rate to 9e-05
	iters: 100, epoch: 5 | loss: 0.4246781
	speed: 0.0752s/iter; left time: 2052.5028s
	iters: 200, epoch: 5 | loss: 0.4556007
	speed: 0.0091s/iter; left time: 247.5870s
	iters: 300, epoch: 5 | loss: 0.5090684
	speed: 0.0096s/iter; left time: 259.4697s
	iters: 400, epoch: 5 | loss: 0.5167859
	speed: 0.0096s/iter; left time: 259.6197s
	iters: 500, epoch: 5 | loss: 0.4579346
	speed: 0.0097s/iter; left time: 261.8187s
	iters: 600, epoch: 5 | loss: 0.4822197
	speed: 0.0101s/iter; left time: 270.7685s
	iters: 700, epoch: 5 | loss: 0.4689409
	speed: 0.0101s/iter; left time: 270.9693s
	iters: 800, epoch: 5 | loss: 0.4425340
	speed: 0.0109s/iter; left time: 290.3351s
	iters: 900, epoch: 5 | loss: 0.5124651
	speed: 0.0090s/iter; left time: 237.5918s
	iters: 1000, epoch: 5 | loss: 0.4817185
	speed: 0.0089s/iter; left time: 234.6775s
Epoch: 5 cost time: 10.401740550994873
Epoch: 5, Steps: 1054 | Train Loss: 0.4665510 Vali Loss: 0.9810860 Test Loss: 0.4650486
Validation loss decreased (0.984634 --> 0.981086).  Saving model ...
Updating learning rate to 8.1e-05
	iters: 100, epoch: 6 | loss: 0.4759006
	speed: 0.0753s/iter; left time: 1976.4112s
	iters: 200, epoch: 6 | loss: 0.4752309
	speed: 0.0099s/iter; left time: 259.1990s
	iters: 300, epoch: 6 | loss: 0.4585685
	speed: 0.0110s/iter; left time: 286.7371s
	iters: 400, epoch: 6 | loss: 0.4705593
	speed: 0.0091s/iter; left time: 237.1810s
	iters: 500, epoch: 6 | loss: 0.3710293
	speed: 0.0094s/iter; left time: 242.2040s
	iters: 600, epoch: 6 | loss: 0.3956385
	speed: 0.0091s/iter; left time: 234.3379s
	iters: 700, epoch: 6 | loss: 0.4302953
	speed: 0.0090s/iter; left time: 231.1799s
	iters: 800, epoch: 6 | loss: 0.4780858
	speed: 0.0090s/iter; left time: 229.6329s
	iters: 900, epoch: 6 | loss: 0.4750272
	speed: 0.0100s/iter; left time: 255.1140s
	iters: 1000, epoch: 6 | loss: 0.4421854
	speed: 0.0092s/iter; left time: 233.5148s
Epoch: 6 cost time: 10.32408094406128
Epoch: 6, Steps: 1054 | Train Loss: 0.4623800 Vali Loss: 0.9783488 Test Loss: 0.4640230
Validation loss decreased (0.981086 --> 0.978349).  Saving model ...
Updating learning rate to 7.290000000000001e-05
	iters: 100, epoch: 7 | loss: 0.4827934
	speed: 0.0750s/iter; left time: 1888.7492s
	iters: 200, epoch: 7 | loss: 0.4172051
	speed: 0.0099s/iter; left time: 249.7072s
	iters: 300, epoch: 7 | loss: 0.4510874
	speed: 0.0097s/iter; left time: 243.5413s
	iters: 400, epoch: 7 | loss: 0.3670939
	speed: 0.0102s/iter; left time: 254.8043s
	iters: 500, epoch: 7 | loss: 0.4574575
	speed: 0.0089s/iter; left time: 220.6613s
	iters: 600, epoch: 7 | loss: 0.4974480
	speed: 0.0108s/iter; left time: 267.8855s
	iters: 700, epoch: 7 | loss: 0.4150436
	speed: 0.0099s/iter; left time: 243.6101s
	iters: 800, epoch: 7 | loss: 0.4688487
	speed: 0.0109s/iter; left time: 267.2596s
	iters: 900, epoch: 7 | loss: 0.4511909
	speed: 0.0089s/iter; left time: 217.6060s
	iters: 1000, epoch: 7 | loss: 0.4229527
	speed: 0.0110s/iter; left time: 266.7524s
Epoch: 7 cost time: 10.822389125823975
Epoch: 7, Steps: 1054 | Train Loss: 0.4592866 Vali Loss: 0.9740952 Test Loss: 0.4654460
Validation loss decreased (0.978349 --> 0.974095).  Saving model ...
Updating learning rate to 6.561e-05
	iters: 100, epoch: 8 | loss: 0.4358592
	speed: 0.0762s/iter; left time: 1839.1830s
	iters: 200, epoch: 8 | loss: 0.4108189
	speed: 0.0098s/iter; left time: 234.5707s
	iters: 300, epoch: 8 | loss: 0.4962679
	speed: 0.0097s/iter; left time: 233.1409s
	iters: 400, epoch: 8 | loss: 0.5108635
	speed: 0.0104s/iter; left time: 248.0806s
	iters: 500, epoch: 8 | loss: 0.4463218
	speed: 0.0097s/iter; left time: 231.2540s
	iters: 600, epoch: 8 | loss: 0.5126237
	speed: 0.0100s/iter; left time: 236.8229s
	iters: 700, epoch: 8 | loss: 0.3970339
	speed: 0.0101s/iter; left time: 236.8538s
	iters: 800, epoch: 8 | loss: 0.5073091
	speed: 0.0101s/iter; left time: 237.2464s
	iters: 900, epoch: 8 | loss: 0.5064263
	speed: 0.0098s/iter; left time: 229.2612s
	iters: 1000, epoch: 8 | loss: 0.5127121
	speed: 0.0099s/iter; left time: 230.4057s
Epoch: 8 cost time: 10.722185611724854
Epoch: 8, Steps: 1054 | Train Loss: 0.4570136 Vali Loss: 0.9750738 Test Loss: 0.4621563
EarlyStopping counter: 1 out of 100
Updating learning rate to 5.904900000000001e-05
	iters: 100, epoch: 9 | loss: 0.4519697
	speed: 0.0770s/iter; left time: 1776.7421s
	iters: 200, epoch: 9 | loss: 0.3954073
	speed: 0.0103s/iter; left time: 235.7204s
	iters: 300, epoch: 9 | loss: 0.4595324
	speed: 0.0100s/iter; left time: 228.7182s
	iters: 400, epoch: 9 | loss: 0.4430093
	speed: 0.0095s/iter; left time: 217.3920s
	iters: 500, epoch: 9 | loss: 0.4251570
	speed: 0.0091s/iter; left time: 206.1433s
	iters: 600, epoch: 9 | loss: 0.3826133
	speed: 0.0094s/iter; left time: 213.4619s
	iters: 700, epoch: 9 | loss: 0.4983308
	speed: 0.0097s/iter; left time: 217.0500s
	iters: 800, epoch: 9 | loss: 0.5104893
	speed: 0.0132s/iter; left time: 294.9547s
	iters: 900, epoch: 9 | loss: 0.4546638
	speed: 0.0117s/iter; left time: 261.8473s
	iters: 1000, epoch: 9 | loss: 0.4080087
	speed: 0.0093s/iter; left time: 205.3613s
Epoch: 9 cost time: 11.165330410003662
Epoch: 9, Steps: 1054 | Train Loss: 0.4550669 Vali Loss: 0.9728168 Test Loss: 0.4630428
Validation loss decreased (0.974095 --> 0.972817).  Saving model ...
Updating learning rate to 5.3144100000000005e-05
	iters: 100, epoch: 10 | loss: 0.4183912
	speed: 0.0774s/iter; left time: 1706.1523s
	iters: 200, epoch: 10 | loss: 0.4125098
	speed: 0.0096s/iter; left time: 210.3564s
	iters: 300, epoch: 10 | loss: 0.4650098
	speed: 0.0091s/iter; left time: 197.9007s
	iters: 400, epoch: 10 | loss: 0.3996326
	speed: 0.0092s/iter; left time: 199.9847s
	iters: 500, epoch: 10 | loss: 0.4385392
	speed: 0.0093s/iter; left time: 200.5884s
	iters: 600, epoch: 10 | loss: 0.4680631
	speed: 0.0096s/iter; left time: 206.5035s
	iters: 700, epoch: 10 | loss: 0.3979196
	speed: 0.0098s/iter; left time: 209.7266s
	iters: 800, epoch: 10 | loss: 0.4667917
	speed: 0.0093s/iter; left time: 197.7624s
	iters: 900, epoch: 10 | loss: 0.4063352
	speed: 0.0090s/iter; left time: 191.2901s
	iters: 1000, epoch: 10 | loss: 0.4199953
	speed: 0.0118s/iter; left time: 249.0912s
Epoch: 10 cost time: 10.537559747695923
Epoch: 10, Steps: 1054 | Train Loss: 0.4536087 Vali Loss: 0.9730952 Test Loss: 0.4619925
EarlyStopping counter: 1 out of 100
Updating learning rate to 4.782969000000001e-05
	iters: 100, epoch: 11 | loss: 0.3835690
	speed: 0.0789s/iter; left time: 1656.3291s
	iters: 200, epoch: 11 | loss: 0.4566914
	speed: 0.0093s/iter; left time: 195.0491s
	iters: 300, epoch: 11 | loss: 0.4716100
	speed: 0.0096s/iter; left time: 199.5928s
	iters: 400, epoch: 11 | loss: 0.4955716
	speed: 0.0093s/iter; left time: 192.6031s
	iters: 500, epoch: 11 | loss: 0.5603369
	speed: 0.0090s/iter; left time: 184.7884s
	iters: 600, epoch: 11 | loss: 0.4748665
	speed: 0.0091s/iter; left time: 186.3213s
	iters: 700, epoch: 11 | loss: 0.5418869
	speed: 0.0100s/iter; left time: 204.7682s
	iters: 800, epoch: 11 | loss: 0.4519590
	speed: 0.0102s/iter; left time: 207.4150s
	iters: 900, epoch: 11 | loss: 0.4644439
	speed: 0.0091s/iter; left time: 183.4975s
	iters: 1000, epoch: 11 | loss: 0.5168857
	speed: 0.0104s/iter; left time: 209.7791s
Epoch: 11 cost time: 10.369649171829224
Epoch: 11, Steps: 1054 | Train Loss: 0.4521677 Vali Loss: 0.9712310 Test Loss: 0.4643947
Validation loss decreased (0.972817 --> 0.971231).  Saving model ...
Updating learning rate to 4.304672100000001e-05
	iters: 100, epoch: 12 | loss: 0.4406866
	speed: 0.0752s/iter; left time: 1498.7469s
	iters: 200, epoch: 12 | loss: 0.4712068
	speed: 0.0098s/iter; left time: 195.1776s
	iters: 300, epoch: 12 | loss: 0.4415981
	speed: 0.0098s/iter; left time: 193.3457s
	iters: 400, epoch: 12 | loss: 0.4362825
	speed: 0.0105s/iter; left time: 206.1729s
	iters: 500, epoch: 12 | loss: 0.4015403
	speed: 0.0098s/iter; left time: 191.6800s
	iters: 600, epoch: 12 | loss: 0.5334048
	speed: 0.0098s/iter; left time: 189.7481s
	iters: 700, epoch: 12 | loss: 0.4064701
	speed: 0.0099s/iter; left time: 191.5800s
	iters: 800, epoch: 12 | loss: 0.4773641
	speed: 0.0104s/iter; left time: 199.7032s
	iters: 900, epoch: 12 | loss: 0.4867538
	speed: 0.0108s/iter; left time: 206.2307s
	iters: 1000, epoch: 12 | loss: 0.4708027
	speed: 0.0103s/iter; left time: 196.8998s
Epoch: 12 cost time: 10.893249034881592
Epoch: 12, Steps: 1054 | Train Loss: 0.4508285 Vali Loss: 0.9702777 Test Loss: 0.4629593
Validation loss decreased (0.971231 --> 0.970278).  Saving model ...
Updating learning rate to 3.874204890000001e-05
	iters: 100, epoch: 13 | loss: 0.4514862
	speed: 0.0757s/iter; left time: 1429.1705s
	iters: 200, epoch: 13 | loss: 0.3858019
	speed: 0.0099s/iter; left time: 185.1820s
	iters: 300, epoch: 13 | loss: 0.4668967
	speed: 0.0099s/iter; left time: 184.1112s
	iters: 400, epoch: 13 | loss: 0.5456524
	speed: 0.0098s/iter; left time: 181.3836s
	iters: 500, epoch: 13 | loss: 0.5152944
	speed: 0.0117s/iter; left time: 216.4620s
	iters: 600, epoch: 13 | loss: 0.3841984
	speed: 0.0104s/iter; left time: 191.5102s
	iters: 700, epoch: 13 | loss: 0.3891998
	speed: 0.0115s/iter; left time: 210.2528s
	iters: 800, epoch: 13 | loss: 0.4617808
	speed: 0.0104s/iter; left time: 189.3889s
	iters: 900, epoch: 13 | loss: 0.4321521
	speed: 0.0090s/iter; left time: 163.0420s
	iters: 1000, epoch: 13 | loss: 0.4627740
	speed: 0.0115s/iter; left time: 206.5880s
Epoch: 13 cost time: 11.155860662460327
Epoch: 13, Steps: 1054 | Train Loss: 0.4503115 Vali Loss: 0.9698708 Test Loss: 0.4631127
Validation loss decreased (0.970278 --> 0.969871).  Saving model ...
Updating learning rate to 3.486784401000001e-05
	iters: 100, epoch: 14 | loss: 0.4208907
	speed: 0.0755s/iter; left time: 1344.6333s
	iters: 200, epoch: 14 | loss: 0.4831561
	speed: 0.0088s/iter; left time: 156.7697s
	iters: 300, epoch: 14 | loss: 0.3980865
	speed: 0.0092s/iter; left time: 162.3734s
	iters: 400, epoch: 14 | loss: 0.4031466
	speed: 0.0098s/iter; left time: 171.2543s
	iters: 500, epoch: 14 | loss: 0.5367021
	speed: 0.0094s/iter; left time: 162.9147s
	iters: 600, epoch: 14 | loss: 0.4728981
	speed: 0.0096s/iter; left time: 166.2146s
	iters: 700, epoch: 14 | loss: 0.3923557
	speed: 0.0099s/iter; left time: 170.0936s
	iters: 800, epoch: 14 | loss: 0.4389383
	speed: 0.0103s/iter; left time: 175.5029s
	iters: 900, epoch: 14 | loss: 0.4555929
	speed: 0.0117s/iter; left time: 199.6105s
	iters: 1000, epoch: 14 | loss: 0.4269211
	speed: 0.0118s/iter; left time: 199.1644s
Epoch: 14 cost time: 10.790245532989502
Epoch: 14, Steps: 1054 | Train Loss: 0.4494090 Vali Loss: 0.9697390 Test Loss: 0.4628693
Validation loss decreased (0.969871 --> 0.969739).  Saving model ...
Updating learning rate to 3.138105960900001e-05
	iters: 100, epoch: 15 | loss: 0.3893269
	speed: 0.0889s/iter; left time: 1491.0188s
	iters: 200, epoch: 15 | loss: 0.5147242
	speed: 0.0123s/iter; left time: 205.5806s
	iters: 300, epoch: 15 | loss: 0.3706720
	speed: 0.0090s/iter; left time: 149.5392s
	iters: 400, epoch: 15 | loss: 0.4671453
	speed: 0.0090s/iter; left time: 147.5335s
	iters: 500, epoch: 15 | loss: 0.4371548
	speed: 0.0092s/iter; left time: 151.0103s
	iters: 600, epoch: 15 | loss: 0.4337652
	speed: 0.0093s/iter; left time: 151.5282s
	iters: 700, epoch: 15 | loss: 0.5012943
	speed: 0.0090s/iter; left time: 145.0166s
	iters: 800, epoch: 15 | loss: 0.4673820
	speed: 0.0101s/iter; left time: 161.7938s
	iters: 900, epoch: 15 | loss: 0.4350768
	speed: 0.0104s/iter; left time: 165.2939s
	iters: 1000, epoch: 15 | loss: 0.4017631
	speed: 0.0089s/iter; left time: 141.5713s
Epoch: 15 cost time: 10.449383974075317
Epoch: 15, Steps: 1054 | Train Loss: 0.4483931 Vali Loss: 0.9697225 Test Loss: 0.4623281
Validation loss decreased (0.969739 --> 0.969723).  Saving model ...
Updating learning rate to 2.824295364810001e-05
	iters: 100, epoch: 16 | loss: 0.4362108
	speed: 0.0753s/iter; left time: 1182.7992s
	iters: 200, epoch: 16 | loss: 0.4827730
	speed: 0.0098s/iter; left time: 153.7271s
	iters: 300, epoch: 16 | loss: 0.4714784
	speed: 0.0093s/iter; left time: 144.4855s
	iters: 400, epoch: 16 | loss: 0.4092660
	speed: 0.0100s/iter; left time: 153.4025s
	iters: 500, epoch: 16 | loss: 0.3677893
	speed: 0.0093s/iter; left time: 142.3587s
	iters: 600, epoch: 16 | loss: 0.4695379
	speed: 0.0112s/iter; left time: 171.0395s
	iters: 700, epoch: 16 | loss: 0.5410944
	speed: 0.0106s/iter; left time: 159.8251s
	iters: 800, epoch: 16 | loss: 0.5150586
	speed: 0.0107s/iter; left time: 160.0414s
	iters: 900, epoch: 16 | loss: 0.4699091
	speed: 0.0103s/iter; left time: 153.1617s
	iters: 1000, epoch: 16 | loss: 0.4049872
	speed: 0.0092s/iter; left time: 136.4152s
Epoch: 16 cost time: 10.635198593139648
Epoch: 16, Steps: 1054 | Train Loss: 0.4481816 Vali Loss: 0.9691156 Test Loss: 0.4632958
Validation loss decreased (0.969723 --> 0.969116).  Saving model ...
Updating learning rate to 2.541865828329001e-05
	iters: 100, epoch: 17 | loss: 0.3852682
	speed: 0.0756s/iter; left time: 1107.8320s
	iters: 200, epoch: 17 | loss: 0.4776514
	speed: 0.0090s/iter; left time: 131.5560s
	iters: 300, epoch: 17 | loss: 0.4886517
	speed: 0.0106s/iter; left time: 153.2734s
	iters: 400, epoch: 17 | loss: 0.4306468
	speed: 0.0093s/iter; left time: 133.8987s
	iters: 500, epoch: 17 | loss: 0.5088263
	speed: 0.0091s/iter; left time: 129.4926s
	iters: 600, epoch: 17 | loss: 0.5822624
	speed: 0.0093s/iter; left time: 132.2042s
	iters: 700, epoch: 17 | loss: 0.4214356
	speed: 0.0092s/iter; left time: 128.7430s
	iters: 800, epoch: 17 | loss: 0.4589788
	speed: 0.0108s/iter; left time: 151.1309s
	iters: 900, epoch: 17 | loss: 0.4341742
	speed: 0.0101s/iter; left time: 139.9344s
	iters: 1000, epoch: 17 | loss: 0.4279361
	speed: 0.0118s/iter; left time: 162.4296s
Epoch: 17 cost time: 10.645925998687744
Epoch: 17, Steps: 1054 | Train Loss: 0.4473442 Vali Loss: 0.9692151 Test Loss: 0.4622569
EarlyStopping counter: 1 out of 100
Updating learning rate to 2.287679245496101e-05
	iters: 100, epoch: 18 | loss: 0.4294266
	speed: 0.0772s/iter; left time: 1050.4041s
	iters: 200, epoch: 18 | loss: 0.4633472
	speed: 0.0090s/iter; left time: 122.1291s
	iters: 300, epoch: 18 | loss: 0.3975004
	speed: 0.0091s/iter; left time: 122.0388s
	iters: 400, epoch: 18 | loss: 0.3400591
	speed: 0.0095s/iter; left time: 127.0370s
	iters: 500, epoch: 18 | loss: 0.4392760
	speed: 0.0090s/iter; left time: 118.6031s
	iters: 600, epoch: 18 | loss: 0.3801785
	speed: 0.0100s/iter; left time: 131.5346s
	iters: 700, epoch: 18 | loss: 0.3771680
	speed: 0.0094s/iter; left time: 122.4137s
	iters: 800, epoch: 18 | loss: 0.4597557
	speed: 0.0091s/iter; left time: 117.7944s
	iters: 900, epoch: 18 | loss: 0.4013247
	speed: 0.0093s/iter; left time: 118.5322s
	iters: 1000, epoch: 18 | loss: 0.4884863
	speed: 0.0097s/iter; left time: 123.1130s
Epoch: 18 cost time: 10.091476917266846
Epoch: 18, Steps: 1054 | Train Loss: 0.4469576 Vali Loss: 0.9696397 Test Loss: 0.4621235
EarlyStopping counter: 2 out of 100
Updating learning rate to 2.0589113209464907e-05
	iters: 100, epoch: 19 | loss: 0.4380165
	speed: 0.0725s/iter; left time: 909.9017s
	iters: 200, epoch: 19 | loss: 0.4448949
	speed: 0.0093s/iter; left time: 115.8833s
	iters: 300, epoch: 19 | loss: 0.4160427
	speed: 0.0096s/iter; left time: 118.0842s
	iters: 400, epoch: 19 | loss: 0.4423878
	speed: 0.0099s/iter; left time: 121.3048s
	iters: 500, epoch: 19 | loss: 0.5258766
	speed: 0.0092s/iter; left time: 111.3608s
	iters: 600, epoch: 19 | loss: 0.4695092
	speed: 0.0102s/iter; left time: 122.6328s
	iters: 700, epoch: 19 | loss: 0.4522911
	speed: 0.0092s/iter; left time: 109.7849s
	iters: 800, epoch: 19 | loss: 0.3908072
	speed: 0.0091s/iter; left time: 107.4404s
	iters: 900, epoch: 19 | loss: 0.4553865
	speed: 0.0091s/iter; left time: 107.3365s
	iters: 1000, epoch: 19 | loss: 0.4547127
	speed: 0.0090s/iter; left time: 105.2988s
Epoch: 19 cost time: 9.997423648834229
Epoch: 19, Steps: 1054 | Train Loss: 0.4463141 Vali Loss: 0.9683031 Test Loss: 0.4626088
Validation loss decreased (0.969116 --> 0.968303).  Saving model ...
Updating learning rate to 1.8530201888518416e-05
	iters: 100, epoch: 20 | loss: 0.4450575
	speed: 0.0753s/iter; left time: 865.3092s
	iters: 200, epoch: 20 | loss: 0.5314383
	speed: 0.0095s/iter; left time: 108.6209s
	iters: 300, epoch: 20 | loss: 0.5039294
	speed: 0.0091s/iter; left time: 102.6286s
	iters: 400, epoch: 20 | loss: 0.4906721
	speed: 0.0096s/iter; left time: 107.5076s
	iters: 500, epoch: 20 | loss: 0.4335538
	speed: 0.0094s/iter; left time: 104.3019s
	iters: 600, epoch: 20 | loss: 0.4620408
	speed: 0.0115s/iter; left time: 126.5250s
	iters: 700, epoch: 20 | loss: 0.5080050
	speed: 0.0092s/iter; left time: 100.2662s
	iters: 800, epoch: 20 | loss: 0.4252725
	speed: 0.0105s/iter; left time: 113.2608s
	iters: 900, epoch: 20 | loss: 0.4833014
	speed: 0.0093s/iter; left time: 99.2763s
	iters: 1000, epoch: 20 | loss: 0.5097965
	speed: 0.0094s/iter; left time: 99.3897s
Epoch: 20 cost time: 10.436381578445435
Epoch: 20, Steps: 1054 | Train Loss: 0.4461526 Vali Loss: 0.9685631 Test Loss: 0.4623054
EarlyStopping counter: 1 out of 100
Updating learning rate to 1.6677181699666577e-05
	iters: 100, epoch: 21 | loss: 0.3994309
	speed: 0.0747s/iter; left time: 779.4337s
	iters: 200, epoch: 21 | loss: 0.4195783
	speed: 0.0090s/iter; left time: 92.9173s
	iters: 300, epoch: 21 | loss: 0.3982091
	speed: 0.0096s/iter; left time: 98.1771s
	iters: 400, epoch: 21 | loss: 0.3524988
	speed: 0.0106s/iter; left time: 107.7406s
	iters: 500, epoch: 21 | loss: 0.4510818
	speed: 0.0090s/iter; left time: 90.6865s
	iters: 600, epoch: 21 | loss: 0.4421256
	speed: 0.0103s/iter; left time: 102.2437s
	iters: 700, epoch: 21 | loss: 0.4444662
	speed: 0.0090s/iter; left time: 88.9152s
	iters: 800, epoch: 21 | loss: 0.4559248
	speed: 0.0090s/iter; left time: 87.6095s
	iters: 900, epoch: 21 | loss: 0.3876299
	speed: 0.0091s/iter; left time: 87.8974s
	iters: 1000, epoch: 21 | loss: 0.4649176
	speed: 0.0100s/iter; left time: 95.5557s
Epoch: 21 cost time: 10.37681245803833
Epoch: 21, Steps: 1054 | Train Loss: 0.4454898 Vali Loss: 0.9686874 Test Loss: 0.4622343
EarlyStopping counter: 2 out of 100
Updating learning rate to 1.5009463529699919e-05
	iters: 100, epoch: 22 | loss: 0.3866697
	speed: 0.0746s/iter; left time: 699.8830s
	iters: 200, epoch: 22 | loss: 0.4781805
	speed: 0.0094s/iter; left time: 87.3674s
	iters: 300, epoch: 22 | loss: 0.3802980
	speed: 0.0090s/iter; left time: 82.8191s
	iters: 400, epoch: 22 | loss: 0.4421615
	speed: 0.0091s/iter; left time: 82.3773s
	iters: 500, epoch: 22 | loss: 0.4469087
	speed: 0.0090s/iter; left time: 80.7822s
	iters: 600, epoch: 22 | loss: 0.4190679
	speed: 0.0090s/iter; left time: 79.7746s
	iters: 700, epoch: 22 | loss: 0.3547373
	speed: 0.0090s/iter; left time: 79.4328s
	iters: 800, epoch: 22 | loss: 0.3725084
	speed: 0.0098s/iter; left time: 85.3728s
	iters: 900, epoch: 22 | loss: 0.5046899
	speed: 0.0099s/iter; left time: 84.6886s
	iters: 1000, epoch: 22 | loss: 0.4291637
	speed: 0.0093s/iter; left time: 79.0702s
Epoch: 22 cost time: 9.929692506790161
Epoch: 22, Steps: 1054 | Train Loss: 0.4456289 Vali Loss: 0.9678777 Test Loss: 0.4623211
Validation loss decreased (0.968303 --> 0.967878).  Saving model ...
Updating learning rate to 1.3508517176729929e-05
	iters: 100, epoch: 23 | loss: 0.4165851
	speed: 0.0777s/iter; left time: 647.5563s
	iters: 200, epoch: 23 | loss: 0.4683852
	speed: 0.0100s/iter; left time: 82.3281s
	iters: 300, epoch: 23 | loss: 0.4609174
	speed: 0.0091s/iter; left time: 73.9644s
	iters: 400, epoch: 23 | loss: 0.4885451
	speed: 0.0090s/iter; left time: 72.5247s
	iters: 500, epoch: 23 | loss: 0.4292307
	speed: 0.0101s/iter; left time: 80.4764s
	iters: 600, epoch: 23 | loss: 0.4389470
	speed: 0.0100s/iter; left time: 78.0949s
	iters: 700, epoch: 23 | loss: 0.4838011
	speed: 0.0104s/iter; left time: 80.1650s
	iters: 800, epoch: 23 | loss: 0.4562266
	speed: 0.0102s/iter; left time: 77.5443s
	iters: 900, epoch: 23 | loss: 0.3907445
	speed: 0.0101s/iter; left time: 76.0741s
	iters: 1000, epoch: 23 | loss: 0.4607816
	speed: 0.0090s/iter; left time: 67.1624s
Epoch: 23 cost time: 10.505340814590454
Epoch: 23, Steps: 1054 | Train Loss: 0.4450674 Vali Loss: 0.9680868 Test Loss: 0.4627710
EarlyStopping counter: 1 out of 100
Updating learning rate to 1.2157665459056936e-05
	iters: 100, epoch: 24 | loss: 0.5412489
	speed: 0.0793s/iter; left time: 577.3685s
	iters: 200, epoch: 24 | loss: 0.4070972
	speed: 0.0092s/iter; left time: 65.9277s
	iters: 300, epoch: 24 | loss: 0.5024250
	speed: 0.0092s/iter; left time: 64.8762s
	iters: 400, epoch: 24 | loss: 0.3729365
	speed: 0.0097s/iter; left time: 67.3616s
	iters: 500, epoch: 24 | loss: 0.4373090
	speed: 0.0099s/iter; left time: 67.7780s
	iters: 600, epoch: 24 | loss: 0.4486937
	speed: 0.0091s/iter; left time: 61.8488s
	iters: 700, epoch: 24 | loss: 0.3927503
	speed: 0.0093s/iter; left time: 61.8377s
	iters: 800, epoch: 24 | loss: 0.3444687
	speed: 0.0090s/iter; left time: 59.4117s
	iters: 900, epoch: 24 | loss: 0.4467181
	speed: 0.0090s/iter; left time: 58.3538s
	iters: 1000, epoch: 24 | loss: 0.4068096
	speed: 0.0097s/iter; left time: 61.7904s
Epoch: 24 cost time: 10.050465106964111
Epoch: 24, Steps: 1054 | Train Loss: 0.4448752 Vali Loss: 0.9673952 Test Loss: 0.4631216
Validation loss decreased (0.967878 --> 0.967395).  Saving model ...
Updating learning rate to 1.0941898913151242e-05
	iters: 100, epoch: 25 | loss: 0.4337696
	speed: 0.0834s/iter; left time: 519.4358s
	iters: 200, epoch: 25 | loss: 0.4257720
	speed: 0.0093s/iter; left time: 56.7074s
	iters: 300, epoch: 25 | loss: 0.4631850
	speed: 0.0091s/iter; left time: 54.8144s
	iters: 400, epoch: 25 | loss: 0.3864898
	speed: 0.0090s/iter; left time: 53.5525s
	iters: 500, epoch: 25 | loss: 0.4322400
	speed: 0.0090s/iter; left time: 52.5804s
	iters: 600, epoch: 25 | loss: 0.4100145
	speed: 0.0091s/iter; left time: 52.1767s
	iters: 700, epoch: 25 | loss: 0.5028475
	speed: 0.0102s/iter; left time: 57.4130s
	iters: 800, epoch: 25 | loss: 0.4332526
	speed: 0.0096s/iter; left time: 53.1631s
	iters: 900, epoch: 25 | loss: 0.4324662
	speed: 0.0122s/iter; left time: 66.0814s
	iters: 1000, epoch: 25 | loss: 0.4490088
	speed: 0.0098s/iter; left time: 52.4157s
Epoch: 25 cost time: 10.558635711669922
Epoch: 25, Steps: 1054 | Train Loss: 0.4451042 Vali Loss: 0.9676289 Test Loss: 0.4623235
EarlyStopping counter: 1 out of 100
Updating learning rate to 9.847709021836118e-06
	iters: 100, epoch: 26 | loss: 0.4666893
	speed: 0.0798s/iter; left time: 412.8137s
	iters: 200, epoch: 26 | loss: 0.4062479
	speed: 0.0099s/iter; left time: 50.0667s
	iters: 300, epoch: 26 | loss: 0.4040977
	speed: 0.0093s/iter; left time: 46.2351s
	iters: 400, epoch: 26 | loss: 0.3870233
	speed: 0.0094s/iter; left time: 45.8215s
	iters: 500, epoch: 26 | loss: 0.4143795
	speed: 0.0097s/iter; left time: 46.1360s
	iters: 600, epoch: 26 | loss: 0.4288920
	speed: 0.0091s/iter; left time: 42.4861s
	iters: 700, epoch: 26 | loss: 0.5350124
	speed: 0.0115s/iter; left time: 52.5095s
	iters: 800, epoch: 26 | loss: 0.4981935
	speed: 0.0100s/iter; left time: 44.9293s
	iters: 900, epoch: 26 | loss: 0.5001768
	speed: 0.0102s/iter; left time: 44.7945s
	iters: 1000, epoch: 26 | loss: 0.4409891
	speed: 0.0090s/iter; left time: 38.5685s
Epoch: 26 cost time: 10.510360956192017
Epoch: 26, Steps: 1054 | Train Loss: 0.4446808 Vali Loss: 0.9667988 Test Loss: 0.4632120
Validation loss decreased (0.967395 --> 0.966799).  Saving model ...
Updating learning rate to 8.862938119652508e-06
	iters: 100, epoch: 27 | loss: 0.4587622
	speed: 0.0743s/iter; left time: 306.0703s
	iters: 200, epoch: 27 | loss: 0.4710055
	speed: 0.0097s/iter; left time: 38.8433s
	iters: 300, epoch: 27 | loss: 0.4375604
	speed: 0.0095s/iter; left time: 37.3069s
	iters: 400, epoch: 27 | loss: 0.3667416
	speed: 0.0116s/iter; left time: 44.2903s
	iters: 500, epoch: 27 | loss: 0.3974463
	speed: 0.0091s/iter; left time: 33.9428s
	iters: 600, epoch: 27 | loss: 0.4774090
	speed: 0.0091s/iter; left time: 32.7429s
	iters: 700, epoch: 27 | loss: 0.4159025
	speed: 0.0090s/iter; left time: 31.7176s
	iters: 800, epoch: 27 | loss: 0.4927571
	speed: 0.0116s/iter; left time: 39.6261s
	iters: 900, epoch: 27 | loss: 0.4694335
	speed: 0.0090s/iter; left time: 29.7865s
	iters: 1000, epoch: 27 | loss: 0.3922074
	speed: 0.0097s/iter; left time: 31.3589s
Epoch: 27 cost time: 10.47341251373291
Epoch: 27, Steps: 1054 | Train Loss: 0.4443731 Vali Loss: 0.9674221 Test Loss: 0.4622302
EarlyStopping counter: 1 out of 100
Updating learning rate to 7.976644307687255e-06
	iters: 100, epoch: 28 | loss: 0.4738454
	speed: 0.0797s/iter; left time: 244.2265s
	iters: 200, epoch: 28 | loss: 0.4278550
	speed: 0.0108s/iter; left time: 31.9847s
	iters: 300, epoch: 28 | loss: 0.4557377
	speed: 0.0092s/iter; left time: 26.2783s
	iters: 400, epoch: 28 | loss: 0.5080429
	speed: 0.0090s/iter; left time: 24.9262s
	iters: 500, epoch: 28 | loss: 0.4613685
	speed: 0.0091s/iter; left time: 24.1211s
	iters: 600, epoch: 28 | loss: 0.4426252
	speed: 0.0090s/iter; left time: 23.1697s
	iters: 700, epoch: 28 | loss: 0.5245856
	speed: 0.0095s/iter; left time: 23.4863s
	iters: 800, epoch: 28 | loss: 0.4124006
	speed: 0.0112s/iter; left time: 26.5355s
	iters: 900, epoch: 28 | loss: 0.4391044
	speed: 0.0098s/iter; left time: 22.2683s
	iters: 1000, epoch: 28 | loss: 0.4356420
	speed: 0.0098s/iter; left time: 21.1752s
Epoch: 28 cost time: 10.525951623916626
Epoch: 28, Steps: 1054 | Train Loss: 0.4442164 Vali Loss: 0.9672220 Test Loss: 0.4625508
EarlyStopping counter: 2 out of 100
Updating learning rate to 7.178979876918531e-06
	iters: 100, epoch: 29 | loss: 0.4175120
	speed: 0.0761s/iter; left time: 152.9665s
	iters: 200, epoch: 29 | loss: 0.5250634
	speed: 0.0094s/iter; left time: 17.8749s
	iters: 300, epoch: 29 | loss: 0.4641357
	speed: 0.0110s/iter; left time: 19.9829s
	iters: 400, epoch: 29 | loss: 0.4217520
	speed: 0.0102s/iter; left time: 17.4923s
	iters: 500, epoch: 29 | loss: 0.3950480
	speed: 0.0105s/iter; left time: 16.8239s
	iters: 600, epoch: 29 | loss: 0.5325184
	speed: 0.0096s/iter; left time: 14.4967s
	iters: 700, epoch: 29 | loss: 0.4944277
	speed: 0.0100s/iter; left time: 14.1182s
	iters: 800, epoch: 29 | loss: 0.3799305
	speed: 0.0093s/iter; left time: 12.1356s
	iters: 900, epoch: 29 | loss: 0.4641846
	speed: 0.0092s/iter; left time: 11.1223s
	iters: 1000, epoch: 29 | loss: 0.4539246
	speed: 0.0090s/iter; left time: 9.9868s
Epoch: 29 cost time: 10.694026231765747
Epoch: 29, Steps: 1054 | Train Loss: 0.4441627 Vali Loss: 0.9679014 Test Loss: 0.4622790
EarlyStopping counter: 3 out of 100
Updating learning rate to 6.4610818892266776e-06
	iters: 100, epoch: 30 | loss: 0.3900176
	speed: 0.0730s/iter; left time: 69.7388s
	iters: 200, epoch: 30 | loss: 0.4889507
	speed: 0.0103s/iter; left time: 8.7864s
	iters: 300, epoch: 30 | loss: 0.4059395
	speed: 0.0098s/iter; left time: 7.4336s
	iters: 400, epoch: 30 | loss: 0.4861192
	speed: 0.0091s/iter; left time: 5.9914s
	iters: 500, epoch: 30 | loss: 0.4979998
	speed: 0.0089s/iter; left time: 4.9470s
	iters: 600, epoch: 30 | loss: 0.4319814
	speed: 0.0092s/iter; left time: 4.1670s
	iters: 700, epoch: 30 | loss: 0.4666856
	speed: 0.0096s/iter; left time: 3.4008s
	iters: 800, epoch: 30 | loss: 0.4367952
	speed: 0.0110s/iter; left time: 2.8061s
	iters: 900, epoch: 30 | loss: 0.4925389
	speed: 0.0107s/iter; left time: 1.6564s
	iters: 1000, epoch: 30 | loss: 0.3916270
	speed: 0.0093s/iter; left time: 0.5097s
Epoch: 30 cost time: 10.522151470184326
Epoch: 30, Steps: 1054 | Train Loss: 0.4438125 Vali Loss: 0.9672772 Test Loss: 0.4621308
EarlyStopping counter: 4 out of 100
Updating learning rate to 5.8149737003040096e-06
>>>>>>>testing : ETTm1_96_720_MLPAer_only_channel_ETTm1_ftM_sl96_ll48_pl720_dm512_nh8_el2_dl1_df2048_fc1_ebtimeF_dtTrue_Exp_0<<<<<<<<<<<<<<<<<<<<<<<<<<<<<<<<<
test 10801
mse:0.46321144700050354, mae:0.44380638003349304, rse:0.6474922895431519
