Args in experiment:
Namespace(random_seed=2025, is_training=1, model_id='weather_96_192', model='MLPAer_only_channel', data='custom', root_path='./dataset/', data_path='weather.csv', features='M', target='OT', freq='h', checkpoints='./checkpoints/', seq_len=96, label_len=48, pred_len=192, fc_dropout=0.05, head_dropout=0.6, patch_len=16, stride=8, padding_patch='end', revin=1, affine=0, subtract_last=0, decomposition=0, kernel_size=25, individual=0, embed_type=0, enc_in=21, dec_in=7, c_out=7, d_model=2048, n_heads=8, e_layers=2, d_layers=1, d_ff=2048, moving_avg=25, factor=1, distil=True, dropout=0.05, embed='timeF', activation='gelu', output_attention=False, do_predict=False, num_workers=10, itr=1, train_epochs=30, batch_size=32, patience=100, learning_rate=0.0002, des='Exp', loss='mse', lradj='type3', pct_start=0.3, use_amp=False, c_ff=64, t_ff=512, c_dropout=0.2, t_dropout=0.3, embed_dropout=0.2, head_type='prediction', usenorm=1, use_gpu=True, gpu=0, use_multi_gpu=False, devices='0,1,2,3', test_flop=False)
Use GPU: cuda:0
>>>>>>>start training : weather_96_192_MLPAer_only_channel_custom_ftM_sl96_ll48_pl192_dm2048_nh8_el2_dl1_df2048_fc1_ebtimeF_dtTrue_Exp_0>>>>>>>>>>>>>>>>>>>>>>>>>>
train 36600
val 5079
test 10348
	iters: 100, epoch: 1 | loss: 0.8286890
	speed: 0.0318s/iter; left time: 1088.2686s
	iters: 200, epoch: 1 | loss: 0.8829546
	speed: 0.0100s/iter; left time: 340.9878s
	iters: 300, epoch: 1 | loss: 1.2164471
	speed: 0.0104s/iter; left time: 354.5835s
	iters: 400, epoch: 1 | loss: 0.8191442
	speed: 0.0098s/iter; left time: 332.7768s
	iters: 500, epoch: 1 | loss: 1.1069915
	speed: 0.0098s/iter; left time: 330.2520s
	iters: 600, epoch: 1 | loss: 1.5075314
	speed: 0.0099s/iter; left time: 333.6869s
	iters: 700, epoch: 1 | loss: 0.5578773
	speed: 0.0100s/iter; left time: 334.3202s
	iters: 800, epoch: 1 | loss: 0.6325610
	speed: 0.0102s/iter; left time: 340.4625s
	iters: 900, epoch: 1 | loss: 0.6297448
	speed: 0.0095s/iter; left time: 318.8481s
	iters: 1000, epoch: 1 | loss: 0.6920918
	speed: 0.0106s/iter; left time: 352.1362s
	iters: 1100, epoch: 1 | loss: 0.5768343
	speed: 0.0107s/iter; left time: 356.5722s
Epoch: 1 cost time: 12.052266597747803
Epoch: 1, Steps: 1143 | Train Loss: 0.6654471 Vali Loss: 0.5716095 Test Loss: 0.2451675
Validation loss decreased (inf --> 0.571609).  Saving model ...
Updating learning rate to 0.0002
	iters: 100, epoch: 2 | loss: 0.4029512
	speed: 0.0667s/iter; left time: 2203.5590s
	iters: 200, epoch: 2 | loss: 0.4811428
	speed: 0.0098s/iter; left time: 323.5541s
	iters: 300, epoch: 2 | loss: 0.5955405
	speed: 0.0117s/iter; left time: 384.5585s
	iters: 400, epoch: 2 | loss: 0.4969269
	speed: 0.0107s/iter; left time: 349.4773s
	iters: 500, epoch: 2 | loss: 0.5138165
	speed: 0.0097s/iter; left time: 317.0002s
	iters: 600, epoch: 2 | loss: 0.4390495
	speed: 0.0098s/iter; left time: 320.5012s
	iters: 700, epoch: 2 | loss: 1.1227728
	speed: 0.0099s/iter; left time: 321.2395s
	iters: 800, epoch: 2 | loss: 0.4852856
	speed: 0.0099s/iter; left time: 319.2275s
	iters: 900, epoch: 2 | loss: 0.4306298
	speed: 0.0097s/iter; left time: 313.3506s
	iters: 1000, epoch: 2 | loss: 0.4829997
	speed: 0.0097s/iter; left time: 313.1347s
	iters: 1100, epoch: 2 | loss: 0.4693781
	speed: 0.0109s/iter; left time: 348.9602s
Epoch: 2 cost time: 12.037526369094849
Epoch: 2, Steps: 1143 | Train Loss: 0.5436543 Vali Loss: 0.5014161 Test Loss: 0.2232153
Validation loss decreased (0.571609 --> 0.501416).  Saving model ...
Updating learning rate to 0.0002
	iters: 100, epoch: 3 | loss: 0.3985181
	speed: 0.0689s/iter; left time: 2197.7743s
	iters: 200, epoch: 3 | loss: 0.4189274
	speed: 0.0103s/iter; left time: 328.0393s
	iters: 300, epoch: 3 | loss: 0.4486884
	speed: 0.0097s/iter; left time: 308.5257s
	iters: 400, epoch: 3 | loss: 0.3838037
	speed: 0.0121s/iter; left time: 381.5694s
	iters: 500, epoch: 3 | loss: 0.3732488
	speed: 0.0106s/iter; left time: 334.9198s
	iters: 600, epoch: 3 | loss: 0.4374113
	speed: 0.0098s/iter; left time: 307.5528s
	iters: 700, epoch: 3 | loss: 0.9216149
	speed: 0.0097s/iter; left time: 302.9691s
	iters: 800, epoch: 3 | loss: 0.4374240
	speed: 0.0103s/iter; left time: 321.1277s
	iters: 900, epoch: 3 | loss: 0.4928110
	speed: 0.0109s/iter; left time: 338.5698s
	iters: 1000, epoch: 3 | loss: 0.3489006
	speed: 0.0096s/iter; left time: 298.7662s
	iters: 1100, epoch: 3 | loss: 0.3748286
	speed: 0.0112s/iter; left time: 346.5244s
Epoch: 3 cost time: 12.244463443756104
Epoch: 3, Steps: 1143 | Train Loss: 0.5026481 Vali Loss: 0.4782959 Test Loss: 0.2109543
Validation loss decreased (0.501416 --> 0.478296).  Saving model ...
Updating learning rate to 0.0002
	iters: 100, epoch: 4 | loss: 0.4795641
	speed: 0.0721s/iter; left time: 2218.1111s
	iters: 200, epoch: 4 | loss: 0.4306877
	speed: 0.0096s/iter; left time: 292.9344s
	iters: 300, epoch: 4 | loss: 0.4542887
	speed: 0.0095s/iter; left time: 290.9822s
	iters: 400, epoch: 4 | loss: 0.4721882
	speed: 0.0098s/iter; left time: 297.1394s
	iters: 500, epoch: 4 | loss: 0.9121745
	speed: 0.0095s/iter; left time: 287.8260s
	iters: 600, epoch: 4 | loss: 0.7733416
	speed: 0.0096s/iter; left time: 291.1120s
	iters: 700, epoch: 4 | loss: 0.3997403
	speed: 0.0096s/iter; left time: 290.6191s
	iters: 800, epoch: 4 | loss: 0.5388811
	speed: 0.0096s/iter; left time: 289.1911s
	iters: 900, epoch: 4 | loss: 0.4508046
	speed: 0.0095s/iter; left time: 284.0265s
	iters: 1000, epoch: 4 | loss: 0.3422078
	speed: 0.0095s/iter; left time: 282.5160s
	iters: 1100, epoch: 4 | loss: 0.4409524
	speed: 0.0095s/iter; left time: 282.0311s
Epoch: 4 cost time: 11.185646295547485
Epoch: 4, Steps: 1143 | Train Loss: 0.4873338 Vali Loss: 0.4661540 Test Loss: 0.2079069
Validation loss decreased (0.478296 --> 0.466154).  Saving model ...
Updating learning rate to 0.00018
	iters: 100, epoch: 5 | loss: 0.3277197
	speed: 0.0668s/iter; left time: 1979.8512s
	iters: 200, epoch: 5 | loss: 0.4016372
	speed: 0.0095s/iter; left time: 281.6841s
	iters: 300, epoch: 5 | loss: 0.4522948
	speed: 0.0103s/iter; left time: 303.5241s
	iters: 400, epoch: 5 | loss: 0.3958044
	speed: 0.0104s/iter; left time: 306.3335s
	iters: 500, epoch: 5 | loss: 0.3697846
	speed: 0.0104s/iter; left time: 302.8994s
	iters: 600, epoch: 5 | loss: 0.4313724
	speed: 0.0103s/iter; left time: 298.4906s
	iters: 700, epoch: 5 | loss: 0.4134642
	speed: 0.0103s/iter; left time: 297.7430s
	iters: 800, epoch: 5 | loss: 0.3548059
	speed: 0.0104s/iter; left time: 299.7486s
	iters: 900, epoch: 5 | loss: 0.3924646
	speed: 0.0103s/iter; left time: 296.9433s
	iters: 1000, epoch: 5 | loss: 0.4128752
	speed: 0.0103s/iter; left time: 294.5010s
	iters: 1100, epoch: 5 | loss: 0.4072191
	speed: 0.0105s/iter; left time: 300.9479s
Epoch: 5 cost time: 11.964593410491943
Epoch: 5, Steps: 1143 | Train Loss: 0.4797697 Vali Loss: 0.4618881 Test Loss: 0.2067154
Validation loss decreased (0.466154 --> 0.461888).  Saving model ...
Updating learning rate to 0.000162
	iters: 100, epoch: 6 | loss: 0.3892724
	speed: 0.0731s/iter; left time: 2082.6581s
	iters: 200, epoch: 6 | loss: 0.3777416
	speed: 0.0108s/iter; left time: 307.8604s
	iters: 300, epoch: 6 | loss: 0.4346118
	speed: 0.0110s/iter; left time: 311.8324s
	iters: 400, epoch: 6 | loss: 0.4434806
	speed: 0.0105s/iter; left time: 296.5511s
	iters: 500, epoch: 6 | loss: 0.3692455
	speed: 0.0107s/iter; left time: 301.1478s
	iters: 600, epoch: 6 | loss: 0.3587719
	speed: 0.0106s/iter; left time: 296.4703s
	iters: 700, epoch: 6 | loss: 0.3763863
	speed: 0.0108s/iter; left time: 301.2768s
	iters: 800, epoch: 6 | loss: 0.3826283
	speed: 0.0105s/iter; left time: 292.8551s
	iters: 900, epoch: 6 | loss: 0.8248708
	speed: 0.0109s/iter; left time: 302.6321s
	iters: 1000, epoch: 6 | loss: 0.4389352
	speed: 0.0105s/iter; left time: 290.9010s
	iters: 1100, epoch: 6 | loss: 0.8182792
	speed: 0.0104s/iter; left time: 286.0353s
Epoch: 6 cost time: 12.469873428344727
Epoch: 6, Steps: 1143 | Train Loss: 0.4746926 Vali Loss: 0.4603612 Test Loss: 0.2050636
Validation loss decreased (0.461888 --> 0.460361).  Saving model ...
Updating learning rate to 0.00014580000000000002
	iters: 100, epoch: 7 | loss: 0.4547534
	speed: 0.0670s/iter; left time: 1831.9996s
	iters: 200, epoch: 7 | loss: 0.5536345
	speed: 0.0096s/iter; left time: 261.3447s
	iters: 300, epoch: 7 | loss: 0.4645219
	speed: 0.0096s/iter; left time: 259.7045s
	iters: 400, epoch: 7 | loss: 0.3387614
	speed: 0.0096s/iter; left time: 258.9541s
	iters: 500, epoch: 7 | loss: 0.3024355
	speed: 0.0096s/iter; left time: 258.1110s
	iters: 600, epoch: 7 | loss: 0.4031817
	speed: 0.0097s/iter; left time: 260.5498s
	iters: 700, epoch: 7 | loss: 0.3740862
	speed: 0.0097s/iter; left time: 258.3335s
	iters: 800, epoch: 7 | loss: 0.4237481
	speed: 0.0099s/iter; left time: 262.4472s
	iters: 900, epoch: 7 | loss: 0.3214825
	speed: 0.0097s/iter; left time: 258.4721s
	iters: 1000, epoch: 7 | loss: 0.4556427
	speed: 0.0095s/iter; left time: 251.2430s
	iters: 1100, epoch: 7 | loss: 0.3377503
	speed: 0.0095s/iter; left time: 249.7544s
Epoch: 7 cost time: 11.326290607452393
Epoch: 7, Steps: 1143 | Train Loss: 0.4709300 Vali Loss: 0.4592380 Test Loss: 0.2039531
Validation loss decreased (0.460361 --> 0.459238).  Saving model ...
Updating learning rate to 0.00013122
	iters: 100, epoch: 8 | loss: 0.3325237
	speed: 0.0652s/iter; left time: 1708.7367s
	iters: 200, epoch: 8 | loss: 0.4093059
	speed: 0.0097s/iter; left time: 254.0155s
	iters: 300, epoch: 8 | loss: 0.4099667
	speed: 0.0096s/iter; left time: 249.2080s
	iters: 400, epoch: 8 | loss: 0.3090591
	speed: 0.0096s/iter; left time: 248.2780s
	iters: 500, epoch: 8 | loss: 0.3601658
	speed: 0.0096s/iter; left time: 248.4884s
	iters: 600, epoch: 8 | loss: 0.3689471
	speed: 0.0096s/iter; left time: 246.9496s
	iters: 700, epoch: 8 | loss: 0.9227187
	speed: 0.0101s/iter; left time: 258.5601s
	iters: 800, epoch: 8 | loss: 0.4441480
	speed: 0.0101s/iter; left time: 257.7214s
	iters: 900, epoch: 8 | loss: 0.7636867
	speed: 0.0098s/iter; left time: 248.6208s
	iters: 1000, epoch: 8 | loss: 0.3473355
	speed: 0.0096s/iter; left time: 242.3443s
	iters: 1100, epoch: 8 | loss: 0.9494087
	speed: 0.0096s/iter; left time: 241.7270s
Epoch: 8 cost time: 11.3943510055542
Epoch: 8, Steps: 1143 | Train Loss: 0.4668714 Vali Loss: 0.4590680 Test Loss: 0.2036720
Validation loss decreased (0.459238 --> 0.459068).  Saving model ...
Updating learning rate to 0.00011809800000000002
	iters: 100, epoch: 9 | loss: 0.3813818
	speed: 0.0699s/iter; left time: 1749.7538s
	iters: 200, epoch: 9 | loss: 0.8663396
	speed: 0.0096s/iter; left time: 239.9261s
	iters: 300, epoch: 9 | loss: 0.4334250
	speed: 0.0099s/iter; left time: 245.1284s
	iters: 400, epoch: 9 | loss: 0.4201406
	speed: 0.0098s/iter; left time: 243.0112s
	iters: 500, epoch: 9 | loss: 0.3702711
	speed: 0.0097s/iter; left time: 238.3369s
	iters: 600, epoch: 9 | loss: 0.4555118
	speed: 0.0096s/iter; left time: 236.6300s
	iters: 700, epoch: 9 | loss: 0.8531423
	speed: 0.0095s/iter; left time: 232.7727s
	iters: 800, epoch: 9 | loss: 0.4131870
	speed: 0.0100s/iter; left time: 244.3385s
	iters: 900, epoch: 9 | loss: 0.4555416
	speed: 0.0096s/iter; left time: 232.3010s
	iters: 1000, epoch: 9 | loss: 0.3948141
	speed: 0.0096s/iter; left time: 230.6495s
	iters: 1100, epoch: 9 | loss: 0.3675928
	speed: 0.0095s/iter; left time: 229.0362s
Epoch: 9 cost time: 11.430131912231445
Epoch: 9, Steps: 1143 | Train Loss: 0.4647887 Vali Loss: 0.4580346 Test Loss: 0.2025620
Validation loss decreased (0.459068 --> 0.458035).  Saving model ...
Updating learning rate to 0.00010628820000000001
	iters: 100, epoch: 10 | loss: 0.4119235
	speed: 0.0659s/iter; left time: 1576.1483s
	iters: 200, epoch: 10 | loss: 0.2691464
	speed: 0.0096s/iter; left time: 228.2475s
	iters: 300, epoch: 10 | loss: 0.4210792
	speed: 0.0096s/iter; left time: 228.0146s
	iters: 400, epoch: 10 | loss: 0.4037479
	speed: 0.0098s/iter; left time: 231.6380s
	iters: 500, epoch: 10 | loss: 0.3323740
	speed: 0.0100s/iter; left time: 235.0977s
	iters: 600, epoch: 10 | loss: 0.8163157
	speed: 0.0105s/iter; left time: 246.0801s
	iters: 700, epoch: 10 | loss: 0.3633329
	speed: 0.0096s/iter; left time: 223.8633s
	iters: 800, epoch: 10 | loss: 0.3174604
	speed: 0.0095s/iter; left time: 221.3584s
	iters: 900, epoch: 10 | loss: 0.3486007
	speed: 0.0096s/iter; left time: 222.4171s
	iters: 1000, epoch: 10 | loss: 0.4222102
	speed: 0.0095s/iter; left time: 219.6054s
	iters: 1100, epoch: 10 | loss: 0.3456157
	speed: 0.0097s/iter; left time: 221.3892s
Epoch: 10 cost time: 11.477158308029175
Epoch: 10, Steps: 1143 | Train Loss: 0.4626791 Vali Loss: 0.4564144 Test Loss: 0.2026570
Validation loss decreased (0.458035 --> 0.456414).  Saving model ...
Updating learning rate to 9.565938000000003e-05
	iters: 100, epoch: 11 | loss: 0.4870393
	speed: 0.0622s/iter; left time: 1415.3222s
	iters: 200, epoch: 11 | loss: 0.9746868
	speed: 0.0096s/iter; left time: 216.4724s
	iters: 300, epoch: 11 | loss: 0.7866102
	speed: 0.0097s/iter; left time: 217.9603s
	iters: 400, epoch: 11 | loss: 0.4878463
	speed: 0.0096s/iter; left time: 215.5209s
	iters: 500, epoch: 11 | loss: 0.3081641
	speed: 0.0096s/iter; left time: 213.6230s
	iters: 600, epoch: 11 | loss: 0.3740368
	speed: 0.0099s/iter; left time: 220.0650s
	iters: 700, epoch: 11 | loss: 0.7778192
	speed: 0.0096s/iter; left time: 213.5847s
	iters: 800, epoch: 11 | loss: 0.3781983
	speed: 0.0100s/iter; left time: 219.8649s
	iters: 900, epoch: 11 | loss: 0.3054308
	speed: 0.0095s/iter; left time: 209.4852s
	iters: 1000, epoch: 11 | loss: 0.3563142
	speed: 0.0095s/iter; left time: 208.4050s
	iters: 1100, epoch: 11 | loss: 0.3408364
	speed: 0.0095s/iter; left time: 206.9156s
Epoch: 11 cost time: 11.249022483825684
Epoch: 11, Steps: 1143 | Train Loss: 0.4604443 Vali Loss: 0.4562754 Test Loss: 0.2016797
Validation loss decreased (0.456414 --> 0.456275).  Saving model ...
Updating learning rate to 8.609344200000003e-05
	iters: 100, epoch: 12 | loss: 0.3297992
	speed: 0.0644s/iter; left time: 1392.7955s
	iters: 200, epoch: 12 | loss: 0.4095852
	speed: 0.0096s/iter; left time: 206.2418s
	iters: 300, epoch: 12 | loss: 0.3041481
	speed: 0.0096s/iter; left time: 206.4302s
	iters: 400, epoch: 12 | loss: 0.4208545
	speed: 0.0095s/iter; left time: 202.9513s
	iters: 500, epoch: 12 | loss: 0.3501042
	speed: 0.0097s/iter; left time: 205.0864s
	iters: 600, epoch: 12 | loss: 0.3504429
	speed: 0.0095s/iter; left time: 201.6358s
	iters: 700, epoch: 12 | loss: 1.0532829
	speed: 0.0104s/iter; left time: 219.2269s
	iters: 800, epoch: 12 | loss: 0.2749027
	speed: 0.0104s/iter; left time: 216.5682s
	iters: 900, epoch: 12 | loss: 0.3473696
	speed: 0.0099s/iter; left time: 206.7729s
	iters: 1000, epoch: 12 | loss: 0.4564463
	speed: 0.0099s/iter; left time: 204.2358s
	iters: 1100, epoch: 12 | loss: 0.3108605
	speed: 0.0095s/iter; left time: 196.0477s
Epoch: 12 cost time: 11.508985757827759
Epoch: 12, Steps: 1143 | Train Loss: 0.4583854 Vali Loss: 0.4564632 Test Loss: 0.2017403
EarlyStopping counter: 1 out of 100
Updating learning rate to 7.748409780000002e-05
	iters: 100, epoch: 13 | loss: 0.7466961
	speed: 0.0626s/iter; left time: 1281.9982s
	iters: 200, epoch: 13 | loss: 0.9546887
	speed: 0.0096s/iter; left time: 195.9331s
	iters: 300, epoch: 13 | loss: 0.3501146
	speed: 0.0098s/iter; left time: 198.2341s
	iters: 400, epoch: 13 | loss: 0.3767878
	speed: 0.0095s/iter; left time: 191.7580s
	iters: 500, epoch: 13 | loss: 0.2770792
	speed: 0.0095s/iter; left time: 191.5122s
	iters: 600, epoch: 13 | loss: 0.3205778
	speed: 0.0095s/iter; left time: 190.4557s
	iters: 700, epoch: 13 | loss: 0.3666059
	speed: 0.0096s/iter; left time: 189.9735s
	iters: 800, epoch: 13 | loss: 0.7295376
	speed: 0.0098s/iter; left time: 193.8738s
	iters: 900, epoch: 13 | loss: 0.3861417
	speed: 0.0097s/iter; left time: 191.1574s
	iters: 1000, epoch: 13 | loss: 0.4476974
	speed: 0.0095s/iter; left time: 186.7242s
	iters: 1100, epoch: 13 | loss: 0.3226177
	speed: 0.0095s/iter; left time: 185.8270s
Epoch: 13 cost time: 11.222211599349976
Epoch: 13, Steps: 1143 | Train Loss: 0.4568313 Vali Loss: 0.4552692 Test Loss: 0.2009568
Validation loss decreased (0.456275 --> 0.455269).  Saving model ...
Updating learning rate to 6.973568802000002e-05
	iters: 100, epoch: 14 | loss: 0.3447343
	speed: 0.0635s/iter; left time: 1228.2922s
	iters: 200, epoch: 14 | loss: 0.4987737
	speed: 0.0099s/iter; left time: 191.2047s
	iters: 300, epoch: 14 | loss: 0.8108646
	speed: 0.0097s/iter; left time: 184.9157s
	iters: 400, epoch: 14 | loss: 0.3135304
	speed: 0.0098s/iter; left time: 185.6281s
	iters: 500, epoch: 14 | loss: 0.2834258
	speed: 0.0099s/iter; left time: 186.4904s
	iters: 600, epoch: 14 | loss: 0.4641524
	speed: 0.0099s/iter; left time: 185.7347s
	iters: 700, epoch: 14 | loss: 0.3475887
	speed: 0.0095s/iter; left time: 178.3062s
	iters: 800, epoch: 14 | loss: 0.3475904
	speed: 0.0096s/iter; left time: 179.5446s
	iters: 900, epoch: 14 | loss: 0.4650097
	speed: 0.0095s/iter; left time: 176.5259s
	iters: 1000, epoch: 14 | loss: 0.3953270
	speed: 0.0102s/iter; left time: 187.3198s
	iters: 1100, epoch: 14 | loss: 0.3411076
	speed: 0.0095s/iter; left time: 174.2531s
Epoch: 14 cost time: 11.453365564346313
Epoch: 14, Steps: 1143 | Train Loss: 0.4551511 Vali Loss: 0.4564977 Test Loss: 0.2014059
EarlyStopping counter: 1 out of 100
Updating learning rate to 6.276211921800002e-05
	iters: 100, epoch: 15 | loss: 0.4052899
	speed: 0.0651s/iter; left time: 1184.1934s
	iters: 200, epoch: 15 | loss: 0.3494432
	speed: 0.0096s/iter; left time: 173.2896s
	iters: 300, epoch: 15 | loss: 0.4328903
	speed: 0.0096s/iter; left time: 173.0705s
	iters: 400, epoch: 15 | loss: 0.3467685
	speed: 0.0095s/iter; left time: 170.6027s
	iters: 500, epoch: 15 | loss: 0.3329673
	speed: 0.0096s/iter; left time: 171.4557s
	iters: 600, epoch: 15 | loss: 0.3189651
	speed: 0.0096s/iter; left time: 170.2957s
	iters: 700, epoch: 15 | loss: 0.3893237
	speed: 0.0096s/iter; left time: 168.2671s
	iters: 800, epoch: 15 | loss: 0.3753864
	speed: 0.0098s/iter; left time: 172.0983s
	iters: 900, epoch: 15 | loss: 0.4214098
	speed: 0.0097s/iter; left time: 167.9035s
	iters: 1000, epoch: 15 | loss: 0.4133356
	speed: 0.0100s/iter; left time: 173.1177s
	iters: 1100, epoch: 15 | loss: 0.3643077
	speed: 0.0096s/iter; left time: 164.8283s
Epoch: 15 cost time: 11.32330584526062
Epoch: 15, Steps: 1143 | Train Loss: 0.4539058 Vali Loss: 0.4543454 Test Loss: 0.2012291
Validation loss decreased (0.455269 --> 0.454345).  Saving model ...
Updating learning rate to 5.648590729620002e-05
	iters: 100, epoch: 16 | loss: 0.3234733
	speed: 0.0666s/iter; left time: 1134.6785s
	iters: 200, epoch: 16 | loss: 0.3102334
	speed: 0.0099s/iter; left time: 168.2647s
	iters: 300, epoch: 16 | loss: 0.3255211
	speed: 0.0097s/iter; left time: 164.0220s
	iters: 400, epoch: 16 | loss: 0.7134653
	speed: 0.0098s/iter; left time: 164.0401s
	iters: 500, epoch: 16 | loss: 0.3385345
	speed: 0.0096s/iter; left time: 160.1765s
	iters: 600, epoch: 16 | loss: 0.3689177
	speed: 0.0095s/iter; left time: 157.9538s
	iters: 700, epoch: 16 | loss: 0.4081333
	speed: 0.0096s/iter; left time: 157.7521s
	iters: 800, epoch: 16 | loss: 0.3727942
	speed: 0.0098s/iter; left time: 160.7709s
	iters: 900, epoch: 16 | loss: 0.3760006
	speed: 0.0099s/iter; left time: 161.5774s
	iters: 1000, epoch: 16 | loss: 0.2999283
	speed: 0.0095s/iter; left time: 154.1092s
	iters: 1100, epoch: 16 | loss: 0.3163621
	speed: 0.0095s/iter; left time: 153.0772s
Epoch: 16 cost time: 11.330154657363892
Epoch: 16, Steps: 1143 | Train Loss: 0.4529126 Vali Loss: 0.4551959 Test Loss: 0.2014923
EarlyStopping counter: 1 out of 100
Updating learning rate to 5.083731656658002e-05
	iters: 100, epoch: 17 | loss: 0.3852631
	speed: 0.0671s/iter; left time: 1067.4827s
	iters: 200, epoch: 17 | loss: 0.4441345
	speed: 0.0096s/iter; left time: 151.6510s
	iters: 300, epoch: 17 | loss: 0.2980433
	speed: 0.0096s/iter; left time: 150.0937s
	iters: 400, epoch: 17 | loss: 0.4181834
	speed: 0.0096s/iter; left time: 150.5185s
	iters: 500, epoch: 17 | loss: 0.3231642
	speed: 0.0097s/iter; left time: 150.0670s
	iters: 600, epoch: 17 | loss: 0.4031475
	speed: 0.0095s/iter; left time: 146.8858s
	iters: 700, epoch: 17 | loss: 0.3678764
	speed: 0.0095s/iter; left time: 145.6295s
	iters: 800, epoch: 17 | loss: 0.3344417
	speed: 0.0095s/iter; left time: 144.5332s
	iters: 900, epoch: 17 | loss: 0.2859239
	speed: 0.0096s/iter; left time: 145.6535s
	iters: 1000, epoch: 17 | loss: 0.3838947
	speed: 0.0097s/iter; left time: 144.7970s
	iters: 1100, epoch: 17 | loss: 0.3308319
	speed: 0.0098s/iter; left time: 145.3950s
Epoch: 17 cost time: 11.489871263504028
Epoch: 17, Steps: 1143 | Train Loss: 0.4516688 Vali Loss: 0.4567080 Test Loss: 0.2020100
EarlyStopping counter: 2 out of 100
Updating learning rate to 4.575358490992202e-05
	iters: 100, epoch: 18 | loss: 0.3661762
	speed: 0.0634s/iter; left time: 935.8919s
	iters: 200, epoch: 18 | loss: 0.8877539
	speed: 0.0098s/iter; left time: 143.4843s
	iters: 300, epoch: 18 | loss: 0.6109952
	speed: 0.0096s/iter; left time: 140.1832s
	iters: 400, epoch: 18 | loss: 0.3941745
	speed: 0.0096s/iter; left time: 139.0054s
	iters: 500, epoch: 18 | loss: 0.3326609
	speed: 0.0097s/iter; left time: 138.9735s
	iters: 600, epoch: 18 | loss: 0.3830345
	speed: 0.0099s/iter; left time: 141.6498s
	iters: 700, epoch: 18 | loss: 0.3578275
	speed: 0.0097s/iter; left time: 136.9779s
	iters: 800, epoch: 18 | loss: 0.3980997
	speed: 0.0100s/iter; left time: 140.1226s
	iters: 900, epoch: 18 | loss: 0.3565491
	speed: 0.0096s/iter; left time: 134.0671s
	iters: 1000, epoch: 18 | loss: 0.3980687
	speed: 0.0096s/iter; left time: 132.8631s
	iters: 1100, epoch: 18 | loss: 0.3078954
	speed: 0.0096s/iter; left time: 131.9780s
Epoch: 18 cost time: 11.34194803237915
Epoch: 18, Steps: 1143 | Train Loss: 0.4507729 Vali Loss: 0.4553613 Test Loss: 0.2012209
EarlyStopping counter: 3 out of 100
Updating learning rate to 4.117822641892981e-05
	iters: 100, epoch: 19 | loss: 0.4269528
	speed: 0.0687s/iter; left time: 934.8138s
	iters: 200, epoch: 19 | loss: 0.4088516
	speed: 0.0095s/iter; left time: 129.0870s
	iters: 300, epoch: 19 | loss: 0.2904271
	speed: 0.0095s/iter; left time: 127.2782s
	iters: 400, epoch: 19 | loss: 0.3943814
	speed: 0.0095s/iter; left time: 126.6221s
	iters: 500, epoch: 19 | loss: 0.3167001
	speed: 0.0097s/iter; left time: 128.1935s
	iters: 600, epoch: 19 | loss: 0.4235616
	speed: 0.0095s/iter; left time: 124.2900s
	iters: 700, epoch: 19 | loss: 0.9052189
	speed: 0.0095s/iter; left time: 123.0633s
	iters: 800, epoch: 19 | loss: 0.4248919
	speed: 0.0104s/iter; left time: 134.9469s
	iters: 900, epoch: 19 | loss: 0.3441231
	speed: 0.0095s/iter; left time: 121.5296s
	iters: 1000, epoch: 19 | loss: 0.4176573
	speed: 0.0095s/iter; left time: 120.8468s
	iters: 1100, epoch: 19 | loss: 0.3639957
	speed: 0.0095s/iter; left time: 119.9221s
Epoch: 19 cost time: 11.340612411499023
Epoch: 19, Steps: 1143 | Train Loss: 0.4498025 Vali Loss: 0.4551739 Test Loss: 0.2003632
EarlyStopping counter: 4 out of 100
Updating learning rate to 3.706040377703683e-05
	iters: 100, epoch: 20 | loss: 0.3670486
	speed: 0.0714s/iter; left time: 890.0358s
	iters: 200, epoch: 20 | loss: 0.5427164
	speed: 0.0109s/iter; left time: 135.2308s
	iters: 300, epoch: 20 | loss: 0.8060763
	speed: 0.0100s/iter; left time: 122.2554s
	iters: 400, epoch: 20 | loss: 0.4144141
	speed: 0.0096s/iter; left time: 116.6918s
	iters: 500, epoch: 20 | loss: 1.2617830
	speed: 0.0099s/iter; left time: 119.6622s
	iters: 600, epoch: 20 | loss: 0.4756663
	speed: 0.0099s/iter; left time: 118.4899s
	iters: 700, epoch: 20 | loss: 0.3315411
	speed: 0.0097s/iter; left time: 115.4474s
	iters: 800, epoch: 20 | loss: 0.9049953
	speed: 0.0101s/iter; left time: 118.6838s
	iters: 900, epoch: 20 | loss: 0.3543341
	speed: 0.0095s/iter; left time: 111.1136s
	iters: 1000, epoch: 20 | loss: 0.2871657
	speed: 0.0095s/iter; left time: 109.7154s
	iters: 1100, epoch: 20 | loss: 0.3208316
	speed: 0.0096s/iter; left time: 109.6097s
Epoch: 20 cost time: 11.567782878875732
Epoch: 20, Steps: 1143 | Train Loss: 0.4490579 Vali Loss: 0.4553190 Test Loss: 0.2003488
EarlyStopping counter: 5 out of 100
Updating learning rate to 3.3354363399333154e-05
	iters: 100, epoch: 21 | loss: 0.3414636
	speed: 0.0695s/iter; left time: 787.2206s
	iters: 200, epoch: 21 | loss: 0.3949025
	speed: 0.0096s/iter; left time: 107.6742s
	iters: 300, epoch: 21 | loss: 0.4647353
	speed: 0.0097s/iter; left time: 108.0787s
	iters: 400, epoch: 21 | loss: 0.4155351
	speed: 0.0097s/iter; left time: 106.7512s
	iters: 500, epoch: 21 | loss: 0.2695241
	speed: 0.0095s/iter; left time: 103.6814s
	iters: 600, epoch: 21 | loss: 0.3543428
	speed: 0.0095s/iter; left time: 103.2233s
	iters: 700, epoch: 21 | loss: 0.2987948
	speed: 0.0096s/iter; left time: 102.5368s
	iters: 800, epoch: 21 | loss: 0.3593699
	speed: 0.0098s/iter; left time: 104.1331s
	iters: 900, epoch: 21 | loss: 0.8688543
	speed: 0.0097s/iter; left time: 102.1566s
	iters: 1000, epoch: 21 | loss: 0.4026219
	speed: 0.0096s/iter; left time: 100.0286s
	iters: 1100, epoch: 21 | loss: 0.3756273
	speed: 0.0097s/iter; left time: 100.7088s
Epoch: 21 cost time: 11.283102035522461
Epoch: 21, Steps: 1143 | Train Loss: 0.4484414 Vali Loss: 0.4558980 Test Loss: 0.2005670
EarlyStopping counter: 6 out of 100
Updating learning rate to 3.0018927059399838e-05
	iters: 100, epoch: 22 | loss: 0.8120342
	speed: 0.0718s/iter; left time: 731.4426s
	iters: 200, epoch: 22 | loss: 0.3618612
	speed: 0.0104s/iter; left time: 104.8632s
	iters: 300, epoch: 22 | loss: 0.3067841
	speed: 0.0104s/iter; left time: 103.6198s
	iters: 400, epoch: 22 | loss: 0.4142130
	speed: 0.0103s/iter; left time: 102.3328s
	iters: 500, epoch: 22 | loss: 0.5097215
	speed: 0.0103s/iter; left time: 100.7324s
	iters: 600, epoch: 22 | loss: 0.3479373
	speed: 0.0106s/iter; left time: 102.8318s
	iters: 700, epoch: 22 | loss: 0.3948601
	speed: 0.0103s/iter; left time: 98.5528s
	iters: 800, epoch: 22 | loss: 0.4525255
	speed: 0.0103s/iter; left time: 97.9299s
	iters: 900, epoch: 22 | loss: 0.4236919
	speed: 0.0103s/iter; left time: 96.8108s
	iters: 1000, epoch: 22 | loss: 0.3791417
	speed: 0.0103s/iter; left time: 95.4059s
	iters: 1100, epoch: 22 | loss: 0.9227635
	speed: 0.0104s/iter; left time: 95.7604s
Epoch: 22 cost time: 12.096763849258423
Epoch: 22, Steps: 1143 | Train Loss: 0.4476770 Vali Loss: 0.4556991 Test Loss: 0.2008054
EarlyStopping counter: 7 out of 100
Updating learning rate to 2.7017034353459858e-05
	iters: 100, epoch: 23 | loss: 0.8317028
	speed: 0.0768s/iter; left time: 694.5847s
	iters: 200, epoch: 23 | loss: 0.3709407
	speed: 0.0103s/iter; left time: 92.4631s
	iters: 300, epoch: 23 | loss: 0.4347012
	speed: 0.0114s/iter; left time: 101.1131s
	iters: 400, epoch: 23 | loss: 0.4406798
	speed: 0.0104s/iter; left time: 91.2458s
	iters: 500, epoch: 23 | loss: 0.5572289
	speed: 0.0100s/iter; left time: 86.6283s
	iters: 600, epoch: 23 | loss: 0.2619290
	speed: 0.0101s/iter; left time: 86.3566s
	iters: 700, epoch: 23 | loss: 0.3295078
	speed: 0.0103s/iter; left time: 86.8501s
	iters: 800, epoch: 23 | loss: 0.8831785
	speed: 0.0104s/iter; left time: 86.3993s
	iters: 900, epoch: 23 | loss: 0.3070082
	speed: 0.0105s/iter; left time: 86.4446s
	iters: 1000, epoch: 23 | loss: 0.2651660
	speed: 0.0102s/iter; left time: 83.3390s
	iters: 1100, epoch: 23 | loss: 0.2744292
	speed: 0.0102s/iter; left time: 82.4111s
Epoch: 23 cost time: 12.288404941558838
Epoch: 23, Steps: 1143 | Train Loss: 0.4472694 Vali Loss: 0.4561118 Test Loss: 0.2008053
EarlyStopping counter: 8 out of 100
Updating learning rate to 2.431533091811387e-05
	iters: 100, epoch: 24 | loss: 0.4242172
	speed: 0.0726s/iter; left time: 573.9725s
	iters: 200, epoch: 24 | loss: 0.4601245
	speed: 0.0105s/iter; left time: 82.0324s
	iters: 300, epoch: 24 | loss: 0.8200185
	speed: 0.0106s/iter; left time: 81.7283s
	iters: 400, epoch: 24 | loss: 0.7424121
	speed: 0.0106s/iter; left time: 80.8964s
	iters: 500, epoch: 24 | loss: 0.3346682
	speed: 0.0102s/iter; left time: 76.2639s
	iters: 600, epoch: 24 | loss: 0.3743449
	speed: 0.0097s/iter; left time: 71.7820s
	iters: 700, epoch: 24 | loss: 0.3276542
	speed: 0.0096s/iter; left time: 70.2672s
	iters: 800, epoch: 24 | loss: 0.3543257
	speed: 0.0097s/iter; left time: 69.9472s
	iters: 900, epoch: 24 | loss: 0.8353888
	speed: 0.0096s/iter; left time: 68.1055s
	iters: 1000, epoch: 24 | loss: 0.2950969
	speed: 0.0096s/iter; left time: 67.3322s
	iters: 1100, epoch: 24 | loss: 0.2967961
	speed: 0.0104s/iter; left time: 71.6978s
Epoch: 24 cost time: 11.782084941864014
Epoch: 24, Steps: 1143 | Train Loss: 0.4466015 Vali Loss: 0.4546901 Test Loss: 0.2008311
EarlyStopping counter: 9 out of 100
Updating learning rate to 2.1883797826302484e-05
	iters: 100, epoch: 25 | loss: 0.4873705
	speed: 0.0711s/iter; left time: 480.2957s
	iters: 200, epoch: 25 | loss: 0.3108346
	speed: 0.0104s/iter; left time: 69.5159s
	iters: 300, epoch: 25 | loss: 0.2811415
	speed: 0.0103s/iter; left time: 67.5212s
	iters: 400, epoch: 25 | loss: 0.7679019
	speed: 0.0104s/iter; left time: 66.8723s
	iters: 500, epoch: 25 | loss: 0.4207819
	speed: 0.0103s/iter; left time: 65.7073s
	iters: 600, epoch: 25 | loss: 0.4467210
	speed: 0.0103s/iter; left time: 64.5986s
	iters: 700, epoch: 25 | loss: 0.3762578
	speed: 0.0103s/iter; left time: 63.3365s
	iters: 800, epoch: 25 | loss: 0.3409917
	speed: 0.0104s/iter; left time: 63.2471s
	iters: 900, epoch: 25 | loss: 0.4042127
	speed: 0.0104s/iter; left time: 61.8196s
	iters: 1000, epoch: 25 | loss: 0.3817737
	speed: 0.0103s/iter; left time: 60.2770s
	iters: 1100, epoch: 25 | loss: 0.3060791
	speed: 0.0103s/iter; left time: 59.1837s
Epoch: 25 cost time: 12.156018257141113
Epoch: 25, Steps: 1143 | Train Loss: 0.4460891 Vali Loss: 0.4555703 Test Loss: 0.2004514
EarlyStopping counter: 10 out of 100
Updating learning rate to 1.9695418043672237e-05
	iters: 100, epoch: 26 | loss: 0.8349385
	speed: 0.0698s/iter; left time: 392.0608s
	iters: 200, epoch: 26 | loss: 0.3559564
	speed: 0.0100s/iter; left time: 55.2093s
	iters: 300, epoch: 26 | loss: 0.2616193
	speed: 0.0095s/iter; left time: 51.6547s
	iters: 400, epoch: 26 | loss: 0.3041288
	speed: 0.0096s/iter; left time: 50.8106s
	iters: 500, epoch: 26 | loss: 0.8479587
	speed: 0.0095s/iter; left time: 49.7344s
	iters: 600, epoch: 26 | loss: 0.3170298
	speed: 0.0095s/iter; left time: 48.6807s
	iters: 700, epoch: 26 | loss: 0.3974808
	speed: 0.0096s/iter; left time: 47.9323s
	iters: 800, epoch: 26 | loss: 0.3835558
	speed: 0.0098s/iter; left time: 48.2941s
	iters: 900, epoch: 26 | loss: 0.2669825
	speed: 0.0096s/iter; left time: 46.4669s
	iters: 1000, epoch: 26 | loss: 0.3056732
	speed: 0.0096s/iter; left time: 45.1425s
	iters: 1100, epoch: 26 | loss: 0.3406398
	speed: 0.0097s/iter; left time: 44.6131s
Epoch: 26 cost time: 11.314528226852417
Epoch: 26, Steps: 1143 | Train Loss: 0.4459749 Vali Loss: 0.4555781 Test Loss: 0.2001897
EarlyStopping counter: 11 out of 100
Updating learning rate to 1.7725876239305016e-05
	iters: 100, epoch: 27 | loss: 0.3610074
	speed: 0.0703s/iter; left time: 314.4035s
	iters: 200, epoch: 27 | loss: 0.9198887
	speed: 0.0109s/iter; left time: 47.4960s
	iters: 300, epoch: 27 | loss: 0.3853184
	speed: 0.0096s/iter; left time: 41.0926s
	iters: 400, epoch: 27 | loss: 0.3491032
	speed: 0.0097s/iter; left time: 40.4617s
	iters: 500, epoch: 27 | loss: 0.8296149
	speed: 0.0097s/iter; left time: 39.3469s
	iters: 600, epoch: 27 | loss: 0.3176384
	speed: 0.0096s/iter; left time: 38.2432s
	iters: 700, epoch: 27 | loss: 0.8749549
	speed: 0.0096s/iter; left time: 37.3163s
	iters: 800, epoch: 27 | loss: 0.3018481
	speed: 0.0098s/iter; left time: 37.0497s
	iters: 900, epoch: 27 | loss: 0.5836322
	speed: 0.0096s/iter; left time: 35.1932s
	iters: 1000, epoch: 27 | loss: 0.2850088
	speed: 0.0096s/iter; left time: 34.4266s
	iters: 1100, epoch: 27 | loss: 0.2606898
	speed: 0.0096s/iter; left time: 33.2863s
Epoch: 27 cost time: 11.486063003540039
Epoch: 27, Steps: 1143 | Train Loss: 0.4456103 Vali Loss: 0.4560809 Test Loss: 0.2005023
EarlyStopping counter: 12 out of 100
Updating learning rate to 1.595328861537451e-05
	iters: 100, epoch: 28 | loss: 0.4297308
	speed: 0.0728s/iter; left time: 242.4288s
	iters: 200, epoch: 28 | loss: 0.8937581
	speed: 0.0096s/iter; left time: 30.8853s
	iters: 300, epoch: 28 | loss: 0.9741300
	speed: 0.0095s/iter; left time: 29.7399s
	iters: 400, epoch: 28 | loss: 0.3110052
	speed: 0.0095s/iter; left time: 28.7872s
	iters: 500, epoch: 28 | loss: 0.3370439
	speed: 0.0096s/iter; left time: 28.2222s
	iters: 600, epoch: 28 | loss: 0.3384218
	speed: 0.0096s/iter; left time: 27.1378s
	iters: 700, epoch: 28 | loss: 0.2725191
	speed: 0.0100s/iter; left time: 27.2362s
	iters: 800, epoch: 28 | loss: 0.2706118
	speed: 0.0104s/iter; left time: 27.2996s
	iters: 900, epoch: 28 | loss: 0.3949680
	speed: 0.0103s/iter; left time: 26.0757s
	iters: 1000, epoch: 28 | loss: 0.2528120
	speed: 0.0103s/iter; left time: 24.9165s
	iters: 1100, epoch: 28 | loss: 0.3901335
	speed: 0.0103s/iter; left time: 23.9474s
Epoch: 28 cost time: 11.776012182235718
Epoch: 28, Steps: 1143 | Train Loss: 0.4453158 Vali Loss: 0.4545649 Test Loss: 0.2006409
EarlyStopping counter: 13 out of 100
Updating learning rate to 1.4357959753837061e-05
	iters: 100, epoch: 29 | loss: 0.4128388
	speed: 0.0669s/iter; left time: 146.3189s
	iters: 200, epoch: 29 | loss: 0.4494507
	speed: 0.0105s/iter; left time: 21.9612s
	iters: 300, epoch: 29 | loss: 0.8292409
	speed: 0.0106s/iter; left time: 21.1492s
	iters: 400, epoch: 29 | loss: 0.4523230
	speed: 0.0107s/iter; left time: 20.1554s
	iters: 500, epoch: 29 | loss: 0.8784354
	speed: 0.0105s/iter; left time: 18.7791s
	iters: 600, epoch: 29 | loss: 0.3889584
	speed: 0.0107s/iter; left time: 17.9762s
	iters: 700, epoch: 29 | loss: 0.3216300
	speed: 0.0108s/iter; left time: 17.1019s
	iters: 800, epoch: 29 | loss: 0.3408234
	speed: 0.0108s/iter; left time: 16.0237s
	iters: 900, epoch: 29 | loss: 0.7998404
	speed: 0.0103s/iter; left time: 14.3392s
	iters: 1000, epoch: 29 | loss: 0.8504611
	speed: 0.0108s/iter; left time: 13.9259s
	iters: 1100, epoch: 29 | loss: 0.3901020
	speed: 0.0106s/iter; left time: 12.5832s
Epoch: 29 cost time: 12.42915964126587
Epoch: 29, Steps: 1143 | Train Loss: 0.4447600 Vali Loss: 0.4547246 Test Loss: 0.2004658
EarlyStopping counter: 14 out of 100
Updating learning rate to 1.2922163778453355e-05
	iters: 100, epoch: 30 | loss: 0.3259468
	speed: 0.0660s/iter; left time: 68.9262s
	iters: 200, epoch: 30 | loss: 1.0367305
	speed: 0.0102s/iter; left time: 9.6084s
	iters: 300, epoch: 30 | loss: 0.2967801
	speed: 0.0105s/iter; left time: 8.8701s
	iters: 400, epoch: 30 | loss: 0.3534681
	speed: 0.0103s/iter; left time: 7.6271s
	iters: 500, epoch: 30 | loss: 0.3812550
	speed: 0.0105s/iter; left time: 6.7393s
	iters: 600, epoch: 30 | loss: 0.3479502
	speed: 0.0103s/iter; left time: 5.5794s
	iters: 700, epoch: 30 | loss: 0.3178661
	speed: 0.0104s/iter; left time: 4.5988s
	iters: 800, epoch: 30 | loss: 0.6668647
	speed: 0.0105s/iter; left time: 3.6280s
	iters: 900, epoch: 30 | loss: 0.4068978
	speed: 0.0106s/iter; left time: 2.5953s
	iters: 1000, epoch: 30 | loss: 0.7679341
	speed: 0.0099s/iter; left time: 1.4238s
	iters: 1100, epoch: 30 | loss: 0.3218242
	speed: 0.0104s/iter; left time: 0.4594s
Epoch: 30 cost time: 12.072258710861206
Epoch: 30, Steps: 1143 | Train Loss: 0.4443803 Vali Loss: 0.4556240 Test Loss: 0.2003401
EarlyStopping counter: 15 out of 100
Updating learning rate to 1.1629947400608019e-05
>>>>>>>testing : weather_96_192_MLPAer_only_channel_custom_ftM_sl96_ll48_pl192_dm2048_nh8_el2_dl1_df2048_fc1_ebtimeF_dtTrue_Exp_0<<<<<<<<<<<<<<<<<<<<<<<<<<<<<<<<<
test 10348
find shape (10336, 192, 21) (10336, 192, 21)
mse:0.20122884213924408, mae:0.245744526386261, nse:0.6513800323009491, mape:14.367607116699219
