Args in experiment:
Namespace(random_seed=2025, is_training=1, model_id='weather_96_336', model='MLPAer_only_channel', data='custom', root_path='./dataset/', data_path='weather.csv', features='M', target='OT', freq='h', checkpoints='./checkpoints/', seq_len=96, label_len=48, pred_len=336, fc_dropout=0.05, head_dropout=0.6, patch_len=16, stride=8, padding_patch='end', revin=1, affine=0, subtract_last=0, decomposition=0, kernel_size=25, individual=0, embed_type=0, enc_in=21, dec_in=7, c_out=7, d_model=2048, n_heads=8, e_layers=2, d_layers=1, d_ff=2048, moving_avg=25, factor=1, distil=True, dropout=0.05, embed='timeF', activation='gelu', output_attention=False, do_predict=False, num_workers=10, itr=1, train_epochs=30, batch_size=32, patience=100, learning_rate=0.0002, des='Exp', loss='mse', lradj='type3', pct_start=0.3, use_amp=False, c_ff=24, t_ff=512, c_dropout=0.1, t_dropout=0.3, embed_dropout=0.2, head_type='prediction', usenorm=1, use_gpu=True, gpu=0, use_multi_gpu=False, devices='0,1,2,3', test_flop=False)
Use GPU: cuda:0
>>>>>>>start training : weather_96_336_MLPAer_only_channel_custom_ftM_sl96_ll48_pl336_dm2048_nh8_el2_dl1_df2048_fc1_ebtimeF_dtTrue_Exp_0>>>>>>>>>>>>>>>>>>>>>>>>>>
train 36456
val 4935
test 10204
	iters: 100, epoch: 1 | loss: 0.5700796
	speed: 0.0327s/iter; left time: 1113.5187s
	iters: 200, epoch: 1 | loss: 0.6413650
	speed: 0.0108s/iter; left time: 366.8021s
	iters: 300, epoch: 1 | loss: 0.8861583
	speed: 0.0111s/iter; left time: 375.2854s
	iters: 400, epoch: 1 | loss: 0.6049538
	speed: 0.0109s/iter; left time: 367.0007s
	iters: 500, epoch: 1 | loss: 0.6193242
	speed: 0.0111s/iter; left time: 374.2545s
	iters: 600, epoch: 1 | loss: 0.6315072
	speed: 0.0107s/iter; left time: 358.4231s
	iters: 700, epoch: 1 | loss: 0.4782009
	speed: 0.0109s/iter; left time: 363.2398s
	iters: 800, epoch: 1 | loss: 0.6381720
	speed: 0.0107s/iter; left time: 355.5340s
	iters: 900, epoch: 1 | loss: 0.5913409
	speed: 0.0108s/iter; left time: 360.1863s
	iters: 1000, epoch: 1 | loss: 0.5370883
	speed: 0.0107s/iter; left time: 354.8638s
	iters: 1100, epoch: 1 | loss: 0.7997656
	speed: 0.0108s/iter; left time: 356.5635s
Epoch: 1 cost time: 12.93178105354309
Epoch: 1, Steps: 1139 | Train Loss: 0.7290914 Vali Loss: 0.6614329 Test Loss: 0.2957370
Validation loss decreased (inf --> 0.661433).  Saving model ...
Updating learning rate to 0.0002
	iters: 100, epoch: 2 | loss: 0.7979364
	speed: 0.0724s/iter; left time: 2385.1719s
	iters: 200, epoch: 2 | loss: 0.7091105
	speed: 0.0106s/iter; left time: 349.6506s
	iters: 300, epoch: 2 | loss: 0.4721222
	speed: 0.0107s/iter; left time: 349.9200s
	iters: 400, epoch: 2 | loss: 0.5548810
	speed: 0.0106s/iter; left time: 347.3014s
	iters: 500, epoch: 2 | loss: 0.5059640
	speed: 0.0109s/iter; left time: 353.8000s
	iters: 600, epoch: 2 | loss: 0.4891759
	speed: 0.0106s/iter; left time: 345.1191s
	iters: 700, epoch: 2 | loss: 0.8676293
	speed: 0.0106s/iter; left time: 343.4180s
	iters: 800, epoch: 2 | loss: 0.5009924
	speed: 0.0106s/iter; left time: 342.5081s
	iters: 900, epoch: 2 | loss: 0.5165007
	speed: 0.0106s/iter; left time: 339.3614s
	iters: 1000, epoch: 2 | loss: 0.5210562
	speed: 0.0105s/iter; left time: 337.7309s
	iters: 1100, epoch: 2 | loss: 0.4582196
	speed: 0.0110s/iter; left time: 350.8025s
Epoch: 2 cost time: 12.481896162033081
Epoch: 2, Steps: 1139 | Train Loss: 0.6190273 Vali Loss: 0.5901417 Test Loss: 0.2782405
Validation loss decreased (0.661433 --> 0.590142).  Saving model ...
Updating learning rate to 0.0002
	iters: 100, epoch: 3 | loss: 0.5498878
	speed: 0.0813s/iter; left time: 2584.8664s
	iters: 200, epoch: 3 | loss: 0.3883151
	speed: 0.0127s/iter; left time: 403.2991s
	iters: 300, epoch: 3 | loss: 0.4771283
	speed: 0.0118s/iter; left time: 373.2665s
	iters: 400, epoch: 3 | loss: 0.7338573
	speed: 0.0132s/iter; left time: 414.7913s
	iters: 500, epoch: 3 | loss: 0.4560522
	speed: 0.0110s/iter; left time: 346.1888s
	iters: 600, epoch: 3 | loss: 0.5065222
	speed: 0.0108s/iter; left time: 338.0989s
	iters: 700, epoch: 3 | loss: 0.4617416
	speed: 0.0115s/iter; left time: 358.4714s
	iters: 800, epoch: 3 | loss: 0.5090520
	speed: 0.0113s/iter; left time: 349.8756s
	iters: 900, epoch: 3 | loss: 0.4301599
	speed: 0.0111s/iter; left time: 343.8856s
	iters: 1000, epoch: 3 | loss: 0.6323819
	speed: 0.0111s/iter; left time: 342.5123s
	iters: 1100, epoch: 3 | loss: 0.4875266
	speed: 0.0113s/iter; left time: 349.0295s
Epoch: 3 cost time: 13.591529846191406
Epoch: 3, Steps: 1139 | Train Loss: 0.5803342 Vali Loss: 0.5699074 Test Loss: 0.2699108
Validation loss decreased (0.590142 --> 0.569907).  Saving model ...
Updating learning rate to 0.0002
	iters: 100, epoch: 4 | loss: 0.4705918
	speed: 0.0810s/iter; left time: 2484.1033s
	iters: 200, epoch: 4 | loss: 0.6342806
	speed: 0.0116s/iter; left time: 354.4552s
	iters: 300, epoch: 4 | loss: 0.6014364
	speed: 0.0108s/iter; left time: 329.2102s
	iters: 400, epoch: 4 | loss: 0.4395689
	speed: 0.0107s/iter; left time: 325.5735s
	iters: 500, epoch: 4 | loss: 0.4292373
	speed: 0.0111s/iter; left time: 336.2897s
	iters: 600, epoch: 4 | loss: 0.4942010
	speed: 0.0109s/iter; left time: 328.0896s
	iters: 700, epoch: 4 | loss: 1.0566136
	speed: 0.0108s/iter; left time: 324.9051s
	iters: 800, epoch: 4 | loss: 0.5322506
	speed: 0.0113s/iter; left time: 339.7134s
	iters: 900, epoch: 4 | loss: 0.4599161
	speed: 0.0109s/iter; left time: 325.1711s
	iters: 1000, epoch: 4 | loss: 0.4582292
	speed: 0.0108s/iter; left time: 320.0514s
	iters: 1100, epoch: 4 | loss: 0.5081854
	speed: 0.0110s/iter; left time: 325.3682s
Epoch: 4 cost time: 12.899379014968872
Epoch: 4, Steps: 1139 | Train Loss: 0.5660359 Vali Loss: 0.5616204 Test Loss: 0.2672732
Validation loss decreased (0.569907 --> 0.561620).  Saving model ...
Updating learning rate to 0.00018
	iters: 100, epoch: 5 | loss: 0.7138393
	speed: 0.0787s/iter; left time: 2322.2831s
	iters: 200, epoch: 5 | loss: 0.5180274
	speed: 0.0116s/iter; left time: 341.3140s
	iters: 300, epoch: 5 | loss: 0.4508193
	speed: 0.0138s/iter; left time: 404.6403s
	iters: 400, epoch: 5 | loss: 0.3852925
	speed: 0.0113s/iter; left time: 330.2429s
	iters: 500, epoch: 5 | loss: 0.4806019
	speed: 0.0139s/iter; left time: 405.0591s
	iters: 600, epoch: 5 | loss: 0.7249227
	speed: 0.0110s/iter; left time: 317.7531s
	iters: 700, epoch: 5 | loss: 0.5759512
	speed: 0.0108s/iter; left time: 311.4418s
	iters: 800, epoch: 5 | loss: 0.4185589
	speed: 0.0108s/iter; left time: 311.3827s
	iters: 900, epoch: 5 | loss: 0.4237638
	speed: 0.0109s/iter; left time: 312.3566s
	iters: 1000, epoch: 5 | loss: 0.4985835
	speed: 0.0107s/iter; left time: 306.8305s
	iters: 1100, epoch: 5 | loss: 0.3918150
	speed: 0.0110s/iter; left time: 313.0700s
Epoch: 5 cost time: 13.488877296447754
Epoch: 5, Steps: 1139 | Train Loss: 0.5579259 Vali Loss: 0.5553881 Test Loss: 0.2651764
Validation loss decreased (0.561620 --> 0.555388).  Saving model ...
Updating learning rate to 0.000162
	iters: 100, epoch: 6 | loss: 0.4747033
	speed: 0.0831s/iter; left time: 2357.9762s
	iters: 200, epoch: 6 | loss: 0.4264807
	speed: 0.0110s/iter; left time: 309.8716s
	iters: 300, epoch: 6 | loss: 0.4334445
	speed: 0.0110s/iter; left time: 309.7012s
	iters: 400, epoch: 6 | loss: 0.4424208
	speed: 0.0108s/iter; left time: 304.0007s
	iters: 500, epoch: 6 | loss: 0.4769446
	speed: 0.0111s/iter; left time: 311.6449s
	iters: 600, epoch: 6 | loss: 0.4454286
	speed: 0.0112s/iter; left time: 312.9484s
	iters: 700, epoch: 6 | loss: 0.6917607
	speed: 0.0114s/iter; left time: 317.7655s
	iters: 800, epoch: 6 | loss: 0.4125109
	speed: 0.0112s/iter; left time: 309.6713s
	iters: 900, epoch: 6 | loss: 0.5424663
	speed: 0.0111s/iter; left time: 306.6437s
	iters: 1000, epoch: 6 | loss: 0.4646381
	speed: 0.0111s/iter; left time: 305.6968s
	iters: 1100, epoch: 6 | loss: 0.4648474
	speed: 0.0112s/iter; left time: 305.5353s
Epoch: 6 cost time: 13.063955307006836
Epoch: 6, Steps: 1139 | Train Loss: 0.5521217 Vali Loss: 0.5511485 Test Loss: 0.2638735
Validation loss decreased (0.555388 --> 0.551149).  Saving model ...
Updating learning rate to 0.00014580000000000002
	iters: 100, epoch: 7 | loss: 0.6537935
	speed: 0.0814s/iter; left time: 2216.2556s
	iters: 200, epoch: 7 | loss: 0.5063522
	speed: 0.0115s/iter; left time: 313.0614s
	iters: 300, epoch: 7 | loss: 0.5342508
	speed: 0.0116s/iter; left time: 313.1447s
	iters: 400, epoch: 7 | loss: 0.6855490
	speed: 0.0107s/iter; left time: 286.9369s
	iters: 500, epoch: 7 | loss: 0.5379668
	speed: 0.0115s/iter; left time: 307.5514s
	iters: 600, epoch: 7 | loss: 0.4167902
	speed: 0.0107s/iter; left time: 287.2128s
	iters: 700, epoch: 7 | loss: 0.3729125
	speed: 0.0119s/iter; left time: 316.4508s
	iters: 800, epoch: 7 | loss: 0.4301213
	speed: 0.0110s/iter; left time: 291.2851s
	iters: 900, epoch: 7 | loss: 1.3125228
	speed: 0.0113s/iter; left time: 297.6662s
	iters: 1000, epoch: 7 | loss: 0.5671287
	speed: 0.0116s/iter; left time: 305.3060s
	iters: 1100, epoch: 7 | loss: 0.5357244
	speed: 0.0117s/iter; left time: 305.9451s
Epoch: 7 cost time: 13.2231125831604
Epoch: 7, Steps: 1139 | Train Loss: 0.5470884 Vali Loss: 0.5491403 Test Loss: 0.2634839
Validation loss decreased (0.551149 --> 0.549140).  Saving model ...
Updating learning rate to 0.00013122
	iters: 100, epoch: 8 | loss: 0.8132126
	speed: 0.0800s/iter; left time: 2089.1164s
	iters: 200, epoch: 8 | loss: 0.7635795
	speed: 0.0112s/iter; left time: 292.0805s
	iters: 300, epoch: 8 | loss: 0.4214057
	speed: 0.0117s/iter; left time: 302.9713s
	iters: 400, epoch: 8 | loss: 0.6266065
	speed: 0.0115s/iter; left time: 297.6533s
	iters: 500, epoch: 8 | loss: 0.7529817
	speed: 0.0120s/iter; left time: 309.0903s
	iters: 600, epoch: 8 | loss: 0.4735614
	speed: 0.0116s/iter; left time: 297.6130s
	iters: 700, epoch: 8 | loss: 0.5218810
	speed: 0.0115s/iter; left time: 294.3297s
	iters: 800, epoch: 8 | loss: 0.4393716
	speed: 0.0115s/iter; left time: 292.3894s
	iters: 900, epoch: 8 | loss: 0.4307157
	speed: 0.0115s/iter; left time: 290.9886s
	iters: 1000, epoch: 8 | loss: 0.4179900
	speed: 0.0124s/iter; left time: 311.3059s
	iters: 1100, epoch: 8 | loss: 0.6596338
	speed: 0.0116s/iter; left time: 291.3731s
Epoch: 8 cost time: 13.70223879814148
Epoch: 8, Steps: 1139 | Train Loss: 0.5426808 Vali Loss: 0.5457433 Test Loss: 0.2617908
Validation loss decreased (0.549140 --> 0.545743).  Saving model ...
Updating learning rate to 0.00011809800000000002
	iters: 100, epoch: 9 | loss: 0.4635581
	speed: 0.0842s/iter; left time: 2102.5559s
	iters: 200, epoch: 9 | loss: 0.7903382
	speed: 0.0133s/iter; left time: 331.4831s
	iters: 300, epoch: 9 | loss: 0.4780421
	speed: 0.0124s/iter; left time: 307.0044s
	iters: 400, epoch: 9 | loss: 0.9734917
	speed: 0.0116s/iter; left time: 286.9043s
	iters: 500, epoch: 9 | loss: 0.4435843
	speed: 0.0120s/iter; left time: 294.1050s
	iters: 600, epoch: 9 | loss: 0.4373134
	speed: 0.0129s/iter; left time: 316.1960s
	iters: 700, epoch: 9 | loss: 0.4334550
	speed: 0.0113s/iter; left time: 276.3626s
	iters: 800, epoch: 9 | loss: 0.4506853
	speed: 0.0115s/iter; left time: 279.9047s
	iters: 900, epoch: 9 | loss: 0.4041014
	speed: 0.0109s/iter; left time: 262.4826s
	iters: 1000, epoch: 9 | loss: 0.4152413
	speed: 0.0137s/iter; left time: 329.0249s
	iters: 1100, epoch: 9 | loss: 0.4850184
	speed: 0.0124s/iter; left time: 297.2902s
Epoch: 9 cost time: 14.640244722366333
Epoch: 9, Steps: 1139 | Train Loss: 0.5393834 Vali Loss: 0.5418761 Test Loss: 0.2613912
Validation loss decreased (0.545743 --> 0.541876).  Saving model ...
Updating learning rate to 0.00010628820000000001
	iters: 100, epoch: 10 | loss: 0.4019655
	speed: 0.0889s/iter; left time: 2116.9044s
	iters: 200, epoch: 10 | loss: 0.3924800
	speed: 0.0136s/iter; left time: 322.7641s
	iters: 300, epoch: 10 | loss: 0.7044852
	speed: 0.0105s/iter; left time: 248.9425s
	iters: 400, epoch: 10 | loss: 0.3671817
	speed: 0.0105s/iter; left time: 246.2720s
	iters: 500, epoch: 10 | loss: 0.4294020
	speed: 0.0117s/iter; left time: 273.0142s
	iters: 600, epoch: 10 | loss: 0.4196726
	speed: 0.0115s/iter; left time: 268.7167s
	iters: 700, epoch: 10 | loss: 0.4910645
	speed: 0.0104s/iter; left time: 242.5215s
	iters: 800, epoch: 10 | loss: 0.4530545
	speed: 0.0104s/iter; left time: 240.4889s
	iters: 900, epoch: 10 | loss: 0.7213706
	speed: 0.0105s/iter; left time: 240.8593s
	iters: 1000, epoch: 10 | loss: 0.3639584
	speed: 0.0104s/iter; left time: 238.2542s
	iters: 1100, epoch: 10 | loss: 0.4438974
	speed: 0.0111s/iter; left time: 254.3592s
Epoch: 10 cost time: 13.209049224853516
Epoch: 10, Steps: 1139 | Train Loss: 0.5362036 Vali Loss: 0.5411767 Test Loss: 0.2603666
Validation loss decreased (0.541876 --> 0.541177).  Saving model ...
Updating learning rate to 9.565938000000003e-05
	iters: 100, epoch: 11 | loss: 0.4670040
	speed: 0.0832s/iter; left time: 1886.4582s
	iters: 200, epoch: 11 | loss: 0.5175806
	speed: 0.0116s/iter; left time: 261.1022s
	iters: 300, epoch: 11 | loss: 0.4195059
	speed: 0.0145s/iter; left time: 325.0895s
	iters: 400, epoch: 11 | loss: 0.3503349
	speed: 0.0137s/iter; left time: 305.6064s
	iters: 500, epoch: 11 | loss: 0.5710102
	speed: 0.0116s/iter; left time: 258.7771s
	iters: 600, epoch: 11 | loss: 0.5642435
	speed: 0.0113s/iter; left time: 250.8584s
	iters: 700, epoch: 11 | loss: 0.4341982
	speed: 0.0115s/iter; left time: 254.0199s
	iters: 800, epoch: 11 | loss: 0.7897461
	speed: 0.0124s/iter; left time: 271.5147s
	iters: 900, epoch: 11 | loss: 0.4715528
	speed: 0.0135s/iter; left time: 294.7761s
	iters: 1000, epoch: 11 | loss: 1.0211133
	speed: 0.0112s/iter; left time: 244.4077s
	iters: 1100, epoch: 11 | loss: 0.5213165
	speed: 0.0107s/iter; left time: 232.7558s
Epoch: 11 cost time: 14.310522556304932
Epoch: 11, Steps: 1139 | Train Loss: 0.5328630 Vali Loss: 0.5397861 Test Loss: 0.2601808
Validation loss decreased (0.541177 --> 0.539786).  Saving model ...
Updating learning rate to 8.609344200000003e-05
	iters: 100, epoch: 12 | loss: 0.4490947
	speed: 0.0837s/iter; left time: 1803.0089s
	iters: 200, epoch: 12 | loss: 0.3984188
	speed: 0.0112s/iter; left time: 240.8890s
	iters: 300, epoch: 12 | loss: 0.4089313
	speed: 0.0107s/iter; left time: 228.1753s
	iters: 400, epoch: 12 | loss: 0.6284888
	speed: 0.0113s/iter; left time: 240.9590s
	iters: 500, epoch: 12 | loss: 0.4107285
	speed: 0.0119s/iter; left time: 252.3348s
	iters: 600, epoch: 12 | loss: 0.7023133
	speed: 0.0107s/iter; left time: 225.7357s
	iters: 700, epoch: 12 | loss: 0.5339439
	speed: 0.0108s/iter; left time: 226.1557s
	iters: 800, epoch: 12 | loss: 0.4154194
	speed: 0.0108s/iter; left time: 225.4416s
	iters: 900, epoch: 12 | loss: 0.5952901
	speed: 0.0108s/iter; left time: 224.6355s
	iters: 1000, epoch: 12 | loss: 0.5420306
	speed: 0.0108s/iter; left time: 223.7876s
	iters: 1100, epoch: 12 | loss: 0.4780963
	speed: 0.0108s/iter; left time: 221.9575s
Epoch: 12 cost time: 12.866894006729126
Epoch: 12, Steps: 1139 | Train Loss: 0.5305934 Vali Loss: 0.5388808 Test Loss: 0.2600306
Validation loss decreased (0.539786 --> 0.538881).  Saving model ...
Updating learning rate to 7.748409780000002e-05
	iters: 100, epoch: 13 | loss: 0.4002781
	speed: 0.0828s/iter; left time: 1689.1743s
	iters: 200, epoch: 13 | loss: 0.6915801
	speed: 0.0106s/iter; left time: 215.4453s
	iters: 300, epoch: 13 | loss: 0.5017438
	speed: 0.0108s/iter; left time: 218.4950s
	iters: 400, epoch: 13 | loss: 0.4430681
	speed: 0.0106s/iter; left time: 212.2606s
	iters: 500, epoch: 13 | loss: 0.8019696
	speed: 0.0110s/iter; left time: 219.9804s
	iters: 600, epoch: 13 | loss: 0.4512495
	speed: 0.0107s/iter; left time: 212.7367s
	iters: 700, epoch: 13 | loss: 0.5828838
	speed: 0.0106s/iter; left time: 209.3108s
	iters: 800, epoch: 13 | loss: 0.4307499
	speed: 0.0106s/iter; left time: 208.8960s
	iters: 900, epoch: 13 | loss: 0.4169293
	speed: 0.0106s/iter; left time: 208.2902s
	iters: 1000, epoch: 13 | loss: 0.4670070
	speed: 0.0107s/iter; left time: 208.3001s
	iters: 1100, epoch: 13 | loss: 0.4011703
	speed: 0.0106s/iter; left time: 205.5508s
Epoch: 13 cost time: 12.571228742599487
Epoch: 13, Steps: 1139 | Train Loss: 0.5284256 Vali Loss: 0.5383927 Test Loss: 0.2601687
Validation loss decreased (0.538881 --> 0.538393).  Saving model ...
Updating learning rate to 6.973568802000002e-05
	iters: 100, epoch: 14 | loss: 0.7265324
	speed: 0.0786s/iter; left time: 1514.1129s
	iters: 200, epoch: 14 | loss: 0.4337313
	speed: 0.0107s/iter; left time: 205.7819s
	iters: 300, epoch: 14 | loss: 0.4520848
	speed: 0.0107s/iter; left time: 204.1867s
	iters: 400, epoch: 14 | loss: 0.4796222
	speed: 0.0107s/iter; left time: 202.4633s
	iters: 500, epoch: 14 | loss: 0.5197521
	speed: 0.0107s/iter; left time: 201.8401s
	iters: 600, epoch: 14 | loss: 0.3758523
	speed: 0.0106s/iter; left time: 199.4174s
	iters: 700, epoch: 14 | loss: 0.5103536
	speed: 0.0109s/iter; left time: 202.7989s
	iters: 800, epoch: 14 | loss: 0.3765767
	speed: 0.0106s/iter; left time: 196.6210s
	iters: 900, epoch: 14 | loss: 0.4491309
	speed: 0.0108s/iter; left time: 200.1493s
	iters: 1000, epoch: 14 | loss: 0.4837099
	speed: 0.0106s/iter; left time: 195.1656s
	iters: 1100, epoch: 14 | loss: 0.7588919
	speed: 0.0106s/iter; left time: 192.9966s
Epoch: 14 cost time: 12.490983247756958
Epoch: 14, Steps: 1139 | Train Loss: 0.5263843 Vali Loss: 0.5380003 Test Loss: 0.2603303
Validation loss decreased (0.538393 --> 0.538000).  Saving model ...
Updating learning rate to 6.276211921800002e-05
	iters: 100, epoch: 15 | loss: 0.7847957
	speed: 0.0800s/iter; left time: 1450.4918s
	iters: 200, epoch: 15 | loss: 0.9025011
	speed: 0.0106s/iter; left time: 191.9611s
	iters: 300, epoch: 15 | loss: 0.4775184
	speed: 0.0106s/iter; left time: 190.3745s
	iters: 400, epoch: 15 | loss: 0.4264350
	speed: 0.0106s/iter; left time: 189.1830s
	iters: 500, epoch: 15 | loss: 0.7355161
	speed: 0.0106s/iter; left time: 188.1293s
	iters: 600, epoch: 15 | loss: 0.4410413
	speed: 0.0107s/iter; left time: 189.3700s
	iters: 700, epoch: 15 | loss: 0.7035394
	speed: 0.0106s/iter; left time: 186.4746s
	iters: 800, epoch: 15 | loss: 0.4434521
	speed: 0.0125s/iter; left time: 217.6961s
	iters: 900, epoch: 15 | loss: 0.5397661
	speed: 0.0107s/iter; left time: 184.9114s
	iters: 1000, epoch: 15 | loss: 0.6499823
	speed: 0.0107s/iter; left time: 184.7485s
	iters: 1100, epoch: 15 | loss: 0.5688651
	speed: 0.0106s/iter; left time: 181.0383s
Epoch: 15 cost time: 12.665136575698853
Epoch: 15, Steps: 1139 | Train Loss: 0.5247021 Vali Loss: 0.5387229 Test Loss: 0.2602229
EarlyStopping counter: 1 out of 100
Updating learning rate to 5.648590729620002e-05
	iters: 100, epoch: 16 | loss: 0.5377907
	speed: 0.0749s/iter; left time: 1272.9864s
	iters: 200, epoch: 16 | loss: 0.4833609
	speed: 0.0112s/iter; left time: 188.9790s
	iters: 300, epoch: 16 | loss: 0.4401583
	speed: 0.0107s/iter; left time: 179.0900s
	iters: 400, epoch: 16 | loss: 0.6784148
	speed: 0.0108s/iter; left time: 180.3111s
	iters: 500, epoch: 16 | loss: 0.5576733
	speed: 0.0117s/iter; left time: 194.7563s
	iters: 600, epoch: 16 | loss: 0.4277673
	speed: 0.0107s/iter; left time: 176.4503s
	iters: 700, epoch: 16 | loss: 0.7349521
	speed: 0.0106s/iter; left time: 174.2871s
	iters: 800, epoch: 16 | loss: 0.4486821
	speed: 0.0106s/iter; left time: 172.9192s
	iters: 900, epoch: 16 | loss: 0.6226326
	speed: 0.0106s/iter; left time: 171.5435s
	iters: 1000, epoch: 16 | loss: 0.4530287
	speed: 0.0112s/iter; left time: 179.7059s
	iters: 1100, epoch: 16 | loss: 0.5246373
	speed: 0.0106s/iter; left time: 168.8043s
Epoch: 16 cost time: 12.658027648925781
Epoch: 16, Steps: 1139 | Train Loss: 0.5233671 Vali Loss: 0.5381442 Test Loss: 0.2593444
EarlyStopping counter: 2 out of 100
Updating learning rate to 5.083731656658002e-05
	iters: 100, epoch: 17 | loss: 0.5133451
	speed: 0.0742s/iter; left time: 1176.5217s
	iters: 200, epoch: 17 | loss: 0.3852212
	speed: 0.0108s/iter; left time: 169.4495s
	iters: 300, epoch: 17 | loss: 0.5001462
	speed: 0.0107s/iter; left time: 166.7101s
	iters: 400, epoch: 17 | loss: 0.6830776
	speed: 0.0106s/iter; left time: 164.8908s
	iters: 500, epoch: 17 | loss: 0.8454194
	speed: 0.0112s/iter; left time: 173.2930s
	iters: 600, epoch: 17 | loss: 0.9503149
	speed: 0.0108s/iter; left time: 165.9414s
	iters: 700, epoch: 17 | loss: 0.3853983
	speed: 0.0108s/iter; left time: 165.3985s
	iters: 800, epoch: 17 | loss: 0.3182166
	speed: 0.0111s/iter; left time: 168.4308s
	iters: 900, epoch: 17 | loss: 0.7151740
	speed: 0.0120s/iter; left time: 180.0745s
	iters: 1000, epoch: 17 | loss: 0.4430602
	speed: 0.0107s/iter; left time: 159.3123s
	iters: 1100, epoch: 17 | loss: 0.4947852
	speed: 0.0107s/iter; left time: 158.2455s
Epoch: 17 cost time: 12.73867654800415
Epoch: 17, Steps: 1139 | Train Loss: 0.5219933 Vali Loss: 0.5372444 Test Loss: 0.2593389
Validation loss decreased (0.538000 --> 0.537244).  Saving model ...
Updating learning rate to 4.575358490992202e-05
	iters: 100, epoch: 18 | loss: 1.0118078
	speed: 0.0755s/iter; left time: 1109.8405s
	iters: 200, epoch: 18 | loss: 0.4211528
	speed: 0.0108s/iter; left time: 157.4628s
	iters: 300, epoch: 18 | loss: 0.4602084
	speed: 0.0112s/iter; left time: 162.4815s
	iters: 400, epoch: 18 | loss: 0.4683525
	speed: 0.0119s/iter; left time: 171.5490s
	iters: 500, epoch: 18 | loss: 0.4943065
	speed: 0.0111s/iter; left time: 158.8030s
	iters: 600, epoch: 18 | loss: 0.6756728
	speed: 0.0106s/iter; left time: 149.9997s
	iters: 700, epoch: 18 | loss: 0.8015435
	speed: 0.0105s/iter; left time: 148.5104s
	iters: 800, epoch: 18 | loss: 0.6784297
	speed: 0.0105s/iter; left time: 147.3952s
	iters: 900, epoch: 18 | loss: 0.7499340
	speed: 0.0105s/iter; left time: 145.9310s
	iters: 1000, epoch: 18 | loss: 0.7073337
	speed: 0.0108s/iter; left time: 149.0346s
	iters: 1100, epoch: 18 | loss: 0.4651329
	speed: 0.0105s/iter; left time: 144.0479s
Epoch: 18 cost time: 12.664062261581421
Epoch: 18, Steps: 1139 | Train Loss: 0.5206721 Vali Loss: 0.5361247 Test Loss: 0.2589090
Validation loss decreased (0.537244 --> 0.536125).  Saving model ...
Updating learning rate to 4.117822641892981e-05
	iters: 100, epoch: 19 | loss: 0.5170065
	speed: 0.0775s/iter; left time: 1051.8973s
	iters: 200, epoch: 19 | loss: 0.4122420
	speed: 0.0108s/iter; left time: 144.8187s
	iters: 300, epoch: 19 | loss: 0.5335126
	speed: 0.0110s/iter; left time: 147.6780s
	iters: 400, epoch: 19 | loss: 0.4241064
	speed: 0.0107s/iter; left time: 142.5456s
	iters: 500, epoch: 19 | loss: 0.5536411
	speed: 0.0108s/iter; left time: 141.6137s
	iters: 600, epoch: 19 | loss: 0.6097678
	speed: 0.0107s/iter; left time: 140.0930s
	iters: 700, epoch: 19 | loss: 0.4468412
	speed: 0.0108s/iter; left time: 140.0051s
	iters: 800, epoch: 19 | loss: 0.9541453
	speed: 0.0109s/iter; left time: 140.7996s
	iters: 900, epoch: 19 | loss: 0.4290202
	speed: 0.0106s/iter; left time: 135.6696s
	iters: 1000, epoch: 19 | loss: 0.3357316
	speed: 0.0110s/iter; left time: 139.4102s
	iters: 1100, epoch: 19 | loss: 0.4095672
	speed: 0.0111s/iter; left time: 139.5693s
Epoch: 19 cost time: 12.730117082595825
Epoch: 19, Steps: 1139 | Train Loss: 0.5195396 Vali Loss: 0.5367243 Test Loss: 0.2596264
EarlyStopping counter: 1 out of 100
Updating learning rate to 3.706040377703683e-05
	iters: 100, epoch: 20 | loss: 0.6990067
	speed: 0.0748s/iter; left time: 929.1869s
	iters: 200, epoch: 20 | loss: 0.4024143
	speed: 0.0111s/iter; left time: 137.0876s
	iters: 300, epoch: 20 | loss: 0.4466170
	speed: 0.0108s/iter; left time: 131.6190s
	iters: 400, epoch: 20 | loss: 0.4311357
	speed: 0.0111s/iter; left time: 134.1774s
	iters: 500, epoch: 20 | loss: 0.3749574
	speed: 0.0121s/iter; left time: 145.9925s
	iters: 600, epoch: 20 | loss: 0.4565718
	speed: 0.0107s/iter; left time: 127.3611s
	iters: 700, epoch: 20 | loss: 0.4062070
	speed: 0.0106s/iter; left time: 125.5257s
	iters: 800, epoch: 20 | loss: 0.7536759
	speed: 0.0109s/iter; left time: 128.0421s
	iters: 900, epoch: 20 | loss: 0.6698701
	speed: 0.0107s/iter; left time: 124.5530s
	iters: 1000, epoch: 20 | loss: 0.4020927
	speed: 0.0110s/iter; left time: 127.0196s
	iters: 1100, epoch: 20 | loss: 0.4492865
	speed: 0.0106s/iter; left time: 121.0208s
Epoch: 20 cost time: 12.748031616210938
Epoch: 20, Steps: 1139 | Train Loss: 0.5185539 Vali Loss: 0.5359409 Test Loss: 0.2593824
Validation loss decreased (0.536125 --> 0.535941).  Saving model ...
Updating learning rate to 3.3354363399333154e-05
	iters: 100, epoch: 21 | loss: 0.5139841
	speed: 0.0785s/iter; left time: 886.8343s
	iters: 200, epoch: 21 | loss: 0.3863780
	speed: 0.0109s/iter; left time: 122.3293s
	iters: 300, epoch: 21 | loss: 0.7367656
	speed: 0.0113s/iter; left time: 125.4819s
	iters: 400, epoch: 21 | loss: 0.4465609
	speed: 0.0105s/iter; left time: 115.9486s
	iters: 500, epoch: 21 | loss: 0.4324203
	speed: 0.0106s/iter; left time: 115.7640s
	iters: 600, epoch: 21 | loss: 0.4276636
	speed: 0.0106s/iter; left time: 114.3360s
	iters: 700, epoch: 21 | loss: 0.4402593
	speed: 0.0111s/iter; left time: 118.5782s
	iters: 800, epoch: 21 | loss: 0.4416741
	speed: 0.0108s/iter; left time: 114.8248s
	iters: 900, epoch: 21 | loss: 0.4436972
	speed: 0.0114s/iter; left time: 119.1604s
	iters: 1000, epoch: 21 | loss: 0.4579673
	speed: 0.0107s/iter; left time: 111.5205s
	iters: 1100, epoch: 21 | loss: 0.4147399
	speed: 0.0106s/iter; left time: 109.0113s
Epoch: 21 cost time: 12.645415782928467
Epoch: 21, Steps: 1139 | Train Loss: 0.5177156 Vali Loss: 0.5368989 Test Loss: 0.2598677
EarlyStopping counter: 1 out of 100
Updating learning rate to 3.0018927059399838e-05
	iters: 100, epoch: 22 | loss: 0.4436913
	speed: 0.0726s/iter; left time: 737.4425s
	iters: 200, epoch: 22 | loss: 0.4689946
	speed: 0.0109s/iter; left time: 109.2875s
	iters: 300, epoch: 22 | loss: 0.7392213
	speed: 0.0106s/iter; left time: 105.7600s
	iters: 400, epoch: 22 | loss: 0.3341701
	speed: 0.0106s/iter; left time: 104.3728s
	iters: 500, epoch: 22 | loss: 0.5133042
	speed: 0.0110s/iter; left time: 107.6232s
	iters: 600, epoch: 22 | loss: 0.4621820
	speed: 0.0107s/iter; left time: 103.6066s
	iters: 700, epoch: 22 | loss: 0.4767983
	speed: 0.0107s/iter; left time: 102.5342s
	iters: 800, epoch: 22 | loss: 0.6946414
	speed: 0.0105s/iter; left time: 99.4897s
	iters: 900, epoch: 22 | loss: 0.7565969
	speed: 0.0105s/iter; left time: 98.5898s
	iters: 1000, epoch: 22 | loss: 0.4024326
	speed: 0.0106s/iter; left time: 97.8444s
	iters: 1100, epoch: 22 | loss: 0.4150502
	speed: 0.0105s/iter; left time: 96.3749s
Epoch: 22 cost time: 12.535874128341675
Epoch: 22, Steps: 1139 | Train Loss: 0.5170854 Vali Loss: 0.5365120 Test Loss: 0.2593727
EarlyStopping counter: 2 out of 100
Updating learning rate to 2.7017034353459858e-05
	iters: 100, epoch: 23 | loss: 0.4047409
	speed: 0.0743s/iter; left time: 669.7117s
	iters: 200, epoch: 23 | loss: 0.4981147
	speed: 0.0106s/iter; left time: 94.6960s
	iters: 300, epoch: 23 | loss: 0.4371982
	speed: 0.0106s/iter; left time: 93.6359s
	iters: 400, epoch: 23 | loss: 0.4346728
	speed: 0.0107s/iter; left time: 92.8787s
	iters: 500, epoch: 23 | loss: 0.5014354
	speed: 0.0106s/iter; left time: 91.1951s
	iters: 600, epoch: 23 | loss: 0.4589939
	speed: 0.0113s/iter; left time: 95.8021s
	iters: 700, epoch: 23 | loss: 0.4041708
	speed: 0.0114s/iter; left time: 95.7181s
	iters: 800, epoch: 23 | loss: 0.3772618
	speed: 0.0111s/iter; left time: 92.4000s
	iters: 900, epoch: 23 | loss: 0.4937661
	speed: 0.0107s/iter; left time: 88.1106s
	iters: 1000, epoch: 23 | loss: 0.4164414
	speed: 0.0107s/iter; left time: 87.1450s
	iters: 1100, epoch: 23 | loss: 0.5547341
	speed: 0.0108s/iter; left time: 86.3001s
Epoch: 23 cost time: 12.719770193099976
Epoch: 23, Steps: 1139 | Train Loss: 0.5162259 Vali Loss: 0.5362768 Test Loss: 0.2596589
EarlyStopping counter: 3 out of 100
Updating learning rate to 2.431533091811387e-05
	iters: 100, epoch: 24 | loss: 0.7499590
	speed: 0.0730s/iter; left time: 575.1481s
	iters: 200, epoch: 24 | loss: 0.3513136
	speed: 0.0105s/iter; left time: 81.9943s
	iters: 300, epoch: 24 | loss: 0.7186384
	speed: 0.0108s/iter; left time: 82.9333s
	iters: 400, epoch: 24 | loss: 0.6351622
	speed: 0.0110s/iter; left time: 83.4444s
	iters: 500, epoch: 24 | loss: 0.4401970
	speed: 0.0106s/iter; left time: 79.5149s
	iters: 600, epoch: 24 | loss: 0.7106405
	speed: 0.0110s/iter; left time: 80.8146s
	iters: 700, epoch: 24 | loss: 0.5164651
	speed: 0.0105s/iter; left time: 76.3910s
	iters: 800, epoch: 24 | loss: 0.4368484
	speed: 0.0105s/iter; left time: 75.3227s
	iters: 900, epoch: 24 | loss: 0.7388987
	speed: 0.0106s/iter; left time: 74.9008s
	iters: 1000, epoch: 24 | loss: 0.3902418
	speed: 0.0111s/iter; left time: 77.2407s
	iters: 1100, epoch: 24 | loss: 0.4556907
	speed: 0.0106s/iter; left time: 73.1397s
Epoch: 24 cost time: 12.439878463745117
Epoch: 24, Steps: 1139 | Train Loss: 0.5156604 Vali Loss: 0.5355998 Test Loss: 0.2592734
Validation loss decreased (0.535941 --> 0.535600).  Saving model ...
Updating learning rate to 2.1883797826302484e-05
	iters: 100, epoch: 25 | loss: 0.5276245
	speed: 0.0783s/iter; left time: 527.2084s
	iters: 200, epoch: 25 | loss: 0.7123796
	speed: 0.0108s/iter; left time: 71.5213s
	iters: 300, epoch: 25 | loss: 0.3840199
	speed: 0.0105s/iter; left time: 68.6218s
	iters: 400, epoch: 25 | loss: 0.4155584
	speed: 0.0105s/iter; left time: 67.3842s
	iters: 500, epoch: 25 | loss: 0.9429458
	speed: 0.0106s/iter; left time: 67.1495s
	iters: 600, epoch: 25 | loss: 0.4236213
	speed: 0.0105s/iter; left time: 65.5858s
	iters: 700, epoch: 25 | loss: 0.4360231
	speed: 0.0106s/iter; left time: 65.1098s
	iters: 800, epoch: 25 | loss: 0.6650180
	speed: 0.0114s/iter; left time: 68.8647s
	iters: 900, epoch: 25 | loss: 0.5841686
	speed: 0.0107s/iter; left time: 63.2514s
	iters: 1000, epoch: 25 | loss: 0.3709864
	speed: 0.0106s/iter; left time: 62.0789s
	iters: 1100, epoch: 25 | loss: 0.4224082
	speed: 0.0107s/iter; left time: 61.2585s
Epoch: 25 cost time: 12.457728624343872
Epoch: 25, Steps: 1139 | Train Loss: 0.5151912 Vali Loss: 0.5361391 Test Loss: 0.2597778
EarlyStopping counter: 1 out of 100
Updating learning rate to 1.9695418043672237e-05
	iters: 100, epoch: 26 | loss: 0.4369633
	speed: 0.0750s/iter; left time: 419.6635s
	iters: 200, epoch: 26 | loss: 0.4752236
	speed: 0.0106s/iter; left time: 58.4552s
	iters: 300, epoch: 26 | loss: 0.3922515
	speed: 0.0105s/iter; left time: 56.8028s
	iters: 400, epoch: 26 | loss: 0.4823502
	speed: 0.0121s/iter; left time: 64.1680s
	iters: 500, epoch: 26 | loss: 0.4964229
	speed: 0.0121s/iter; left time: 63.1075s
	iters: 600, epoch: 26 | loss: 0.3598776
	speed: 0.0114s/iter; left time: 58.2076s
	iters: 700, epoch: 26 | loss: 0.4789467
	speed: 0.0116s/iter; left time: 57.8385s
	iters: 800, epoch: 26 | loss: 0.4439010
	speed: 0.0120s/iter; left time: 58.5413s
	iters: 900, epoch: 26 | loss: 0.3876128
	speed: 0.0108s/iter; left time: 51.6898s
	iters: 1000, epoch: 26 | loss: 0.4065375
	speed: 0.0151s/iter; left time: 70.9963s
	iters: 1100, epoch: 26 | loss: 0.3852628
	speed: 0.0112s/iter; left time: 51.3351s
Epoch: 26 cost time: 13.686801195144653
Epoch: 26, Steps: 1139 | Train Loss: 0.5146328 Vali Loss: 0.5365754 Test Loss: 0.2598087
EarlyStopping counter: 2 out of 100
Updating learning rate to 1.7725876239305016e-05
	iters: 100, epoch: 27 | loss: 0.4469434
	speed: 0.0779s/iter; left time: 347.2177s
	iters: 200, epoch: 27 | loss: 0.4646708
	speed: 0.0120s/iter; left time: 52.2992s
	iters: 300, epoch: 27 | loss: 0.4698673
	speed: 0.0117s/iter; left time: 49.9481s
	iters: 400, epoch: 27 | loss: 0.6811926
	speed: 0.0111s/iter; left time: 45.9557s
	iters: 500, epoch: 27 | loss: 0.4701684
	speed: 0.0115s/iter; left time: 46.8425s
	iters: 600, epoch: 27 | loss: 0.4423963
	speed: 0.0113s/iter; left time: 44.8677s
	iters: 700, epoch: 27 | loss: 0.4734141
	speed: 0.0110s/iter; left time: 42.3477s
	iters: 800, epoch: 27 | loss: 0.6898086
	speed: 0.0109s/iter; left time: 40.8664s
	iters: 900, epoch: 27 | loss: 0.4030140
	speed: 0.0110s/iter; left time: 40.1649s
	iters: 1000, epoch: 27 | loss: 0.4422664
	speed: 0.0108s/iter; left time: 38.5747s
	iters: 1100, epoch: 27 | loss: 0.5072349
	speed: 0.0108s/iter; left time: 37.3388s
Epoch: 27 cost time: 13.200339078903198
Epoch: 27, Steps: 1139 | Train Loss: 0.5142390 Vali Loss: 0.5363067 Test Loss: 0.2593322
EarlyStopping counter: 3 out of 100
Updating learning rate to 1.595328861537451e-05
	iters: 100, epoch: 28 | loss: 0.4443190
	speed: 0.0771s/iter; left time: 255.9716s
	iters: 200, epoch: 28 | loss: 0.4515466
	speed: 0.0115s/iter; left time: 37.0268s
	iters: 300, epoch: 28 | loss: 0.6256520
	speed: 0.0114s/iter; left time: 35.4042s
	iters: 400, epoch: 28 | loss: 0.8660639
	speed: 0.0112s/iter; left time: 33.7701s
	iters: 500, epoch: 28 | loss: 0.9425628
	speed: 0.0116s/iter; left time: 33.7144s
	iters: 600, epoch: 28 | loss: 0.4687806
	speed: 0.0111s/iter; left time: 31.3050s
	iters: 700, epoch: 28 | loss: 0.4856019
	speed: 0.0109s/iter; left time: 29.7450s
	iters: 800, epoch: 28 | loss: 0.3819592
	speed: 0.0113s/iter; left time: 29.6381s
	iters: 900, epoch: 28 | loss: 0.4567033
	speed: 0.0119s/iter; left time: 29.9482s
	iters: 1000, epoch: 28 | loss: 0.4721659
	speed: 0.0115s/iter; left time: 27.8044s
	iters: 1100, epoch: 28 | loss: 0.3876633
	speed: 0.0117s/iter; left time: 27.0410s
Epoch: 28 cost time: 13.237667798995972
Epoch: 28, Steps: 1139 | Train Loss: 0.5134898 Vali Loss: 0.5367967 Test Loss: 0.2593835
EarlyStopping counter: 4 out of 100
Updating learning rate to 1.4357959753837061e-05
	iters: 100, epoch: 29 | loss: 0.5509002
	speed: 0.0746s/iter; left time: 162.6390s
	iters: 200, epoch: 29 | loss: 0.2973366
	speed: 0.0123s/iter; left time: 25.5397s
	iters: 300, epoch: 29 | loss: 0.3733424
	speed: 0.0129s/iter; left time: 25.5602s
	iters: 400, epoch: 29 | loss: 0.7502537
	speed: 0.0116s/iter; left time: 21.8464s
	iters: 500, epoch: 29 | loss: 0.4597686
	speed: 0.0119s/iter; left time: 21.1957s
	iters: 600, epoch: 29 | loss: 0.5122105
	speed: 0.0118s/iter; left time: 19.8797s
	iters: 700, epoch: 29 | loss: 0.4957383
	speed: 0.0115s/iter; left time: 18.1148s
	iters: 800, epoch: 29 | loss: 0.5838911
	speed: 0.0116s/iter; left time: 17.2103s
	iters: 900, epoch: 29 | loss: 0.7370687
	speed: 0.0121s/iter; left time: 16.6520s
	iters: 1000, epoch: 29 | loss: 0.8029190
	speed: 0.0123s/iter; left time: 15.7058s
	iters: 1100, epoch: 29 | loss: 0.3594713
	speed: 0.0121s/iter; left time: 14.2795s
Epoch: 29 cost time: 14.066227436065674
Epoch: 29, Steps: 1139 | Train Loss: 0.5134138 Vali Loss: 0.5368224 Test Loss: 0.2594799
EarlyStopping counter: 5 out of 100
Updating learning rate to 1.2922163778453355e-05
	iters: 100, epoch: 30 | loss: 0.4266578
	speed: 0.0795s/iter; left time: 82.6816s
	iters: 200, epoch: 30 | loss: 0.3826395
	speed: 0.0122s/iter; left time: 11.4882s
	iters: 300, epoch: 30 | loss: 0.7085072
	speed: 0.0133s/iter; left time: 11.1918s
	iters: 400, epoch: 30 | loss: 0.5052217
	speed: 0.0120s/iter; left time: 8.8992s
	iters: 500, epoch: 30 | loss: 0.6578721
	speed: 0.0126s/iter; left time: 8.0424s
	iters: 600, epoch: 30 | loss: 0.5299808
	speed: 0.0119s/iter; left time: 6.4094s
	iters: 700, epoch: 30 | loss: 0.6517889
	speed: 0.0126s/iter; left time: 5.5271s
	iters: 800, epoch: 30 | loss: 0.4493006
	speed: 0.0120s/iter; left time: 4.0812s
	iters: 900, epoch: 30 | loss: 0.3883815
	speed: 0.0128s/iter; left time: 3.0799s
	iters: 1000, epoch: 30 | loss: 0.3519526
	speed: 0.0122s/iter; left time: 1.7076s
	iters: 1100, epoch: 30 | loss: 0.3516716
	speed: 0.0116s/iter; left time: 0.4648s
Epoch: 30 cost time: 14.48841142654419
Epoch: 30, Steps: 1139 | Train Loss: 0.5131176 Vali Loss: 0.5363250 Test Loss: 0.2597630
EarlyStopping counter: 6 out of 100
Updating learning rate to 1.1629947400608019e-05
>>>>>>>testing : weather_96_336_MLPAer_only_channel_custom_ftM_sl96_ll48_pl336_dm2048_nh8_el2_dl1_df2048_fc1_ebtimeF_dtTrue_Exp_0<<<<<<<<<<<<<<<<<<<<<<<<<<<<<<<<<
test 10204
find shape (10176, 336, 21) (10176, 336, 21)
mse:0.25927355885505676, mae:0.28774410486221313, nse:0.5528477430343628, mape:14.191375732421875
