Args in experiment:
Namespace(random_seed=2025, is_training=1, model_id='ETTm1_96_336', model='MLPAer_only_channel', data='ETTm1', root_path='./dataset/', data_path='ETTm1.csv', features='M', target='OT', freq='h', checkpoints='./checkpoints/', seq_len=96, label_len=48, pred_len=336, fc_dropout=0.05, head_dropout=0.6, patch_len=16, stride=8, padding_patch='end', revin=1, affine=0, subtract_last=0, decomposition=0, kernel_size=25, individual=0, embed_type=0, enc_in=7, dec_in=7, c_out=7, d_model=512, n_heads=8, e_layers=2, d_layers=1, d_ff=2048, moving_avg=25, factor=1, distil=True, dropout=0.05, embed='timeF', activation='gelu', output_attention=False, do_predict=False, num_workers=10, itr=1, train_epochs=30, batch_size=32, patience=100, learning_rate=0.0002, des='Exp', loss='mse', lradj='type3', pct_start=0.3, use_amp=False, c_ff=7, t_ff=512, c_dropout=0.1, t_dropout=0.3, embed_dropout=0.2, head_type='prediction', usenorm=1, use_gpu=True, gpu=0, use_multi_gpu=False, devices='0,1,2,3', test_flop=False)
Use GPU: cuda:0
>>>>>>>start training : ETTm1_96_336_MLPAer_only_channel_ETTm1_ftM_sl96_ll48_pl336_dm512_nh8_el2_dl1_df2048_fc1_ebtimeF_dtTrue_Exp_0>>>>>>>>>>>>>>>>>>>>>>>>>>
train 34129
val 11185
test 11185
	iters: 100, epoch: 1 | loss: 0.6462786
	speed: 0.0281s/iter; left time: 895.9294s
	iters: 200, epoch: 1 | loss: 0.6171862
	speed: 0.0082s/iter; left time: 260.4198s
	iters: 300, epoch: 1 | loss: 0.5554993
	speed: 0.0093s/iter; left time: 293.9623s
	iters: 400, epoch: 1 | loss: 0.4880739
	speed: 0.0088s/iter; left time: 278.3342s
	iters: 500, epoch: 1 | loss: 0.5353296
	speed: 0.0087s/iter; left time: 274.6592s
	iters: 600, epoch: 1 | loss: 0.5737666
	speed: 0.0095s/iter; left time: 297.6202s
	iters: 700, epoch: 1 | loss: 0.5911433
	speed: 0.0093s/iter; left time: 291.5070s
	iters: 800, epoch: 1 | loss: 0.4794736
	speed: 0.0084s/iter; left time: 261.6298s
	iters: 900, epoch: 1 | loss: 0.5535979
	speed: 0.0084s/iter; left time: 262.5863s
	iters: 1000, epoch: 1 | loss: 0.5436252
	speed: 0.0085s/iter; left time: 262.5040s
Epoch: 1 cost time: 9.851512908935547
Epoch: 1, Steps: 1066 | Train Loss: 0.5325619 Vali Loss: 0.8257497 Test Loss: 0.5638469
Validation loss decreased (inf --> 0.825750).  Saving model ...
Updating learning rate to 0.0002
	iters: 100, epoch: 2 | loss: 0.3807829
	speed: 0.0681s/iter; left time: 2099.1506s
	iters: 200, epoch: 2 | loss: 0.4327914
	speed: 0.0085s/iter; left time: 261.4575s
	iters: 300, epoch: 2 | loss: 0.4237938
	speed: 0.0085s/iter; left time: 259.6763s
	iters: 400, epoch: 2 | loss: 0.4533841
	speed: 0.0083s/iter; left time: 254.3440s
	iters: 500, epoch: 2 | loss: 0.4220637
	speed: 0.0084s/iter; left time: 256.2765s
	iters: 600, epoch: 2 | loss: 0.4285931
	speed: 0.0083s/iter; left time: 252.2425s
	iters: 700, epoch: 2 | loss: 0.3771719
	speed: 0.0084s/iter; left time: 254.7237s
	iters: 800, epoch: 2 | loss: 0.3370883
	speed: 0.0085s/iter; left time: 256.4824s
	iters: 900, epoch: 2 | loss: 0.4415554
	speed: 0.0097s/iter; left time: 291.6902s
	iters: 1000, epoch: 2 | loss: 0.4713311
	speed: 0.0109s/iter; left time: 325.9330s
Epoch: 2 cost time: 9.633368492126465
Epoch: 2, Steps: 1066 | Train Loss: 0.4279142 Vali Loss: 0.6718861 Test Loss: 0.4120960
Validation loss decreased (0.825750 --> 0.671886).  Saving model ...
Updating learning rate to 0.0002
	iters: 100, epoch: 3 | loss: 0.4451578
	speed: 0.0716s/iter; left time: 2130.9505s
	iters: 200, epoch: 3 | loss: 0.3481136
	speed: 0.0097s/iter; left time: 288.5879s
	iters: 300, epoch: 3 | loss: 0.4509614
	speed: 0.0090s/iter; left time: 266.9849s
	iters: 400, epoch: 3 | loss: 0.5114313
	speed: 0.0083s/iter; left time: 243.4705s
	iters: 500, epoch: 3 | loss: 0.3813251
	speed: 0.0083s/iter; left time: 242.2046s
	iters: 600, epoch: 3 | loss: 0.3989280
	speed: 0.0084s/iter; left time: 244.4646s
	iters: 700, epoch: 3 | loss: 0.4027136
	speed: 0.0086s/iter; left time: 250.0320s
	iters: 800, epoch: 3 | loss: 0.4162447
	speed: 0.0083s/iter; left time: 240.4673s
	iters: 900, epoch: 3 | loss: 0.3563734
	speed: 0.0084s/iter; left time: 242.0630s
	iters: 1000, epoch: 3 | loss: 0.4091764
	speed: 0.0085s/iter; left time: 246.0299s
Epoch: 3 cost time: 9.437093496322632
Epoch: 3, Steps: 1066 | Train Loss: 0.4027425 Vali Loss: 0.6669962 Test Loss: 0.4013996
Validation loss decreased (0.671886 --> 0.666996).  Saving model ...
Updating learning rate to 0.0002
	iters: 100, epoch: 4 | loss: 0.4519927
	speed: 0.0680s/iter; left time: 1949.9911s
	iters: 200, epoch: 4 | loss: 0.4666905
	speed: 0.0083s/iter; left time: 237.9261s
	iters: 300, epoch: 4 | loss: 0.4008838
	speed: 0.0086s/iter; left time: 244.6485s
	iters: 400, epoch: 4 | loss: 0.4458722
	speed: 0.0081s/iter; left time: 231.1284s
	iters: 500, epoch: 4 | loss: 0.3424564
	speed: 0.0084s/iter; left time: 238.9361s
	iters: 600, epoch: 4 | loss: 0.3614621
	speed: 0.0088s/iter; left time: 248.0320s
	iters: 700, epoch: 4 | loss: 0.3887991
	speed: 0.0084s/iter; left time: 235.7112s
	iters: 800, epoch: 4 | loss: 0.4935501
	speed: 0.0086s/iter; left time: 241.8347s
	iters: 900, epoch: 4 | loss: 0.3712806
	speed: 0.0082s/iter; left time: 228.7682s
	iters: 1000, epoch: 4 | loss: 0.4226719
	speed: 0.0085s/iter; left time: 234.9116s
Epoch: 4 cost time: 9.280492782592773
Epoch: 4, Steps: 1066 | Train Loss: 0.3924674 Vali Loss: 0.6598024 Test Loss: 0.3979555
Validation loss decreased (0.666996 --> 0.659802).  Saving model ...
Updating learning rate to 0.00018
	iters: 100, epoch: 5 | loss: 0.3572246
	speed: 0.0673s/iter; left time: 1859.9307s
	iters: 200, epoch: 5 | loss: 0.3218669
	speed: 0.0091s/iter; left time: 249.7151s
	iters: 300, epoch: 5 | loss: 0.3092691
	speed: 0.0085s/iter; left time: 233.0713s
	iters: 400, epoch: 5 | loss: 0.3476027
	speed: 0.0085s/iter; left time: 232.0981s
	iters: 500, epoch: 5 | loss: 0.4042405
	speed: 0.0086s/iter; left time: 233.3901s
	iters: 600, epoch: 5 | loss: 0.3910413
	speed: 0.0088s/iter; left time: 237.5028s
	iters: 700, epoch: 5 | loss: 0.4012451
	speed: 0.0092s/iter; left time: 249.5269s
	iters: 800, epoch: 5 | loss: 0.4100071
	speed: 0.0084s/iter; left time: 225.4146s
	iters: 900, epoch: 5 | loss: 0.3930232
	speed: 0.0101s/iter; left time: 269.9033s
	iters: 1000, epoch: 5 | loss: 0.3827135
	speed: 0.0087s/iter; left time: 232.1034s
Epoch: 5 cost time: 9.6414213180542
Epoch: 5, Steps: 1066 | Train Loss: 0.3862485 Vali Loss: 0.6607739 Test Loss: 0.3959714
EarlyStopping counter: 1 out of 100
Updating learning rate to 0.000162
	iters: 100, epoch: 6 | loss: 0.3796943
	speed: 0.0676s/iter; left time: 1794.0362s
	iters: 200, epoch: 6 | loss: 0.4302272
	speed: 0.0086s/iter; left time: 226.4298s
	iters: 300, epoch: 6 | loss: 0.3815169
	speed: 0.0087s/iter; left time: 230.5657s
	iters: 400, epoch: 6 | loss: 0.3772466
	speed: 0.0087s/iter; left time: 227.6913s
	iters: 500, epoch: 6 | loss: 0.3875280
	speed: 0.0081s/iter; left time: 213.0177s
	iters: 600, epoch: 6 | loss: 0.3349113
	speed: 0.0083s/iter; left time: 215.9691s
	iters: 700, epoch: 6 | loss: 0.3611530
	speed: 0.0084s/iter; left time: 217.9340s
	iters: 800, epoch: 6 | loss: 0.3751529
	speed: 0.0089s/iter; left time: 231.2894s
	iters: 900, epoch: 6 | loss: 0.3452891
	speed: 0.0084s/iter; left time: 215.1600s
	iters: 1000, epoch: 6 | loss: 0.3277377
	speed: 0.0088s/iter; left time: 224.7049s
Epoch: 6 cost time: 9.476176023483276
Epoch: 6, Steps: 1066 | Train Loss: 0.3823459 Vali Loss: 0.6578355 Test Loss: 0.3950807
Validation loss decreased (0.659802 --> 0.657836).  Saving model ...
Updating learning rate to 0.00014580000000000002
	iters: 100, epoch: 7 | loss: 0.3963422
	speed: 0.0685s/iter; left time: 1746.4152s
	iters: 200, epoch: 7 | loss: 0.3994878
	speed: 0.0089s/iter; left time: 225.1785s
	iters: 300, epoch: 7 | loss: 0.4866974
	speed: 0.0082s/iter; left time: 207.3879s
	iters: 400, epoch: 7 | loss: 0.3416281
	speed: 0.0086s/iter; left time: 217.6352s
	iters: 500, epoch: 7 | loss: 0.3929938
	speed: 0.0092s/iter; left time: 230.8668s
	iters: 600, epoch: 7 | loss: 0.3362316
	speed: 0.0090s/iter; left time: 224.4380s
	iters: 700, epoch: 7 | loss: 0.3125872
	speed: 0.0090s/iter; left time: 224.7503s
	iters: 800, epoch: 7 | loss: 0.3528244
	speed: 0.0096s/iter; left time: 238.3045s
	iters: 900, epoch: 7 | loss: 0.3705457
	speed: 0.0083s/iter; left time: 204.0339s
	iters: 1000, epoch: 7 | loss: 0.3079218
	speed: 0.0086s/iter; left time: 210.2577s
Epoch: 7 cost time: 9.791845560073853
Epoch: 7, Steps: 1066 | Train Loss: 0.3791331 Vali Loss: 0.6569015 Test Loss: 0.3934341
Validation loss decreased (0.657836 --> 0.656902).  Saving model ...
Updating learning rate to 0.00013122
	iters: 100, epoch: 8 | loss: 0.3004288
	speed: 0.0737s/iter; left time: 1800.8001s
	iters: 200, epoch: 8 | loss: 0.3882585
	speed: 0.0081s/iter; left time: 197.5058s
	iters: 300, epoch: 8 | loss: 0.3978703
	speed: 0.0087s/iter; left time: 211.4512s
	iters: 400, epoch: 8 | loss: 0.4002456
	speed: 0.0090s/iter; left time: 216.6837s
	iters: 500, epoch: 8 | loss: 0.3507500
	speed: 0.0090s/iter; left time: 215.6925s
	iters: 600, epoch: 8 | loss: 0.3476732
	speed: 0.0091s/iter; left time: 217.0976s
	iters: 700, epoch: 8 | loss: 0.3296819
	speed: 0.0095s/iter; left time: 227.2430s
	iters: 800, epoch: 8 | loss: 0.5817659
	speed: 0.0092s/iter; left time: 219.1429s
	iters: 900, epoch: 8 | loss: 0.3196618
	speed: 0.0094s/iter; left time: 222.1051s
	iters: 1000, epoch: 8 | loss: 0.3280699
	speed: 0.0083s/iter; left time: 196.2891s
Epoch: 8 cost time: 9.890700340270996
Epoch: 8, Steps: 1066 | Train Loss: 0.3770554 Vali Loss: 0.6565711 Test Loss: 0.3922343
Validation loss decreased (0.656902 --> 0.656571).  Saving model ...
Updating learning rate to 0.00011809800000000002
	iters: 100, epoch: 9 | loss: 0.3899679
	speed: 0.0693s/iter; left time: 1618.8651s
	iters: 200, epoch: 9 | loss: 0.3391857
	speed: 0.0096s/iter; left time: 222.7397s
	iters: 300, epoch: 9 | loss: 0.3494910
	speed: 0.0093s/iter; left time: 214.9109s
	iters: 400, epoch: 9 | loss: 0.4000450
	speed: 0.0104s/iter; left time: 240.4719s
	iters: 500, epoch: 9 | loss: 0.3802802
	speed: 0.0082s/iter; left time: 189.1010s
	iters: 600, epoch: 9 | loss: 0.3904848
	speed: 0.0087s/iter; left time: 199.4028s
	iters: 700, epoch: 9 | loss: 0.3521546
	speed: 0.0117s/iter; left time: 265.8470s
	iters: 800, epoch: 9 | loss: 0.3988195
	speed: 0.0102s/iter; left time: 231.2658s
	iters: 900, epoch: 9 | loss: 0.3848212
	speed: 0.0087s/iter; left time: 197.1780s
	iters: 1000, epoch: 9 | loss: 0.3735611
	speed: 0.0091s/iter; left time: 204.6417s
Epoch: 9 cost time: 10.160473108291626
Epoch: 9, Steps: 1066 | Train Loss: 0.3747310 Vali Loss: 0.6530951 Test Loss: 0.3924986
Validation loss decreased (0.656571 --> 0.653095).  Saving model ...
Updating learning rate to 0.00010628820000000001
	iters: 100, epoch: 10 | loss: 0.3775685
	speed: 0.0760s/iter; left time: 1694.7404s
	iters: 200, epoch: 10 | loss: 0.4203611
	speed: 0.0080s/iter; left time: 177.5495s
	iters: 300, epoch: 10 | loss: 0.3330746
	speed: 0.0080s/iter; left time: 176.1321s
	iters: 400, epoch: 10 | loss: 0.3807682
	speed: 0.0104s/iter; left time: 228.3787s
	iters: 500, epoch: 10 | loss: 0.3509761
	speed: 0.0096s/iter; left time: 210.9334s
	iters: 600, epoch: 10 | loss: 0.3433109
	speed: 0.0086s/iter; left time: 186.3615s
	iters: 700, epoch: 10 | loss: 0.3341843
	speed: 0.0109s/iter; left time: 236.4238s
	iters: 800, epoch: 10 | loss: 0.2870962
	speed: 0.0086s/iter; left time: 184.7895s
	iters: 900, epoch: 10 | loss: 0.3910396
	speed: 0.0093s/iter; left time: 200.0817s
	iters: 1000, epoch: 10 | loss: 0.4747732
	speed: 0.0091s/iter; left time: 194.7346s
Epoch: 10 cost time: 10.047928094863892
Epoch: 10, Steps: 1066 | Train Loss: 0.3728820 Vali Loss: 0.6513849 Test Loss: 0.3923523
Validation loss decreased (0.653095 --> 0.651385).  Saving model ...
Updating learning rate to 9.565938000000003e-05
	iters: 100, epoch: 11 | loss: 0.3826528
	speed: 0.0738s/iter; left time: 1565.5029s
	iters: 200, epoch: 11 | loss: 0.3221891
	speed: 0.0094s/iter; left time: 198.5811s
	iters: 300, epoch: 11 | loss: 0.3410219
	speed: 0.0095s/iter; left time: 200.6992s
	iters: 400, epoch: 11 | loss: 0.3323522
	speed: 0.0082s/iter; left time: 170.8515s
	iters: 500, epoch: 11 | loss: 0.3214431
	speed: 0.0100s/iter; left time: 208.5384s
	iters: 600, epoch: 11 | loss: 0.3827007
	speed: 0.0115s/iter; left time: 237.7773s
	iters: 700, epoch: 11 | loss: 0.3424066
	speed: 0.0098s/iter; left time: 202.9067s
	iters: 800, epoch: 11 | loss: 0.3690535
	speed: 0.0082s/iter; left time: 169.0116s
	iters: 900, epoch: 11 | loss: 0.3144364
	speed: 0.0081s/iter; left time: 164.7668s
	iters: 1000, epoch: 11 | loss: 0.3742453
	speed: 0.0097s/iter; left time: 196.8558s
Epoch: 11 cost time: 10.174550771713257
Epoch: 11, Steps: 1066 | Train Loss: 0.3716288 Vali Loss: 0.6517435 Test Loss: 0.3936285
EarlyStopping counter: 1 out of 100
Updating learning rate to 8.609344200000003e-05
	iters: 100, epoch: 12 | loss: 0.4612247
	speed: 0.0710s/iter; left time: 1431.5241s
	iters: 200, epoch: 12 | loss: 0.4177946
	speed: 0.0083s/iter; left time: 167.4009s
	iters: 300, epoch: 12 | loss: 0.3273972
	speed: 0.0089s/iter; left time: 177.4938s
	iters: 400, epoch: 12 | loss: 0.3419102
	speed: 0.0082s/iter; left time: 162.2710s
	iters: 500, epoch: 12 | loss: 0.3929855
	speed: 0.0085s/iter; left time: 168.4145s
	iters: 600, epoch: 12 | loss: 0.3160517
	speed: 0.0083s/iter; left time: 162.2832s
	iters: 700, epoch: 12 | loss: 0.4588764
	speed: 0.0081s/iter; left time: 158.0786s
	iters: 800, epoch: 12 | loss: 0.3604213
	speed: 0.0080s/iter; left time: 154.8023s
	iters: 900, epoch: 12 | loss: 0.4322296
	speed: 0.0085s/iter; left time: 163.6625s
	iters: 1000, epoch: 12 | loss: 0.4421362
	speed: 0.0087s/iter; left time: 167.5387s
Epoch: 12 cost time: 9.32628321647644
Epoch: 12, Steps: 1066 | Train Loss: 0.3703372 Vali Loss: 0.6514744 Test Loss: 0.3923686
EarlyStopping counter: 2 out of 100
Updating learning rate to 7.748409780000002e-05
	iters: 100, epoch: 13 | loss: 0.3133471
	speed: 0.0692s/iter; left time: 1320.3228s
	iters: 200, epoch: 13 | loss: 0.3473622
	speed: 0.0087s/iter; left time: 164.5835s
	iters: 300, epoch: 13 | loss: 0.3930319
	speed: 0.0086s/iter; left time: 162.7596s
	iters: 400, epoch: 13 | loss: 0.3948098
	speed: 0.0092s/iter; left time: 172.2768s
	iters: 500, epoch: 13 | loss: 0.3376544
	speed: 0.0082s/iter; left time: 153.7225s
	iters: 600, epoch: 13 | loss: 0.5031743
	speed: 0.0081s/iter; left time: 151.0477s
	iters: 700, epoch: 13 | loss: 0.4860019
	speed: 0.0091s/iter; left time: 168.0940s
	iters: 800, epoch: 13 | loss: 0.3848452
	speed: 0.0079s/iter; left time: 146.1418s
	iters: 900, epoch: 13 | loss: 0.3518388
	speed: 0.0082s/iter; left time: 150.2353s
	iters: 1000, epoch: 13 | loss: 0.3856577
	speed: 0.0092s/iter; left time: 167.2503s
Epoch: 13 cost time: 9.344178438186646
Epoch: 13, Steps: 1066 | Train Loss: 0.3692030 Vali Loss: 0.6506509 Test Loss: 0.3914914
Validation loss decreased (0.651385 --> 0.650651).  Saving model ...
Updating learning rate to 6.973568802000002e-05
	iters: 100, epoch: 14 | loss: 0.3930925
	speed: 0.0679s/iter; left time: 1224.0975s
	iters: 200, epoch: 14 | loss: 0.3929237
	speed: 0.0103s/iter; left time: 184.9944s
	iters: 300, epoch: 14 | loss: 0.3947785
	speed: 0.0102s/iter; left time: 181.8101s
	iters: 400, epoch: 14 | loss: 0.3118922
	speed: 0.0097s/iter; left time: 172.7991s
	iters: 500, epoch: 14 | loss: 0.3249405
	speed: 0.0093s/iter; left time: 163.1469s
	iters: 600, epoch: 14 | loss: 0.3859502
	speed: 0.0093s/iter; left time: 162.9945s
	iters: 700, epoch: 14 | loss: 0.3481879
	speed: 0.0094s/iter; left time: 164.1081s
	iters: 800, epoch: 14 | loss: 0.3619572
	speed: 0.0089s/iter; left time: 154.1271s
	iters: 900, epoch: 14 | loss: 0.4051777
	speed: 0.0081s/iter; left time: 140.0425s
	iters: 1000, epoch: 14 | loss: 0.3570601
	speed: 0.0086s/iter; left time: 146.4809s
Epoch: 14 cost time: 10.248867511749268
Epoch: 14, Steps: 1066 | Train Loss: 0.3682768 Vali Loss: 0.6523134 Test Loss: 0.3912119
EarlyStopping counter: 1 out of 100
Updating learning rate to 6.276211921800002e-05
	iters: 100, epoch: 15 | loss: 0.3432254
	speed: 0.0688s/iter; left time: 1166.5168s
	iters: 200, epoch: 15 | loss: 0.3653427
	speed: 0.0093s/iter; left time: 156.7998s
	iters: 300, epoch: 15 | loss: 0.4104371
	speed: 0.0081s/iter; left time: 136.2093s
	iters: 400, epoch: 15 | loss: 0.4251192
	speed: 0.0081s/iter; left time: 134.8415s
	iters: 500, epoch: 15 | loss: 0.3874144
	speed: 0.0093s/iter; left time: 153.6641s
	iters: 600, epoch: 15 | loss: 0.3582636
	speed: 0.0089s/iter; left time: 147.1621s
	iters: 700, epoch: 15 | loss: 0.3535351
	speed: 0.0090s/iter; left time: 147.2801s
	iters: 800, epoch: 15 | loss: 0.2999678
	speed: 0.0091s/iter; left time: 147.7365s
	iters: 900, epoch: 15 | loss: 0.3989154
	speed: 0.0089s/iter; left time: 143.1415s
	iters: 1000, epoch: 15 | loss: 0.3335063
	speed: 0.0090s/iter; left time: 144.6650s
Epoch: 15 cost time: 9.624229669570923
Epoch: 15, Steps: 1066 | Train Loss: 0.3676247 Vali Loss: 0.6520569 Test Loss: 0.3901581
EarlyStopping counter: 2 out of 100
Updating learning rate to 5.648590729620002e-05
	iters: 100, epoch: 16 | loss: 0.4094228
	speed: 0.0695s/iter; left time: 1104.9514s
	iters: 200, epoch: 16 | loss: 0.3795292
	speed: 0.0089s/iter; left time: 140.7695s
	iters: 300, epoch: 16 | loss: 0.3977984
	speed: 0.0088s/iter; left time: 138.8183s
	iters: 400, epoch: 16 | loss: 0.3343724
	speed: 0.0090s/iter; left time: 139.5885s
	iters: 500, epoch: 16 | loss: 0.3591034
	speed: 0.0088s/iter; left time: 136.1321s
	iters: 600, epoch: 16 | loss: 0.3219359
	speed: 0.0090s/iter; left time: 138.1848s
	iters: 700, epoch: 16 | loss: 0.3935581
	speed: 0.0089s/iter; left time: 135.5928s
	iters: 800, epoch: 16 | loss: 0.3365304
	speed: 0.0089s/iter; left time: 135.7814s
	iters: 900, epoch: 16 | loss: 0.3629824
	speed: 0.0088s/iter; left time: 132.6207s
	iters: 1000, epoch: 16 | loss: 0.4066967
	speed: 0.0089s/iter; left time: 133.8294s
Epoch: 16 cost time: 9.730139255523682
Epoch: 16, Steps: 1066 | Train Loss: 0.3668447 Vali Loss: 0.6496988 Test Loss: 0.3917161
Validation loss decreased (0.650651 --> 0.649699).  Saving model ...
Updating learning rate to 5.083731656658002e-05
	iters: 100, epoch: 17 | loss: 0.3858352
	speed: 0.0718s/iter; left time: 1063.7817s
	iters: 200, epoch: 17 | loss: 0.3097187
	speed: 0.0093s/iter; left time: 136.5766s
	iters: 300, epoch: 17 | loss: 0.3138112
	speed: 0.0081s/iter; left time: 119.0233s
	iters: 400, epoch: 17 | loss: 0.3987084
	speed: 0.0090s/iter; left time: 130.9166s
	iters: 500, epoch: 17 | loss: 0.3603258
	speed: 0.0081s/iter; left time: 116.3875s
	iters: 600, epoch: 17 | loss: 0.3008478
	speed: 0.0090s/iter; left time: 129.2793s
	iters: 700, epoch: 17 | loss: 0.3748666
	speed: 0.0082s/iter; left time: 117.3283s
	iters: 800, epoch: 17 | loss: 0.3792887
	speed: 0.0092s/iter; left time: 130.6273s
	iters: 900, epoch: 17 | loss: 0.3680601
	speed: 0.0104s/iter; left time: 145.9179s
	iters: 1000, epoch: 17 | loss: 0.3962792
	speed: 0.0082s/iter; left time: 113.4987s
Epoch: 17 cost time: 9.66543436050415
Epoch: 17, Steps: 1066 | Train Loss: 0.3660940 Vali Loss: 0.6495674 Test Loss: 0.3911772
Validation loss decreased (0.649699 --> 0.649567).  Saving model ...
Updating learning rate to 4.575358490992202e-05
	iters: 100, epoch: 18 | loss: 0.2902082
	speed: 0.0697s/iter; left time: 959.4078s
	iters: 200, epoch: 18 | loss: 0.2723005
	speed: 0.0089s/iter; left time: 122.1520s
	iters: 300, epoch: 18 | loss: 0.4183976
	speed: 0.0084s/iter; left time: 114.3453s
	iters: 400, epoch: 18 | loss: 0.3847654
	speed: 0.0084s/iter; left time: 113.4554s
	iters: 500, epoch: 18 | loss: 0.4424631
	speed: 0.0097s/iter; left time: 129.4912s
	iters: 600, epoch: 18 | loss: 0.3831356
	speed: 0.0079s/iter; left time: 104.9098s
	iters: 700, epoch: 18 | loss: 0.3449859
	speed: 0.0085s/iter; left time: 111.2644s
	iters: 800, epoch: 18 | loss: 0.3870282
	speed: 0.0083s/iter; left time: 107.9423s
	iters: 900, epoch: 18 | loss: 0.3458235
	speed: 0.0087s/iter; left time: 113.2084s
	iters: 1000, epoch: 18 | loss: 0.3486507
	speed: 0.0084s/iter; left time: 108.5766s
Epoch: 18 cost time: 9.390419960021973
Epoch: 18, Steps: 1066 | Train Loss: 0.3654920 Vali Loss: 0.6486620 Test Loss: 0.3913454
Validation loss decreased (0.649567 --> 0.648662).  Saving model ...
Updating learning rate to 4.117822641892981e-05
	iters: 100, epoch: 19 | loss: 0.3342282
	speed: 0.0651s/iter; left time: 826.6587s
	iters: 200, epoch: 19 | loss: 0.4116741
	speed: 0.0089s/iter; left time: 111.7484s
	iters: 300, epoch: 19 | loss: 0.3080497
	speed: 0.0081s/iter; left time: 101.6293s
	iters: 400, epoch: 19 | loss: 0.3441006
	speed: 0.0080s/iter; left time: 98.9284s
	iters: 500, epoch: 19 | loss: 0.3142767
	speed: 0.0081s/iter; left time: 99.0309s
	iters: 600, epoch: 19 | loss: 0.3875924
	speed: 0.0080s/iter; left time: 98.1056s
	iters: 700, epoch: 19 | loss: 0.4856327
	speed: 0.0095s/iter; left time: 114.2884s
	iters: 800, epoch: 19 | loss: 0.3923685
	speed: 0.0090s/iter; left time: 108.1570s
	iters: 900, epoch: 19 | loss: 0.3253981
	speed: 0.0087s/iter; left time: 103.2464s
	iters: 1000, epoch: 19 | loss: 0.4097579
	speed: 0.0084s/iter; left time: 99.0310s
Epoch: 19 cost time: 9.235760927200317
Epoch: 19, Steps: 1066 | Train Loss: 0.3653326 Vali Loss: 0.6493791 Test Loss: 0.3909711
EarlyStopping counter: 1 out of 100
Updating learning rate to 3.706040377703683e-05
	iters: 100, epoch: 20 | loss: 0.4150800
	speed: 0.0715s/iter; left time: 831.2826s
	iters: 200, epoch: 20 | loss: 0.3741150
	speed: 0.0096s/iter; left time: 111.0433s
	iters: 300, epoch: 20 | loss: 0.3264759
	speed: 0.0086s/iter; left time: 98.5270s
	iters: 400, epoch: 20 | loss: 0.3096657
	speed: 0.0084s/iter; left time: 94.9920s
	iters: 500, epoch: 20 | loss: 0.3729482
	speed: 0.0083s/iter; left time: 92.9492s
	iters: 600, epoch: 20 | loss: 0.3695508
	speed: 0.0081s/iter; left time: 90.6846s
	iters: 700, epoch: 20 | loss: 0.3294829
	speed: 0.0080s/iter; left time: 88.0905s
	iters: 800, epoch: 20 | loss: 0.3045577
	speed: 0.0082s/iter; left time: 89.7185s
	iters: 900, epoch: 20 | loss: 0.3556552
	speed: 0.0084s/iter; left time: 90.5356s
	iters: 1000, epoch: 20 | loss: 0.2980495
	speed: 0.0082s/iter; left time: 88.4928s
Epoch: 20 cost time: 9.44003438949585
Epoch: 20, Steps: 1066 | Train Loss: 0.3645530 Vali Loss: 0.6487837 Test Loss: 0.3900127
EarlyStopping counter: 2 out of 100
Updating learning rate to 3.3354363399333154e-05
	iters: 100, epoch: 21 | loss: 0.4063956
	speed: 0.0675s/iter; left time: 713.3669s
	iters: 200, epoch: 21 | loss: 0.4229223
	speed: 0.0091s/iter; left time: 94.9055s
	iters: 300, epoch: 21 | loss: 0.3044937
	speed: 0.0084s/iter; left time: 87.3247s
	iters: 400, epoch: 21 | loss: 0.2969161
	speed: 0.0087s/iter; left time: 88.7678s
	iters: 500, epoch: 21 | loss: 0.4978937
	speed: 0.0080s/iter; left time: 81.5372s
	iters: 600, epoch: 21 | loss: 0.4044463
	speed: 0.0080s/iter; left time: 80.9854s
	iters: 700, epoch: 21 | loss: 0.2835819
	speed: 0.0096s/iter; left time: 95.2096s
	iters: 800, epoch: 21 | loss: 0.3203640
	speed: 0.0083s/iter; left time: 81.3739s
	iters: 900, epoch: 21 | loss: 0.3901821
	speed: 0.0081s/iter; left time: 79.4241s
	iters: 1000, epoch: 21 | loss: 0.3266001
	speed: 0.0080s/iter; left time: 77.1908s
Epoch: 21 cost time: 9.17901873588562
Epoch: 21, Steps: 1066 | Train Loss: 0.3641072 Vali Loss: 0.6504672 Test Loss: 0.3894555
EarlyStopping counter: 3 out of 100
Updating learning rate to 3.0018927059399838e-05
	iters: 100, epoch: 22 | loss: 0.2958346
	speed: 0.0686s/iter; left time: 651.3119s
	iters: 200, epoch: 22 | loss: 0.3485345
	speed: 0.0104s/iter; left time: 97.5696s
	iters: 300, epoch: 22 | loss: 0.3235040
	speed: 0.0087s/iter; left time: 80.4206s
	iters: 400, epoch: 22 | loss: 0.3723165
	speed: 0.0091s/iter; left time: 83.5335s
	iters: 500, epoch: 22 | loss: 0.3401444
	speed: 0.0085s/iter; left time: 76.8915s
	iters: 600, epoch: 22 | loss: 0.4119217
	speed: 0.0082s/iter; left time: 73.9962s
	iters: 700, epoch: 22 | loss: 0.3108768
	speed: 0.0082s/iter; left time: 72.6421s
	iters: 800, epoch: 22 | loss: 0.3501748
	speed: 0.0092s/iter; left time: 80.9208s
	iters: 900, epoch: 22 | loss: 0.3117266
	speed: 0.0086s/iter; left time: 74.3868s
	iters: 1000, epoch: 22 | loss: 0.3108247
	speed: 0.0103s/iter; left time: 88.9238s
Epoch: 22 cost time: 9.912774801254272
Epoch: 22, Steps: 1066 | Train Loss: 0.3637630 Vali Loss: 0.6484587 Test Loss: 0.3905698
Validation loss decreased (0.648662 --> 0.648459).  Saving model ...
Updating learning rate to 2.7017034353459858e-05
	iters: 100, epoch: 23 | loss: 0.4491250
	speed: 0.0748s/iter; left time: 630.6072s
	iters: 200, epoch: 23 | loss: 0.4513315
	speed: 0.0088s/iter; left time: 73.1747s
	iters: 300, epoch: 23 | loss: 0.3920568
	speed: 0.0084s/iter; left time: 69.0499s
	iters: 400, epoch: 23 | loss: 0.4570461
	speed: 0.0083s/iter; left time: 67.4715s
	iters: 500, epoch: 23 | loss: 0.3735369
	speed: 0.0082s/iter; left time: 66.2338s
	iters: 600, epoch: 23 | loss: 0.4451796
	speed: 0.0087s/iter; left time: 68.9614s
	iters: 700, epoch: 23 | loss: 0.3129946
	speed: 0.0100s/iter; left time: 78.1389s
	iters: 800, epoch: 23 | loss: 0.3510419
	speed: 0.0082s/iter; left time: 63.3663s
	iters: 900, epoch: 23 | loss: 0.3417685
	speed: 0.0081s/iter; left time: 61.4352s
	iters: 1000, epoch: 23 | loss: 0.4728319
	speed: 0.0092s/iter; left time: 69.5335s
Epoch: 23 cost time: 9.710670709609985
Epoch: 23, Steps: 1066 | Train Loss: 0.3636595 Vali Loss: 0.6497059 Test Loss: 0.3890803
EarlyStopping counter: 1 out of 100
Updating learning rate to 2.431533091811387e-05
	iters: 100, epoch: 24 | loss: 0.3136369
	speed: 0.0667s/iter; left time: 490.9566s
	iters: 200, epoch: 24 | loss: 0.2935565
	speed: 0.0085s/iter; left time: 61.8361s
	iters: 300, epoch: 24 | loss: 0.3858732
	speed: 0.0084s/iter; left time: 59.8579s
	iters: 400, epoch: 24 | loss: 0.3084295
	speed: 0.0083s/iter; left time: 58.7439s
	iters: 500, epoch: 24 | loss: 0.3080680
	speed: 0.0085s/iter; left time: 59.2658s
	iters: 600, epoch: 24 | loss: 0.3186120
	speed: 0.0082s/iter; left time: 56.2536s
	iters: 700, epoch: 24 | loss: 0.3108042
	speed: 0.0087s/iter; left time: 58.8175s
	iters: 800, epoch: 24 | loss: 0.3046892
	speed: 0.0085s/iter; left time: 56.4932s
	iters: 900, epoch: 24 | loss: 0.3769400
	speed: 0.0095s/iter; left time: 62.6031s
	iters: 1000, epoch: 24 | loss: 0.3346346
	speed: 0.0098s/iter; left time: 63.0469s
Epoch: 24 cost time: 9.572207689285278
Epoch: 24, Steps: 1066 | Train Loss: 0.3632166 Vali Loss: 0.6488799 Test Loss: 0.3899797
EarlyStopping counter: 2 out of 100
Updating learning rate to 2.1883797826302484e-05
	iters: 100, epoch: 25 | loss: 0.3326065
	speed: 0.0700s/iter; left time: 440.6596s
	iters: 200, epoch: 25 | loss: 0.4453263
	speed: 0.0094s/iter; left time: 58.1010s
	iters: 300, epoch: 25 | loss: 0.3478540
	speed: 0.0087s/iter; left time: 52.9744s
	iters: 400, epoch: 25 | loss: 0.3864345
	speed: 0.0088s/iter; left time: 52.8364s
	iters: 500, epoch: 25 | loss: 0.3489116
	speed: 0.0086s/iter; left time: 50.6854s
	iters: 600, epoch: 25 | loss: 0.3352370
	speed: 0.0086s/iter; left time: 49.6762s
	iters: 700, epoch: 25 | loss: 0.3617454
	speed: 0.0095s/iter; left time: 53.9619s
	iters: 800, epoch: 25 | loss: 0.4026693
	speed: 0.0083s/iter; left time: 46.4711s
	iters: 900, epoch: 25 | loss: 0.3897979
	speed: 0.0085s/iter; left time: 46.6870s
	iters: 1000, epoch: 25 | loss: 0.3985432
	speed: 0.0084s/iter; left time: 45.2310s
Epoch: 25 cost time: 9.579569816589355
Epoch: 25, Steps: 1066 | Train Loss: 0.3630011 Vali Loss: 0.6490157 Test Loss: 0.3895981
EarlyStopping counter: 3 out of 100
Updating learning rate to 1.9695418043672237e-05
	iters: 100, epoch: 26 | loss: 0.4170001
	speed: 0.0717s/iter; left time: 375.2479s
	iters: 200, epoch: 26 | loss: 0.3011339
	speed: 0.0086s/iter; left time: 44.3105s
	iters: 300, epoch: 26 | loss: 0.3467697
	speed: 0.0083s/iter; left time: 41.5524s
	iters: 400, epoch: 26 | loss: 0.3331853
	speed: 0.0085s/iter; left time: 42.1053s
	iters: 500, epoch: 26 | loss: 0.3242934
	speed: 0.0084s/iter; left time: 40.3857s
	iters: 600, epoch: 26 | loss: 0.3541013
	speed: 0.0084s/iter; left time: 39.8548s
	iters: 700, epoch: 26 | loss: 0.3391185
	speed: 0.0086s/iter; left time: 39.8609s
	iters: 800, epoch: 26 | loss: 0.3517668
	speed: 0.0083s/iter; left time: 37.8085s
	iters: 900, epoch: 26 | loss: 0.4172811
	speed: 0.0083s/iter; left time: 36.8889s
	iters: 1000, epoch: 26 | loss: 0.3809243
	speed: 0.0087s/iter; left time: 37.7606s
Epoch: 26 cost time: 9.282716989517212
Epoch: 26, Steps: 1066 | Train Loss: 0.3629093 Vali Loss: 0.6483900 Test Loss: 0.3896189
Validation loss decreased (0.648459 --> 0.648390).  Saving model ...
Updating learning rate to 1.7725876239305016e-05
	iters: 100, epoch: 27 | loss: 0.3369673
	speed: 0.0687s/iter; left time: 285.9438s
	iters: 200, epoch: 27 | loss: 0.3953627
	speed: 0.0090s/iter; left time: 36.6849s
	iters: 300, epoch: 27 | loss: 0.3888516
	speed: 0.0083s/iter; left time: 32.8997s
	iters: 400, epoch: 27 | loss: 0.3546289
	speed: 0.0089s/iter; left time: 34.4773s
	iters: 500, epoch: 27 | loss: 0.3608092
	speed: 0.0092s/iter; left time: 34.7838s
	iters: 600, epoch: 27 | loss: 0.3474154
	speed: 0.0084s/iter; left time: 30.6221s
	iters: 700, epoch: 27 | loss: 0.3581120
	speed: 0.0084s/iter; left time: 29.8264s
	iters: 800, epoch: 27 | loss: 0.3285320
	speed: 0.0082s/iter; left time: 28.5585s
	iters: 900, epoch: 27 | loss: 0.3313123
	speed: 0.0100s/iter; left time: 33.5897s
	iters: 1000, epoch: 27 | loss: 0.3976514
	speed: 0.0095s/iter; left time: 30.8581s
Epoch: 27 cost time: 9.696187496185303
Epoch: 27, Steps: 1066 | Train Loss: 0.3626190 Vali Loss: 0.6488543 Test Loss: 0.3895491
EarlyStopping counter: 1 out of 100
Updating learning rate to 1.595328861537451e-05
	iters: 100, epoch: 28 | loss: 0.2849670
	speed: 0.0728s/iter; left time: 225.5507s
	iters: 200, epoch: 28 | loss: 0.4067959
	speed: 0.0104s/iter; left time: 31.2986s
	iters: 300, epoch: 28 | loss: 0.4366348
	speed: 0.0097s/iter; left time: 28.0563s
	iters: 400, epoch: 28 | loss: 0.3599712
	speed: 0.0085s/iter; left time: 23.7093s
	iters: 500, epoch: 28 | loss: 0.3964402
	speed: 0.0102s/iter; left time: 27.6280s
	iters: 600, epoch: 28 | loss: 0.3460660
	speed: 0.0095s/iter; left time: 24.6234s
	iters: 700, epoch: 28 | loss: 0.3352355
	speed: 0.0083s/iter; left time: 20.7055s
	iters: 800, epoch: 28 | loss: 0.3091680
	speed: 0.0087s/iter; left time: 20.8836s
	iters: 900, epoch: 28 | loss: 0.3497466
	speed: 0.0083s/iter; left time: 19.1687s
	iters: 1000, epoch: 28 | loss: 0.3542064
	speed: 0.0092s/iter; left time: 20.2747s
Epoch: 28 cost time: 10.037137031555176
Epoch: 28, Steps: 1066 | Train Loss: 0.3625955 Vali Loss: 0.6481606 Test Loss: 0.3900212
Validation loss decreased (0.648390 --> 0.648161).  Saving model ...
Updating learning rate to 1.4357959753837061e-05
	iters: 100, epoch: 29 | loss: 0.3056074
	speed: 0.0663s/iter; left time: 134.7596s
	iters: 200, epoch: 29 | loss: 0.3840867
	speed: 0.0089s/iter; left time: 17.2883s
	iters: 300, epoch: 29 | loss: 0.3531431
	speed: 0.0090s/iter; left time: 16.4069s
	iters: 400, epoch: 29 | loss: 0.3951275
	speed: 0.0098s/iter; left time: 16.9529s
	iters: 500, epoch: 29 | loss: 0.3540157
	speed: 0.0088s/iter; left time: 14.3934s
	iters: 600, epoch: 29 | loss: 0.3963595
	speed: 0.0090s/iter; left time: 13.8664s
	iters: 700, epoch: 29 | loss: 0.3751823
	speed: 0.0090s/iter; left time: 12.8677s
	iters: 800, epoch: 29 | loss: 0.3592786
	speed: 0.0090s/iter; left time: 11.9760s
	iters: 900, epoch: 29 | loss: 0.3576025
	speed: 0.0094s/iter; left time: 11.5790s
	iters: 1000, epoch: 29 | loss: 0.3753174
	speed: 0.0100s/iter; left time: 11.3136s
Epoch: 29 cost time: 9.945303678512573
Epoch: 29, Steps: 1066 | Train Loss: 0.3624909 Vali Loss: 0.6483225 Test Loss: 0.3898176
EarlyStopping counter: 1 out of 100
Updating learning rate to 1.2922163778453355e-05
	iters: 100, epoch: 30 | loss: 0.3728909
	speed: 0.0692s/iter; left time: 66.9188s
	iters: 200, epoch: 30 | loss: 0.3702961
	speed: 0.0095s/iter; left time: 8.2190s
	iters: 300, epoch: 30 | loss: 0.4167858
	speed: 0.0096s/iter; left time: 7.3755s
	iters: 400, epoch: 30 | loss: 0.4358893
	speed: 0.0095s/iter; left time: 6.3674s
	iters: 500, epoch: 30 | loss: 0.3731858
	speed: 0.0100s/iter; left time: 5.6560s
	iters: 600, epoch: 30 | loss: 0.3829671
	speed: 0.0091s/iter; left time: 4.2273s
	iters: 700, epoch: 30 | loss: 0.3671629
	speed: 0.0095s/iter; left time: 3.4872s
	iters: 800, epoch: 30 | loss: 0.3251776
	speed: 0.0096s/iter; left time: 2.5734s
	iters: 900, epoch: 30 | loss: 0.3367590
	speed: 0.0100s/iter; left time: 1.6729s
	iters: 1000, epoch: 30 | loss: 0.4091679
	speed: 0.0105s/iter; left time: 0.7042s
Epoch: 30 cost time: 10.599165678024292
Epoch: 30, Steps: 1066 | Train Loss: 0.3620921 Vali Loss: 0.6486101 Test Loss: 0.3897521
EarlyStopping counter: 2 out of 100
Updating learning rate to 1.1629947400608019e-05
>>>>>>>testing : ETTm1_96_336_MLPAer_only_channel_ETTm1_ftM_sl96_ll48_pl336_dm512_nh8_el2_dl1_df2048_fc1_ebtimeF_dtTrue_Exp_0<<<<<<<<<<<<<<<<<<<<<<<<<<<<<<<<<
test 11185
mse:0.3900213837623596, mae:0.4040708541870117, rse:0.5942658185958862
