Args in experiment:
Namespace(random_seed=2025, is_training=1, model_id='ETTh1_96_720', model='MLPAer_only_channel', data='ETTh1', root_path='./dataset/', data_path='ETTh1.csv', features='M', target='OT', freq='h', checkpoints='./checkpoints/', seq_len=96, label_len=48, pred_len=720, fc_dropout=0.05, head_dropout=0.7, patch_len=16, stride=8, padding_patch='end', revin=1, affine=0, subtract_last=0, decomposition=0, kernel_size=25, individual=0, embed_type=0, enc_in=7, dec_in=7, c_out=7, d_model=512, n_heads=8, e_layers=2, d_layers=1, d_ff=2048, moving_avg=25, factor=1, distil=True, dropout=0.05, embed='timeF', activation='gelu', output_attention=False, do_predict=False, num_workers=10, itr=1, train_epochs=30, batch_size=128, patience=7, learning_rate=0.0002, des='Exp', loss='mse', lradj='type3', pct_start=0.3, use_amp=False, c_ff=14, t_ff=512, c_dropout=0.0, t_dropout=0.0, embed_dropout=0.0, head_type='prediction', usenorm=1, use_gpu=True, gpu=0, use_multi_gpu=False, devices='0,1,2,3', test_flop=False)
Use GPU: cuda:0
>>>>>>>start training : ETTh1_96_720_MLPAer_only_channel_ETTh1_ftM_sl96_ll48_pl720_dm512_nh8_el2_dl1_df2048_fc1_ebtimeF_dtTrue_Exp_0>>>>>>>>>>>>>>>>>>>>>>>>>>
train 7825
val 2161
test 2161
Epoch: 1 cost time: 1.4519875049591064
Epoch: 1, Steps: 61 | Train Loss: 0.7767902 Vali Loss: 1.9362156 Test Loss: 0.7191441
Validation loss decreased (inf --> 1.936216).  Saving model ...
Updating learning rate to 0.0002
Epoch: 2 cost time: 1.1624512672424316
Epoch: 2, Steps: 61 | Train Loss: 0.7421744 Vali Loss: 1.7860661 Test Loss: 0.6398922
Validation loss decreased (1.936216 --> 1.786066).  Saving model ...
Updating learning rate to 0.0002
Epoch: 3 cost time: 1.3744699954986572
Epoch: 3, Steps: 61 | Train Loss: 0.6746983 Vali Loss: 1.6453300 Test Loss: 0.5417628
Validation loss decreased (1.786066 --> 1.645330).  Saving model ...
Updating learning rate to 0.0002
Epoch: 4 cost time: 1.3203985691070557
Epoch: 4, Steps: 61 | Train Loss: 0.6512297 Vali Loss: 1.6222130 Test Loss: 0.5251621
Validation loss decreased (1.645330 --> 1.622213).  Saving model ...
Updating learning rate to 0.00018
Epoch: 5 cost time: 1.2244246006011963
Epoch: 5, Steps: 61 | Train Loss: 0.6388878 Vali Loss: 1.5864842 Test Loss: 0.4958516
Validation loss decreased (1.622213 --> 1.586484).  Saving model ...
Updating learning rate to 0.000162
Epoch: 6 cost time: 1.285857915878296
Epoch: 6, Steps: 61 | Train Loss: 0.6294574 Vali Loss: 1.5850463 Test Loss: 0.4880233
Validation loss decreased (1.586484 --> 1.585046).  Saving model ...
Updating learning rate to 0.00014580000000000002
Epoch: 7 cost time: 1.380169153213501
Epoch: 7, Steps: 61 | Train Loss: 0.6245810 Vali Loss: 1.5695784 Test Loss: 0.4815419
Validation loss decreased (1.585046 --> 1.569578).  Saving model ...
Updating learning rate to 0.00013122
Epoch: 8 cost time: 1.359785556793213
Epoch: 8, Steps: 61 | Train Loss: 0.6204008 Vali Loss: 1.5688260 Test Loss: 0.4810165
Validation loss decreased (1.569578 --> 1.568826).  Saving model ...
Updating learning rate to 0.00011809800000000002
Epoch: 9 cost time: 1.2973906993865967
Epoch: 9, Steps: 61 | Train Loss: 0.6179117 Vali Loss: 1.5635302 Test Loss: 0.4737682
Validation loss decreased (1.568826 --> 1.563530).  Saving model ...
Updating learning rate to 0.00010628820000000001
Epoch: 10 cost time: 1.2901458740234375
Epoch: 10, Steps: 61 | Train Loss: 0.6158658 Vali Loss: 1.5608046 Test Loss: 0.4742172
Validation loss decreased (1.563530 --> 1.560805).  Saving model ...
Updating learning rate to 9.565938000000003e-05
Epoch: 11 cost time: 1.2695598602294922
Epoch: 11, Steps: 61 | Train Loss: 0.6136154 Vali Loss: 1.5616941 Test Loss: 0.4711941
EarlyStopping counter: 1 out of 7
Updating learning rate to 8.609344200000003e-05
Epoch: 12 cost time: 1.3390130996704102
Epoch: 12, Steps: 61 | Train Loss: 0.6121103 Vali Loss: 1.5551721 Test Loss: 0.4672346
Validation loss decreased (1.560805 --> 1.555172).  Saving model ...
Updating learning rate to 7.748409780000002e-05
Epoch: 13 cost time: 1.2229692935943604
Epoch: 13, Steps: 61 | Train Loss: 0.6103964 Vali Loss: 1.5612359 Test Loss: 0.4650031
EarlyStopping counter: 1 out of 7
Updating learning rate to 6.973568802000002e-05
Epoch: 14 cost time: 1.176464557647705
Epoch: 14, Steps: 61 | Train Loss: 0.6095862 Vali Loss: 1.5666980 Test Loss: 0.4656406
EarlyStopping counter: 2 out of 7
Updating learning rate to 6.276211921800002e-05
Epoch: 15 cost time: 1.2389967441558838
Epoch: 15, Steps: 61 | Train Loss: 0.6078898 Vali Loss: 1.5593042 Test Loss: 0.4644047
EarlyStopping counter: 3 out of 7
Updating learning rate to 5.648590729620002e-05
Epoch: 16 cost time: 1.4090571403503418
Epoch: 16, Steps: 61 | Train Loss: 0.6074018 Vali Loss: 1.5559900 Test Loss: 0.4605400
EarlyStopping counter: 4 out of 7
Updating learning rate to 5.083731656658002e-05
Epoch: 17 cost time: 1.1610283851623535
Epoch: 17, Steps: 61 | Train Loss: 0.6062155 Vali Loss: 1.5626733 Test Loss: 0.4594808
EarlyStopping counter: 5 out of 7
Updating learning rate to 4.575358490992202e-05
Epoch: 18 cost time: 1.370281457901001
Epoch: 18, Steps: 61 | Train Loss: 0.6056688 Vali Loss: 1.5605172 Test Loss: 0.4584947
EarlyStopping counter: 6 out of 7
Updating learning rate to 4.117822641892981e-05
Epoch: 19 cost time: 1.1394891738891602
Epoch: 19, Steps: 61 | Train Loss: 0.6045163 Vali Loss: 1.5597113 Test Loss: 0.4586939
EarlyStopping counter: 7 out of 7
Early stopping
>>>>>>>testing : ETTh1_96_720_MLPAer_only_channel_ETTh1_ftM_sl96_ll48_pl720_dm512_nh8_el2_dl1_df2048_fc1_ebtimeF_dtTrue_Exp_0<<<<<<<<<<<<<<<<<<<<<<<<<<<<<<<<<
test 2161
mse:0.46723467111587524, mae:0.46729761362075806, rse:0.656527042388916
