Args in experiment:
Namespace(random_seed=2025, is_training=1, model_id='ETTh1_96_336', model='MLPAer_only_channel', data='ETTh1', root_path='./dataset/', data_path='ETTh1.csv', features='M', target='OT', freq='h', checkpoints='./checkpoints/', seq_len=96, label_len=48, pred_len=336, fc_dropout=0.05, head_dropout=0.7, patch_len=16, stride=8, padding_patch='end', revin=1, affine=0, subtract_last=0, decomposition=0, kernel_size=25, individual=0, embed_type=0, enc_in=7, dec_in=7, c_out=7, d_model=512, n_heads=8, e_layers=2, d_layers=1, d_ff=2048, moving_avg=25, factor=1, distil=True, dropout=0.05, embed='timeF', activation='gelu', output_attention=False, do_predict=False, num_workers=10, itr=1, train_epochs=30, batch_size=128, patience=5, learning_rate=0.0002, des='Exp', loss='mse', lradj='type3', pct_start=0.3, use_amp=False, c_ff=14, t_ff=512, c_dropout=0.0, t_dropout=0.0, embed_dropout=0.0, head_type='prediction', usenorm=1, use_gpu=True, gpu=0, use_multi_gpu=False, devices='0,1,2,3', test_flop=False)
Use GPU: cuda:0
>>>>>>>start training : ETTh1_96_336_MLPAer_only_channel_ETTh1_ftM_sl96_ll48_pl336_dm512_nh8_el2_dl1_df2048_fc1_ebtimeF_dtTrue_Exp_0>>>>>>>>>>>>>>>>>>>>>>>>>>
train 8209
val 2545
test 2545
Epoch: 1 cost time: 1.3153018951416016
Epoch: 1, Steps: 64 | Train Loss: 0.6692796 Vali Loss: 1.6747890 Test Loss: 0.7128198
Validation loss decreased (inf --> 1.674789).  Saving model ...
Updating learning rate to 0.0002
Epoch: 2 cost time: 1.2400729656219482
Epoch: 2, Steps: 64 | Train Loss: 0.6205923 Vali Loss: 1.4611346 Test Loss: 0.5693377
Validation loss decreased (1.674789 --> 1.461135).  Saving model ...
Updating learning rate to 0.0002
Epoch: 3 cost time: 1.0268847942352295
Epoch: 3, Steps: 64 | Train Loss: 0.5499725 Vali Loss: 1.3783900 Test Loss: 0.5266077
Validation loss decreased (1.461135 --> 1.378390).  Saving model ...
Updating learning rate to 0.0002
Epoch: 4 cost time: 1.1326944828033447
Epoch: 4, Steps: 64 | Train Loss: 0.5306619 Vali Loss: 1.3297576 Test Loss: 0.4988476
Validation loss decreased (1.378390 --> 1.329758).  Saving model ...
Updating learning rate to 0.00018
Epoch: 5 cost time: 1.1142466068267822
Epoch: 5, Steps: 64 | Train Loss: 0.5153587 Vali Loss: 1.3078809 Test Loss: 0.4809846
Validation loss decreased (1.329758 --> 1.307881).  Saving model ...
Updating learning rate to 0.000162
Epoch: 6 cost time: 1.1134257316589355
Epoch: 6, Steps: 64 | Train Loss: 0.5073077 Vali Loss: 1.3076919 Test Loss: 0.4799365
Validation loss decreased (1.307881 --> 1.307692).  Saving model ...
Updating learning rate to 0.00014580000000000002
Epoch: 7 cost time: 1.1461644172668457
Epoch: 7, Steps: 64 | Train Loss: 0.5036324 Vali Loss: 1.2992169 Test Loss: 0.4766200
Validation loss decreased (1.307692 --> 1.299217).  Saving model ...
Updating learning rate to 0.00013122
Epoch: 8 cost time: 1.0653836727142334
Epoch: 8, Steps: 64 | Train Loss: 0.5009512 Vali Loss: 1.2853090 Test Loss: 0.4723410
Validation loss decreased (1.299217 --> 1.285309).  Saving model ...
Updating learning rate to 0.00011809800000000002
Epoch: 9 cost time: 1.3069255352020264
Epoch: 9, Steps: 64 | Train Loss: 0.4988850 Vali Loss: 1.2964938 Test Loss: 0.4729076
EarlyStopping counter: 1 out of 5
Updating learning rate to 0.00010628820000000001
Epoch: 10 cost time: 1.194814682006836
Epoch: 10, Steps: 64 | Train Loss: 0.4966540 Vali Loss: 1.2872953 Test Loss: 0.4692716
EarlyStopping counter: 2 out of 5
Updating learning rate to 9.565938000000003e-05
Epoch: 11 cost time: 1.1946196556091309
Epoch: 11, Steps: 64 | Train Loss: 0.4953755 Vali Loss: 1.2878047 Test Loss: 0.4714433
EarlyStopping counter: 3 out of 5
Updating learning rate to 8.609344200000003e-05
Epoch: 12 cost time: 1.1406066417694092
Epoch: 12, Steps: 64 | Train Loss: 0.4944153 Vali Loss: 1.2909803 Test Loss: 0.4682709
EarlyStopping counter: 4 out of 5
Updating learning rate to 7.748409780000002e-05
Epoch: 13 cost time: 1.1029982566833496
Epoch: 13, Steps: 64 | Train Loss: 0.4935609 Vali Loss: 1.2878160 Test Loss: 0.4672727
EarlyStopping counter: 5 out of 5
Early stopping
>>>>>>>testing : ETTh1_96_336_MLPAer_only_channel_ETTh1_ftM_sl96_ll48_pl336_dm512_nh8_el2_dl1_df2048_fc1_ebtimeF_dtTrue_Exp_0<<<<<<<<<<<<<<<<<<<<<<<<<<<<<<<<<
test 2545
mse:0.4723408818244934, mae:0.4509911835193634, rse:0.6569832563400269
