Args in experiment:
Namespace(random_seed=2025, is_training=1, model_id='ETTm1_96_720', model='MLPAer', data='ETTm1', root_path='./dataset/', data_path='ETTm1.csv', features='M', target='OT', freq='h', checkpoints='./checkpoints/', seq_len=96, label_len=48, pred_len=720, fc_dropout=0.05, head_dropout=0.6, patch_len=16, stride=8, padding_patch='end', revin=1, affine=0, subtract_last=0, decomposition=0, kernel_size=25, individual=0, embed_type=0, enc_in=7, dec_in=7, c_out=7, d_model=512, n_heads=8, e_layers=2, d_layers=1, d_ff=2048, moving_avg=25, factor=1, distil=True, dropout=0.05, embed='timeF', activation='gelu', output_attention=False, do_predict=False, num_workers=10, itr=1, train_epochs=30, batch_size=32, patience=100, learning_rate=0.0001, des='Exp', loss='mse', lradj='type3', pct_start=0.3, use_amp=False, c_ff=7, t_ff=1024, c_dropout=0.1, t_dropout=0.4, embed_dropout=0.2, head_type='prediction', usenorm=1, use_gpu=True, gpu=0, use_multi_gpu=False, devices='0,1,2,3', test_flop=False)
Use GPU: cuda:0
>>>>>>>start training : ETTm1_96_720_MLPAer_ETTm1_ftM_sl96_ll48_pl720_dm512_nh8_el2_dl1_df2048_fc1_ebtimeF_dtTrue_Exp_0>>>>>>>>>>>>>>>>>>>>>>>>>>
train 33745
val 10801
test 10801
	iters: 100, epoch: 1 | loss: 0.6465665
	speed: 0.0290s/iter; left time: 914.0291s
	iters: 200, epoch: 1 | loss: 0.7120420
	speed: 0.0092s/iter; left time: 290.3993s
	iters: 300, epoch: 1 | loss: 0.5820279
	speed: 0.0091s/iter; left time: 285.3126s
	iters: 400, epoch: 1 | loss: 0.5573277
	speed: 0.0090s/iter; left time: 281.0154s
	iters: 500, epoch: 1 | loss: 0.6696848
	speed: 0.0094s/iter; left time: 292.5815s
	iters: 600, epoch: 1 | loss: 0.6558110
	speed: 0.0090s/iter; left time: 280.4507s
	iters: 700, epoch: 1 | loss: 0.4618129
	speed: 0.0093s/iter; left time: 288.5224s
	iters: 800, epoch: 1 | loss: 0.5388798
	speed: 0.0094s/iter; left time: 290.8710s
	iters: 900, epoch: 1 | loss: 0.6115730
	speed: 0.0102s/iter; left time: 312.9864s
	iters: 1000, epoch: 1 | loss: 0.5237913
	speed: 0.0092s/iter; left time: 281.1041s
Epoch: 1 cost time: 10.26309871673584
Epoch: 1, Steps: 1054 | Train Loss: 0.5920142 Vali Loss: 1.1211468 Test Loss: 0.5967206
Validation loss decreased (inf --> 1.121147).  Saving model ...
Updating learning rate to 0.0001
	iters: 100, epoch: 2 | loss: 0.5093042
	speed: 0.0732s/iter; left time: 2229.0375s
	iters: 200, epoch: 2 | loss: 0.4924009
	speed: 0.0091s/iter; left time: 274.9763s
	iters: 300, epoch: 2 | loss: 0.5012876
	speed: 0.0095s/iter; left time: 287.0770s
	iters: 400, epoch: 2 | loss: 0.5467384
	speed: 0.0091s/iter; left time: 275.3658s
	iters: 500, epoch: 2 | loss: 0.4478828
	speed: 0.0092s/iter; left time: 275.2498s
	iters: 600, epoch: 2 | loss: 0.4306450
	speed: 0.0089s/iter; left time: 267.7863s
	iters: 700, epoch: 2 | loss: 0.4421481
	speed: 0.0094s/iter; left time: 279.3009s
	iters: 800, epoch: 2 | loss: 0.5754616
	speed: 0.0092s/iter; left time: 274.9516s
	iters: 900, epoch: 2 | loss: 0.4768344
	speed: 0.0098s/iter; left time: 289.8846s
	iters: 1000, epoch: 2 | loss: 0.4596310
	speed: 0.0099s/iter; left time: 292.2334s
Epoch: 2 cost time: 10.010539293289185
Epoch: 2, Steps: 1054 | Train Loss: 0.4962942 Vali Loss: 0.9935359 Test Loss: 0.4681118
Validation loss decreased (1.121147 --> 0.993536).  Saving model ...
Updating learning rate to 0.0001
	iters: 100, epoch: 3 | loss: 0.5337886
	speed: 0.0853s/iter; left time: 2508.7874s
	iters: 200, epoch: 3 | loss: 0.4361121
	speed: 0.0093s/iter; left time: 272.0103s
	iters: 300, epoch: 3 | loss: 0.4375275
	speed: 0.0097s/iter; left time: 283.3337s
	iters: 400, epoch: 3 | loss: 0.4149163
	speed: 0.0092s/iter; left time: 267.0371s
	iters: 500, epoch: 3 | loss: 0.4960397
	speed: 0.0104s/iter; left time: 300.8560s
	iters: 600, epoch: 3 | loss: 0.5035594
	speed: 0.0094s/iter; left time: 272.4333s
	iters: 700, epoch: 3 | loss: 0.3573423
	speed: 0.0090s/iter; left time: 259.9850s
	iters: 800, epoch: 3 | loss: 0.3590189
	speed: 0.0090s/iter; left time: 258.0103s
	iters: 900, epoch: 3 | loss: 0.4659275
	speed: 0.0091s/iter; left time: 258.9735s
	iters: 1000, epoch: 3 | loss: 0.4241853
	speed: 0.0096s/iter; left time: 274.3342s
Epoch: 3 cost time: 10.255262851715088
