Args in experiment:
Namespace(random_seed=2025, is_training=1, model_id='electricity_96_336', model='MLPAer', data='custom', root_path='./dataset/', data_path='electricity.csv', features='M', target='OT', freq='h', checkpoints='./checkpoints/', seq_len=96, label_len=48, pred_len=336, fc_dropout=0.05, head_dropout=0.3, patch_len=16, stride=8, padding_patch='end', revin=1, affine=0, subtract_last=0, decomposition=0, kernel_size=25, individual=0, embed_type=0, enc_in=321, dec_in=7, c_out=7, d_model=2048, n_heads=8, e_layers=2, d_layers=1, d_ff=2048, moving_avg=25, factor=1, distil=True, dropout=0.05, embed='timeF', activation='gelu', output_attention=False, do_predict=False, num_workers=10, itr=1, train_epochs=30, batch_size=16, patience=100, learning_rate=0.0001, des='Exp', loss='mse', lradj='type3', pct_start=0.3, use_amp=False, c_ff=7, t_ff=512, c_dropout=0.1, t_dropout=0.2, embed_dropout=0.1, head_type='prediction', usenorm=1, use_gpu=True, gpu=0, use_multi_gpu=False, devices='0,1,2,3', test_flop=False)
Use GPU: cuda:0
>>>>>>>start training : electricity_96_336_MLPAer_custom_ftM_sl96_ll48_pl336_dm2048_nh8_el2_dl1_df2048_fc1_ebtimeF_dtTrue_Exp_0>>>>>>>>>>>>>>>>>>>>>>>>>>
train 17981
val 2297
test 4925
	iters: 100, epoch: 1 | loss: 0.7514415
	speed: 0.1482s/iter; left time: 4978.4686s
	iters: 200, epoch: 1 | loss: 0.6232207
	speed: 0.0975s/iter; left time: 3263.7894s
	iters: 300, epoch: 1 | loss: 0.4410166
	speed: 0.0911s/iter; left time: 3042.8877s
	iters: 400, epoch: 1 | loss: 0.4072309
	speed: 0.0954s/iter; left time: 3177.2093s
	iters: 500, epoch: 1 | loss: 0.3400254
	speed: 0.0922s/iter; left time: 3058.6798s
	iters: 600, epoch: 1 | loss: 0.3113946
	speed: 0.0942s/iter; left time: 3117.9507s
	iters: 700, epoch: 1 | loss: 0.2946375
	speed: 0.0960s/iter; left time: 3165.9782s
	iters: 800, epoch: 1 | loss: 0.3124600
	speed: 0.0941s/iter; left time: 3096.5137s
	iters: 900, epoch: 1 | loss: 0.2731236
	speed: 0.0924s/iter; left time: 3029.2413s
	iters: 1000, epoch: 1 | loss: 0.2975472
	speed: 0.0934s/iter; left time: 3054.0131s
	iters: 1100, epoch: 1 | loss: 0.3157815
	speed: 0.0928s/iter; left time: 3024.2389s
Epoch: 1 cost time: 106.09393835067749
Epoch: 1, Steps: 1123 | Train Loss: 0.4212603 Vali Loss: 0.2260071 Test Loss: 0.2538027
Validation loss decreased (inf --> 0.226007).  Saving model ...
Updating learning rate to 0.0001
	iters: 100, epoch: 2 | loss: 0.2376830
	speed: 1.4127s/iter; left time: 45867.4104s
	iters: 200, epoch: 2 | loss: 0.2468835
	speed: 0.0873s/iter; left time: 2827.0598s
	iters: 300, epoch: 2 | loss: 0.2303625
	speed: 0.0836s/iter; left time: 2699.2086s
	iters: 400, epoch: 2 | loss: 0.1928245
	speed: 0.0863s/iter; left time: 2775.5080s
	iters: 500, epoch: 2 | loss: 0.2579527
	speed: 0.0800s/iter; left time: 2566.7466s
	iters: 600, epoch: 2 | loss: 0.2315636
	speed: 0.0727s/iter; left time: 2323.8917s
	iters: 700, epoch: 2 | loss: 0.2325579
	speed: 0.0717s/iter; left time: 2285.1570s
	iters: 800, epoch: 2 | loss: 0.2213759
	speed: 0.0734s/iter; left time: 2332.3268s
	iters: 900, epoch: 2 | loss: 0.2583561
	speed: 0.0704s/iter; left time: 2229.7205s
	iters: 1000, epoch: 2 | loss: 0.2287216
	speed: 0.0729s/iter; left time: 2300.9218s
	iters: 1100, epoch: 2 | loss: 0.2070395
	speed: 0.0682s/iter; left time: 2146.3578s
Epoch: 2 cost time: 86.9535436630249
Epoch: 2, Steps: 1123 | Train Loss: 0.2315722 Vali Loss: 0.1840570 Test Loss: 0.2075109
Validation loss decreased (0.226007 --> 0.184057).  Saving model ...
Updating learning rate to 0.0001
	iters: 100, epoch: 3 | loss: 0.2072379
	speed: 1.2479s/iter; left time: 39115.9772s
	iters: 200, epoch: 3 | loss: 0.1955763
	speed: 0.0919s/iter; left time: 2872.3289s
	iters: 300, epoch: 3 | loss: 0.2264997
	speed: 0.0947s/iter; left time: 2950.1406s
	iters: 400, epoch: 3 | loss: 0.1867606
	speed: 0.0951s/iter; left time: 2953.3479s
	iters: 500, epoch: 3 | loss: 0.2047063
	speed: 0.0943s/iter; left time: 2917.2539s
	iters: 600, epoch: 3 | loss: 0.2266887
	speed: 0.0976s/iter; left time: 3009.5012s
	iters: 700, epoch: 3 | loss: 0.2049915
	speed: 0.0929s/iter; left time: 2855.6263s
	iters: 800, epoch: 3 | loss: 0.2056843
	speed: 0.0911s/iter; left time: 2791.2265s
	iters: 900, epoch: 3 | loss: 0.1899653
	speed: 0.0902s/iter; left time: 2755.3751s
	iters: 1000, epoch: 3 | loss: 0.2261085
	speed: 0.0867s/iter; left time: 2639.2686s
	iters: 1100, epoch: 3 | loss: 0.2443094
	speed: 0.0882s/iter; left time: 2677.6281s
Epoch: 3 cost time: 104.2362642288208
Epoch: 3, Steps: 1123 | Train Loss: 0.2158079 Vali Loss: 0.1726765 Test Loss: 0.1947748
Validation loss decreased (0.184057 --> 0.172677).  Saving model ...
Updating learning rate to 0.0001
	iters: 100, epoch: 4 | loss: 0.1925161
	speed: 1.4063s/iter; left time: 42502.6111s
	iters: 200, epoch: 4 | loss: 0.2585197
	speed: 0.0943s/iter; left time: 2840.9365s
	iters: 300, epoch: 4 | loss: 0.2198496
	speed: 0.0951s/iter; left time: 2854.8252s
	iters: 400, epoch: 4 | loss: 0.1843140
	speed: 0.0942s/iter; left time: 2818.3728s
	iters: 500, epoch: 4 | loss: 0.1882112
	speed: 0.0941s/iter; left time: 2807.0565s
	iters: 600, epoch: 4 | loss: 0.1824570
	speed: 0.0941s/iter; left time: 2797.7961s
	iters: 700, epoch: 4 | loss: 0.2027660
	speed: 0.0967s/iter; left time: 2865.7601s
	iters: 800, epoch: 4 | loss: 0.1736390
	speed: 0.0900s/iter; left time: 2656.0058s
	iters: 900, epoch: 4 | loss: 0.2064762
	speed: 0.0899s/iter; left time: 2644.7155s
	iters: 1000, epoch: 4 | loss: 0.2009589
	speed: 0.0879s/iter; left time: 2578.5526s
	iters: 1100, epoch: 4 | loss: 0.1994386
	speed: 0.0865s/iter; left time: 2527.5460s
Epoch: 4 cost time: 104.43862175941467
Epoch: 4, Steps: 1123 | Train Loss: 0.2024985 Vali Loss: 0.1649744 Test Loss: 0.1875287
Validation loss decreased (0.172677 --> 0.164974).  Saving model ...
Updating learning rate to 9e-05
	iters: 100, epoch: 5 | loss: 0.2418429
	speed: 1.3928s/iter; left time: 40528.9224s
	iters: 200, epoch: 5 | loss: 0.1873888
	speed: 0.0970s/iter; left time: 2813.7845s
	iters: 300, epoch: 5 | loss: 0.1924126
	speed: 0.0948s/iter; left time: 2740.8800s
	iters: 400, epoch: 5 | loss: 0.2405241
	speed: 0.0958s/iter; left time: 2759.2354s
	iters: 500, epoch: 5 | loss: 0.1735245
	speed: 0.0957s/iter; left time: 2745.4915s
	iters: 600, epoch: 5 | loss: 0.1822206
	speed: 0.0957s/iter; left time: 2736.9596s
	iters: 700, epoch: 5 | loss: 0.1935531
	speed: 0.0966s/iter; left time: 2752.1901s
	iters: 800, epoch: 5 | loss: 0.2111553
	speed: 0.0921s/iter; left time: 2614.8201s
	iters: 900, epoch: 5 | loss: 0.1735442
	speed: 0.0884s/iter; left time: 2502.9652s
	iters: 1000, epoch: 5 | loss: 0.2352463
	speed: 0.0896s/iter; left time: 2527.9378s
	iters: 1100, epoch: 5 | loss: 0.2018286
	speed: 0.0912s/iter; left time: 2562.7587s
Epoch: 5 cost time: 105.228670835495
Epoch: 5, Steps: 1123 | Train Loss: 0.1952152 Vali Loss: 0.1609135 Test Loss: 0.1850980
Validation loss decreased (0.164974 --> 0.160913).  Saving model ...
Updating learning rate to 8.1e-05
	iters: 100, epoch: 6 | loss: 0.1701073
	speed: 1.3978s/iter; left time: 39105.6346s
	iters: 200, epoch: 6 | loss: 0.1686985
	speed: 0.0955s/iter; left time: 2663.2533s
	iters: 300, epoch: 6 | loss: 0.1934120
	speed: 0.0970s/iter; left time: 2693.2658s
	iters: 400, epoch: 6 | loss: 0.1971088
	speed: 0.0948s/iter; left time: 2624.4678s
	iters: 500, epoch: 6 | loss: 0.1893572
	speed: 0.0942s/iter; left time: 2598.1440s
	iters: 600, epoch: 6 | loss: 0.1849808
	speed: 0.0979s/iter; left time: 2690.1398s
	iters: 700, epoch: 6 | loss: 0.2052097
	speed: 0.0935s/iter; left time: 2560.4370s
	iters: 800, epoch: 6 | loss: 0.1785225
	speed: 0.0913s/iter; left time: 2490.9794s
	iters: 900, epoch: 6 | loss: 0.1652880
	speed: 0.0894s/iter; left time: 2429.2858s
	iters: 1000, epoch: 6 | loss: 0.1678661
	speed: 0.0887s/iter; left time: 2400.9211s
	iters: 1100, epoch: 6 | loss: 0.2182276
	speed: 0.0913s/iter; left time: 2462.6298s
Epoch: 6 cost time: 105.41520977020264
Epoch: 6, Steps: 1123 | Train Loss: 0.1911148 Vali Loss: 0.1588395 Test Loss: 0.1817675
Validation loss decreased (0.160913 --> 0.158839).  Saving model ...
Updating learning rate to 7.290000000000001e-05
	iters: 100, epoch: 7 | loss: 0.1850200
	speed: 1.3866s/iter; left time: 37234.9411s
	iters: 200, epoch: 7 | loss: 0.2125413
	speed: 0.0950s/iter; left time: 2540.3051s
	iters: 300, epoch: 7 | loss: 0.1996621
	speed: 0.0941s/iter; left time: 2507.1539s
	iters: 400, epoch: 7 | loss: 0.1658540
	speed: 0.0953s/iter; left time: 2530.9485s
	iters: 500, epoch: 7 | loss: 0.1927895
	speed: 0.0946s/iter; left time: 2503.6171s
	iters: 600, epoch: 7 | loss: 0.1919684
	speed: 0.0942s/iter; left time: 2481.7253s
	iters: 700, epoch: 7 | loss: 0.1882425
	speed: 0.0918s/iter; left time: 2410.7218s
	iters: 800, epoch: 7 | loss: 0.1772140
	speed: 0.0920s/iter; left time: 2406.3714s
	iters: 900, epoch: 7 | loss: 0.1569001
	speed: 0.0895s/iter; left time: 2332.0205s
	iters: 1000, epoch: 7 | loss: 0.1836034
	speed: 0.0894s/iter; left time: 2321.1687s
	iters: 1100, epoch: 7 | loss: 0.1964789
	speed: 0.0893s/iter; left time: 2309.6112s
Epoch: 7 cost time: 104.37421703338623
Epoch: 7, Steps: 1123 | Train Loss: 0.1882150 Vali Loss: 0.1570578 Test Loss: 0.1800583
Validation loss decreased (0.158839 --> 0.157058).  Saving model ...
Updating learning rate to 6.561e-05
	iters: 100, epoch: 8 | loss: 0.1662414
	speed: 1.3940s/iter; left time: 35866.3904s
	iters: 200, epoch: 8 | loss: 0.2100622
	speed: 0.0958s/iter; left time: 2455.6389s
	iters: 300, epoch: 8 | loss: 0.1905370
	speed: 0.0953s/iter; left time: 2433.6865s
	iters: 400, epoch: 8 | loss: 0.1796539
	speed: 0.0973s/iter; left time: 2475.0868s
	iters: 500, epoch: 8 | loss: 0.1848426
	speed: 0.0947s/iter; left time: 2398.6711s
	iters: 600, epoch: 8 | loss: 0.1970860
	speed: 0.0933s/iter; left time: 2353.2408s
	iters: 700, epoch: 8 | loss: 0.1881386
	speed: 0.0923s/iter; left time: 2318.5573s
	iters: 800, epoch: 8 | loss: 0.1613772
	speed: 0.0920s/iter; left time: 2303.7171s
	iters: 900, epoch: 8 | loss: 0.1657662
	speed: 0.0898s/iter; left time: 2238.4439s
	iters: 1000, epoch: 8 | loss: 0.1810694
	speed: 0.0872s/iter; left time: 2166.2589s
	iters: 1100, epoch: 8 | loss: 0.1967061
	speed: 0.0909s/iter; left time: 2248.6522s
Epoch: 8 cost time: 104.59169292449951
Epoch: 8, Steps: 1123 | Train Loss: 0.1858778 Vali Loss: 0.1557158 Test Loss: 0.1792156
Validation loss decreased (0.157058 --> 0.155716).  Saving model ...
Updating learning rate to 5.904900000000001e-05
	iters: 100, epoch: 9 | loss: 0.2306884
	speed: 1.4024s/iter; left time: 34507.7383s
	iters: 200, epoch: 9 | loss: 0.1711274
	speed: 0.0952s/iter; left time: 2332.2699s
	iters: 300, epoch: 9 | loss: 0.1951370
	speed: 0.0954s/iter; left time: 2327.8306s
	iters: 400, epoch: 9 | loss: 0.2238049
	speed: 0.0939s/iter; left time: 2283.2166s
	iters: 500, epoch: 9 | loss: 0.1776967
	speed: 0.0958s/iter; left time: 2319.5287s
	iters: 600, epoch: 9 | loss: 0.2148934
	speed: 0.0952s/iter; left time: 2294.3318s
	iters: 700, epoch: 9 | loss: 0.1771251
	speed: 0.0899s/iter; left time: 2157.4387s
	iters: 800, epoch: 9 | loss: 0.1951433
	speed: 0.0929s/iter; left time: 2221.1116s
	iters: 900, epoch: 9 | loss: 0.1676273
	speed: 0.0879s/iter; left time: 2092.2876s
	iters: 1000, epoch: 9 | loss: 0.1906624
	speed: 0.0892s/iter; left time: 2114.7825s
	iters: 1100, epoch: 9 | loss: 0.2279346
	speed: 0.0906s/iter; left time: 2138.2069s
Epoch: 9 cost time: 104.83352732658386
Epoch: 9, Steps: 1123 | Train Loss: 0.1837572 Vali Loss: 0.1547011 Test Loss: 0.1767886
Validation loss decreased (0.155716 --> 0.154701).  Saving model ...
Updating learning rate to 5.3144100000000005e-05
	iters: 100, epoch: 10 | loss: 0.2012898
	speed: 1.4023s/iter; left time: 32931.4704s
	iters: 200, epoch: 10 | loss: 0.1684032
	speed: 0.0935s/iter; left time: 2185.3778s
	iters: 300, epoch: 10 | loss: 0.1774667
	speed: 0.0951s/iter; left time: 2213.6542s
	iters: 400, epoch: 10 | loss: 0.1450062
	speed: 0.0945s/iter; left time: 2190.8902s
	iters: 500, epoch: 10 | loss: 0.1701867
	speed: 0.0956s/iter; left time: 2206.0741s
	iters: 600, epoch: 10 | loss: 0.1651559
	speed: 0.0929s/iter; left time: 2135.5784s
	iters: 700, epoch: 10 | loss: 0.1822267
	speed: 0.0910s/iter; left time: 2082.0398s
	iters: 800, epoch: 10 | loss: 0.1865412
	speed: 0.0888s/iter; left time: 2024.0202s
	iters: 900, epoch: 10 | loss: 0.1467997
	speed: 0.0889s/iter; left time: 2015.9067s
	iters: 1000, epoch: 10 | loss: 0.1750838
	speed: 0.0906s/iter; left time: 2045.3874s
	iters: 1100, epoch: 10 | loss: 0.1646009
	speed: 0.0917s/iter; left time: 2061.1761s
Epoch: 10 cost time: 104.02185463905334
Epoch: 10, Steps: 1123 | Train Loss: 0.1818880 Vali Loss: 0.1534095 Test Loss: 0.1760065
Validation loss decreased (0.154701 --> 0.153410).  Saving model ...
Updating learning rate to 4.782969000000001e-05
	iters: 100, epoch: 11 | loss: 0.1583381
	speed: 1.4043s/iter; left time: 31401.0293s
	iters: 200, epoch: 11 | loss: 0.1760612
	speed: 0.0948s/iter; left time: 2110.5751s
	iters: 300, epoch: 11 | loss: 0.1709665
	speed: 0.0959s/iter; left time: 2124.7715s
	iters: 400, epoch: 11 | loss: 0.1728040
	speed: 0.0958s/iter; left time: 2112.9273s
	iters: 500, epoch: 11 | loss: 0.1793915
	speed: 0.0958s/iter; left time: 2104.3043s
	iters: 600, epoch: 11 | loss: 0.1688926
	speed: 0.0934s/iter; left time: 2041.7134s
	iters: 700, epoch: 11 | loss: 0.1817178
	speed: 0.0895s/iter; left time: 1946.5834s
	iters: 800, epoch: 11 | loss: 0.1943881
	speed: 0.0901s/iter; left time: 1952.2962s
	iters: 900, epoch: 11 | loss: 0.1665565
	speed: 0.0880s/iter; left time: 1897.0021s
	iters: 1000, epoch: 11 | loss: 0.1913212
	speed: 0.0901s/iter; left time: 1933.1822s
	iters: 1100, epoch: 11 | loss: 0.1989740
	speed: 0.0884s/iter; left time: 1888.0182s
Epoch: 11 cost time: 104.20567870140076
Epoch: 11, Steps: 1123 | Train Loss: 0.1802801 Vali Loss: 0.1533121 Test Loss: 0.1747709
Validation loss decreased (0.153410 --> 0.153312).  Saving model ...
Updating learning rate to 4.304672100000001e-05
	iters: 100, epoch: 12 | loss: 0.1729273
	speed: 1.4089s/iter; left time: 29921.8980s
	iters: 200, epoch: 12 | loss: 0.1578878
	speed: 0.0953s/iter; left time: 2014.1227s
	iters: 300, epoch: 12 | loss: 0.1985450
	speed: 0.0949s/iter; left time: 1996.1973s
	iters: 400, epoch: 12 | loss: 0.2018490
	speed: 0.0974s/iter; left time: 2038.7282s
	iters: 500, epoch: 12 | loss: 0.1869317
	speed: 0.0931s/iter; left time: 1940.4168s
	iters: 600, epoch: 12 | loss: 0.1960507
	speed: 0.0875s/iter; left time: 1814.6422s
	iters: 700, epoch: 12 | loss: 0.1836687
	speed: 0.0877s/iter; left time: 1809.9883s
	iters: 800, epoch: 12 | loss: 0.2145061
	speed: 0.0860s/iter; left time: 1765.7271s
	iters: 900, epoch: 12 | loss: 0.1855131
	speed: 0.0861s/iter; left time: 1760.2433s
	iters: 1000, epoch: 12 | loss: 0.2177408
	speed: 0.0762s/iter; left time: 1548.7630s
	iters: 1100, epoch: 12 | loss: 0.1492706
	speed: 0.0683s/iter; left time: 1382.0677s
Epoch: 12 cost time: 98.94774127006531
Epoch: 12, Steps: 1123 | Train Loss: 0.1787640 Vali Loss: 0.1532896 Test Loss: 0.1742929
Validation loss decreased (0.153312 --> 0.153290).  Saving model ...
Updating learning rate to 3.874204890000001e-05
	iters: 100, epoch: 13 | loss: 0.1849601
	speed: 1.0024s/iter; left time: 20163.2675s
	iters: 200, epoch: 13 | loss: 0.1877013
	speed: 0.0808s/iter; left time: 1617.4273s
	iters: 300, epoch: 13 | loss: 0.1549640
	speed: 0.0836s/iter; left time: 1663.9216s
	iters: 400, epoch: 13 | loss: 0.1521811
	speed: 0.0785s/iter; left time: 1555.8166s
	iters: 500, epoch: 13 | loss: 0.1873579
	speed: 0.0797s/iter; left time: 1572.0669s
	iters: 600, epoch: 13 | loss: 0.2356422
	speed: 0.0782s/iter; left time: 1533.1807s
	iters: 700, epoch: 13 | loss: 0.1650813
	speed: 0.0752s/iter; left time: 1468.3948s
	iters: 800, epoch: 13 | loss: 0.1833292
	speed: 0.0697s/iter; left time: 1353.3268s
	iters: 900, epoch: 13 | loss: 0.1751803
	speed: 0.0680s/iter; left time: 1313.1456s
	iters: 1000, epoch: 13 | loss: 0.1722728
	speed: 0.0683s/iter; left time: 1312.9651s
	iters: 1100, epoch: 13 | loss: 0.1781742
	speed: 0.0696s/iter; left time: 1330.3418s
Epoch: 13 cost time: 85.39176964759827
Epoch: 13, Steps: 1123 | Train Loss: 0.1774601 Vali Loss: 0.1528272 Test Loss: 0.1737029
Validation loss decreased (0.153290 --> 0.152827).  Saving model ...
Updating learning rate to 3.486784401000001e-05
	iters: 100, epoch: 14 | loss: 0.1814607
	speed: 0.9980s/iter; left time: 18953.5099s
	iters: 200, epoch: 14 | loss: 0.1789806
	speed: 0.0797s/iter; left time: 1506.0099s
	iters: 300, epoch: 14 | loss: 0.1767504
	speed: 0.0797s/iter; left time: 1498.2675s
	iters: 400, epoch: 14 | loss: 0.1756946
	speed: 0.0780s/iter; left time: 1457.2251s
	iters: 500, epoch: 14 | loss: 0.1668203
	speed: 0.0782s/iter; left time: 1453.3300s
	iters: 600, epoch: 14 | loss: 0.1686308
	speed: 0.0777s/iter; left time: 1436.0263s
	iters: 700, epoch: 14 | loss: 0.2067895
	speed: 0.0813s/iter; left time: 1494.4299s
	iters: 800, epoch: 14 | loss: 0.1584856
	speed: 0.0792s/iter; left time: 1448.1460s
	iters: 900, epoch: 14 | loss: 0.1648578
	speed: 0.0755s/iter; left time: 1373.4106s
	iters: 1000, epoch: 14 | loss: 0.1752995
	speed: 0.0679s/iter; left time: 1227.9118s
	iters: 1100, epoch: 14 | loss: 0.1766593
	speed: 0.0682s/iter; left time: 1226.8987s
Epoch: 14 cost time: 86.95679831504822
Epoch: 14, Steps: 1123 | Train Loss: 0.1764058 Vali Loss: 0.1526780 Test Loss: 0.1735455
Validation loss decreased (0.152827 --> 0.152678).  Saving model ...
Updating learning rate to 3.138105960900001e-05
	iters: 100, epoch: 15 | loss: 0.1495476
	speed: 0.9962s/iter; left time: 17801.4668s
	iters: 200, epoch: 15 | loss: 0.1799245
	speed: 0.0805s/iter; left time: 1430.2982s
	iters: 300, epoch: 15 | loss: 0.1812731
	speed: 0.0810s/iter; left time: 1430.5295s
	iters: 400, epoch: 15 | loss: 0.1939589
	speed: 0.0799s/iter; left time: 1403.4524s
	iters: 500, epoch: 15 | loss: 0.1901879
	speed: 0.0777s/iter; left time: 1357.5152s
	iters: 600, epoch: 15 | loss: 0.1781906
	speed: 0.0788s/iter; left time: 1368.4436s
	iters: 700, epoch: 15 | loss: 0.1649796
	speed: 0.0802s/iter; left time: 1384.8995s
	iters: 800, epoch: 15 | loss: 0.1586390
	speed: 0.0810s/iter; left time: 1391.1797s
	iters: 900, epoch: 15 | loss: 0.1631045
	speed: 0.0829s/iter; left time: 1415.5384s
	iters: 1000, epoch: 15 | loss: 0.1700641
	speed: 0.0807s/iter; left time: 1369.4166s
	iters: 1100, epoch: 15 | loss: 0.1707716
	speed: 0.0813s/iter; left time: 1371.7267s
Epoch: 15 cost time: 90.33387660980225
Epoch: 15, Steps: 1123 | Train Loss: 0.1753852 Vali Loss: 0.1520914 Test Loss: 0.1725585
Validation loss decreased (0.152678 --> 0.152091).  Saving model ...
Updating learning rate to 2.824295364810001e-05
	iters: 100, epoch: 16 | loss: 0.1724403
	speed: 1.0214s/iter; left time: 17104.8824s
	iters: 200, epoch: 16 | loss: 0.1663571
	speed: 0.0806s/iter; left time: 1341.6737s
	iters: 300, epoch: 16 | loss: 0.1873749
	speed: 0.0810s/iter; left time: 1339.6488s
	iters: 400, epoch: 16 | loss: 0.1783898
	speed: 0.0811s/iter; left time: 1333.5323s
	iters: 500, epoch: 16 | loss: 0.1778134
	speed: 0.0828s/iter; left time: 1353.5168s
	iters: 600, epoch: 16 | loss: 0.1810823
	speed: 0.0805s/iter; left time: 1307.4588s
	iters: 700, epoch: 16 | loss: 0.1558875
	speed: 0.0813s/iter; left time: 1311.9598s
	iters: 800, epoch: 16 | loss: 0.1625210
	speed: 0.0817s/iter; left time: 1310.4950s
	iters: 900, epoch: 16 | loss: 0.1973377
	speed: 0.0820s/iter; left time: 1306.8308s
	iters: 1000, epoch: 16 | loss: 0.1811826
	speed: 0.0820s/iter; left time: 1299.6459s
	iters: 1100, epoch: 16 | loss: 0.2039704
	speed: 0.0816s/iter; left time: 1284.9943s
Epoch: 16 cost time: 91.74014544487
Epoch: 16, Steps: 1123 | Train Loss: 0.1745339 Vali Loss: 0.1516078 Test Loss: 0.1726475
Validation loss decreased (0.152091 --> 0.151608).  Saving model ...
Updating learning rate to 2.541865828329001e-05
	iters: 100, epoch: 17 | loss: 0.2186157
	speed: 1.0373s/iter; left time: 16206.4473s
	iters: 200, epoch: 17 | loss: 0.1662914
	speed: 0.0804s/iter; left time: 1248.7729s
	iters: 300, epoch: 17 | loss: 0.1620823
	speed: 0.0827s/iter; left time: 1275.9118s
	iters: 400, epoch: 17 | loss: 0.1664945
	speed: 0.0819s/iter; left time: 1254.8663s
	iters: 500, epoch: 17 | loss: 0.1732647
	speed: 0.0821s/iter; left time: 1250.4959s
	iters: 600, epoch: 17 | loss: 0.1731806
	speed: 0.0827s/iter; left time: 1251.3525s
	iters: 700, epoch: 17 | loss: 0.1606164
	speed: 0.0799s/iter; left time: 1200.8577s
	iters: 800, epoch: 17 | loss: 0.1650314
	speed: 0.0798s/iter; left time: 1191.3660s
	iters: 900, epoch: 17 | loss: 0.1810803
	speed: 0.0792s/iter; left time: 1174.1363s
	iters: 1000, epoch: 17 | loss: 0.1621004
	speed: 0.0809s/iter; left time: 1190.4726s
	iters: 1100, epoch: 17 | loss: 0.1728882
	speed: 0.0783s/iter; left time: 1144.9611s
Epoch: 17 cost time: 91.25223135948181
Epoch: 17, Steps: 1123 | Train Loss: 0.1737910 Vali Loss: 0.1519987 Test Loss: 0.1721827
EarlyStopping counter: 1 out of 100
Updating learning rate to 2.287679245496101e-05
	iters: 100, epoch: 18 | loss: 0.2194186
	speed: 1.0073s/iter; left time: 14605.2521s
	iters: 200, epoch: 18 | loss: 0.1639163
	speed: 0.0758s/iter; left time: 1091.0867s
	iters: 300, epoch: 18 | loss: 0.1860876
	speed: 0.0814s/iter; left time: 1163.9602s
	iters: 400, epoch: 18 | loss: 0.1551369
	speed: 0.0812s/iter; left time: 1153.1705s
	iters: 500, epoch: 18 | loss: 0.1824057
	speed: 0.0789s/iter; left time: 1112.7569s
	iters: 600, epoch: 18 | loss: 0.1714168
	speed: 0.0790s/iter; left time: 1105.5718s
	iters: 700, epoch: 18 | loss: 0.1707889
	speed: 0.0783s/iter; left time: 1088.5628s
	iters: 800, epoch: 18 | loss: 0.1535870
	speed: 0.0783s/iter; left time: 1080.2692s
	iters: 900, epoch: 18 | loss: 0.1798037
	speed: 0.0789s/iter; left time: 1080.9123s
	iters: 1000, epoch: 18 | loss: 0.1554731
	speed: 0.0786s/iter; left time: 1068.9008s
	iters: 1100, epoch: 18 | loss: 0.1821356
	speed: 0.0788s/iter; left time: 1064.0063s
Epoch: 18 cost time: 88.04545783996582
Epoch: 18, Steps: 1123 | Train Loss: 0.1731661 Vali Loss: 0.1516054 Test Loss: 0.1720619
Validation loss decreased (0.151608 --> 0.151605).  Saving model ...
Updating learning rate to 2.0589113209464907e-05
	iters: 100, epoch: 19 | loss: 0.1887141
	speed: 0.9872s/iter; left time: 13206.0763s
	iters: 200, epoch: 19 | loss: 0.2092112
	speed: 0.0687s/iter; left time: 912.4999s
	iters: 300, epoch: 19 | loss: 0.1912684
	speed: 0.0681s/iter; left time: 896.9518s
	iters: 400, epoch: 19 | loss: 0.1501372
	speed: 0.0737s/iter; left time: 963.4018s
	iters: 500, epoch: 19 | loss: 0.1648372
	speed: 0.0784s/iter; left time: 1016.8951s
	iters: 600, epoch: 19 | loss: 0.1729927
	speed: 0.0804s/iter; left time: 1035.2508s
	iters: 700, epoch: 19 | loss: 0.1840099
	speed: 0.0808s/iter; left time: 1032.1993s
	iters: 800, epoch: 19 | loss: 0.1476306
	speed: 0.0785s/iter; left time: 995.2628s
	iters: 900, epoch: 19 | loss: 0.1789246
	speed: 0.0785s/iter; left time: 987.0647s
	iters: 1000, epoch: 19 | loss: 0.1586892
	speed: 0.0814s/iter; left time: 1015.6418s
	iters: 1100, epoch: 19 | loss: 0.1839053
	speed: 0.0815s/iter; left time: 1009.0666s
Epoch: 19 cost time: 86.25311136245728
Epoch: 19, Steps: 1123 | Train Loss: 0.1726324 Vali Loss: 0.1518472 Test Loss: 0.1718954
EarlyStopping counter: 1 out of 100
Updating learning rate to 1.8530201888518416e-05
	iters: 100, epoch: 20 | loss: 0.1739390
	speed: 0.9815s/iter; left time: 12027.2434s
	iters: 200, epoch: 20 | loss: 0.1774642
	speed: 0.0692s/iter; left time: 841.1625s
	iters: 300, epoch: 20 | loss: 0.1747140
	speed: 0.0692s/iter; left time: 833.6520s
	iters: 400, epoch: 20 | loss: 0.1698222
	speed: 0.0683s/iter; left time: 816.6613s
	iters: 500, epoch: 20 | loss: 0.1536886
	speed: 0.0706s/iter; left time: 837.1225s
	iters: 600, epoch: 20 | loss: 0.1586498
	speed: 0.0727s/iter; left time: 854.2360s
	iters: 700, epoch: 20 | loss: 0.2037378
	speed: 0.0805s/iter; left time: 937.8508s
	iters: 800, epoch: 20 | loss: 0.1515206
	speed: 0.0797s/iter; left time: 920.6083s
	iters: 900, epoch: 20 | loss: 0.1889879
	speed: 0.0816s/iter; left time: 935.0171s
	iters: 1000, epoch: 20 | loss: 0.1714337
	speed: 0.0814s/iter; left time: 924.0952s
	iters: 1100, epoch: 20 | loss: 0.1754994
	speed: 0.0814s/iter; left time: 916.0986s
Epoch: 20 cost time: 84.62540578842163
Epoch: 20, Steps: 1123 | Train Loss: 0.1721146 Vali Loss: 0.1517577 Test Loss: 0.1718328
EarlyStopping counter: 2 out of 100
Updating learning rate to 1.6677181699666577e-05
	iters: 100, epoch: 21 | loss: 0.1650984
	speed: 0.9767s/iter; left time: 10871.4189s
	iters: 200, epoch: 21 | loss: 0.1518459
	speed: 0.0687s/iter; left time: 757.6724s
	iters: 300, epoch: 21 | loss: 0.1621484
	speed: 0.0710s/iter; left time: 776.0633s
	iters: 400, epoch: 21 | loss: 0.1520741
	speed: 0.0716s/iter; left time: 775.5625s
	iters: 500, epoch: 21 | loss: 0.1599076
	speed: 0.0682s/iter; left time: 731.3194s
	iters: 600, epoch: 21 | loss: 0.1794730
	speed: 0.0649s/iter; left time: 689.4541s
	iters: 700, epoch: 21 | loss: 0.1488324
	speed: 0.0642s/iter; left time: 676.4994s
	iters: 800, epoch: 21 | loss: 0.1442417
	speed: 0.0642s/iter; left time: 669.9492s
	iters: 900, epoch: 21 | loss: 0.1816902
	speed: 0.0768s/iter; left time: 793.3327s
	iters: 1000, epoch: 21 | loss: 0.1525789
	speed: 0.0729s/iter; left time: 746.3283s
	iters: 1100, epoch: 21 | loss: 0.1749129
	speed: 0.0714s/iter; left time: 723.7295s
Epoch: 21 cost time: 78.45756196975708
Epoch: 21, Steps: 1123 | Train Loss: 0.1716927 Vali Loss: 0.1517325 Test Loss: 0.1716604
EarlyStopping counter: 3 out of 100
Updating learning rate to 1.5009463529699919e-05
	iters: 100, epoch: 22 | loss: 0.1623262
	speed: 0.9585s/iter; left time: 9592.4271s
	iters: 200, epoch: 22 | loss: 0.1974296
	speed: 0.0686s/iter; left time: 679.3287s
	iters: 300, epoch: 22 | loss: 0.1564662
	speed: 0.0682s/iter; left time: 668.5052s
	iters: 400, epoch: 22 | loss: 0.1628888
	speed: 0.0673s/iter; left time: 653.1162s
	iters: 500, epoch: 22 | loss: 0.1615419
	speed: 0.0682s/iter; left time: 655.4026s
	iters: 600, epoch: 22 | loss: 0.1959190
	speed: 0.0693s/iter; left time: 658.5919s
	iters: 700, epoch: 22 | loss: 0.2089212
	speed: 0.0694s/iter; left time: 652.6160s
	iters: 800, epoch: 22 | loss: 0.1474365
	speed: 0.0675s/iter; left time: 628.0948s
	iters: 900, epoch: 22 | loss: 0.1861438
	speed: 0.0688s/iter; left time: 633.2860s
	iters: 1000, epoch: 22 | loss: 0.1549629
	speed: 0.0690s/iter; left time: 628.0167s
	iters: 1100, epoch: 22 | loss: 0.1518928
	speed: 0.0763s/iter; left time: 687.1994s
Epoch: 22 cost time: 78.53376579284668
Epoch: 22, Steps: 1123 | Train Loss: 0.1713216 Vali Loss: 0.1517180 Test Loss: 0.1716577
EarlyStopping counter: 4 out of 100
Updating learning rate to 1.3508517176729929e-05
	iters: 100, epoch: 23 | loss: 0.1716670
	speed: 0.9713s/iter; left time: 8629.8828s
	iters: 200, epoch: 23 | loss: 0.1462323
	speed: 0.0683s/iter; left time: 599.9811s
	iters: 300, epoch: 23 | loss: 0.1512739
	speed: 0.0691s/iter; left time: 600.2765s
	iters: 400, epoch: 23 | loss: 0.1841939
	speed: 0.0666s/iter; left time: 572.1381s
	iters: 500, epoch: 23 | loss: 0.1919915
	speed: 0.0692s/iter; left time: 586.9785s
	iters: 600, epoch: 23 | loss: 0.1473521
	speed: 0.0697s/iter; left time: 584.3111s
	iters: 700, epoch: 23 | loss: 0.1563424
	speed: 0.0698s/iter; left time: 578.2168s
	iters: 800, epoch: 23 | loss: 0.1633518
	speed: 0.0673s/iter; left time: 550.7207s
	iters: 900, epoch: 23 | loss: 0.1903932
	speed: 0.0683s/iter; left time: 552.6081s
	iters: 1000, epoch: 23 | loss: 0.1738188
	speed: 0.0677s/iter; left time: 540.8280s
	iters: 1100, epoch: 23 | loss: 0.1615151
	speed: 0.0691s/iter; left time: 545.2473s
Epoch: 23 cost time: 78.36268544197083
Epoch: 23, Steps: 1123 | Train Loss: 0.1709739 Vali Loss: 0.1518460 Test Loss: 0.1714531
EarlyStopping counter: 5 out of 100
Updating learning rate to 1.2157665459056936e-05
	iters: 100, epoch: 24 | loss: 0.1440631
	speed: 0.9793s/iter; left time: 7601.1588s
	iters: 200, epoch: 24 | loss: 0.1988148
	speed: 0.0797s/iter; left time: 610.3063s
	iters: 300, epoch: 24 | loss: 0.1575118
	speed: 0.0733s/iter; left time: 554.5074s
	iters: 400, epoch: 24 | loss: 0.1658515
	speed: 0.0677s/iter; left time: 505.2616s
	iters: 500, epoch: 24 | loss: 0.1631695
	speed: 0.0693s/iter; left time: 510.2093s
	iters: 600, epoch: 24 | loss: 0.1870535
	speed: 0.0697s/iter; left time: 506.2138s
	iters: 700, epoch: 24 | loss: 0.1752405
	speed: 0.0687s/iter; left time: 492.0726s
	iters: 800, epoch: 24 | loss: 0.1605307
	speed: 0.0667s/iter; left time: 470.7202s
	iters: 900, epoch: 24 | loss: 0.1902633
	speed: 0.0658s/iter; left time: 458.3434s
	iters: 1000, epoch: 24 | loss: 0.1917128
	speed: 0.0657s/iter; left time: 450.9909s
	iters: 1100, epoch: 24 | loss: 0.1812790
	speed: 0.0685s/iter; left time: 463.1341s
Epoch: 24 cost time: 79.5020580291748
Epoch: 24, Steps: 1123 | Train Loss: 0.1706663 Vali Loss: 0.1512477 Test Loss: 0.1713381
Validation loss decreased (0.151605 --> 0.151248).  Saving model ...
Updating learning rate to 1.0941898913151242e-05
	iters: 100, epoch: 25 | loss: 0.1683863
	speed: 0.9835s/iter; left time: 6529.2952s
	iters: 200, epoch: 25 | loss: 0.2155402
	speed: 0.0799s/iter; left time: 522.2286s
	iters: 300, epoch: 25 | loss: 0.1722391
	speed: 0.0797s/iter; left time: 513.4376s
	iters: 400, epoch: 25 | loss: 0.1674664
	speed: 0.0771s/iter; left time: 488.9977s
	iters: 500, epoch: 25 | loss: 0.1534939
	speed: 0.0687s/iter; left time: 428.5137s
	iters: 600, epoch: 25 | loss: 0.1766464
	speed: 0.0672s/iter; left time: 412.7933s
	iters: 700, epoch: 25 | loss: 0.1873025
	speed: 0.0668s/iter; left time: 403.6663s
	iters: 800, epoch: 25 | loss: 0.1484047
	speed: 0.0683s/iter; left time: 405.6509s
	iters: 900, epoch: 25 | loss: 0.1803970
	speed: 0.0703s/iter; left time: 410.2543s
	iters: 1000, epoch: 25 | loss: 0.1940112
	speed: 0.0674s/iter; left time: 386.6277s
	iters: 1100, epoch: 25 | loss: 0.1606200
	speed: 0.0688s/iter; left time: 387.9650s
Epoch: 25 cost time: 81.215900182724
Epoch: 25, Steps: 1123 | Train Loss: 0.1704118 Vali Loss: 0.1516666 Test Loss: 0.1716552
EarlyStopping counter: 1 out of 100
Updating learning rate to 9.847709021836118e-06
	iters: 100, epoch: 26 | loss: 0.1420245
	speed: 0.9935s/iter; left time: 5479.9304s
	iters: 200, epoch: 26 | loss: 0.1644431
	speed: 0.0780s/iter; left time: 422.2810s
	iters: 300, epoch: 26 | loss: 0.1503639
	speed: 0.0775s/iter; left time: 411.8393s
	iters: 400, epoch: 26 | loss: 0.1561799
	speed: 0.0781s/iter; left time: 407.1439s
	iters: 500, epoch: 26 | loss: 0.1885628
	speed: 0.0798s/iter; left time: 408.0024s
	iters: 600, epoch: 26 | loss: 0.1531112
	speed: 0.0700s/iter; left time: 351.2906s
	iters: 700, epoch: 26 | loss: 0.1649515
	speed: 0.0680s/iter; left time: 334.3449s
	iters: 800, epoch: 26 | loss: 0.1680820
	speed: 0.0677s/iter; left time: 326.0748s
	iters: 900, epoch: 26 | loss: 0.1871199
	speed: 0.0660s/iter; left time: 311.1823s
	iters: 1000, epoch: 26 | loss: 0.1921444
	speed: 0.0677s/iter; left time: 312.3593s
	iters: 1100, epoch: 26 | loss: 0.1700918
	speed: 0.0692s/iter; left time: 312.6000s
Epoch: 26 cost time: 82.17326402664185
Epoch: 26, Steps: 1123 | Train Loss: 0.1701696 Vali Loss: 0.1518293 Test Loss: 0.1716939
EarlyStopping counter: 2 out of 100
Updating learning rate to 8.862938119652508e-06
	iters: 100, epoch: 27 | loss: 0.1974337
	speed: 1.0045s/iter; left time: 4412.7908s
	iters: 200, epoch: 27 | loss: 0.1758730
	speed: 0.0770s/iter; left time: 330.7745s
	iters: 300, epoch: 27 | loss: 0.1610167
	speed: 0.0783s/iter; left time: 328.4319s
	iters: 400, epoch: 27 | loss: 0.1804433
	speed: 0.0787s/iter; left time: 322.2998s
	iters: 500, epoch: 27 | loss: 0.1588132
	speed: 0.0788s/iter; left time: 314.6943s
	iters: 600, epoch: 27 | loss: 0.1788414
	speed: 0.0791s/iter; left time: 308.1309s
	iters: 700, epoch: 27 | loss: 0.2047424
	speed: 0.0766s/iter; left time: 290.3739s
	iters: 800, epoch: 27 | loss: 0.1638827
	speed: 0.0693s/iter; left time: 255.9454s
	iters: 900, epoch: 27 | loss: 0.1724582
	speed: 0.0666s/iter; left time: 239.3941s
	iters: 1000, epoch: 27 | loss: 0.2151251
	speed: 0.0671s/iter; left time: 234.3138s
	iters: 1100, epoch: 27 | loss: 0.1467911
	speed: 0.0686s/iter; left time: 232.8635s
Epoch: 27 cost time: 83.8045015335083
Epoch: 27, Steps: 1123 | Train Loss: 0.1699207 Vali Loss: 0.1517008 Test Loss: 0.1713166
EarlyStopping counter: 3 out of 100
Updating learning rate to 7.976644307687255e-06
	iters: 100, epoch: 28 | loss: 0.1635400
	speed: 1.0132s/iter; left time: 3313.0348s
	iters: 200, epoch: 28 | loss: 0.1923972
	speed: 0.0780s/iter; left time: 247.3073s
	iters: 300, epoch: 28 | loss: 0.1779263
	speed: 0.0773s/iter; left time: 237.3859s
	iters: 400, epoch: 28 | loss: 0.1846063
	speed: 0.0791s/iter; left time: 235.0148s
	iters: 500, epoch: 28 | loss: 0.1612461
	speed: 0.0778s/iter; left time: 223.3787s
	iters: 600, epoch: 28 | loss: 0.1679441
	speed: 0.0786s/iter; left time: 217.6580s
	iters: 700, epoch: 28 | loss: 0.1814711
	speed: 0.0786s/iter; left time: 209.7920s
	iters: 800, epoch: 28 | loss: 0.1757936
	speed: 0.0784s/iter; left time: 201.5839s
	iters: 900, epoch: 28 | loss: 0.1498116
	speed: 0.0757s/iter; left time: 186.9042s
	iters: 1000, epoch: 28 | loss: 0.1738484
	speed: 0.0691s/iter; left time: 163.8286s
	iters: 1100, epoch: 28 | loss: 0.1561213
	speed: 0.0682s/iter; left time: 154.9116s
Epoch: 28 cost time: 85.78494358062744
Epoch: 28, Steps: 1123 | Train Loss: 0.1697395 Vali Loss: 0.1516926 Test Loss: 0.1715464
EarlyStopping counter: 4 out of 100
Updating learning rate to 7.178979876918531e-06
	iters: 100, epoch: 29 | loss: 0.1606885
	speed: 1.0129s/iter; left time: 2174.7094s
	iters: 200, epoch: 29 | loss: 0.1683378
	speed: 0.0803s/iter; left time: 164.3831s
	iters: 300, epoch: 29 | loss: 0.1606520
	speed: 0.0786s/iter; left time: 153.0052s
	iters: 400, epoch: 29 | loss: 0.1858239
	speed: 0.0786s/iter; left time: 145.1444s
	iters: 500, epoch: 29 | loss: 0.1598653
	speed: 0.0795s/iter; left time: 138.9280s
	iters: 600, epoch: 29 | loss: 0.1467234
	speed: 0.0788s/iter; left time: 129.8175s
	iters: 700, epoch: 29 | loss: 0.1582199
	speed: 0.0806s/iter; left time: 124.6390s
	iters: 800, epoch: 29 | loss: 0.1750637
	speed: 0.0787s/iter; left time: 113.9262s
	iters: 900, epoch: 29 | loss: 0.1576637
	speed: 0.0799s/iter; left time: 107.6443s
	iters: 1000, epoch: 29 | loss: 0.1983790
	speed: 0.0802s/iter; left time: 100.0658s
	iters: 1100, epoch: 29 | loss: 0.1767311
	speed: 0.0715s/iter; left time: 82.0057s
Epoch: 29 cost time: 88.75092649459839
Epoch: 29, Steps: 1123 | Train Loss: 0.1695676 Vali Loss: 0.1516881 Test Loss: 0.1714831
EarlyStopping counter: 5 out of 100
Updating learning rate to 6.4610818892266776e-06
	iters: 100, epoch: 30 | loss: 0.1762910
	speed: 1.0045s/iter; left time: 1028.5591s
	iters: 200, epoch: 30 | loss: 0.1558705
	speed: 0.0785s/iter; left time: 72.5018s
	iters: 300, epoch: 30 | loss: 0.1600596
	speed: 0.0802s/iter; left time: 66.1142s
	iters: 400, epoch: 30 | loss: 0.1760261
	speed: 0.0796s/iter; left time: 57.6060s
	iters: 500, epoch: 30 | loss: 0.1794753
	speed: 0.0801s/iter; left time: 49.9599s
	iters: 600, epoch: 30 | loss: 0.1669625
	speed: 0.0801s/iter; left time: 41.9821s
	iters: 700, epoch: 30 | loss: 0.1553229
	speed: 0.0783s/iter; left time: 33.2107s
	iters: 800, epoch: 30 | loss: 0.1873415
	speed: 0.0797s/iter; left time: 25.8360s
	iters: 900, epoch: 30 | loss: 0.1506986
	speed: 0.0780s/iter; left time: 17.4771s
	iters: 1000, epoch: 30 | loss: 0.1870245
	speed: 0.0779s/iter; left time: 9.6646s
	iters: 1100, epoch: 30 | loss: 0.1835256
	speed: 0.0792s/iter; left time: 1.9016s
Epoch: 30 cost time: 89.44899988174438
Epoch: 30, Steps: 1123 | Train Loss: 0.1694086 Vali Loss: 0.1516381 Test Loss: 0.1714015
EarlyStopping counter: 6 out of 100
Updating learning rate to 5.8149737003040096e-06
>>>>>>>testing : electricity_96_336_MLPAer_custom_ftM_sl96_ll48_pl336_dm2048_nh8_el2_dl1_df2048_fc1_ebtimeF_dtTrue_Exp_0<<<<<<<<<<<<<<<<<<<<<<<<<<<<<<<<<
test 4925
mse:0.1713387370109558, mae:0.2666822671890259, rse:0.4121180772781372
