Args in experiment:
Namespace(random_seed=2025, is_training=1, model_id='weather_96_96', model='MLPAer', data='custom', root_path='./dataset/', data_path='weather.csv', features='M', target='OT', freq='h', checkpoints='./checkpoints/', seq_len=96, label_len=48, pred_len=96, fc_dropout=0.05, head_dropout=0.5, patch_len=16, stride=8, padding_patch='end', revin=1, affine=0, subtract_last=0, decomposition=0, kernel_size=25, individual=0, embed_type=0, enc_in=21, dec_in=7, c_out=7, d_model=2048, n_heads=8, e_layers=2, d_layers=1, d_ff=2048, moving_avg=25, factor=1, distil=True, dropout=0.05, embed='timeF', activation='gelu', output_attention=False, do_predict=False, num_workers=10, itr=1, train_epochs=30, batch_size=32, patience=100, learning_rate=0.0001, des='Exp', loss='mse', lradj='type3', pct_start=0.3, use_amp=False, c_ff=36, t_ff=400, c_dropout=0.1, t_dropout=0.3, embed_dropout=0.1, head_type='prediction', usenorm=1, use_gpu=True, gpu=0, use_multi_gpu=False, devices='0,1,2,3', test_flop=False)
Use GPU: cuda:0
>>>>>>>start training : weather_96_96_MLPAer_custom_ftM_sl96_ll48_pl96_dm2048_nh8_el2_dl1_df2048_fc1_ebtimeF_dtTrue_Exp_0>>>>>>>>>>>>>>>>>>>>>>>>>>
train 36696
val 5175
test 10444
	iters: 100, epoch: 1 | loss: 0.6208858
	speed: 0.1290s/iter; left time: 4421.5824s
	iters: 200, epoch: 1 | loss: 0.6423130
	speed: 0.0795s/iter; left time: 2718.8417s
	iters: 300, epoch: 1 | loss: 0.3342907
	speed: 0.0809s/iter; left time: 2758.4848s
	iters: 400, epoch: 1 | loss: 0.7253974
	speed: 0.0806s/iter; left time: 2737.3074s
	iters: 500, epoch: 1 | loss: 0.5251545
	speed: 0.0785s/iter; left time: 2660.3855s
	iters: 600, epoch: 1 | loss: 0.5327260
	speed: 0.0754s/iter; left time: 2546.2722s
	iters: 700, epoch: 1 | loss: 0.3803729
	speed: 0.0767s/iter; left time: 2584.0024s
	iters: 800, epoch: 1 | loss: 0.7388865
	speed: 0.0771s/iter; left time: 2589.8449s
	iters: 900, epoch: 1 | loss: 0.2800530
	speed: 0.0763s/iter; left time: 2552.9282s
	iters: 1000, epoch: 1 | loss: 0.3994868
	speed: 0.0684s/iter; left time: 2282.2829s
	iters: 1100, epoch: 1 | loss: 0.3772906
	speed: 0.0800s/iter; left time: 2663.4498s
Epoch: 1 cost time: 89.46552538871765
Epoch: 1, Steps: 1146 | Train Loss: 0.5827999 Vali Loss: 0.4999857 Test Loss: 0.2016876
Validation loss decreased (inf --> 0.499986).  Saving model ...
Updating learning rate to 0.0001
	iters: 100, epoch: 2 | loss: 0.6870251
	speed: 1.4987s/iter; left time: 49660.1422s
	iters: 200, epoch: 2 | loss: 0.3296545
	speed: 0.1018s/iter; left time: 3361.6521s
	iters: 300, epoch: 2 | loss: 0.5738811
	speed: 0.1005s/iter; left time: 3311.4451s
	iters: 400, epoch: 2 | loss: 0.3731364
	speed: 0.1010s/iter; left time: 3317.6463s
	iters: 500, epoch: 2 | loss: 0.5206537
	speed: 0.1004s/iter; left time: 3286.9538s
	iters: 600, epoch: 2 | loss: 0.3803178
	speed: 0.1013s/iter; left time: 3306.3171s
	iters: 700, epoch: 2 | loss: 0.4195518
	speed: 0.1019s/iter; left time: 3314.9175s
	iters: 800, epoch: 2 | loss: 0.4504538
	speed: 0.1013s/iter; left time: 3286.1207s
	iters: 900, epoch: 2 | loss: 0.4304212
	speed: 0.0991s/iter; left time: 3205.6223s
	iters: 1000, epoch: 2 | loss: 0.3855388
	speed: 0.0986s/iter; left time: 3178.7439s
	iters: 1100, epoch: 2 | loss: 0.3514026
	speed: 0.0991s/iter; left time: 3184.9038s
Epoch: 2 cost time: 115.43949508666992
Epoch: 2, Steps: 1146 | Train Loss: 0.4928510 Vali Loss: 0.4216728 Test Loss: 0.1767157
Validation loss decreased (0.499986 --> 0.421673).  Saving model ...
Updating learning rate to 0.0001
	iters: 100, epoch: 3 | loss: 0.3671429
	speed: 1.5739s/iter; left time: 50346.0473s
	iters: 200, epoch: 3 | loss: 0.2218087
	speed: 0.0979s/iter; left time: 3123.2732s
	iters: 300, epoch: 3 | loss: 0.3978063
	speed: 0.0984s/iter; left time: 3129.2360s
	iters: 400, epoch: 3 | loss: 0.2661834
	speed: 0.1012s/iter; left time: 3207.7336s
	iters: 500, epoch: 3 | loss: 1.5514894
	speed: 0.1011s/iter; left time: 3193.1174s
	iters: 600, epoch: 3 | loss: 0.6493476
	speed: 0.0981s/iter; left time: 3089.6210s
	iters: 700, epoch: 3 | loss: 0.3442936
	speed: 0.0965s/iter; left time: 3029.2091s
	iters: 800, epoch: 3 | loss: 0.3284089
	speed: 0.0971s/iter; left time: 3037.2799s
	iters: 900, epoch: 3 | loss: 0.2783311
	speed: 0.0957s/iter; left time: 2984.0626s
	iters: 1000, epoch: 3 | loss: 0.3786906
	speed: 0.0992s/iter; left time: 3084.5408s
	iters: 1100, epoch: 3 | loss: 1.0068219
	speed: 0.0994s/iter; left time: 3080.0953s
Epoch: 3 cost time: 113.51338410377502
Epoch: 3, Steps: 1146 | Train Loss: 0.4394012 Vali Loss: 0.4074595 Test Loss: 0.1659260
Validation loss decreased (0.421673 --> 0.407459).  Saving model ...
Updating learning rate to 0.0001
	iters: 100, epoch: 4 | loss: 0.2042261
	speed: 1.7621s/iter; left time: 54349.5239s
	iters: 200, epoch: 4 | loss: 0.3564729
	speed: 0.1063s/iter; left time: 3266.8836s
	iters: 300, epoch: 4 | loss: 0.3737247
	speed: 0.1124s/iter; left time: 3445.1055s
	iters: 400, epoch: 4 | loss: 0.4021651
	speed: 0.1140s/iter; left time: 3482.7059s
	iters: 500, epoch: 4 | loss: 0.2578722
	speed: 0.1167s/iter; left time: 3551.8122s
	iters: 600, epoch: 4 | loss: 0.3676478
	speed: 0.1155s/iter; left time: 3504.3673s
	iters: 700, epoch: 4 | loss: 0.3719930
	speed: 0.1172s/iter; left time: 3543.7227s
	iters: 800, epoch: 4 | loss: 0.1978775
	speed: 0.1164s/iter; left time: 3507.6138s
	iters: 900, epoch: 4 | loss: 0.3421148
	speed: 0.1181s/iter; left time: 3547.8055s
	iters: 1000, epoch: 4 | loss: 0.2562724
	speed: 0.1183s/iter; left time: 3540.9611s
	iters: 1100, epoch: 4 | loss: 0.3478386
	speed: 0.1187s/iter; left time: 3543.7106s
Epoch: 4 cost time: 132.35296940803528
Epoch: 4, Steps: 1146 | Train Loss: 0.4229869 Vali Loss: 0.3960393 Test Loss: 0.1610442
Validation loss decreased (0.407459 --> 0.396039).  Saving model ...
Updating learning rate to 9e-05
	iters: 100, epoch: 5 | loss: 0.5634473
	speed: 2.0243s/iter; left time: 60116.8995s
	iters: 200, epoch: 5 | loss: 0.2579713
	speed: 0.1098s/iter; left time: 3251.1757s
	iters: 300, epoch: 5 | loss: 1.3794034
	speed: 0.1082s/iter; left time: 3190.7248s
	iters: 400, epoch: 5 | loss: 0.3587004
	speed: 0.1109s/iter; left time: 3259.0525s
	iters: 500, epoch: 5 | loss: 0.4011911
	speed: 0.1132s/iter; left time: 3317.8521s
	iters: 600, epoch: 5 | loss: 0.5818805
	speed: 0.1102s/iter; left time: 3218.4798s
	iters: 700, epoch: 5 | loss: 0.3180189
	speed: 0.1137s/iter; left time: 3309.5997s
	iters: 800, epoch: 5 | loss: 0.4067765
	speed: 0.1186s/iter; left time: 3440.1467s
	iters: 900, epoch: 5 | loss: 0.2751638
	speed: 0.1191s/iter; left time: 3441.4657s
	iters: 1000, epoch: 5 | loss: 0.3458326
	speed: 0.1194s/iter; left time: 3436.9333s
	iters: 1100, epoch: 5 | loss: 0.2980053
	speed: 0.1196s/iter; left time: 3430.9908s
Epoch: 5 cost time: 131.23906993865967
Epoch: 5, Steps: 1146 | Train Loss: 0.4142278 Vali Loss: 0.3968672 Test Loss: 0.1602612
EarlyStopping counter: 1 out of 100
Updating learning rate to 8.1e-05
	iters: 100, epoch: 6 | loss: 0.4484975
	speed: 2.0576s/iter; left time: 58746.0256s
	iters: 200, epoch: 6 | loss: 0.3360785
	speed: 0.1148s/iter; left time: 3264.8369s
	iters: 300, epoch: 6 | loss: 0.3696752
	speed: 0.1177s/iter; left time: 3336.0020s
	iters: 400, epoch: 6 | loss: 0.2204388
	speed: 0.1158s/iter; left time: 3270.1225s
	iters: 500, epoch: 6 | loss: 0.2980445
	speed: 0.1157s/iter; left time: 3255.8794s
	iters: 600, epoch: 6 | loss: 0.3934643
	speed: 0.1175s/iter; left time: 3294.6600s
	iters: 700, epoch: 6 | loss: 0.3057390
	speed: 0.1172s/iter; left time: 3274.6915s
	iters: 800, epoch: 6 | loss: 0.3498276
	speed: 0.1181s/iter; left time: 3290.3051s
	iters: 900, epoch: 6 | loss: 0.4388215
	speed: 0.1151s/iter; left time: 3193.2011s
	iters: 1000, epoch: 6 | loss: 0.3799999
	speed: 0.1139s/iter; left time: 3150.7850s
	iters: 1100, epoch: 6 | loss: 0.2772399
	speed: 0.1175s/iter; left time: 3236.5718s
Epoch: 6 cost time: 134.23287963867188
Epoch: 6, Steps: 1146 | Train Loss: 0.4082897 Vali Loss: 0.3932316 Test Loss: 0.1585423
Validation loss decreased (0.396039 --> 0.393232).  Saving model ...
Updating learning rate to 7.290000000000001e-05
	iters: 100, epoch: 7 | loss: 1.2222830
	speed: 2.0771s/iter; left time: 56921.9214s
	iters: 200, epoch: 7 | loss: 0.3320569
	speed: 0.1198s/iter; left time: 3270.6548s
	iters: 300, epoch: 7 | loss: 0.4103422
	speed: 0.1173s/iter; left time: 3190.1978s
	iters: 400, epoch: 7 | loss: 0.4307218
	speed: 0.1180s/iter; left time: 3198.3219s
	iters: 500, epoch: 7 | loss: 1.2807044
	speed: 0.1164s/iter; left time: 3143.8043s
	iters: 600, epoch: 7 | loss: 1.3634533
	speed: 0.1156s/iter; left time: 3109.2603s
	iters: 700, epoch: 7 | loss: 0.3668462
	speed: 0.1170s/iter; left time: 3135.6020s
	iters: 800, epoch: 7 | loss: 0.2895929
	speed: 0.1097s/iter; left time: 2930.7971s
	iters: 900, epoch: 7 | loss: 0.3761657
	speed: 0.1105s/iter; left time: 2939.7570s
	iters: 1000, epoch: 7 | loss: 0.2552972
	speed: 0.1095s/iter; left time: 2902.5519s
	iters: 1100, epoch: 7 | loss: 0.3042345
	speed: 0.1106s/iter; left time: 2920.4889s
Epoch: 7 cost time: 131.96101427078247
Epoch: 7, Steps: 1146 | Train Loss: 0.4040801 Vali Loss: 0.3902078 Test Loss: 0.1562870
Validation loss decreased (0.393232 --> 0.390208).  Saving model ...
Updating learning rate to 6.561e-05
	iters: 100, epoch: 8 | loss: 0.2572642
	speed: 2.0528s/iter; left time: 53904.7718s
	iters: 200, epoch: 8 | loss: 0.2393010
	speed: 0.1191s/iter; left time: 3115.1777s
	iters: 300, epoch: 8 | loss: 0.3102156
	speed: 0.1166s/iter; left time: 3037.5534s
	iters: 400, epoch: 8 | loss: 0.4743605
	speed: 0.1172s/iter; left time: 3042.7643s
	iters: 500, epoch: 8 | loss: 0.2738106
	speed: 0.1143s/iter; left time: 2956.5987s
	iters: 600, epoch: 8 | loss: 0.3364121
	speed: 0.1140s/iter; left time: 2937.7654s
	iters: 700, epoch: 8 | loss: 0.2428880
	speed: 0.1167s/iter; left time: 2993.7522s
	iters: 800, epoch: 8 | loss: 0.2526463
	speed: 0.1158s/iter; left time: 2959.0555s
	iters: 900, epoch: 8 | loss: 0.5758101
	speed: 0.1085s/iter; left time: 2762.9913s
	iters: 1000, epoch: 8 | loss: 1.2948859
	speed: 0.1098s/iter; left time: 2785.1377s
	iters: 1100, epoch: 8 | loss: 0.2490930
	speed: 0.1107s/iter; left time: 2795.7227s
Epoch: 8 cost time: 131.89671993255615
Epoch: 8, Steps: 1146 | Train Loss: 0.4010175 Vali Loss: 0.3896696 Test Loss: 0.1553140
Validation loss decreased (0.390208 --> 0.389670).  Saving model ...
Updating learning rate to 5.904900000000001e-05
	iters: 100, epoch: 9 | loss: 0.2387337
	speed: 2.0353s/iter; left time: 51112.9709s
	iters: 200, epoch: 9 | loss: 0.2337342
	speed: 0.1185s/iter; left time: 2964.1274s
	iters: 300, epoch: 9 | loss: 0.3712660
	speed: 0.1181s/iter; left time: 2942.4160s
	iters: 400, epoch: 9 | loss: 0.2110380
	speed: 0.1176s/iter; left time: 2917.2637s
	iters: 500, epoch: 9 | loss: 0.2816474
	speed: 0.1169s/iter; left time: 2889.9900s
	iters: 600, epoch: 9 | loss: 0.2757232
	speed: 0.1183s/iter; left time: 2911.5703s
	iters: 700, epoch: 9 | loss: 0.4456778
	speed: 0.1184s/iter; left time: 2902.6112s
	iters: 800, epoch: 9 | loss: 0.2628012
	speed: 0.1187s/iter; left time: 2899.0186s
	iters: 900, epoch: 9 | loss: 0.3621636
	speed: 0.1179s/iter; left time: 2865.6208s
	iters: 1000, epoch: 9 | loss: 0.3067639
	speed: 0.1168s/iter; left time: 2827.7402s
	iters: 1100, epoch: 9 | loss: 0.3840265
	speed: 0.1175s/iter; left time: 2833.6722s
Epoch: 9 cost time: 135.39617371559143
Epoch: 9, Steps: 1146 | Train Loss: 0.3978826 Vali Loss: 0.3867902 Test Loss: 0.1540337
Validation loss decreased (0.389670 --> 0.386790).  Saving model ...
Updating learning rate to 5.3144100000000005e-05
	iters: 100, epoch: 10 | loss: 0.2189283
	speed: 2.0072s/iter; left time: 48106.3245s
	iters: 200, epoch: 10 | loss: 0.3926077
	speed: 0.1190s/iter; left time: 2841.3069s
	iters: 300, epoch: 10 | loss: 0.2319435
	speed: 0.1202s/iter; left time: 2856.4263s
	iters: 400, epoch: 10 | loss: 0.2595575
	speed: 0.1215s/iter; left time: 2874.7269s
	iters: 500, epoch: 10 | loss: 1.2599684
	speed: 0.1198s/iter; left time: 2823.2854s
	iters: 600, epoch: 10 | loss: 0.5169784
	speed: 0.1209s/iter; left time: 2837.8934s
	iters: 700, epoch: 10 | loss: 0.4707623
	speed: 0.1205s/iter; left time: 2815.8194s
	iters: 800, epoch: 10 | loss: 0.2161582
	speed: 0.1213s/iter; left time: 2821.5977s
	iters: 900, epoch: 10 | loss: 0.4295131
	speed: 0.1209s/iter; left time: 2800.5599s
	iters: 1000, epoch: 10 | loss: 1.2884403
	speed: 0.1213s/iter; left time: 2797.8624s
	iters: 1100, epoch: 10 | loss: 0.3481360
	speed: 0.1209s/iter; left time: 2776.4649s
Epoch: 10 cost time: 138.41398334503174
Epoch: 10, Steps: 1146 | Train Loss: 0.3968233 Vali Loss: 0.3881653 Test Loss: 0.1545011
EarlyStopping counter: 1 out of 100
Updating learning rate to 4.782969000000001e-05
	iters: 100, epoch: 11 | loss: 0.3365157
	speed: 1.9358s/iter; left time: 44177.6631s
	iters: 200, epoch: 11 | loss: 0.2701924
	speed: 0.1204s/iter; left time: 2735.5172s
	iters: 300, epoch: 11 | loss: 0.2744711
	speed: 0.1218s/iter; left time: 2756.0418s
	iters: 400, epoch: 11 | loss: 0.3283435
	speed: 0.1206s/iter; left time: 2716.6552s
	iters: 500, epoch: 11 | loss: 0.3016901
	speed: 0.1212s/iter; left time: 2718.0754s
	iters: 600, epoch: 11 | loss: 0.5794635
	speed: 0.1192s/iter; left time: 2661.6773s
	iters: 700, epoch: 11 | loss: 0.3504519
	speed: 0.1198s/iter; left time: 2662.3419s
	iters: 800, epoch: 11 | loss: 0.3958409
	speed: 0.1218s/iter; left time: 2694.2700s
	iters: 900, epoch: 11 | loss: 0.5422326
	speed: 0.1184s/iter; left time: 2606.8324s
	iters: 1000, epoch: 11 | loss: 0.4119852
	speed: 0.1198s/iter; left time: 2625.9183s
	iters: 1100, epoch: 11 | loss: 0.3013730
	speed: 0.1126s/iter; left time: 2455.9714s
Epoch: 11 cost time: 137.55065870285034
Epoch: 11, Steps: 1146 | Train Loss: 0.3956753 Vali Loss: 0.3885235 Test Loss: 0.1529135
EarlyStopping counter: 2 out of 100
Updating learning rate to 4.304672100000001e-05
	iters: 100, epoch: 12 | loss: 0.3833466
	speed: 2.0263s/iter; left time: 43920.4251s
	iters: 200, epoch: 12 | loss: 0.6519634
	speed: 0.1158s/iter; left time: 2497.7676s
	iters: 300, epoch: 12 | loss: 0.2166796
	speed: 0.1181s/iter; left time: 2536.2936s
	iters: 400, epoch: 12 | loss: 0.8848710
	speed: 0.1181s/iter; left time: 2524.9086s
	iters: 500, epoch: 12 | loss: 0.2880822
	speed: 0.1162s/iter; left time: 2472.9341s
	iters: 600, epoch: 12 | loss: 0.3142588
	speed: 0.1162s/iter; left time: 2461.2051s
	iters: 700, epoch: 12 | loss: 0.2797968
	speed: 0.1180s/iter; left time: 2485.9717s
	iters: 800, epoch: 12 | loss: 0.2673592
	speed: 0.1118s/iter; left time: 2344.6027s
	iters: 900, epoch: 12 | loss: 0.4941617
	speed: 0.1175s/iter; left time: 2452.1732s
	iters: 1000, epoch: 12 | loss: 1.1810328
	speed: 0.1164s/iter; left time: 2418.6448s
	iters: 1100, epoch: 12 | loss: 0.8950916
	speed: 0.1169s/iter; left time: 2417.8746s
Epoch: 12 cost time: 134.16226840019226
Epoch: 12, Steps: 1146 | Train Loss: 0.3944557 Vali Loss: 0.3859319 Test Loss: 0.1534295
Validation loss decreased (0.386790 --> 0.385932).  Saving model ...
Updating learning rate to 3.874204890000001e-05
	iters: 100, epoch: 13 | loss: 1.3990736
	speed: 2.0627s/iter; left time: 42345.1256s
	iters: 200, epoch: 13 | loss: 0.6553262
	speed: 0.1094s/iter; left time: 2234.6438s
	iters: 300, epoch: 13 | loss: 0.2914360
	speed: 0.1088s/iter; left time: 2211.8525s
	iters: 400, epoch: 13 | loss: 0.3825398
	speed: 0.1095s/iter; left time: 2214.1564s
	iters: 500, epoch: 13 | loss: 0.2987000
	speed: 0.1089s/iter; left time: 2191.0864s
	iters: 600, epoch: 13 | loss: 0.2364433
	speed: 0.1107s/iter; left time: 2217.2387s
	iters: 700, epoch: 13 | loss: 0.2645097
	speed: 0.1121s/iter; left time: 2233.3158s
	iters: 800, epoch: 13 | loss: 0.2329043
	speed: 0.1109s/iter; left time: 2199.7790s
	iters: 900, epoch: 13 | loss: 0.3759834
	speed: 0.1123s/iter; left time: 2215.9258s
	iters: 1000, epoch: 13 | loss: 0.4567376
	speed: 0.1154s/iter; left time: 2264.4912s
	iters: 1100, epoch: 13 | loss: 0.2537338
	speed: 0.1170s/iter; left time: 2285.0303s
Epoch: 13 cost time: 128.93911504745483
Epoch: 13, Steps: 1146 | Train Loss: 0.3931110 Vali Loss: 0.3848263 Test Loss: 0.1539645
Validation loss decreased (0.385932 --> 0.384826).  Saving model ...
Updating learning rate to 3.486784401000001e-05
	iters: 100, epoch: 14 | loss: 0.2576311
	speed: 2.0809s/iter; left time: 40334.6226s
	iters: 200, epoch: 14 | loss: 0.4790434
	speed: 0.1099s/iter; left time: 2119.0866s
	iters: 300, epoch: 14 | loss: 0.3653548
	speed: 0.1088s/iter; left time: 2086.5494s
	iters: 400, epoch: 14 | loss: 0.2636349
	speed: 0.1088s/iter; left time: 2076.2890s
	iters: 500, epoch: 14 | loss: 0.2326827
	speed: 0.1063s/iter; left time: 2017.5586s
	iters: 600, epoch: 14 | loss: 0.2598368
	speed: 0.1129s/iter; left time: 2132.4053s
	iters: 700, epoch: 14 | loss: 0.2556002
	speed: 0.1135s/iter; left time: 2131.1282s
	iters: 800, epoch: 14 | loss: 0.3042269
	speed: 0.1148s/iter; left time: 2145.6588s
	iters: 900, epoch: 14 | loss: 0.4282320
	speed: 0.1132s/iter; left time: 2103.9300s
	iters: 1000, epoch: 14 | loss: 1.2528406
	speed: 0.1159s/iter; left time: 2142.1227s
	iters: 1100, epoch: 14 | loss: 0.2874348
	speed: 0.1186s/iter; left time: 2179.7070s
Epoch: 14 cost time: 129.34299421310425
Epoch: 14, Steps: 1146 | Train Loss: 0.3919303 Vali Loss: 0.3865361 Test Loss: 0.1529560
EarlyStopping counter: 1 out of 100
Updating learning rate to 3.138105960900001e-05
	iters: 100, epoch: 15 | loss: 0.2384240
	speed: 2.0835s/iter; left time: 37996.5130s
	iters: 200, epoch: 15 | loss: 1.2416853
	speed: 0.1175s/iter; left time: 2131.7576s
	iters: 300, epoch: 15 | loss: 0.3351116
	speed: 0.1148s/iter; left time: 2071.1572s
	iters: 400, epoch: 15 | loss: 0.2756000
	speed: 0.1177s/iter; left time: 2110.6433s
	iters: 500, epoch: 15 | loss: 1.2084110
	speed: 0.1160s/iter; left time: 2068.2070s
	iters: 600, epoch: 15 | loss: 0.1982543
	speed: 0.1142s/iter; left time: 2025.8229s
	iters: 700, epoch: 15 | loss: 0.3635025
	speed: 0.1146s/iter; left time: 2021.4024s
	iters: 800, epoch: 15 | loss: 0.2341584
	speed: 0.1124s/iter; left time: 1970.3291s
	iters: 900, epoch: 15 | loss: 0.2687145
	speed: 0.1147s/iter; left time: 1999.4600s
	iters: 1000, epoch: 15 | loss: 1.1733903
	speed: 0.1147s/iter; left time: 1988.5206s
	iters: 1100, epoch: 15 | loss: 0.2612460
	speed: 0.1153s/iter; left time: 1987.1902s
Epoch: 15 cost time: 132.9213147163391
Epoch: 15, Steps: 1146 | Train Loss: 0.3909667 Vali Loss: 0.3863562 Test Loss: 0.1531114
EarlyStopping counter: 2 out of 100
Updating learning rate to 2.824295364810001e-05
	iters: 100, epoch: 16 | loss: 0.3596368
	speed: 2.0468s/iter; left time: 34981.4018s
	iters: 200, epoch: 16 | loss: 0.3022588
	speed: 0.1203s/iter; left time: 2043.5605s
	iters: 300, epoch: 16 | loss: 0.2048549
	speed: 0.1193s/iter; left time: 2014.3434s
	iters: 400, epoch: 16 | loss: 0.2665392
	speed: 0.1165s/iter; left time: 1956.6552s
	iters: 500, epoch: 16 | loss: 0.2960151
	speed: 0.1159s/iter; left time: 1934.8478s
	iters: 600, epoch: 16 | loss: 0.2334644
	speed: 0.1154s/iter; left time: 1914.3793s
	iters: 700, epoch: 16 | loss: 0.2831731
	speed: 0.1149s/iter; left time: 1894.3702s
	iters: 800, epoch: 16 | loss: 0.2723888
	speed: 0.1170s/iter; left time: 1918.0117s
	iters: 900, epoch: 16 | loss: 0.2173933
	speed: 0.1126s/iter; left time: 1833.5772s
	iters: 1000, epoch: 16 | loss: 0.4107951
	speed: 0.1106s/iter; left time: 1791.4993s
	iters: 1100, epoch: 16 | loss: 0.2535262
	speed: 0.1091s/iter; left time: 1755.2349s
Epoch: 16 cost time: 132.769362449646
Epoch: 16, Steps: 1146 | Train Loss: 0.3901704 Vali Loss: 0.3854376 Test Loss: 0.1528313
EarlyStopping counter: 3 out of 100
Updating learning rate to 2.541865828329001e-05
	iters: 100, epoch: 17 | loss: 0.2587088
	speed: 2.0285s/iter; left time: 32344.9826s
	iters: 200, epoch: 17 | loss: 0.4338399
	speed: 0.1162s/iter; left time: 1841.5598s
	iters: 300, epoch: 17 | loss: 0.4328199
	speed: 0.1155s/iter; left time: 1819.1397s
	iters: 400, epoch: 17 | loss: 0.2279179
	speed: 0.1158s/iter; left time: 1811.3828s
	iters: 500, epoch: 17 | loss: 0.2565978
	speed: 0.1184s/iter; left time: 1840.2647s
	iters: 600, epoch: 17 | loss: 0.3234038
	speed: 0.1197s/iter; left time: 1848.9029s
	iters: 700, epoch: 17 | loss: 0.2467233
	speed: 0.1209s/iter; left time: 1854.8455s
	iters: 800, epoch: 17 | loss: 0.2684740
	speed: 0.1116s/iter; left time: 1700.9529s
	iters: 900, epoch: 17 | loss: 0.2509036
	speed: 0.1154s/iter; left time: 1747.8720s
	iters: 1000, epoch: 17 | loss: 0.3185407
	speed: 0.1146s/iter; left time: 1724.7842s
	iters: 1100, epoch: 17 | loss: 0.2483771
	speed: 0.1156s/iter; left time: 1727.3108s
Epoch: 17 cost time: 134.60139966011047
Epoch: 17, Steps: 1146 | Train Loss: 0.3897005 Vali Loss: 0.3848279 Test Loss: 0.1514784
EarlyStopping counter: 4 out of 100
Updating learning rate to 2.287679245496101e-05
	iters: 100, epoch: 18 | loss: 0.3202678
	speed: 2.0304s/iter; left time: 30047.4714s
	iters: 200, epoch: 18 | loss: 1.2873647
	speed: 0.1166s/iter; left time: 1713.6973s
	iters: 300, epoch: 18 | loss: 0.2683956
	speed: 0.1175s/iter; left time: 1714.6788s
	iters: 400, epoch: 18 | loss: 0.2526928
	speed: 0.1166s/iter; left time: 1691.3024s
	iters: 500, epoch: 18 | loss: 0.4922015
	speed: 0.1161s/iter; left time: 1671.7212s
	iters: 600, epoch: 18 | loss: 0.2663963
	speed: 0.1178s/iter; left time: 1683.9573s
	iters: 700, epoch: 18 | loss: 0.3270732
	speed: 0.1208s/iter; left time: 1715.9269s
	iters: 800, epoch: 18 | loss: 0.6119496
	speed: 0.1221s/iter; left time: 1721.7598s
	iters: 900, epoch: 18 | loss: 0.2549757
	speed: 0.1202s/iter; left time: 1682.3715s
	iters: 1000, epoch: 18 | loss: 0.2637195
	speed: 0.1212s/iter; left time: 1684.3511s
	iters: 1100, epoch: 18 | loss: 0.2734780
	speed: 0.1174s/iter; left time: 1620.2495s
Epoch: 18 cost time: 136.3697726726532
Epoch: 18, Steps: 1146 | Train Loss: 0.3891553 Vali Loss: 0.3848782 Test Loss: 0.1521237
EarlyStopping counter: 5 out of 100
Updating learning rate to 2.0589113209464907e-05
	iters: 100, epoch: 19 | loss: 0.2211762
	speed: 1.8588s/iter; left time: 25377.8735s
	iters: 200, epoch: 19 | loss: 0.3151862
	speed: 0.1124s/iter; left time: 1523.0419s
	iters: 300, epoch: 19 | loss: 0.5769337
	speed: 0.1167s/iter; left time: 1569.8219s
	iters: 400, epoch: 19 | loss: 0.6078557
	speed: 0.1181s/iter; left time: 1576.5826s
	iters: 500, epoch: 19 | loss: 0.2242184
	speed: 0.1186s/iter; left time: 1571.7154s
	iters: 600, epoch: 19 | loss: 1.1832248
	speed: 0.1171s/iter; left time: 1540.3959s
	iters: 700, epoch: 19 | loss: 0.3622123
	speed: 0.1205s/iter; left time: 1573.0470s
	iters: 800, epoch: 19 | loss: 0.2066586
	speed: 0.1137s/iter; left time: 1472.5456s
	iters: 900, epoch: 19 | loss: 0.3670872
	speed: 0.1175s/iter; left time: 1510.4170s
	iters: 1000, epoch: 19 | loss: 0.3602672
	speed: 0.1193s/iter; left time: 1521.7638s
	iters: 1100, epoch: 19 | loss: 0.3050186
	speed: 0.1162s/iter; left time: 1470.5857s
Epoch: 19 cost time: 132.38385152816772
Epoch: 19, Steps: 1146 | Train Loss: 0.3889912 Vali Loss: 0.3851736 Test Loss: 0.1517356
EarlyStopping counter: 6 out of 100
Updating learning rate to 1.8530201888518416e-05
	iters: 100, epoch: 20 | loss: 0.2829783
	speed: 1.9960s/iter; left time: 24964.4300s
	iters: 200, epoch: 20 | loss: 0.2773702
	speed: 0.1164s/iter; left time: 1444.2291s
	iters: 300, epoch: 20 | loss: 0.3353471
	speed: 0.1151s/iter; left time: 1416.4770s
	iters: 400, epoch: 20 | loss: 0.2510168
	speed: 0.1156s/iter; left time: 1411.5820s
	iters: 500, epoch: 20 | loss: 0.4011845
	speed: 0.1134s/iter; left time: 1373.1564s
	iters: 600, epoch: 20 | loss: 0.4027413
	speed: 0.1146s/iter; left time: 1376.5746s
	iters: 700, epoch: 20 | loss: 0.4036716
	speed: 0.1181s/iter; left time: 1405.6871s
	iters: 800, epoch: 20 | loss: 0.1972797
	speed: 0.1212s/iter; left time: 1430.6835s
	iters: 900, epoch: 20 | loss: 0.2785793
	speed: 0.1221s/iter; left time: 1429.0140s
	iters: 1000, epoch: 20 | loss: 0.3099512
	speed: 0.1200s/iter; left time: 1392.4136s
	iters: 1100, epoch: 20 | loss: 0.2576591
	speed: 0.1224s/iter; left time: 1408.9011s
Epoch: 20 cost time: 135.19642186164856
Epoch: 20, Steps: 1146 | Train Loss: 0.3881975 Vali Loss: 0.3841441 Test Loss: 0.1519583
Validation loss decreased (0.384826 --> 0.384144).  Saving model ...
Updating learning rate to 1.6677181699666577e-05
	iters: 100, epoch: 21 | loss: 0.2385931
	speed: 1.9853s/iter; left time: 22554.5518s
	iters: 200, epoch: 21 | loss: 0.2250805
	speed: 0.1090s/iter; left time: 1227.6102s
	iters: 300, epoch: 21 | loss: 0.3119755
	speed: 0.1148s/iter; left time: 1281.5812s
	iters: 400, epoch: 21 | loss: 0.2120855
	speed: 0.1170s/iter; left time: 1293.7490s
	iters: 500, epoch: 21 | loss: 0.3312243
	speed: 0.1178s/iter; left time: 1291.2832s
	iters: 600, epoch: 21 | loss: 0.2733003
	speed: 0.1175s/iter; left time: 1276.3444s
	iters: 700, epoch: 21 | loss: 0.3099581
	speed: 0.1172s/iter; left time: 1260.7754s
	iters: 800, epoch: 21 | loss: 0.2453244
	speed: 0.1170s/iter; left time: 1247.2421s
	iters: 900, epoch: 21 | loss: 0.2837601
	speed: 0.1192s/iter; left time: 1259.0169s
	iters: 1000, epoch: 21 | loss: 0.3184674
	speed: 0.1195s/iter; left time: 1249.7079s
	iters: 1100, epoch: 21 | loss: 0.2623550
	speed: 0.1222s/iter; left time: 1266.1329s
Epoch: 21 cost time: 134.34506607055664
Epoch: 21, Steps: 1146 | Train Loss: 0.3878190 Vali Loss: 0.3835449 Test Loss: 0.1517185
Validation loss decreased (0.384144 --> 0.383545).  Saving model ...
Updating learning rate to 1.5009463529699919e-05
	iters: 100, epoch: 22 | loss: 0.3057623
	speed: 2.0460s/iter; left time: 20899.9579s
	iters: 200, epoch: 22 | loss: 0.2588525
	speed: 0.1167s/iter; left time: 1179.9251s
	iters: 300, epoch: 22 | loss: 0.5288393
	speed: 0.1161s/iter; left time: 1163.2338s
	iters: 400, epoch: 22 | loss: 0.3037447
	speed: 0.1171s/iter; left time: 1161.5064s
	iters: 500, epoch: 22 | loss: 0.4926039
	speed: 0.1154s/iter; left time: 1132.4488s
	iters: 600, epoch: 22 | loss: 0.3260995
	speed: 0.1184s/iter; left time: 1149.9283s
	iters: 700, epoch: 22 | loss: 0.2834094
	speed: 0.1171s/iter; left time: 1126.2111s
	iters: 800, epoch: 22 | loss: 0.3454493
	speed: 0.1166s/iter; left time: 1109.8782s
	iters: 900, epoch: 22 | loss: 0.2679096
	speed: 0.1167s/iter; left time: 1098.9201s
	iters: 1000, epoch: 22 | loss: 0.2979274
	speed: 0.1167s/iter; left time: 1086.8198s
	iters: 1100, epoch: 22 | loss: 0.2769676
	speed: 0.1177s/iter; left time: 1084.6281s
Epoch: 22 cost time: 134.1582226753235
Epoch: 22, Steps: 1146 | Train Loss: 0.3874887 Vali Loss: 0.3855299 Test Loss: 0.1510221
EarlyStopping counter: 1 out of 100
Updating learning rate to 1.3508517176729929e-05
	iters: 100, epoch: 23 | loss: 0.1991557
	speed: 2.0619s/iter; left time: 18699.3177s
	iters: 200, epoch: 23 | loss: 0.2286446
	speed: 0.1170s/iter; left time: 1049.6874s
	iters: 300, epoch: 23 | loss: 0.3262351
	speed: 0.1172s/iter; left time: 1039.4284s
	iters: 400, epoch: 23 | loss: 1.2326803
	speed: 0.1111s/iter; left time: 973.8141s
	iters: 500, epoch: 23 | loss: 0.2942937
	speed: 0.1079s/iter; left time: 935.7518s
	iters: 600, epoch: 23 | loss: 0.3564875
	speed: 0.1118s/iter; left time: 957.9669s
	iters: 700, epoch: 23 | loss: 0.2571940
	speed: 0.1131s/iter; left time: 957.8160s
	iters: 800, epoch: 23 | loss: 0.3735630
	speed: 0.1105s/iter; left time: 924.4605s
	iters: 900, epoch: 23 | loss: 0.4146715
	speed: 0.1120s/iter; left time: 925.9382s
	iters: 1000, epoch: 23 | loss: 0.3849245
	speed: 0.1108s/iter; left time: 905.4903s
	iters: 1100, epoch: 23 | loss: 0.2590831
	speed: 0.1111s/iter; left time: 896.7260s
Epoch: 23 cost time: 129.6587221622467
Epoch: 23, Steps: 1146 | Train Loss: 0.3871808 Vali Loss: 0.3828452 Test Loss: 0.1519797
Validation loss decreased (0.383545 --> 0.382845).  Saving model ...
Updating learning rate to 1.2157665459056936e-05
	iters: 100, epoch: 24 | loss: 0.2544951
	speed: 2.0833s/iter; left time: 16506.0152s
	iters: 200, epoch: 24 | loss: 1.2881020
	speed: 0.1149s/iter; left time: 898.7389s
	iters: 300, epoch: 24 | loss: 0.2294665
	speed: 0.1145s/iter; left time: 883.9825s
	iters: 400, epoch: 24 | loss: 0.2392255
	speed: 0.1129s/iter; left time: 860.4472s
	iters: 500, epoch: 24 | loss: 0.4725390
	speed: 0.1147s/iter; left time: 862.7601s
	iters: 600, epoch: 24 | loss: 0.1827092
	speed: 0.1164s/iter; left time: 863.9214s
	iters: 700, epoch: 24 | loss: 0.4576552
	speed: 0.1157s/iter; left time: 846.9880s
	iters: 800, epoch: 24 | loss: 0.4240885
	speed: 0.1088s/iter; left time: 785.9084s
	iters: 900, epoch: 24 | loss: 0.3018559
	speed: 0.1090s/iter; left time: 776.6631s
	iters: 1000, epoch: 24 | loss: 0.2705669
	speed: 0.1152s/iter; left time: 809.3020s
	iters: 1100, epoch: 24 | loss: 0.2193935
	speed: 0.1151s/iter; left time: 796.4942s
Epoch: 24 cost time: 131.4365472793579
Epoch: 24, Steps: 1146 | Train Loss: 0.3862451 Vali Loss: 0.3821169 Test Loss: 0.1511458
Validation loss decreased (0.382845 --> 0.382117).  Saving model ...
Updating learning rate to 1.0941898913151242e-05
	iters: 100, epoch: 25 | loss: 0.4120728
	speed: 2.0572s/iter; left time: 13941.7612s
	iters: 200, epoch: 25 | loss: 0.3067784
	speed: 0.1182s/iter; left time: 789.0158s
	iters: 300, epoch: 25 | loss: 0.2216497
	speed: 0.1180s/iter; left time: 775.9346s
	iters: 400, epoch: 25 | loss: 0.2452940
	speed: 0.1185s/iter; left time: 767.6460s
	iters: 500, epoch: 25 | loss: 0.3067791
	speed: 0.1214s/iter; left time: 774.4214s
	iters: 600, epoch: 25 | loss: 0.2728539
	speed: 0.1176s/iter; left time: 738.3728s
	iters: 700, epoch: 25 | loss: 0.2006485
	speed: 0.1168s/iter; left time: 721.6835s
	iters: 800, epoch: 25 | loss: 0.3036473
	speed: 0.1164s/iter; left time: 707.2021s
	iters: 900, epoch: 25 | loss: 0.4007123
	speed: 0.1183s/iter; left time: 706.8881s
	iters: 1000, epoch: 25 | loss: 0.3310356
	speed: 0.1150s/iter; left time: 676.0605s
	iters: 1100, epoch: 25 | loss: 0.2422808
	speed: 0.1147s/iter; left time: 662.5620s
Epoch: 25 cost time: 135.37882566452026
Epoch: 25, Steps: 1146 | Train Loss: 0.3866965 Vali Loss: 0.3845733 Test Loss: 0.1509627
EarlyStopping counter: 1 out of 100
Updating learning rate to 9.847709021836118e-06
	iters: 100, epoch: 26 | loss: 0.2634746
	speed: 1.9935s/iter; left time: 11225.4504s
	iters: 200, epoch: 26 | loss: 0.2394295
	speed: 0.1208s/iter; left time: 668.1101s
	iters: 300, epoch: 26 | loss: 0.2810701
	speed: 0.1177s/iter; left time: 639.1996s
	iters: 400, epoch: 26 | loss: 0.2580917
	speed: 0.1199s/iter; left time: 639.0189s
	iters: 500, epoch: 26 | loss: 0.2893373
	speed: 0.1192s/iter; left time: 623.4664s
	iters: 600, epoch: 26 | loss: 0.2776902
	speed: 0.1201s/iter; left time: 616.1039s
	iters: 700, epoch: 26 | loss: 0.2457393
	speed: 0.1201s/iter; left time: 604.3560s
	iters: 800, epoch: 26 | loss: 0.3101804
	speed: 0.1199s/iter; left time: 591.0561s
	iters: 900, epoch: 26 | loss: 0.2708622
	speed: 0.1192s/iter; left time: 575.8313s
	iters: 1000, epoch: 26 | loss: 0.3269443
	speed: 0.1165s/iter; left time: 550.9719s
	iters: 1100, epoch: 26 | loss: 0.4114043
	speed: 0.1115s/iter; left time: 516.3952s
Epoch: 26 cost time: 136.275630235672
Epoch: 26, Steps: 1146 | Train Loss: 0.3862196 Vali Loss: 0.3841145 Test Loss: 0.1514066
EarlyStopping counter: 2 out of 100
Updating learning rate to 8.862938119652508e-06
	iters: 100, epoch: 27 | loss: 0.2147473
	speed: 1.9728s/iter; left time: 8848.0034s
	iters: 200, epoch: 27 | loss: 0.3503585
	speed: 0.1215s/iter; left time: 532.6996s
	iters: 300, epoch: 27 | loss: 0.2940022
	speed: 0.1234s/iter; left time: 528.9522s
	iters: 400, epoch: 27 | loss: 0.2015581
	speed: 0.1202s/iter; left time: 502.8498s
	iters: 500, epoch: 27 | loss: 1.2121311
	speed: 0.1192s/iter; left time: 487.0675s
	iters: 600, epoch: 27 | loss: 0.2405814
	speed: 0.1211s/iter; left time: 482.5103s
	iters: 700, epoch: 27 | loss: 1.1597941
	speed: 0.1160s/iter; left time: 450.8064s
	iters: 800, epoch: 27 | loss: 1.2310119
	speed: 0.1170s/iter; left time: 442.7459s
	iters: 900, epoch: 27 | loss: 0.2687215
	speed: 0.1169s/iter; left time: 430.7218s
	iters: 1000, epoch: 27 | loss: 0.2925550
	speed: 0.1153s/iter; left time: 413.1947s
	iters: 1100, epoch: 27 | loss: 0.4670256
	speed: 0.1162s/iter; left time: 404.9132s
Epoch: 27 cost time: 136.35775232315063
Epoch: 27, Steps: 1146 | Train Loss: 0.3864697 Vali Loss: 0.3837377 Test Loss: 0.1515579
EarlyStopping counter: 3 out of 100
Updating learning rate to 7.976644307687255e-06
	iters: 100, epoch: 28 | loss: 0.4358988
	speed: 2.0283s/iter; left time: 6772.6513s
	iters: 200, epoch: 28 | loss: 0.2628905
	speed: 0.1166s/iter; left time: 377.7161s
	iters: 300, epoch: 28 | loss: 0.3375769
	speed: 0.1159s/iter; left time: 363.7390s
	iters: 400, epoch: 28 | loss: 0.2687800
	speed: 0.1161s/iter; left time: 352.8390s
	iters: 500, epoch: 28 | loss: 0.2757263
	speed: 0.1171s/iter; left time: 344.2767s
	iters: 600, epoch: 28 | loss: 0.2508442
	speed: 0.1145s/iter; left time: 325.0882s
	iters: 700, epoch: 28 | loss: 0.3463080
	speed: 0.1170s/iter; left time: 320.4833s
	iters: 800, epoch: 28 | loss: 0.5346921
	speed: 0.1167s/iter; left time: 307.8921s
	iters: 900, epoch: 28 | loss: 0.4127755
	speed: 0.1169s/iter; left time: 296.8635s
	iters: 1000, epoch: 28 | loss: 0.3118149
	speed: 0.1183s/iter; left time: 288.4517s
	iters: 1100, epoch: 28 | loss: 0.1889445
	speed: 0.1165s/iter; left time: 272.5332s
Epoch: 28 cost time: 134.41138982772827
Epoch: 28, Steps: 1146 | Train Loss: 0.3858274 Vali Loss: 0.3842293 Test Loss: 0.1511617
EarlyStopping counter: 4 out of 100
Updating learning rate to 7.178979876918531e-06
	iters: 100, epoch: 29 | loss: 0.2441766
	speed: 2.0171s/iter; left time: 4423.4174s
	iters: 200, epoch: 29 | loss: 0.3389707
	speed: 0.1116s/iter; left time: 233.6194s
	iters: 300, epoch: 29 | loss: 0.2197028
	speed: 0.1107s/iter; left time: 220.6478s
	iters: 400, epoch: 29 | loss: 0.4061981
	speed: 0.1146s/iter; left time: 216.9187s
	iters: 500, epoch: 29 | loss: 0.2973060
	speed: 0.1155s/iter; left time: 207.1802s
	iters: 600, epoch: 29 | loss: 0.3428347
	speed: 0.1124s/iter; left time: 190.3747s
	iters: 700, epoch: 29 | loss: 0.2708953
	speed: 0.1150s/iter; left time: 183.2254s
	iters: 800, epoch: 29 | loss: 0.3965135
	speed: 0.1156s/iter; left time: 172.6279s
	iters: 900, epoch: 29 | loss: 0.4029837
	speed: 0.1187s/iter; left time: 165.2809s
	iters: 1000, epoch: 29 | loss: 0.2649067
	speed: 0.1220s/iter; left time: 157.7160s
	iters: 1100, epoch: 29 | loss: 0.3167600
	speed: 0.1186s/iter; left time: 141.5329s
Epoch: 29 cost time: 132.70702123641968
Epoch: 29, Steps: 1146 | Train Loss: 0.3857937 Vali Loss: 0.3842328 Test Loss: 0.1518441
EarlyStopping counter: 5 out of 100
Updating learning rate to 6.4610818892266776e-06
	iters: 100, epoch: 30 | loss: 0.3471058
	speed: 2.0433s/iter; left time: 2139.3558s
	iters: 200, epoch: 30 | loss: 0.3650346
	speed: 0.1126s/iter; left time: 106.6512s
	iters: 300, epoch: 30 | loss: 0.3112768
	speed: 0.1160s/iter; left time: 98.2839s
	iters: 400, epoch: 30 | loss: 0.2188698
	speed: 0.1148s/iter; left time: 85.7246s
	iters: 500, epoch: 30 | loss: 0.2586430
	speed: 0.1147s/iter; left time: 74.2341s
	iters: 600, epoch: 30 | loss: 0.3618123
	speed: 0.1145s/iter; left time: 62.6569s
	iters: 700, epoch: 30 | loss: 0.2783161
	speed: 0.1177s/iter; left time: 52.6182s
	iters: 800, epoch: 30 | loss: 0.3322384
	speed: 0.1187s/iter; left time: 41.1963s
	iters: 900, epoch: 30 | loss: 0.3570061
	speed: 0.1182s/iter; left time: 29.1906s
	iters: 1000, epoch: 30 | loss: 0.2623080
	speed: 0.1196s/iter; left time: 17.5763s
	iters: 1100, epoch: 30 | loss: 0.3944245
	speed: 0.1196s/iter; left time: 5.6222s
Epoch: 30 cost time: 133.36666893959045
Epoch: 30, Steps: 1146 | Train Loss: 0.3854995 Vali Loss: 0.3818889 Test Loss: 0.1511832
Validation loss decreased (0.382117 --> 0.381889).  Saving model ...
Updating learning rate to 5.8149737003040096e-06
>>>>>>>testing : weather_96_96_MLPAer_custom_ftM_sl96_ll48_pl96_dm2048_nh8_el2_dl1_df2048_fc1_ebtimeF_dtTrue_Exp_0<<<<<<<<<<<<<<<<<<<<<<<<<<<<<<<<<
test 10444
mse:0.15118324756622314, mae:0.19830089807510376, rse:0.5123394131660461
