Args in experiment:
Namespace(random_seed=2025, is_training=1, model_id='electricity_96_192', model='MLPAer', data='custom', root_path='./dataset/', data_path='electricity.csv', features='M', target='OT', freq='h', checkpoints='./checkpoints/', seq_len=96, label_len=48, pred_len=192, fc_dropout=0.05, head_dropout=0.3, patch_len=16, stride=8, padding_patch='end', revin=1, affine=0, subtract_last=0, decomposition=0, kernel_size=25, individual=0, embed_type=0, enc_in=321, dec_in=7, c_out=7, d_model=2048, n_heads=8, e_layers=2, d_layers=1, d_ff=2048, moving_avg=25, factor=1, distil=True, dropout=0.05, embed='timeF', activation='gelu', output_attention=False, do_predict=False, num_workers=10, itr=1, train_epochs=30, batch_size=16, patience=100, learning_rate=0.0001, des='Exp', loss='mse', lradj='type3', pct_start=0.3, use_amp=False, c_ff=24, t_ff=512, c_dropout=0.1, t_dropout=0.2, embed_dropout=0.1, head_type='prediction', usenorm=1, use_gpu=True, gpu=0, use_multi_gpu=False, devices='0,1,2,3', test_flop=False)
Use GPU: cuda:0
>>>>>>>start training : electricity_96_192_MLPAer_custom_ftM_sl96_ll48_pl192_dm2048_nh8_el2_dl1_df2048_fc1_ebtimeF_dtTrue_Exp_0>>>>>>>>>>>>>>>>>>>>>>>>>>
train 18125
val 2441
test 5069
	iters: 100, epoch: 1 | loss: 0.7120470
	speed: 0.1767s/iter; left time: 5981.9847s
	iters: 200, epoch: 1 | loss: 0.5363408
	speed: 0.1088s/iter; left time: 3672.7483s
	iters: 300, epoch: 1 | loss: 0.4025337
	speed: 0.0962s/iter; left time: 3237.4554s
	iters: 400, epoch: 1 | loss: 0.3196238
	speed: 0.0912s/iter; left time: 3061.8287s
	iters: 500, epoch: 1 | loss: 0.3160273
	speed: 0.0888s/iter; left time: 2969.7734s
	iters: 600, epoch: 1 | loss: 0.3213509
	speed: 0.0893s/iter; left time: 2978.8247s
	iters: 700, epoch: 1 | loss: 0.2646498
	speed: 0.0901s/iter; left time: 2995.3962s
	iters: 800, epoch: 1 | loss: 0.2560476
	speed: 0.0929s/iter; left time: 3081.2087s
	iters: 900, epoch: 1 | loss: 0.2837857
	speed: 0.0912s/iter; left time: 3013.5809s
	iters: 1000, epoch: 1 | loss: 0.2563621
	speed: 0.0895s/iter; left time: 2948.4730s
	iters: 1100, epoch: 1 | loss: 0.2744565
	speed: 0.0894s/iter; left time: 2938.3461s
Epoch: 1 cost time: 107.41083192825317
Epoch: 1, Steps: 1132 | Train Loss: 0.3980899 Vali Loss: 0.2112730 Test Loss: 0.2382797
Validation loss decreased (inf --> 0.211273).  Saving model ...
Updating learning rate to 0.0001
	iters: 100, epoch: 2 | loss: 0.2020725
	speed: 1.4812s/iter; left time: 48476.9306s
	iters: 200, epoch: 2 | loss: 0.2217793
	speed: 0.0912s/iter; left time: 2975.9995s
	iters: 300, epoch: 2 | loss: 0.1987619
	speed: 0.0896s/iter; left time: 2913.8204s
	iters: 400, epoch: 2 | loss: 0.2093913
	speed: 0.0891s/iter; left time: 2889.7724s
	iters: 500, epoch: 2 | loss: 0.2308511
	speed: 0.0932s/iter; left time: 3011.5244s
	iters: 600, epoch: 2 | loss: 0.2429635
	speed: 0.0915s/iter; left time: 2950.4191s
	iters: 700, epoch: 2 | loss: 0.1897158
	speed: 0.0898s/iter; left time: 2883.7382s
	iters: 800, epoch: 2 | loss: 0.1959539
	speed: 0.0903s/iter; left time: 2890.8409s
	iters: 900, epoch: 2 | loss: 0.2179606
	speed: 0.0906s/iter; left time: 2892.6620s
	iters: 1000, epoch: 2 | loss: 0.2043519
	speed: 0.0895s/iter; left time: 2849.4916s
	iters: 1100, epoch: 2 | loss: 0.1948451
	speed: 0.0919s/iter; left time: 2915.6537s
Epoch: 2 cost time: 103.01393413543701
Epoch: 2, Steps: 1132 | Train Loss: 0.2091938 Vali Loss: 0.1671181 Test Loss: 0.1904928
Validation loss decreased (0.211273 --> 0.167118).  Saving model ...
Updating learning rate to 0.0001
	iters: 100, epoch: 3 | loss: 0.1791662
	speed: 1.4502s/iter; left time: 45822.7944s
	iters: 200, epoch: 3 | loss: 0.2173212
	speed: 0.0897s/iter; left time: 2826.3780s
	iters: 300, epoch: 3 | loss: 0.2162278
	speed: 0.0887s/iter; left time: 2784.8815s
	iters: 400, epoch: 3 | loss: 0.1883056
	speed: 0.0907s/iter; left time: 2837.4312s
	iters: 500, epoch: 3 | loss: 0.1851019
	speed: 0.0913s/iter; left time: 2848.0527s
	iters: 600, epoch: 3 | loss: 0.2172785
	speed: 0.0899s/iter; left time: 2795.1224s
	iters: 700, epoch: 3 | loss: 0.1741882
	speed: 0.0903s/iter; left time: 2798.7764s
	iters: 800, epoch: 3 | loss: 0.1838952
	speed: 0.0903s/iter; left time: 2789.6259s
	iters: 900, epoch: 3 | loss: 0.1921048
	speed: 0.0892s/iter; left time: 2746.1294s
	iters: 1000, epoch: 3 | loss: 0.2273099
	speed: 0.0909s/iter; left time: 2791.6567s
	iters: 1100, epoch: 3 | loss: 0.1704602
	speed: 0.0912s/iter; left time: 2789.0778s
Epoch: 3 cost time: 102.86779403686523
Epoch: 3, Steps: 1132 | Train Loss: 0.1931974 Vali Loss: 0.1572568 Test Loss: 0.1799304
Validation loss decreased (0.167118 --> 0.157257).  Saving model ...
Updating learning rate to 0.0001
	iters: 100, epoch: 4 | loss: 0.1996702
	speed: 1.4154s/iter; left time: 43119.0302s
	iters: 200, epoch: 4 | loss: 0.1941643
	speed: 0.0894s/iter; left time: 2713.3947s
	iters: 300, epoch: 4 | loss: 0.1888840
	speed: 0.0905s/iter; left time: 2740.0975s
	iters: 400, epoch: 4 | loss: 0.2251362
	speed: 0.0941s/iter; left time: 2837.3758s
	iters: 500, epoch: 4 | loss: 0.1733008
	speed: 0.0921s/iter; left time: 2768.9866s
	iters: 600, epoch: 4 | loss: 0.1611152
	speed: 0.0895s/iter; left time: 2680.6649s
	iters: 700, epoch: 4 | loss: 0.1546627
	speed: 0.0906s/iter; left time: 2706.8274s
	iters: 800, epoch: 4 | loss: 0.1726526
	speed: 0.0887s/iter; left time: 2640.7811s
	iters: 900, epoch: 4 | loss: 0.1740647
	speed: 0.0905s/iter; left time: 2683.9150s
	iters: 1000, epoch: 4 | loss: 0.1612760
	speed: 0.0919s/iter; left time: 2716.5805s
	iters: 1100, epoch: 4 | loss: 0.1532993
	speed: 0.0915s/iter; left time: 2697.0180s
Epoch: 4 cost time: 103.08744311332703
Epoch: 4, Steps: 1132 | Train Loss: 0.1806798 Vali Loss: 0.1481314 Test Loss: 0.1701714
Validation loss decreased (0.157257 --> 0.148131).  Saving model ...
Updating learning rate to 9e-05
	iters: 100, epoch: 5 | loss: 0.1884934
	speed: 1.4561s/iter; left time: 42710.9698s
	iters: 200, epoch: 5 | loss: 0.1596341
	speed: 0.0888s/iter; left time: 2596.2375s
	iters: 300, epoch: 5 | loss: 0.1915141
	speed: 0.0911s/iter; left time: 2653.2051s
	iters: 400, epoch: 5 | loss: 0.1712207
	speed: 0.0926s/iter; left time: 2689.2226s
	iters: 500, epoch: 5 | loss: 0.1587197
	speed: 0.0920s/iter; left time: 2660.8450s
	iters: 600, epoch: 5 | loss: 0.1652704
	speed: 0.0933s/iter; left time: 2689.3165s
	iters: 700, epoch: 5 | loss: 0.1971232
	speed: 0.0910s/iter; left time: 2615.2647s
	iters: 800, epoch: 5 | loss: 0.1401295
	speed: 0.0928s/iter; left time: 2657.1629s
	iters: 900, epoch: 5 | loss: 0.1837172
	speed: 0.0883s/iter; left time: 2520.8054s
	iters: 1000, epoch: 5 | loss: 0.1777753
	speed: 0.0936s/iter; left time: 2660.5063s
	iters: 1100, epoch: 5 | loss: 0.1473230
	speed: 0.0922s/iter; left time: 2612.8944s
Epoch: 5 cost time: 104.30258393287659
Epoch: 5, Steps: 1132 | Train Loss: 0.1725027 Vali Loss: 0.1436012 Test Loss: 0.1664370
Validation loss decreased (0.148131 --> 0.143601).  Saving model ...
Updating learning rate to 8.1e-05
	iters: 100, epoch: 6 | loss: 0.2035581
	speed: 1.4796s/iter; left time: 41725.9147s
	iters: 200, epoch: 6 | loss: 0.1696929
	speed: 0.0914s/iter; left time: 2568.7704s
	iters: 300, epoch: 6 | loss: 0.1720744
	speed: 0.0923s/iter; left time: 2583.3571s
	iters: 400, epoch: 6 | loss: 0.1661620
	speed: 0.0914s/iter; left time: 2549.1881s
	iters: 500, epoch: 6 | loss: 0.1569256
	speed: 0.0906s/iter; left time: 2520.1157s
	iters: 600, epoch: 6 | loss: 0.1642179
	speed: 0.0897s/iter; left time: 2484.5838s
	iters: 700, epoch: 6 | loss: 0.1545364
	speed: 0.0906s/iter; left time: 2501.8987s
	iters: 800, epoch: 6 | loss: 0.1649722
	speed: 0.0872s/iter; left time: 2397.8527s
	iters: 900, epoch: 6 | loss: 0.1384799
	speed: 0.0877s/iter; left time: 2402.8232s
	iters: 1000, epoch: 6 | loss: 0.1742854
	speed: 0.0887s/iter; left time: 2422.0514s
	iters: 1100, epoch: 6 | loss: 0.1639071
	speed: 0.0910s/iter; left time: 2475.0894s
Epoch: 6 cost time: 102.60270142555237
Epoch: 6, Steps: 1132 | Train Loss: 0.1676237 Vali Loss: 0.1409095 Test Loss: 0.1632747
Validation loss decreased (0.143601 --> 0.140909).  Saving model ...
Updating learning rate to 7.290000000000001e-05
	iters: 100, epoch: 7 | loss: 0.1835948
	speed: 1.4451s/iter; left time: 39118.2139s
	iters: 200, epoch: 7 | loss: 0.1481939
	speed: 0.0892s/iter; left time: 2405.3738s
	iters: 300, epoch: 7 | loss: 0.1669683
	speed: 0.0896s/iter; left time: 2406.9915s
	iters: 400, epoch: 7 | loss: 0.1676665
	speed: 0.0899s/iter; left time: 2406.3010s
	iters: 500, epoch: 7 | loss: 0.1499193
	speed: 0.0907s/iter; left time: 2418.7897s
	iters: 600, epoch: 7 | loss: 0.1488489
	speed: 0.0883s/iter; left time: 2346.7241s
	iters: 700, epoch: 7 | loss: 0.1741693
	speed: 0.0891s/iter; left time: 2357.1821s
	iters: 800, epoch: 7 | loss: 0.1861407
	speed: 0.0911s/iter; left time: 2401.8483s
	iters: 900, epoch: 7 | loss: 0.1591717
	speed: 0.0879s/iter; left time: 2308.8762s
	iters: 1000, epoch: 7 | loss: 0.1605910
	speed: 0.0914s/iter; left time: 2392.8263s
	iters: 1100, epoch: 7 | loss: 0.1369418
	speed: 0.0907s/iter; left time: 2365.2693s
Epoch: 7 cost time: 101.96589136123657
Epoch: 7, Steps: 1132 | Train Loss: 0.1643339 Vali Loss: 0.1385611 Test Loss: 0.1612299
Validation loss decreased (0.140909 --> 0.138561).  Saving model ...
Updating learning rate to 6.561e-05
	iters: 100, epoch: 8 | loss: 0.1514920
	speed: 1.4751s/iter; left time: 38258.5896s
	iters: 200, epoch: 8 | loss: 0.1842479
	speed: 0.0895s/iter; left time: 2311.8227s
	iters: 300, epoch: 8 | loss: 0.2042230
	speed: 0.0812s/iter; left time: 2090.6626s
	iters: 400, epoch: 8 | loss: 0.1546950
	speed: 0.0804s/iter; left time: 2061.8717s
	iters: 500, epoch: 8 | loss: 0.1517731
	speed: 0.0835s/iter; left time: 2133.5010s
	iters: 600, epoch: 8 | loss: 0.1315609
	speed: 0.0835s/iter; left time: 2124.7847s
	iters: 700, epoch: 8 | loss: 0.1751689
	speed: 0.0752s/iter; left time: 1905.5155s
	iters: 800, epoch: 8 | loss: 0.1444182
	speed: 0.0711s/iter; left time: 1795.0566s
	iters: 900, epoch: 8 | loss: 0.1392431
	speed: 0.0697s/iter; left time: 1752.8840s
	iters: 1000, epoch: 8 | loss: 0.2081603
	speed: 0.0699s/iter; left time: 1750.0980s
	iters: 1100, epoch: 8 | loss: 0.1438959
	speed: 0.0679s/iter; left time: 1694.0071s
Epoch: 8 cost time: 89.04613494873047
Epoch: 8, Steps: 1132 | Train Loss: 0.1618990 Vali Loss: 0.1370942 Test Loss: 0.1596327
Validation loss decreased (0.138561 --> 0.137094).  Saving model ...
Updating learning rate to 5.904900000000001e-05
	iters: 100, epoch: 9 | loss: 0.1446644
	speed: 1.2809s/iter; left time: 31771.6995s
	iters: 200, epoch: 9 | loss: 0.1594577
	speed: 0.0880s/iter; left time: 2173.5911s
	iters: 300, epoch: 9 | loss: 0.1555970
	speed: 0.0881s/iter; left time: 2167.8776s
	iters: 400, epoch: 9 | loss: 0.1916479
	speed: 0.0891s/iter; left time: 2184.3969s
	iters: 500, epoch: 9 | loss: 0.1785447
	speed: 0.0884s/iter; left time: 2157.6187s
	iters: 600, epoch: 9 | loss: 0.1510363
	speed: 0.0898s/iter; left time: 2182.8899s
	iters: 700, epoch: 9 | loss: 0.1442485
	speed: 0.0900s/iter; left time: 2177.3536s
	iters: 800, epoch: 9 | loss: 0.1587976
	speed: 0.0915s/iter; left time: 2204.4168s
	iters: 900, epoch: 9 | loss: 0.1480690
	speed: 0.0900s/iter; left time: 2161.2426s
	iters: 1000, epoch: 9 | loss: 0.1419463
	speed: 0.0880s/iter; left time: 2102.4717s
	iters: 1100, epoch: 9 | loss: 0.1748762
	speed: 0.0892s/iter; left time: 2124.4000s
Epoch: 9 cost time: 101.75361061096191
Epoch: 9, Steps: 1132 | Train Loss: 0.1600663 Vali Loss: 0.1367472 Test Loss: 0.1591020
Validation loss decreased (0.137094 --> 0.136747).  Saving model ...
Updating learning rate to 5.3144100000000005e-05
	iters: 100, epoch: 10 | loss: 0.1654831
	speed: 1.3890s/iter; left time: 32881.3091s
	iters: 200, epoch: 10 | loss: 0.1577747
	speed: 0.0877s/iter; left time: 2067.2985s
	iters: 300, epoch: 10 | loss: 0.1575621
	speed: 0.0895s/iter; left time: 2101.6607s
	iters: 400, epoch: 10 | loss: 0.1678096
	speed: 0.0883s/iter; left time: 2062.6800s
	iters: 500, epoch: 10 | loss: 0.1538658
	speed: 0.0924s/iter; left time: 2149.3046s
	iters: 600, epoch: 10 | loss: 0.1668897
	speed: 0.0911s/iter; left time: 2109.9505s
	iters: 700, epoch: 10 | loss: 0.1545652
	speed: 0.0882s/iter; left time: 2034.5293s
	iters: 800, epoch: 10 | loss: 0.1747691
	speed: 0.0922s/iter; left time: 2118.7756s
	iters: 900, epoch: 10 | loss: 0.1729636
	speed: 0.0925s/iter; left time: 2115.0457s
	iters: 1000, epoch: 10 | loss: 0.1685131
	speed: 0.0921s/iter; left time: 2096.9035s
	iters: 1100, epoch: 10 | loss: 0.1364157
	speed: 0.0929s/iter; left time: 2106.2363s
Epoch: 10 cost time: 102.69810032844543
Epoch: 10, Steps: 1132 | Train Loss: 0.1585930 Vali Loss: 0.1352117 Test Loss: 0.1578362
Validation loss decreased (0.136747 --> 0.135212).  Saving model ...
Updating learning rate to 4.782969000000001e-05
	iters: 100, epoch: 11 | loss: 0.1833504
	speed: 1.4538s/iter; left time: 32770.3113s
	iters: 200, epoch: 11 | loss: 0.1704827
	speed: 0.0898s/iter; left time: 2015.9063s
	iters: 300, epoch: 11 | loss: 0.1629843
	speed: 0.0909s/iter; left time: 2031.8275s
	iters: 400, epoch: 11 | loss: 0.1707435
	speed: 0.0921s/iter; left time: 2049.2069s
	iters: 500, epoch: 11 | loss: 0.1681126
	speed: 0.0928s/iter; left time: 2053.8896s
	iters: 600, epoch: 11 | loss: 0.1573746
	speed: 0.0921s/iter; left time: 2028.9453s
	iters: 700, epoch: 11 | loss: 0.1790068
	speed: 0.0919s/iter; left time: 2015.9088s
	iters: 800, epoch: 11 | loss: 0.1525173
	speed: 0.0931s/iter; left time: 2033.8992s
	iters: 900, epoch: 11 | loss: 0.1590357
	speed: 0.0945s/iter; left time: 2054.7126s
	iters: 1000, epoch: 11 | loss: 0.1324236
	speed: 0.0913s/iter; left time: 1976.4867s
	iters: 1100, epoch: 11 | loss: 0.1487458
	speed: 0.0931s/iter; left time: 2006.3398s
Epoch: 11 cost time: 105.00354337692261
Epoch: 11, Steps: 1132 | Train Loss: 0.1572569 Vali Loss: 0.1355350 Test Loss: 0.1576191
EarlyStopping counter: 1 out of 100
Updating learning rate to 4.304672100000001e-05
	iters: 100, epoch: 12 | loss: 0.1450426
	speed: 1.4662s/iter; left time: 31390.4257s
	iters: 200, epoch: 12 | loss: 0.1436386
	speed: 0.0948s/iter; left time: 2020.7600s
	iters: 300, epoch: 12 | loss: 0.1479678
	speed: 0.0919s/iter; left time: 1949.1453s
	iters: 400, epoch: 12 | loss: 0.1502085
	speed: 0.0923s/iter; left time: 1949.2742s
	iters: 500, epoch: 12 | loss: 0.1328009
	speed: 0.0948s/iter; left time: 1991.8448s
	iters: 600, epoch: 12 | loss: 0.1523546
	speed: 0.0907s/iter; left time: 1895.5216s
	iters: 700, epoch: 12 | loss: 0.1534397
	speed: 0.0923s/iter; left time: 1921.5964s
	iters: 800, epoch: 12 | loss: 0.1709324
	speed: 0.0872s/iter; left time: 1806.3827s
	iters: 900, epoch: 12 | loss: 0.1407568
	speed: 0.0889s/iter; left time: 1832.2645s
	iters: 1000, epoch: 12 | loss: 0.1540996
	speed: 0.0888s/iter; left time: 1821.4771s
	iters: 1100, epoch: 12 | loss: 0.1662760
	speed: 0.0890s/iter; left time: 1815.4321s
Epoch: 12 cost time: 103.99772191047668
Epoch: 12, Steps: 1132 | Train Loss: 0.1562448 Vali Loss: 0.1348561 Test Loss: 0.1571386
Validation loss decreased (0.135212 --> 0.134856).  Saving model ...
Updating learning rate to 3.874204890000001e-05
	iters: 100, epoch: 13 | loss: 0.1662586
	speed: 1.4315s/iter; left time: 29026.3089s
	iters: 200, epoch: 13 | loss: 0.1540901
	speed: 0.0869s/iter; left time: 1754.1755s
	iters: 300, epoch: 13 | loss: 0.1177083
	speed: 0.0890s/iter; left time: 1787.5683s
	iters: 400, epoch: 13 | loss: 0.1612092
	speed: 0.0899s/iter; left time: 1795.7768s
	iters: 500, epoch: 13 | loss: 0.1430872
	speed: 0.0902s/iter; left time: 1792.6480s
	iters: 600, epoch: 13 | loss: 0.1634812
	speed: 0.0899s/iter; left time: 1777.7433s
	iters: 700, epoch: 13 | loss: 0.1638800
	speed: 0.0891s/iter; left time: 1753.0415s
	iters: 800, epoch: 13 | loss: 0.1518919
	speed: 0.0881s/iter; left time: 1725.3167s
	iters: 900, epoch: 13 | loss: 0.1734623
	speed: 0.0895s/iter; left time: 1742.4615s
	iters: 1000, epoch: 13 | loss: 0.1452923
	speed: 0.0910s/iter; left time: 1763.4562s
	iters: 1100, epoch: 13 | loss: 0.1444720
	speed: 0.0897s/iter; left time: 1729.8658s
Epoch: 13 cost time: 101.59563422203064
Epoch: 13, Steps: 1132 | Train Loss: 0.1553910 Vali Loss: 0.1343236 Test Loss: 0.1566612
Validation loss decreased (0.134856 --> 0.134324).  Saving model ...
Updating learning rate to 3.486784401000001e-05
	iters: 100, epoch: 14 | loss: 0.1319226
	speed: 1.4261s/iter; left time: 27301.7484s
	iters: 200, epoch: 14 | loss: 0.1506484
	speed: 0.0893s/iter; left time: 1700.6189s
	iters: 300, epoch: 14 | loss: 0.1442840
	speed: 0.0890s/iter; left time: 1685.9250s
	iters: 400, epoch: 14 | loss: 0.1518063
	speed: 0.0908s/iter; left time: 1711.8668s
	iters: 500, epoch: 14 | loss: 0.1725917
	speed: 0.0908s/iter; left time: 1702.8785s
	iters: 600, epoch: 14 | loss: 0.1430337
	speed: 0.0905s/iter; left time: 1687.5792s
	iters: 700, epoch: 14 | loss: 0.1596640
	speed: 0.0927s/iter; left time: 1719.9474s
	iters: 800, epoch: 14 | loss: 0.1488450
	speed: 0.0924s/iter; left time: 1703.6610s
	iters: 900, epoch: 14 | loss: 0.1556961
	speed: 0.0915s/iter; left time: 1677.7596s
	iters: 1000, epoch: 14 | loss: 0.1398189
	speed: 0.0898s/iter; left time: 1638.9789s
	iters: 1100, epoch: 14 | loss: 0.1459979
	speed: 0.0924s/iter; left time: 1675.9666s
Epoch: 14 cost time: 102.93673944473267
Epoch: 14, Steps: 1132 | Train Loss: 0.1545207 Vali Loss: 0.1345593 Test Loss: 0.1566484
EarlyStopping counter: 1 out of 100
Updating learning rate to 3.138105960900001e-05
	iters: 100, epoch: 15 | loss: 0.1787710
	speed: 1.4527s/iter; left time: 26167.1271s
	iters: 200, epoch: 15 | loss: 0.1927682
	speed: 0.0909s/iter; left time: 1628.2388s
	iters: 300, epoch: 15 | loss: 0.1586675
	speed: 0.0926s/iter; left time: 1649.8377s
	iters: 400, epoch: 15 | loss: 0.1576281
	speed: 0.0893s/iter; left time: 1581.9025s
	iters: 500, epoch: 15 | loss: 0.1450353
	speed: 0.0922s/iter; left time: 1624.3917s
	iters: 600, epoch: 15 | loss: 0.1829318
	speed: 0.0909s/iter; left time: 1591.3697s
	iters: 700, epoch: 15 | loss: 0.1412052
	speed: 0.0923s/iter; left time: 1607.2302s
	iters: 800, epoch: 15 | loss: 0.1371598
	speed: 0.0912s/iter; left time: 1578.8674s
	iters: 900, epoch: 15 | loss: 0.1421801
	speed: 0.0933s/iter; left time: 1606.5988s
	iters: 1000, epoch: 15 | loss: 0.1708698
	speed: 0.0917s/iter; left time: 1568.6605s
	iters: 1100, epoch: 15 | loss: 0.1320974
	speed: 0.0877s/iter; left time: 1491.4312s
Epoch: 15 cost time: 103.67549681663513
Epoch: 15, Steps: 1132 | Train Loss: 0.1538821 Vali Loss: 0.1339121 Test Loss: 0.1558956
Validation loss decreased (0.134324 --> 0.133912).  Saving model ...
Updating learning rate to 2.824295364810001e-05
	iters: 100, epoch: 16 | loss: 0.1447355
	speed: 1.4482s/iter; left time: 24447.7789s
	iters: 200, epoch: 16 | loss: 0.1395620
	speed: 0.0921s/iter; left time: 1544.7582s
	iters: 300, epoch: 16 | loss: 0.1780710
	speed: 0.0923s/iter; left time: 1539.4862s
	iters: 400, epoch: 16 | loss: 0.1634242
	speed: 0.0932s/iter; left time: 1545.5640s
	iters: 500, epoch: 16 | loss: 0.1758153
	speed: 0.0908s/iter; left time: 1496.6109s
	iters: 600, epoch: 16 | loss: 0.1672377
	speed: 0.0906s/iter; left time: 1484.2894s
	iters: 700, epoch: 16 | loss: 0.1684235
	speed: 0.0883s/iter; left time: 1437.6891s
	iters: 800, epoch: 16 | loss: 0.1594425
	speed: 0.0872s/iter; left time: 1410.9970s
	iters: 900, epoch: 16 | loss: 0.1329703
	speed: 0.0881s/iter; left time: 1416.4541s
	iters: 1000, epoch: 16 | loss: 0.1410374
	speed: 0.0875s/iter; left time: 1398.1041s
	iters: 1100, epoch: 16 | loss: 0.1542673
	speed: 0.0867s/iter; left time: 1376.8845s
Epoch: 16 cost time: 102.13644456863403
Epoch: 16, Steps: 1132 | Train Loss: 0.1532557 Vali Loss: 0.1339883 Test Loss: 0.1564623
EarlyStopping counter: 1 out of 100
Updating learning rate to 2.541865828329001e-05
	iters: 100, epoch: 17 | loss: 0.1661935
	speed: 1.4236s/iter; left time: 22419.8074s
	iters: 200, epoch: 17 | loss: 0.1526266
	speed: 0.0902s/iter; left time: 1411.8860s
	iters: 300, epoch: 17 | loss: 0.1605751
	speed: 0.0886s/iter; left time: 1378.1905s
	iters: 400, epoch: 17 | loss: 0.1467328
	speed: 0.0885s/iter; left time: 1367.4821s
	iters: 500, epoch: 17 | loss: 0.1389205
	speed: 0.0874s/iter; left time: 1341.2110s
	iters: 600, epoch: 17 | loss: 0.1645347
	speed: 0.0902s/iter; left time: 1375.9211s
	iters: 700, epoch: 17 | loss: 0.1443532
	speed: 0.0899s/iter; left time: 1361.2888s
	iters: 800, epoch: 17 | loss: 0.1461402
	speed: 0.0902s/iter; left time: 1357.9124s
	iters: 900, epoch: 17 | loss: 0.1397780
	speed: 0.0864s/iter; left time: 1291.9920s
	iters: 1000, epoch: 17 | loss: 0.1501845
	speed: 0.0909s/iter; left time: 1349.2463s
	iters: 1100, epoch: 17 | loss: 0.1421178
	speed: 0.0918s/iter; left time: 1354.3056s
Epoch: 17 cost time: 101.79354596138
Epoch: 17, Steps: 1132 | Train Loss: 0.1527206 Vali Loss: 0.1336285 Test Loss: 0.1563445
Validation loss decreased (0.133912 --> 0.133629).  Saving model ...
Updating learning rate to 2.287679245496101e-05
	iters: 100, epoch: 18 | loss: 0.1326579
	speed: 1.4532s/iter; left time: 21241.2477s
	iters: 200, epoch: 18 | loss: 0.1434587
	speed: 0.0892s/iter; left time: 1295.4452s
	iters: 300, epoch: 18 | loss: 0.1537720
	speed: 0.0892s/iter; left time: 1285.5911s
	iters: 400, epoch: 18 | loss: 0.1570004
	speed: 0.0921s/iter; left time: 1319.2956s
	iters: 500, epoch: 18 | loss: 0.1546635
	speed: 0.0923s/iter; left time: 1312.7718s
	iters: 600, epoch: 18 | loss: 0.1305308
	speed: 0.0938s/iter; left time: 1324.3998s
	iters: 700, epoch: 18 | loss: 0.1459829
	speed: 0.0919s/iter; left time: 1287.9694s
	iters: 800, epoch: 18 | loss: 0.1696427
	speed: 0.0929s/iter; left time: 1293.3115s
	iters: 900, epoch: 18 | loss: 0.1434106
	speed: 0.0904s/iter; left time: 1248.6814s
	iters: 1000, epoch: 18 | loss: 0.1621837
	speed: 0.0929s/iter; left time: 1274.1108s
	iters: 1100, epoch: 18 | loss: 0.1346002
	speed: 0.0922s/iter; left time: 1255.1345s
Epoch: 18 cost time: 104.17656540870667
Epoch: 18, Steps: 1132 | Train Loss: 0.1522545 Vali Loss: 0.1334896 Test Loss: 0.1559227
Validation loss decreased (0.133629 --> 0.133490).  Saving model ...
Updating learning rate to 2.0589113209464907e-05
	iters: 100, epoch: 19 | loss: 0.1468887
	speed: 1.4630s/iter; left time: 19728.5604s
	iters: 200, epoch: 19 | loss: 0.1670618
	speed: 0.0901s/iter; left time: 1205.8967s
	iters: 300, epoch: 19 | loss: 0.1471836
	speed: 0.0916s/iter; left time: 1216.4430s
	iters: 400, epoch: 19 | loss: 0.1492313
	speed: 0.0910s/iter; left time: 1200.2570s
	iters: 500, epoch: 19 | loss: 0.1590081
	speed: 0.0938s/iter; left time: 1227.4131s
	iters: 600, epoch: 19 | loss: 0.1565648
	speed: 0.0944s/iter; left time: 1225.8662s
	iters: 700, epoch: 19 | loss: 0.1446350
	speed: 0.0917s/iter; left time: 1181.8807s
	iters: 800, epoch: 19 | loss: 0.1605501
	speed: 0.0881s/iter; left time: 1126.1893s
	iters: 900, epoch: 19 | loss: 0.1615564
	speed: 0.0909s/iter; left time: 1152.9017s
	iters: 1000, epoch: 19 | loss: 0.1520446
	speed: 0.0918s/iter; left time: 1154.7010s
	iters: 1100, epoch: 19 | loss: 0.1588348
	speed: 0.0914s/iter; left time: 1140.8787s
Epoch: 19 cost time: 104.03427124023438
Epoch: 19, Steps: 1132 | Train Loss: 0.1519061 Vali Loss: 0.1334261 Test Loss: 0.1558597
Validation loss decreased (0.133490 --> 0.133426).  Saving model ...
Updating learning rate to 1.8530201888518416e-05
	iters: 100, epoch: 20 | loss: 0.1524819
	speed: 1.4185s/iter; left time: 17522.7309s
	iters: 200, epoch: 20 | loss: 0.1462916
	speed: 0.0930s/iter; left time: 1139.7009s
	iters: 300, epoch: 20 | loss: 0.1756601
	speed: 0.0919s/iter; left time: 1116.5431s
	iters: 400, epoch: 20 | loss: 0.1712572
	speed: 0.0908s/iter; left time: 1094.1024s
	iters: 500, epoch: 20 | loss: 0.1492635
	speed: 0.0896s/iter; left time: 1071.1198s
	iters: 600, epoch: 20 | loss: 0.1422720
	speed: 0.0894s/iter; left time: 1060.1279s
	iters: 700, epoch: 20 | loss: 0.1403980
	speed: 0.0898s/iter; left time: 1055.7738s
	iters: 800, epoch: 20 | loss: 0.1738717
	speed: 0.0912s/iter; left time: 1062.2300s
	iters: 900, epoch: 20 | loss: 0.1595832
	speed: 0.0908s/iter; left time: 1049.5575s
	iters: 1000, epoch: 20 | loss: 0.1635680
	speed: 0.0890s/iter; left time: 1019.0325s
	iters: 1100, epoch: 20 | loss: 0.1351063
	speed: 0.0907s/iter; left time: 1029.4766s
Epoch: 20 cost time: 103.42487955093384
Epoch: 20, Steps: 1132 | Train Loss: 0.1515064 Vali Loss: 0.1331692 Test Loss: 0.1559568
Validation loss decreased (0.133426 --> 0.133169).  Saving model ...
Updating learning rate to 1.6677181699666577e-05
	iters: 100, epoch: 21 | loss: 0.1579769
	speed: 1.3784s/iter; left time: 15466.8879s
	iters: 200, epoch: 21 | loss: 0.1571817
	speed: 0.0897s/iter; left time: 997.8126s
	iters: 300, epoch: 21 | loss: 0.1373105
	speed: 0.0946s/iter; left time: 1042.4674s
	iters: 400, epoch: 21 | loss: 0.1352026
	speed: 0.0896s/iter; left time: 978.9902s
	iters: 500, epoch: 21 | loss: 0.1552160
	speed: 0.0902s/iter; left time: 976.4582s
	iters: 600, epoch: 21 | loss: 0.1671683
	speed: 0.0902s/iter; left time: 967.3713s
	iters: 700, epoch: 21 | loss: 0.1649861
	speed: 0.0907s/iter; left time: 963.5408s
	iters: 800, epoch: 21 | loss: 0.1689860
	speed: 0.0901s/iter; left time: 947.4958s
	iters: 900, epoch: 21 | loss: 0.1519499
	speed: 0.0866s/iter; left time: 902.1496s
	iters: 1000, epoch: 21 | loss: 0.1451036
	speed: 0.0920s/iter; left time: 949.1472s
	iters: 1100, epoch: 21 | loss: 0.1490147
	speed: 0.0914s/iter; left time: 934.2174s
Epoch: 21 cost time: 102.88425993919373
Epoch: 21, Steps: 1132 | Train Loss: 0.1512582 Vali Loss: 0.1330803 Test Loss: 0.1557415
Validation loss decreased (0.133169 --> 0.133080).  Saving model ...
Updating learning rate to 1.5009463529699919e-05
	iters: 100, epoch: 22 | loss: 0.1406310
	speed: 1.4312s/iter; left time: 14439.2001s
	iters: 200, epoch: 22 | loss: 0.1411116
	speed: 0.0893s/iter; left time: 892.2654s
	iters: 300, epoch: 22 | loss: 0.1298382
	speed: 0.0918s/iter; left time: 907.7923s
	iters: 400, epoch: 22 | loss: 0.1489730
	speed: 0.0881s/iter; left time: 862.4704s
	iters: 500, epoch: 22 | loss: 0.1544451
	speed: 0.0884s/iter; left time: 856.9311s
	iters: 600, epoch: 22 | loss: 0.1824203
	speed: 0.0879s/iter; left time: 843.3478s
	iters: 700, epoch: 22 | loss: 0.1463414
	speed: 0.0868s/iter; left time: 823.6675s
	iters: 800, epoch: 22 | loss: 0.1455224
	speed: 0.0817s/iter; left time: 767.3935s
	iters: 900, epoch: 22 | loss: 0.1347540
	speed: 0.0775s/iter; left time: 719.8374s
	iters: 1000, epoch: 22 | loss: 0.1572357
	speed: 0.0776s/iter; left time: 713.4282s
	iters: 1100, epoch: 22 | loss: 0.1765135
	speed: 0.0924s/iter; left time: 839.6253s
Epoch: 22 cost time: 98.92290711402893
Epoch: 22, Steps: 1132 | Train Loss: 0.1509490 Vali Loss: 0.1330512 Test Loss: 0.1562494
Validation loss decreased (0.133080 --> 0.133051).  Saving model ...
Updating learning rate to 1.3508517176729929e-05
	iters: 100, epoch: 23 | loss: 0.1397669
	speed: 1.4717s/iter; left time: 13181.8029s
	iters: 200, epoch: 23 | loss: 0.1261407
	speed: 0.0891s/iter; left time: 789.2981s
	iters: 300, epoch: 23 | loss: 0.1373980
	speed: 0.0922s/iter; left time: 807.1657s
	iters: 400, epoch: 23 | loss: 0.1544680
	speed: 0.0919s/iter; left time: 795.4145s
	iters: 500, epoch: 23 | loss: 0.1488815
	speed: 0.0893s/iter; left time: 763.9098s
	iters: 600, epoch: 23 | loss: 0.1339931
	speed: 0.0923s/iter; left time: 780.2604s
	iters: 700, epoch: 23 | loss: 0.1370812
	speed: 0.0900s/iter; left time: 752.0517s
	iters: 800, epoch: 23 | loss: 0.1461273
	speed: 0.0916s/iter; left time: 756.5980s
	iters: 900, epoch: 23 | loss: 0.1567418
	speed: 0.0911s/iter; left time: 743.3437s
	iters: 1000, epoch: 23 | loss: 0.1317082
	speed: 0.0890s/iter; left time: 717.3251s
	iters: 1100, epoch: 23 | loss: 0.1542089
	speed: 0.0874s/iter; left time: 695.1781s
Epoch: 23 cost time: 103.31474208831787
Epoch: 23, Steps: 1132 | Train Loss: 0.1507047 Vali Loss: 0.1327826 Test Loss: 0.1558529
Validation loss decreased (0.133051 --> 0.132783).  Saving model ...
Updating learning rate to 1.2157665459056936e-05
	iters: 100, epoch: 24 | loss: 0.1674196
	speed: 1.4291s/iter; left time: 11182.4091s
	iters: 200, epoch: 24 | loss: 0.1363205
	speed: 0.0950s/iter; left time: 733.7980s
	iters: 300, epoch: 24 | loss: 0.1280639
	speed: 0.0912s/iter; left time: 695.2159s
	iters: 400, epoch: 24 | loss: 0.1276983
	speed: 0.0916s/iter; left time: 689.5230s
	iters: 500, epoch: 24 | loss: 0.1949471
	speed: 0.0917s/iter; left time: 681.1963s
	iters: 600, epoch: 24 | loss: 0.1506057
	speed: 0.0919s/iter; left time: 672.8797s
	iters: 700, epoch: 24 | loss: 0.1556377
	speed: 0.0887s/iter; left time: 640.9620s
	iters: 800, epoch: 24 | loss: 0.1416582
	speed: 0.0914s/iter; left time: 650.9114s
	iters: 900, epoch: 24 | loss: 0.1485888
	speed: 0.0907s/iter; left time: 637.1099s
	iters: 1000, epoch: 24 | loss: 0.1385149
	speed: 0.0905s/iter; left time: 626.6714s
	iters: 1100, epoch: 24 | loss: 0.1475666
	speed: 0.0913s/iter; left time: 622.8182s
Epoch: 24 cost time: 104.26449251174927
Epoch: 24, Steps: 1132 | Train Loss: 0.1504814 Vali Loss: 0.1328733 Test Loss: 0.1560014
EarlyStopping counter: 1 out of 100
Updating learning rate to 1.0941898913151242e-05
	iters: 100, epoch: 25 | loss: 0.1903784
	speed: 1.3971s/iter; left time: 9350.8233s
	iters: 200, epoch: 25 | loss: 0.1398434
	speed: 0.0906s/iter; left time: 597.2969s
	iters: 300, epoch: 25 | loss: 0.1653679
	speed: 0.0896s/iter; left time: 582.0361s
	iters: 400, epoch: 25 | loss: 0.1650672
	speed: 0.0905s/iter; left time: 578.6999s
	iters: 500, epoch: 25 | loss: 0.1352084
	speed: 0.0894s/iter; left time: 562.3141s
	iters: 600, epoch: 25 | loss: 0.1278384
	speed: 0.0919s/iter; left time: 569.1842s
	iters: 700, epoch: 25 | loss: 0.1399908
	speed: 0.0905s/iter; left time: 551.6963s
	iters: 800, epoch: 25 | loss: 0.1882128
	speed: 0.0892s/iter; left time: 534.5923s
	iters: 900, epoch: 25 | loss: 0.1772053
	speed: 0.0920s/iter; left time: 542.0191s
	iters: 1000, epoch: 25 | loss: 0.1923405
	speed: 0.0921s/iter; left time: 533.5066s
	iters: 1100, epoch: 25 | loss: 0.1498740
	speed: 0.0915s/iter; left time: 520.7425s
Epoch: 25 cost time: 103.09555244445801
Epoch: 25, Steps: 1132 | Train Loss: 0.1502725 Vali Loss: 0.1326755 Test Loss: 0.1557433
Validation loss decreased (0.132783 --> 0.132675).  Saving model ...
Updating learning rate to 9.847709021836118e-06
	iters: 100, epoch: 26 | loss: 0.1439053
	speed: 1.4469s/iter; left time: 8046.3372s
	iters: 200, epoch: 26 | loss: 0.1343981
	speed: 0.0903s/iter; left time: 493.3195s
	iters: 300, epoch: 26 | loss: 0.1333719
	speed: 0.0891s/iter; left time: 477.8243s
	iters: 400, epoch: 26 | loss: 0.1542080
	speed: 0.0902s/iter; left time: 474.6595s
	iters: 500, epoch: 26 | loss: 0.1344085
	speed: 0.0925s/iter; left time: 477.1945s
	iters: 600, epoch: 26 | loss: 0.1667069
	speed: 0.0908s/iter; left time: 459.3467s
	iters: 700, epoch: 26 | loss: 0.1553549
	speed: 0.0908s/iter; left time: 450.5209s
	iters: 800, epoch: 26 | loss: 0.1496979
	speed: 0.0920s/iter; left time: 447.1625s
	iters: 900, epoch: 26 | loss: 0.1820989
	speed: 0.0946s/iter; left time: 450.1964s
	iters: 1000, epoch: 26 | loss: 0.1608920
	speed: 0.0937s/iter; left time: 436.9520s
	iters: 1100, epoch: 26 | loss: 0.1562336
	speed: 0.0900s/iter; left time: 410.6229s
Epoch: 26 cost time: 104.2070152759552
Epoch: 26, Steps: 1132 | Train Loss: 0.1500846 Vali Loss: 0.1327710 Test Loss: 0.1557283
EarlyStopping counter: 1 out of 100
Updating learning rate to 8.862938119652508e-06
	iters: 100, epoch: 27 | loss: 0.1478974
	speed: 1.4559s/iter; left time: 6447.9629s
	iters: 200, epoch: 27 | loss: 0.1609077
	speed: 0.0930s/iter; left time: 402.8107s
	iters: 300, epoch: 27 | loss: 0.1406254
	speed: 0.0932s/iter; left time: 394.2234s
	iters: 400, epoch: 27 | loss: 0.1455736
	speed: 0.0925s/iter; left time: 382.0514s
	iters: 500, epoch: 27 | loss: 0.1427460
	speed: 0.0917s/iter; left time: 369.5800s
	iters: 600, epoch: 27 | loss: 0.1786225
	speed: 0.0915s/iter; left time: 359.5820s
	iters: 700, epoch: 27 | loss: 0.1551931
	speed: 0.0913s/iter; left time: 349.5496s
	iters: 800, epoch: 27 | loss: 0.1350965
	speed: 0.0935s/iter; left time: 348.5514s
	iters: 900, epoch: 27 | loss: 0.1352580
	speed: 0.0896s/iter; left time: 325.0510s
	iters: 1000, epoch: 27 | loss: 0.1478791
	speed: 0.0920s/iter; left time: 324.5575s
	iters: 1100, epoch: 27 | loss: 0.1477631
	speed: 0.0892s/iter; left time: 305.8068s
Epoch: 27 cost time: 104.40174555778503
Epoch: 27, Steps: 1132 | Train Loss: 0.1499411 Vali Loss: 0.1325824 Test Loss: 0.1556562
Validation loss decreased (0.132675 --> 0.132582).  Saving model ...
Updating learning rate to 7.976644307687255e-06
	iters: 100, epoch: 28 | loss: 0.1320429
	speed: 1.3304s/iter; left time: 4386.3872s
	iters: 200, epoch: 28 | loss: 0.1471429
	speed: 0.0913s/iter; left time: 291.7818s
	iters: 300, epoch: 28 | loss: 0.1470511
	speed: 0.0881s/iter; left time: 272.9372s
	iters: 400, epoch: 28 | loss: 0.1493046
	speed: 0.0905s/iter; left time: 271.1503s
	iters: 500, epoch: 28 | loss: 0.1488203
	speed: 0.0893s/iter; left time: 258.6862s
	iters: 600, epoch: 28 | loss: 0.1525364
	speed: 0.0867s/iter; left time: 242.4076s
	iters: 700, epoch: 28 | loss: 0.1615974
	speed: 0.0924s/iter; left time: 249.1564s
	iters: 800, epoch: 28 | loss: 0.1456105
	speed: 0.0889s/iter; left time: 230.7822s
	iters: 900, epoch: 28 | loss: 0.1443003
	speed: 0.0886s/iter; left time: 221.1341s
	iters: 1000, epoch: 28 | loss: 0.1421555
	speed: 0.0928s/iter; left time: 222.3888s
	iters: 1100, epoch: 28 | loss: 0.1315819
	speed: 0.0909s/iter; left time: 208.8564s
Epoch: 28 cost time: 102.85226464271545
Epoch: 28, Steps: 1132 | Train Loss: 0.1498189 Vali Loss: 0.1326174 Test Loss: 0.1553303
EarlyStopping counter: 1 out of 100
Updating learning rate to 7.178979876918531e-06
	iters: 100, epoch: 29 | loss: 0.1472563
	speed: 1.4307s/iter; left time: 3097.5173s
	iters: 200, epoch: 29 | loss: 0.1589366
	speed: 0.0899s/iter; left time: 185.6633s
	iters: 300, epoch: 29 | loss: 0.1378090
	speed: 0.0894s/iter; left time: 175.6934s
	iters: 400, epoch: 29 | loss: 0.1352214
	speed: 0.0877s/iter; left time: 163.5490s
	iters: 500, epoch: 29 | loss: 0.1461028
	speed: 0.0877s/iter; left time: 154.7626s
	iters: 600, epoch: 29 | loss: 0.1590128
	speed: 0.0892s/iter; left time: 148.5160s
	iters: 700, epoch: 29 | loss: 0.1766961
	speed: 0.0886s/iter; left time: 138.6343s
	iters: 800, epoch: 29 | loss: 0.1425405
	speed: 0.0937s/iter; left time: 137.3110s
	iters: 900, epoch: 29 | loss: 0.1515133
	speed: 0.0935s/iter; left time: 127.6839s
	iters: 1000, epoch: 29 | loss: 0.1594793
	speed: 0.0911s/iter; left time: 115.2891s
	iters: 1100, epoch: 29 | loss: 0.1316702
	speed: 0.0914s/iter; left time: 106.4782s
Epoch: 29 cost time: 102.43259835243225
Epoch: 29, Steps: 1132 | Train Loss: 0.1496881 Vali Loss: 0.1325880 Test Loss: 0.1558103
EarlyStopping counter: 2 out of 100
Updating learning rate to 6.4610818892266776e-06
	iters: 100, epoch: 30 | loss: 0.1372800
	speed: 1.4626s/iter; left time: 1510.8327s
	iters: 200, epoch: 30 | loss: 0.1526445
	speed: 0.0906s/iter; left time: 84.5127s
	iters: 300, epoch: 30 | loss: 0.1287364
	speed: 0.0914s/iter; left time: 76.1457s
	iters: 400, epoch: 30 | loss: 0.1598801
	speed: 0.0886s/iter; left time: 64.9543s
	iters: 500, epoch: 30 | loss: 0.1545532
	speed: 0.0925s/iter; left time: 58.5337s
	iters: 600, epoch: 30 | loss: 0.1457546
	speed: 0.0905s/iter; left time: 48.2327s
	iters: 700, epoch: 30 | loss: 0.1440361
	speed: 0.0911s/iter; left time: 39.4371s
	iters: 800, epoch: 30 | loss: 0.1416154
	speed: 0.0943s/iter; left time: 31.4061s
	iters: 900, epoch: 30 | loss: 0.1394297
	speed: 0.0942s/iter; left time: 21.9594s
	iters: 1000, epoch: 30 | loss: 0.1620498
	speed: 0.0922s/iter; left time: 12.2620s
	iters: 1100, epoch: 30 | loss: 0.1497088
	speed: 0.0934s/iter; left time: 3.0829s
Epoch: 30 cost time: 104.18764448165894
Epoch: 30, Steps: 1132 | Train Loss: 0.1495760 Vali Loss: 0.1326505 Test Loss: 0.1558586
EarlyStopping counter: 3 out of 100
Updating learning rate to 5.8149737003040096e-06
>>>>>>>testing : electricity_96_192_MLPAer_custom_ftM_sl96_ll48_pl192_dm2048_nh8_el2_dl1_df2048_fc1_ebtimeF_dtTrue_Exp_0<<<<<<<<<<<<<<<<<<<<<<<<<<<<<<<<<
test 5069
mse:0.15565600991249084, mae:0.25130611658096313, rse:0.3924400806427002
