Args in experiment:
Namespace(random_seed=2025, is_training=1, model_id='ETTm1_96_336', model='MLPAer', data='ETTm1', root_path='./dataset/', data_path='ETTm1.csv', features='M', target='OT', freq='h', checkpoints='./checkpoints/', seq_len=96, label_len=48, pred_len=336, fc_dropout=0.05, head_dropout=0.6, patch_len=16, stride=8, padding_patch='end', revin=1, affine=0, subtract_last=0, decomposition=0, kernel_size=25, individual=0, embed_type=0, enc_in=7, dec_in=7, c_out=7, d_model=512, n_heads=8, e_layers=2, d_layers=1, d_ff=2048, moving_avg=25, factor=1, distil=True, dropout=0.05, embed='timeF', activation='gelu', output_attention=False, do_predict=False, num_workers=10, itr=1, train_epochs=30, batch_size=32, patience=100, learning_rate=0.0002, des='Exp', loss='mse', lradj='type3', pct_start=0.3, use_amp=False, c_ff=7, t_ff=512, c_dropout=0.1, t_dropout=0.3, embed_dropout=0.2, head_type='prediction', usenorm=1, use_gpu=True, gpu=0, use_multi_gpu=False, devices='0,1,2,3', test_flop=False)
Use GPU: cuda:0
>>>>>>>start training : ETTm1_96_336_MLPAer_ETTm1_ftM_sl96_ll48_pl336_dm512_nh8_el2_dl1_df2048_fc1_ebtimeF_dtTrue_Exp_0>>>>>>>>>>>>>>>>>>>>>>>>>>
train 34129
val 11185
test 11185
	iters: 100, epoch: 1 | loss: 0.5070375
	speed: 0.0282s/iter; left time: 899.7794s
	iters: 200, epoch: 1 | loss: 0.5236112
	speed: 0.0090s/iter; left time: 284.7350s
	iters: 300, epoch: 1 | loss: 0.5489407
	speed: 0.0087s/iter; left time: 274.5890s
	iters: 400, epoch: 1 | loss: 0.5667183
	speed: 0.0112s/iter; left time: 352.9084s
	iters: 500, epoch: 1 | loss: 0.4905940
	speed: 0.0091s/iter; left time: 285.5481s
	iters: 600, epoch: 1 | loss: 0.5106764
	speed: 0.0088s/iter; left time: 275.6845s
	iters: 700, epoch: 1 | loss: 0.5879157
	speed: 0.0090s/iter; left time: 281.9872s
	iters: 800, epoch: 1 | loss: 0.3606919
	speed: 0.0086s/iter; left time: 266.9085s
	iters: 900, epoch: 1 | loss: 0.5262194
	speed: 0.0104s/iter; left time: 322.6929s
	iters: 1000, epoch: 1 | loss: 0.5983217
	speed: 0.0096s/iter; left time: 297.4933s
Epoch: 1 cost time: 10.276018857955933
Epoch: 1, Steps: 1066 | Train Loss: 0.5010221 Vali Loss: 0.7380810 Test Loss: 0.4837220
Validation loss decreased (inf --> 0.738081).  Saving model ...
Updating learning rate to 0.0002
	iters: 100, epoch: 2 | loss: 0.4325568
	speed: 0.0680s/iter; left time: 2094.4608s
	iters: 200, epoch: 2 | loss: 0.4288193
	speed: 0.0085s/iter; left time: 259.7905s
	iters: 300, epoch: 2 | loss: 0.4769173
	speed: 0.0087s/iter; left time: 266.6770s
	iters: 400, epoch: 2 | loss: 0.4379942
	speed: 0.0089s/iter; left time: 272.8704s
	iters: 500, epoch: 2 | loss: 0.4405868
	speed: 0.0091s/iter; left time: 275.8336s
	iters: 600, epoch: 2 | loss: 0.4412327
	speed: 0.0087s/iter; left time: 264.3863s
	iters: 700, epoch: 2 | loss: 0.4530246
	speed: 0.0092s/iter; left time: 279.0961s
	iters: 800, epoch: 2 | loss: 0.3786005
	speed: 0.0083s/iter; left time: 250.1513s
	iters: 900, epoch: 2 | loss: 0.3176884
	speed: 0.0087s/iter; left time: 262.1339s
	iters: 1000, epoch: 2 | loss: 0.4044712
	speed: 0.0084s/iter; left time: 252.7003s
Epoch: 2 cost time: 9.567351818084717
Epoch: 2, Steps: 1066 | Train Loss: 0.4128171 Vali Loss: 0.6676490 Test Loss: 0.4014557
Validation loss decreased (0.738081 --> 0.667649).  Saving model ...
Updating learning rate to 0.0002
	iters: 100, epoch: 3 | loss: 0.3651260
	speed: 0.0700s/iter; left time: 2081.4145s
	iters: 200, epoch: 3 | loss: 0.4173048
	speed: 0.0087s/iter; left time: 258.6594s
	iters: 300, epoch: 3 | loss: 0.3459202
	speed: 0.0110s/iter; left time: 324.7251s
	iters: 400, epoch: 3 | loss: 0.3530639
	speed: 0.0084s/iter; left time: 246.3389s
	iters: 500, epoch: 3 | loss: 0.4029775
	speed: 0.0105s/iter; left time: 309.2700s
	iters: 600, epoch: 3 | loss: 0.5527935
	speed: 0.0093s/iter; left time: 272.3364s
	iters: 700, epoch: 3 | loss: 0.4180121
	speed: 0.0087s/iter; left time: 254.3959s
	iters: 800, epoch: 3 | loss: 0.3239398
	speed: 0.0090s/iter; left time: 262.4573s
	iters: 900, epoch: 3 | loss: 0.3604402
	speed: 0.0114s/iter; left time: 328.6776s
	iters: 1000, epoch: 3 | loss: 0.4268995
	speed: 0.0090s/iter; left time: 260.9429s
Epoch: 3 cost time: 10.418043613433838
Epoch: 3, Steps: 1066 | Train Loss: 0.3896958 Vali Loss: 0.6593223 Test Loss: 0.3968563
Validation loss decreased (0.667649 --> 0.659322).  Saving model ...
Updating learning rate to 0.0002
	iters: 100, epoch: 4 | loss: 0.3863476
	speed: 0.0716s/iter; left time: 2052.9709s
	iters: 200, epoch: 4 | loss: 0.3405003
	speed: 0.0087s/iter; left time: 247.4965s
	iters: 300, epoch: 4 | loss: 0.3728188
	speed: 0.0087s/iter; left time: 246.6950s
	iters: 400, epoch: 4 | loss: 0.3373097
	speed: 0.0089s/iter; left time: 252.5015s
	iters: 500, epoch: 4 | loss: 0.3445272
	speed: 0.0092s/iter; left time: 258.9319s
	iters: 600, epoch: 4 | loss: 0.3623981
	speed: 0.0085s/iter; left time: 238.5640s
	iters: 700, epoch: 4 | loss: 0.5179091
	speed: 0.0092s/iter; left time: 258.0198s
	iters: 800, epoch: 4 | loss: 0.3757432
	speed: 0.0100s/iter; left time: 280.6995s
	iters: 900, epoch: 4 | loss: 0.3821993
	speed: 0.0087s/iter; left time: 243.4690s
	iters: 1000, epoch: 4 | loss: 0.3806348
	speed: 0.0086s/iter; left time: 238.3666s
Epoch: 4 cost time: 9.797219514846802
Epoch: 4, Steps: 1066 | Train Loss: 0.3817986 Vali Loss: 0.6581897 Test Loss: 0.3924569
Validation loss decreased (0.659322 --> 0.658190).  Saving model ...
Updating learning rate to 0.00018
	iters: 100, epoch: 5 | loss: 0.4196220
	speed: 0.0705s/iter; left time: 1948.0975s
	iters: 200, epoch: 5 | loss: 0.3587932
	speed: 0.0086s/iter; left time: 236.1006s
	iters: 300, epoch: 5 | loss: 0.3205342
	speed: 0.0088s/iter; left time: 241.0457s
	iters: 400, epoch: 5 | loss: 0.3497790
	speed: 0.0085s/iter; left time: 231.0954s
	iters: 500, epoch: 5 | loss: 0.4611174
	speed: 0.0083s/iter; left time: 226.2699s
	iters: 600, epoch: 5 | loss: 0.3316018
	speed: 0.0089s/iter; left time: 240.2988s
	iters: 700, epoch: 5 | loss: 0.4288521
	speed: 0.0117s/iter; left time: 315.9561s
	iters: 800, epoch: 5 | loss: 0.3311374
	speed: 0.0085s/iter; left time: 229.7962s
	iters: 900, epoch: 5 | loss: 0.2965665
	speed: 0.0087s/iter; left time: 232.2768s
	iters: 1000, epoch: 5 | loss: 0.4777189
	speed: 0.0084s/iter; left time: 225.6699s
Epoch: 5 cost time: 9.749186992645264
Epoch: 5, Steps: 1066 | Train Loss: 0.3750887 Vali Loss: 0.6530563 Test Loss: 0.3894168
Validation loss decreased (0.658190 --> 0.653056).  Saving model ...
Updating learning rate to 0.000162
	iters: 100, epoch: 6 | loss: 0.3830976
	speed: 0.0751s/iter; left time: 1993.4929s
	iters: 200, epoch: 6 | loss: 0.3616663
	speed: 0.0084s/iter; left time: 221.7993s
	iters: 300, epoch: 6 | loss: 0.3907216
	speed: 0.0085s/iter; left time: 224.9501s
	iters: 400, epoch: 6 | loss: 0.3041641
	speed: 0.0095s/iter; left time: 249.5832s
	iters: 500, epoch: 6 | loss: 0.3970872
	speed: 0.0099s/iter; left time: 257.8256s
	iters: 600, epoch: 6 | loss: 0.3451766
	speed: 0.0087s/iter; left time: 227.6800s
	iters: 700, epoch: 6 | loss: 0.4051995
	speed: 0.0096s/iter; left time: 248.9527s
	iters: 800, epoch: 6 | loss: 0.3222550
	speed: 0.0112s/iter; left time: 288.6367s
	iters: 900, epoch: 6 | loss: 0.4515416
	speed: 0.0084s/iter; left time: 216.9988s
	iters: 1000, epoch: 6 | loss: 0.4232520
	speed: 0.0096s/iter; left time: 246.3818s
Epoch: 6 cost time: 10.422088623046875
Epoch: 6, Steps: 1066 | Train Loss: 0.3706818 Vali Loss: 0.6483120 Test Loss: 0.3870339
Validation loss decreased (0.653056 --> 0.648312).  Saving model ...
Updating learning rate to 0.00014580000000000002
	iters: 100, epoch: 7 | loss: 0.4903188
	speed: 0.0718s/iter; left time: 1829.6642s
	iters: 200, epoch: 7 | loss: 0.3128486
	speed: 0.0084s/iter; left time: 212.7559s
	iters: 300, epoch: 7 | loss: 0.3901733
	speed: 0.0090s/iter; left time: 228.5724s
	iters: 400, epoch: 7 | loss: 0.3724392
	speed: 0.0087s/iter; left time: 219.0725s
	iters: 500, epoch: 7 | loss: 0.3280810
	speed: 0.0090s/iter; left time: 225.7993s
	iters: 600, epoch: 7 | loss: 0.4060754
	speed: 0.0098s/iter; left time: 245.3058s
	iters: 700, epoch: 7 | loss: 0.3296864
	speed: 0.0084s/iter; left time: 209.9017s
	iters: 800, epoch: 7 | loss: 0.3382274
	speed: 0.0092s/iter; left time: 228.1264s
	iters: 900, epoch: 7 | loss: 0.3598396
	speed: 0.0100s/iter; left time: 246.6311s
	iters: 1000, epoch: 7 | loss: 0.3643828
	speed: 0.0092s/iter; left time: 226.4937s
Epoch: 7 cost time: 9.931992292404175
Epoch: 7, Steps: 1066 | Train Loss: 0.3668114 Vali Loss: 0.6461256 Test Loss: 0.3840963
Validation loss decreased (0.648312 --> 0.646126).  Saving model ...
Updating learning rate to 0.00013122
	iters: 100, epoch: 8 | loss: 0.3182474
	speed: 0.0698s/iter; left time: 1705.3454s
	iters: 200, epoch: 8 | loss: 0.4498079
	speed: 0.0091s/iter; left time: 222.0442s
	iters: 300, epoch: 8 | loss: 0.3548889
	speed: 0.0088s/iter; left time: 214.1438s
	iters: 400, epoch: 8 | loss: 0.3472477
	speed: 0.0090s/iter; left time: 216.3115s
	iters: 500, epoch: 8 | loss: 0.3393530
	speed: 0.0097s/iter; left time: 232.6436s
	iters: 600, epoch: 8 | loss: 0.3594638
	speed: 0.0092s/iter; left time: 221.2306s
	iters: 700, epoch: 8 | loss: 0.3240469
	speed: 0.0097s/iter; left time: 230.2510s
	iters: 800, epoch: 8 | loss: 0.4123760
	speed: 0.0089s/iter; left time: 210.8918s
	iters: 900, epoch: 8 | loss: 0.3576046
	speed: 0.0085s/iter; left time: 201.5600s
	iters: 1000, epoch: 8 | loss: 0.3917848
	speed: 0.0091s/iter; left time: 213.7887s
Epoch: 8 cost time: 10.043311595916748
Epoch: 8, Steps: 1066 | Train Loss: 0.3639595 Vali Loss: 0.6465127 Test Loss: 0.3835284
EarlyStopping counter: 1 out of 100
Updating learning rate to 0.00011809800000000002
	iters: 100, epoch: 9 | loss: 0.3293459
	speed: 0.0725s/iter; left time: 1692.5755s
	iters: 200, epoch: 9 | loss: 0.3144327
	speed: 0.0092s/iter; left time: 213.1091s
	iters: 300, epoch: 9 | loss: 0.3828017
	speed: 0.0086s/iter; left time: 199.9762s
	iters: 400, epoch: 9 | loss: 0.3102745
	speed: 0.0087s/iter; left time: 200.7007s
	iters: 500, epoch: 9 | loss: 0.3241592
	speed: 0.0093s/iter; left time: 212.5176s
	iters: 600, epoch: 9 | loss: 0.3141086
	speed: 0.0085s/iter; left time: 194.2187s
	iters: 700, epoch: 9 | loss: 0.4343655
	speed: 0.0087s/iter; left time: 197.5776s
	iters: 800, epoch: 9 | loss: 0.3876396
	speed: 0.0084s/iter; left time: 190.7231s
	iters: 900, epoch: 9 | loss: 0.4035352
	speed: 0.0087s/iter; left time: 196.0162s
	iters: 1000, epoch: 9 | loss: 0.2874269
	speed: 0.0095s/iter; left time: 212.3434s
Epoch: 9 cost time: 9.602757930755615
Epoch: 9, Steps: 1066 | Train Loss: 0.3619564 Vali Loss: 0.6445425 Test Loss: 0.3819639
Validation loss decreased (0.646126 --> 0.644543).  Saving model ...
Updating learning rate to 0.00010628820000000001
	iters: 100, epoch: 10 | loss: 0.3509044
	speed: 0.0695s/iter; left time: 1549.1271s
	iters: 200, epoch: 10 | loss: 0.3573887
	speed: 0.0104s/iter; left time: 230.3828s
	iters: 300, epoch: 10 | loss: 0.2962606
	speed: 0.0089s/iter; left time: 195.9968s
	iters: 400, epoch: 10 | loss: 0.3547999
	speed: 0.0091s/iter; left time: 199.8077s
	iters: 500, epoch: 10 | loss: 0.4297992
	speed: 0.0090s/iter; left time: 196.5239s
	iters: 600, epoch: 10 | loss: 0.3105933
	speed: 0.0098s/iter; left time: 212.9797s
	iters: 700, epoch: 10 | loss: 0.3679552
	speed: 0.0085s/iter; left time: 185.1103s
	iters: 800, epoch: 10 | loss: 0.4328008
	speed: 0.0090s/iter; left time: 194.5058s
	iters: 900, epoch: 10 | loss: 0.3435986
	speed: 0.0089s/iter; left time: 192.2023s
	iters: 1000, epoch: 10 | loss: 0.2808711
	speed: 0.0089s/iter; left time: 189.5269s
Epoch: 10 cost time: 10.079500436782837
Epoch: 10, Steps: 1066 | Train Loss: 0.3602522 Vali Loss: 0.6435502 Test Loss: 0.3817748
Validation loss decreased (0.644543 --> 0.643550).  Saving model ...
Updating learning rate to 9.565938000000003e-05
	iters: 100, epoch: 11 | loss: 0.3229395
	speed: 0.0726s/iter; left time: 1541.0055s
	iters: 200, epoch: 11 | loss: 0.3625831
	speed: 0.0089s/iter; left time: 187.1447s
	iters: 300, epoch: 11 | loss: 0.3514325
	speed: 0.0097s/iter; left time: 203.6736s
	iters: 400, epoch: 11 | loss: 0.3817489
	speed: 0.0090s/iter; left time: 188.8966s
	iters: 500, epoch: 11 | loss: 0.3636025
	speed: 0.0094s/iter; left time: 196.0241s
	iters: 600, epoch: 11 | loss: 0.3160407
	speed: 0.0090s/iter; left time: 186.6870s
	iters: 700, epoch: 11 | loss: 0.3442224
	speed: 0.0087s/iter; left time: 179.3627s
	iters: 800, epoch: 11 | loss: 0.4027042
	speed: 0.0090s/iter; left time: 185.3497s
	iters: 900, epoch: 11 | loss: 0.3859514
	speed: 0.0085s/iter; left time: 173.3752s
	iters: 1000, epoch: 11 | loss: 0.3148788
	speed: 0.0090s/iter; left time: 183.6707s
Epoch: 11 cost time: 9.782270669937134
Epoch: 11, Steps: 1066 | Train Loss: 0.3584690 Vali Loss: 0.6434327 Test Loss: 0.3814534
Validation loss decreased (0.643550 --> 0.643433).  Saving model ...
Updating learning rate to 8.609344200000003e-05
	iters: 100, epoch: 12 | loss: 0.3195040
	speed: 0.0715s/iter; left time: 1442.0304s
	iters: 200, epoch: 12 | loss: 0.2998616
	speed: 0.0087s/iter; left time: 175.2705s
	iters: 300, epoch: 12 | loss: 0.3518413
	speed: 0.0082s/iter; left time: 163.6981s
	iters: 400, epoch: 12 | loss: 0.3971114
	speed: 0.0087s/iter; left time: 171.8045s
	iters: 500, epoch: 12 | loss: 0.3030318
	speed: 0.0096s/iter; left time: 189.9850s
	iters: 600, epoch: 12 | loss: 0.3244999
	speed: 0.0087s/iter; left time: 171.2922s
	iters: 700, epoch: 12 | loss: 0.3318821
	speed: 0.0092s/iter; left time: 179.7882s
	iters: 800, epoch: 12 | loss: 0.3028391
	speed: 0.0104s/iter; left time: 202.0750s
	iters: 900, epoch: 12 | loss: 0.3323225
	speed: 0.0083s/iter; left time: 161.0645s
	iters: 1000, epoch: 12 | loss: 0.3398958
	speed: 0.0091s/iter; left time: 175.9617s
Epoch: 12 cost time: 9.88357949256897
Epoch: 12, Steps: 1066 | Train Loss: 0.3573755 Vali Loss: 0.6431127 Test Loss: 0.3800560
Validation loss decreased (0.643433 --> 0.643113).  Saving model ...
Updating learning rate to 7.748409780000002e-05
	iters: 100, epoch: 13 | loss: 0.3765989
	speed: 0.0705s/iter; left time: 1346.2894s
	iters: 200, epoch: 13 | loss: 0.3985352
	speed: 0.0087s/iter; left time: 165.4375s
	iters: 300, epoch: 13 | loss: 0.3541217
	speed: 0.0090s/iter; left time: 169.7553s
	iters: 400, epoch: 13 | loss: 0.3411676
	speed: 0.0082s/iter; left time: 154.9765s
	iters: 500, epoch: 13 | loss: 0.3841996
	speed: 0.0095s/iter; left time: 177.7717s
	iters: 600, epoch: 13 | loss: 0.2621056
	speed: 0.0083s/iter; left time: 153.9784s
	iters: 700, epoch: 13 | loss: 0.3526284
	speed: 0.0089s/iter; left time: 165.3045s
	iters: 800, epoch: 13 | loss: 0.3225393
	speed: 0.0084s/iter; left time: 153.6849s
	iters: 900, epoch: 13 | loss: 0.3513038
	speed: 0.0091s/iter; left time: 165.5547s
	iters: 1000, epoch: 13 | loss: 0.3423550
	speed: 0.0103s/iter; left time: 187.3178s
Epoch: 13 cost time: 9.662500619888306
Epoch: 13, Steps: 1066 | Train Loss: 0.3562902 Vali Loss: 0.6396160 Test Loss: 0.3814283
Validation loss decreased (0.643113 --> 0.639616).  Saving model ...
Updating learning rate to 6.973568802000002e-05
	iters: 100, epoch: 14 | loss: 0.2793587
	speed: 0.0704s/iter; left time: 1268.2336s
	iters: 200, epoch: 14 | loss: 0.3835387
	speed: 0.0086s/iter; left time: 153.7207s
	iters: 300, epoch: 14 | loss: 0.3465614
	speed: 0.0083s/iter; left time: 147.5145s
	iters: 400, epoch: 14 | loss: 0.3822947
	speed: 0.0089s/iter; left time: 157.4258s
	iters: 500, epoch: 14 | loss: 0.3707592
	speed: 0.0092s/iter; left time: 162.4088s
	iters: 600, epoch: 14 | loss: 0.3980683
	speed: 0.0086s/iter; left time: 151.4144s
	iters: 700, epoch: 14 | loss: 0.4316098
	speed: 0.0083s/iter; left time: 145.1059s
	iters: 800, epoch: 14 | loss: 0.3892422
	speed: 0.0085s/iter; left time: 147.8052s
	iters: 900, epoch: 14 | loss: 0.3489000
	speed: 0.0084s/iter; left time: 144.9382s
	iters: 1000, epoch: 14 | loss: 0.2938412
	speed: 0.0102s/iter; left time: 175.3796s
Epoch: 14 cost time: 9.66152048110962
Epoch: 14, Steps: 1066 | Train Loss: 0.3550792 Vali Loss: 0.6419004 Test Loss: 0.3806761
EarlyStopping counter: 1 out of 100
Updating learning rate to 6.276211921800002e-05
	iters: 100, epoch: 15 | loss: 0.3520755
	speed: 0.0712s/iter; left time: 1206.7425s
	iters: 200, epoch: 15 | loss: 0.3770444
	speed: 0.0084s/iter; left time: 142.0450s
	iters: 300, epoch: 15 | loss: 0.3072202
	speed: 0.0100s/iter; left time: 166.9308s
	iters: 400, epoch: 15 | loss: 0.3128089
	speed: 0.0087s/iter; left time: 144.6039s
	iters: 500, epoch: 15 | loss: 0.4572344
	speed: 0.0104s/iter; left time: 171.3653s
	iters: 600, epoch: 15 | loss: 0.2981820
	speed: 0.0088s/iter; left time: 144.6537s
	iters: 700, epoch: 15 | loss: 0.3674080
	speed: 0.0088s/iter; left time: 144.7279s
	iters: 800, epoch: 15 | loss: 0.3882538
	speed: 0.0084s/iter; left time: 136.9710s
	iters: 900, epoch: 15 | loss: 0.3153711
	speed: 0.0085s/iter; left time: 137.0365s
	iters: 1000, epoch: 15 | loss: 0.3922737
	speed: 0.0083s/iter; left time: 133.2948s
Epoch: 15 cost time: 9.663885354995728
Epoch: 15, Steps: 1066 | Train Loss: 0.3544446 Vali Loss: 0.6386954 Test Loss: 0.3813605
Validation loss decreased (0.639616 --> 0.638695).  Saving model ...
Updating learning rate to 5.648590729620002e-05
	iters: 100, epoch: 16 | loss: 0.4109566
	speed: 0.0704s/iter; left time: 1118.0573s
	iters: 200, epoch: 16 | loss: 0.3983861
	speed: 0.0087s/iter; left time: 138.0984s
	iters: 300, epoch: 16 | loss: 0.3869785
	speed: 0.0084s/iter; left time: 131.5232s
	iters: 400, epoch: 16 | loss: 0.3193343
	speed: 0.0084s/iter; left time: 131.3864s
	iters: 500, epoch: 16 | loss: 0.3766519
	speed: 0.0083s/iter; left time: 128.1643s
	iters: 600, epoch: 16 | loss: 0.3340210
	speed: 0.0085s/iter; left time: 131.2655s
	iters: 700, epoch: 16 | loss: 0.4028667
	speed: 0.0091s/iter; left time: 139.1506s
	iters: 800, epoch: 16 | loss: 0.3662250
	speed: 0.0089s/iter; left time: 135.6990s
	iters: 900, epoch: 16 | loss: 0.3516974
	speed: 0.0088s/iter; left time: 133.1738s
	iters: 1000, epoch: 16 | loss: 0.3203774
	speed: 0.0083s/iter; left time: 125.0947s
Epoch: 16 cost time: 9.442238330841064
Epoch: 16, Steps: 1066 | Train Loss: 0.3534324 Vali Loss: 0.6419039 Test Loss: 0.3799501
EarlyStopping counter: 1 out of 100
Updating learning rate to 5.083731656658002e-05
	iters: 100, epoch: 17 | loss: 0.3232831
	speed: 0.0673s/iter; left time: 998.1586s
	iters: 200, epoch: 17 | loss: 0.4232953
	speed: 0.0086s/iter; left time: 126.0507s
	iters: 300, epoch: 17 | loss: 0.3373903
	speed: 0.0083s/iter; left time: 121.0228s
	iters: 400, epoch: 17 | loss: 0.4107825
	speed: 0.0085s/iter; left time: 123.5186s
	iters: 500, epoch: 17 | loss: 0.3361185
	speed: 0.0086s/iter; left time: 124.5892s
	iters: 600, epoch: 17 | loss: 0.3603942
	speed: 0.0083s/iter; left time: 118.7615s
	iters: 700, epoch: 17 | loss: 0.3524195
	speed: 0.0084s/iter; left time: 119.4728s
	iters: 800, epoch: 17 | loss: 0.3578595
	speed: 0.0084s/iter; left time: 119.0282s
	iters: 900, epoch: 17 | loss: 0.3784899
	speed: 0.0085s/iter; left time: 119.5845s
	iters: 1000, epoch: 17 | loss: 0.4152099
	speed: 0.0089s/iter; left time: 124.4609s
Epoch: 17 cost time: 9.30224084854126
Epoch: 17, Steps: 1066 | Train Loss: 0.3527732 Vali Loss: 0.6410986 Test Loss: 0.3810936
EarlyStopping counter: 2 out of 100
Updating learning rate to 4.575358490992202e-05
	iters: 100, epoch: 18 | loss: 0.3376417
	speed: 0.0697s/iter; left time: 959.5512s
	iters: 200, epoch: 18 | loss: 0.3843085
	speed: 0.0086s/iter; left time: 117.8379s
	iters: 300, epoch: 18 | loss: 0.3573067
	speed: 0.0091s/iter; left time: 123.5466s
	iters: 400, epoch: 18 | loss: 0.2766970
	speed: 0.0089s/iter; left time: 119.6574s
	iters: 500, epoch: 18 | loss: 0.3992758
	speed: 0.0089s/iter; left time: 119.0194s
	iters: 600, epoch: 18 | loss: 0.3552374
	speed: 0.0095s/iter; left time: 126.2254s
	iters: 700, epoch: 18 | loss: 0.3425051
	speed: 0.0082s/iter; left time: 107.4645s
	iters: 800, epoch: 18 | loss: 0.2933320
	speed: 0.0083s/iter; left time: 108.0447s
	iters: 900, epoch: 18 | loss: 0.2576061
	speed: 0.0085s/iter; left time: 110.7724s
	iters: 1000, epoch: 18 | loss: 0.3375302
	speed: 0.0088s/iter; left time: 113.4641s
Epoch: 18 cost time: 9.542579889297485
Epoch: 18, Steps: 1066 | Train Loss: 0.3520018 Vali Loss: 0.6409471 Test Loss: 0.3803157
EarlyStopping counter: 3 out of 100
Updating learning rate to 4.117822641892981e-05
	iters: 100, epoch: 19 | loss: 0.2993707
	speed: 0.0722s/iter; left time: 916.0383s
	iters: 200, epoch: 19 | loss: 0.3499378
	speed: 0.0095s/iter; left time: 120.0625s
	iters: 300, epoch: 19 | loss: 0.3038020
	speed: 0.0089s/iter; left time: 111.0678s
	iters: 400, epoch: 19 | loss: 0.3555634
	speed: 0.0085s/iter; left time: 105.3833s
	iters: 500, epoch: 19 | loss: 0.4087343
	speed: 0.0084s/iter; left time: 103.2169s
	iters: 600, epoch: 19 | loss: 0.3335967
	speed: 0.0084s/iter; left time: 102.5453s
	iters: 700, epoch: 19 | loss: 0.4214424
	speed: 0.0084s/iter; left time: 101.9885s
	iters: 800, epoch: 19 | loss: 0.3267576
	speed: 0.0082s/iter; left time: 98.8613s
	iters: 900, epoch: 19 | loss: 0.3393214
	speed: 0.0090s/iter; left time: 106.6889s
	iters: 1000, epoch: 19 | loss: 0.3898206
	speed: 0.0094s/iter; left time: 111.1098s
Epoch: 19 cost time: 9.53055739402771
Epoch: 19, Steps: 1066 | Train Loss: 0.3516061 Vali Loss: 0.6415908 Test Loss: 0.3797508
EarlyStopping counter: 4 out of 100
Updating learning rate to 3.706040377703683e-05
	iters: 100, epoch: 20 | loss: 0.3976767
	speed: 0.0684s/iter; left time: 794.9493s
	iters: 200, epoch: 20 | loss: 0.3724119
	speed: 0.0086s/iter; left time: 99.0611s
	iters: 300, epoch: 20 | loss: 0.3362634
	speed: 0.0085s/iter; left time: 97.3829s
	iters: 400, epoch: 20 | loss: 0.3575793
	speed: 0.0088s/iter; left time: 99.2930s
	iters: 500, epoch: 20 | loss: 0.3571092
	speed: 0.0087s/iter; left time: 97.8797s
	iters: 600, epoch: 20 | loss: 0.3232997
	speed: 0.0090s/iter; left time: 99.6610s
	iters: 700, epoch: 20 | loss: 0.3423895
	speed: 0.0086s/iter; left time: 95.1318s
	iters: 800, epoch: 20 | loss: 0.2857070
	speed: 0.0088s/iter; left time: 96.4855s
	iters: 900, epoch: 20 | loss: 0.4139989
	speed: 0.0085s/iter; left time: 92.3419s
	iters: 1000, epoch: 20 | loss: 0.3157365
	speed: 0.0085s/iter; left time: 91.0335s
Epoch: 20 cost time: 9.387532949447632
Epoch: 20, Steps: 1066 | Train Loss: 0.3509502 Vali Loss: 0.6391852 Test Loss: 0.3805608
EarlyStopping counter: 5 out of 100
Updating learning rate to 3.3354363399333154e-05
	iters: 100, epoch: 21 | loss: 0.2900369
	speed: 0.0685s/iter; left time: 723.2611s
	iters: 200, epoch: 21 | loss: 0.3535034
	speed: 0.0087s/iter; left time: 90.5110s
	iters: 300, epoch: 21 | loss: 0.3654932
	speed: 0.0093s/iter; left time: 96.4072s
	iters: 400, epoch: 21 | loss: 0.3829748
	speed: 0.0097s/iter; left time: 99.1575s
	iters: 500, epoch: 21 | loss: 0.3163625
	speed: 0.0086s/iter; left time: 87.7396s
	iters: 600, epoch: 21 | loss: 0.3378906
	speed: 0.0090s/iter; left time: 90.9169s
	iters: 700, epoch: 21 | loss: 0.3268328
	speed: 0.0094s/iter; left time: 93.6388s
	iters: 800, epoch: 21 | loss: 0.3425143
	speed: 0.0096s/iter; left time: 94.5375s
	iters: 900, epoch: 21 | loss: 0.3081454
	speed: 0.0093s/iter; left time: 91.1355s
	iters: 1000, epoch: 21 | loss: 0.3160914
	speed: 0.0085s/iter; left time: 81.8285s
Epoch: 21 cost time: 9.891098022460938
Epoch: 21, Steps: 1066 | Train Loss: 0.3507844 Vali Loss: 0.6396725 Test Loss: 0.3801569
EarlyStopping counter: 6 out of 100
Updating learning rate to 3.0018927059399838e-05
	iters: 100, epoch: 22 | loss: 0.3292132
	speed: 0.0737s/iter; left time: 699.9094s
	iters: 200, epoch: 22 | loss: 0.4246894
	speed: 0.0097s/iter; left time: 91.0161s
	iters: 300, epoch: 22 | loss: 0.3623157
	speed: 0.0085s/iter; left time: 79.1857s
	iters: 400, epoch: 22 | loss: 0.3808967
	speed: 0.0087s/iter; left time: 80.0408s
	iters: 500, epoch: 22 | loss: 0.3725123
	speed: 0.0097s/iter; left time: 87.7809s
	iters: 600, epoch: 22 | loss: 0.4511116
	speed: 0.0095s/iter; left time: 85.1277s
	iters: 700, epoch: 22 | loss: 0.3845405
	speed: 0.0095s/iter; left time: 84.8783s
	iters: 800, epoch: 22 | loss: 0.3456783
	speed: 0.0093s/iter; left time: 82.2037s
	iters: 900, epoch: 22 | loss: 0.3342277
	speed: 0.0091s/iter; left time: 78.9327s
	iters: 1000, epoch: 22 | loss: 0.3578945
	speed: 0.0088s/iter; left time: 75.7959s
Epoch: 22 cost time: 10.024895906448364
Epoch: 22, Steps: 1066 | Train Loss: 0.3502565 Vali Loss: 0.6412486 Test Loss: 0.3787163
EarlyStopping counter: 7 out of 100
Updating learning rate to 2.7017034353459858e-05
	iters: 100, epoch: 23 | loss: 0.3889086
	speed: 0.0701s/iter; left time: 590.8223s
	iters: 200, epoch: 23 | loss: 0.3021807
	speed: 0.0091s/iter; left time: 76.0110s
	iters: 300, epoch: 23 | loss: 0.3378499
	speed: 0.0100s/iter; left time: 82.2229s
	iters: 400, epoch: 23 | loss: 0.3258686
	speed: 0.0084s/iter; left time: 68.6532s
	iters: 500, epoch: 23 | loss: 0.3310260
	speed: 0.0100s/iter; left time: 79.9201s
	iters: 600, epoch: 23 | loss: 0.4006143
	speed: 0.0085s/iter; left time: 67.5466s
	iters: 700, epoch: 23 | loss: 0.3572966
	speed: 0.0094s/iter; left time: 73.4534s
	iters: 800, epoch: 23 | loss: 0.3608931
	speed: 0.0090s/iter; left time: 69.3165s
	iters: 900, epoch: 23 | loss: 0.3943820
	speed: 0.0088s/iter; left time: 67.4489s
	iters: 1000, epoch: 23 | loss: 0.3281570
	speed: 0.0102s/iter; left time: 77.1212s
Epoch: 23 cost time: 10.138916730880737
Epoch: 23, Steps: 1066 | Train Loss: 0.3499681 Vali Loss: 0.6400862 Test Loss: 0.3791619
EarlyStopping counter: 8 out of 100
Updating learning rate to 2.431533091811387e-05
	iters: 100, epoch: 24 | loss: 0.3105361
	speed: 0.0737s/iter; left time: 542.6047s
	iters: 200, epoch: 24 | loss: 0.3623485
	speed: 0.0087s/iter; left time: 62.9964s
	iters: 300, epoch: 24 | loss: 0.3406159
	speed: 0.0089s/iter; left time: 64.0938s
	iters: 400, epoch: 24 | loss: 0.2887002
	speed: 0.0087s/iter; left time: 61.3155s
	iters: 500, epoch: 24 | loss: 0.2872755
	speed: 0.0084s/iter; left time: 58.1912s
	iters: 600, epoch: 24 | loss: 0.3483781
	speed: 0.0087s/iter; left time: 59.3984s
	iters: 700, epoch: 24 | loss: 0.3373958
	speed: 0.0091s/iter; left time: 61.6560s
	iters: 800, epoch: 24 | loss: 0.3813087
	speed: 0.0084s/iter; left time: 56.2893s
	iters: 900, epoch: 24 | loss: 0.3017197
	speed: 0.0086s/iter; left time: 56.2192s
	iters: 1000, epoch: 24 | loss: 0.3284426
	speed: 0.0088s/iter; left time: 56.9357s
Epoch: 24 cost time: 9.485935688018799
Epoch: 24, Steps: 1066 | Train Loss: 0.3496701 Vali Loss: 0.6389470 Test Loss: 0.3802695
EarlyStopping counter: 9 out of 100
Updating learning rate to 2.1883797826302484e-05
	iters: 100, epoch: 25 | loss: 0.3420208
	speed: 0.0731s/iter; left time: 460.3992s
	iters: 200, epoch: 25 | loss: 0.3494960
	speed: 0.0086s/iter; left time: 53.0855s
	iters: 300, epoch: 25 | loss: 0.3594216
	speed: 0.0102s/iter; left time: 62.0150s
	iters: 400, epoch: 25 | loss: 0.3847490
	speed: 0.0094s/iter; left time: 56.1328s
	iters: 500, epoch: 25 | loss: 0.3748652
	speed: 0.0101s/iter; left time: 59.7691s
	iters: 600, epoch: 25 | loss: 0.3713908
	speed: 0.0092s/iter; left time: 53.3408s
	iters: 700, epoch: 25 | loss: 0.3318414
	speed: 0.0087s/iter; left time: 49.6619s
	iters: 800, epoch: 25 | loss: 0.4107394
	speed: 0.0087s/iter; left time: 48.7620s
	iters: 900, epoch: 25 | loss: 0.3819515
	speed: 0.0090s/iter; left time: 49.2253s
	iters: 1000, epoch: 25 | loss: 0.3671924
	speed: 0.0091s/iter; left time: 49.0877s
Epoch: 25 cost time: 9.99873399734497
Epoch: 25, Steps: 1066 | Train Loss: 0.3494030 Vali Loss: 0.6403793 Test Loss: 0.3795341
EarlyStopping counter: 10 out of 100
Updating learning rate to 1.9695418043672237e-05
	iters: 100, epoch: 26 | loss: 0.3547587
	speed: 0.0719s/iter; left time: 375.8950s
	iters: 200, epoch: 26 | loss: 0.3609971
	speed: 0.0087s/iter; left time: 44.5413s
	iters: 300, epoch: 26 | loss: 0.3434061
	speed: 0.0097s/iter; left time: 49.0005s
	iters: 400, epoch: 26 | loss: 0.4018436
	speed: 0.0086s/iter; left time: 42.3078s
	iters: 500, epoch: 26 | loss: 0.4721164
	speed: 0.0087s/iter; left time: 42.0294s
	iters: 600, epoch: 26 | loss: 0.3759597
	speed: 0.0085s/iter; left time: 40.1615s
	iters: 700, epoch: 26 | loss: 0.2992028
	speed: 0.0086s/iter; left time: 39.8301s
	iters: 800, epoch: 26 | loss: 0.3293935
	speed: 0.0086s/iter; left time: 39.0117s
	iters: 900, epoch: 26 | loss: 0.3296108
	speed: 0.0086s/iter; left time: 38.1184s
	iters: 1000, epoch: 26 | loss: 0.2961828
	speed: 0.0089s/iter; left time: 38.6925s
Epoch: 26 cost time: 9.633939266204834
Epoch: 26, Steps: 1066 | Train Loss: 0.3491831 Vali Loss: 0.6408525 Test Loss: 0.3792878
EarlyStopping counter: 11 out of 100
Updating learning rate to 1.7725876239305016e-05
	iters: 100, epoch: 27 | loss: 0.3679465
	speed: 0.0704s/iter; left time: 293.4241s
	iters: 200, epoch: 27 | loss: 0.4315921
	speed: 0.0090s/iter; left time: 36.5241s
	iters: 300, epoch: 27 | loss: 0.3771917
	speed: 0.0090s/iter; left time: 35.7443s
	iters: 400, epoch: 27 | loss: 0.3317110
	speed: 0.0097s/iter; left time: 37.4829s
	iters: 500, epoch: 27 | loss: 0.3661361
	speed: 0.0085s/iter; left time: 31.9440s
	iters: 600, epoch: 27 | loss: 0.4169804
	speed: 0.0084s/iter; left time: 30.6100s
	iters: 700, epoch: 27 | loss: 0.3844878
	speed: 0.0089s/iter; left time: 31.7344s
	iters: 800, epoch: 27 | loss: 0.3322389
	speed: 0.0092s/iter; left time: 31.8158s
	iters: 900, epoch: 27 | loss: 0.3460962
	speed: 0.0089s/iter; left time: 29.8396s
	iters: 1000, epoch: 27 | loss: 0.4354762
	speed: 0.0086s/iter; left time: 28.1367s
Epoch: 27 cost time: 9.72925329208374
Epoch: 27, Steps: 1066 | Train Loss: 0.3489828 Vali Loss: 0.6400830 Test Loss: 0.3795531
EarlyStopping counter: 12 out of 100
Updating learning rate to 1.595328861537451e-05
	iters: 100, epoch: 28 | loss: 0.3126629
	speed: 0.0688s/iter; left time: 213.2411s
	iters: 200, epoch: 28 | loss: 0.4077257
	speed: 0.0089s/iter; left time: 26.8033s
	iters: 300, epoch: 28 | loss: 0.3680718
	speed: 0.0086s/iter; left time: 24.8208s
	iters: 400, epoch: 28 | loss: 0.4054018
	speed: 0.0098s/iter; left time: 27.3255s
	iters: 500, epoch: 28 | loss: 0.3102988
	speed: 0.0093s/iter; left time: 25.0639s
	iters: 600, epoch: 28 | loss: 0.3017565
	speed: 0.0086s/iter; left time: 22.2735s
	iters: 700, epoch: 28 | loss: 0.3273064
	speed: 0.0084s/iter; left time: 21.0350s
	iters: 800, epoch: 28 | loss: 0.3504666
	speed: 0.0089s/iter; left time: 21.3933s
	iters: 900, epoch: 28 | loss: 0.3480622
	speed: 0.0089s/iter; left time: 20.5586s
	iters: 1000, epoch: 28 | loss: 0.4416287
	speed: 0.0090s/iter; left time: 19.8566s
Epoch: 28 cost time: 9.712256669998169
Epoch: 28, Steps: 1066 | Train Loss: 0.3487125 Vali Loss: 0.6406566 Test Loss: 0.3790279
EarlyStopping counter: 13 out of 100
Updating learning rate to 1.4357959753837061e-05
	iters: 100, epoch: 29 | loss: 0.4314055
	speed: 0.0695s/iter; left time: 141.3823s
	iters: 200, epoch: 29 | loss: 0.4688721
	speed: 0.0084s/iter; left time: 16.3257s
	iters: 300, epoch: 29 | loss: 0.3444873
	speed: 0.0083s/iter; left time: 15.2145s
	iters: 400, epoch: 29 | loss: 0.3590966
	speed: 0.0085s/iter; left time: 14.6935s
	iters: 500, epoch: 29 | loss: 0.2683686
	speed: 0.0085s/iter; left time: 13.8249s
	iters: 600, epoch: 29 | loss: 0.4293743
	speed: 0.0084s/iter; left time: 12.8512s
	iters: 700, epoch: 29 | loss: 0.3312318
	speed: 0.0096s/iter; left time: 13.8023s
	iters: 800, epoch: 29 | loss: 0.4314323
	speed: 0.0083s/iter; left time: 11.0273s
	iters: 900, epoch: 29 | loss: 0.3309992
	speed: 0.0084s/iter; left time: 10.4017s
	iters: 1000, epoch: 29 | loss: 0.3268726
	speed: 0.0091s/iter; left time: 10.2549s
Epoch: 29 cost time: 9.381122350692749
Epoch: 29, Steps: 1066 | Train Loss: 0.3485229 Vali Loss: 0.6405759 Test Loss: 0.3791963
EarlyStopping counter: 14 out of 100
Updating learning rate to 1.2922163778453355e-05
	iters: 100, epoch: 30 | loss: 0.4364548
	speed: 0.0717s/iter; left time: 69.3200s
	iters: 200, epoch: 30 | loss: 0.3777454
	speed: 0.0085s/iter; left time: 7.4100s
	iters: 300, epoch: 30 | loss: 0.3392764
	speed: 0.0092s/iter; left time: 7.0265s
	iters: 400, epoch: 30 | loss: 0.3580642
	speed: 0.0087s/iter; left time: 5.8156s
	iters: 500, epoch: 30 | loss: 0.2890849
	speed: 0.0084s/iter; left time: 4.7843s
	iters: 600, epoch: 30 | loss: 0.2936814
	speed: 0.0087s/iter; left time: 4.0707s
	iters: 700, epoch: 30 | loss: 0.3461810
	speed: 0.0098s/iter; left time: 3.5791s
	iters: 800, epoch: 30 | loss: 0.4087211
	speed: 0.0092s/iter; left time: 2.4485s
	iters: 900, epoch: 30 | loss: 0.3012306
	speed: 0.0099s/iter; left time: 1.6480s
	iters: 1000, epoch: 30 | loss: 0.3126422
	speed: 0.0094s/iter; left time: 0.6315s
Epoch: 30 cost time: 9.981680631637573
Epoch: 30, Steps: 1066 | Train Loss: 0.3482939 Vali Loss: 0.6402715 Test Loss: 0.3788221
EarlyStopping counter: 15 out of 100
Updating learning rate to 1.1629947400608019e-05
>>>>>>>testing : ETTm1_96_336_MLPAer_ETTm1_ftM_sl96_ll48_pl336_dm512_nh8_el2_dl1_df2048_fc1_ebtimeF_dtTrue_Exp_0<<<<<<<<<<<<<<<<<<<<<<<<<<<<<<<<<
test 11185
mse:0.3813604712486267, mae:0.39822712540626526, rse:0.587630569934845
