Args in experiment:
Namespace(random_seed=2025, is_training=1, model_id='electricity_96_720', model='MLPAer', data='custom', root_path='./dataset/', data_path='electricity.csv', features='M', target='OT', freq='h', checkpoints='./checkpoints/', seq_len=96, label_len=48, pred_len=720, fc_dropout=0.05, head_dropout=0.6, patch_len=16, stride=8, padding_patch='end', revin=1, affine=0, subtract_last=0, decomposition=0, kernel_size=25, individual=0, embed_type=0, enc_in=321, dec_in=7, c_out=7, d_model=2048, n_heads=8, e_layers=2, d_layers=1, d_ff=2048, moving_avg=25, factor=1, distil=True, dropout=0.05, embed='timeF', activation='gelu', output_attention=False, do_predict=False, num_workers=10, itr=1, train_epochs=30, batch_size=32, patience=100, learning_rate=0.0002, des='Exp', loss='mse', lradj='type3', pct_start=0.3, use_amp=False, c_ff=24, t_ff=512, c_dropout=0.1, t_dropout=0.2, embed_dropout=0.2, head_type='prediction', usenorm=1, use_gpu=True, gpu=0, use_multi_gpu=False, devices='0,1,2,3', test_flop=False)
Use GPU: cuda:0
>>>>>>>start training : electricity_96_720_MLPAer_custom_ftM_sl96_ll48_pl720_dm2048_nh8_el2_dl1_df2048_fc1_ebtimeF_dtTrue_Exp_0>>>>>>>>>>>>>>>>>>>>>>>>>>
train 17597
val 1913
test 4541
	iters: 100, epoch: 1 | loss: 0.6658273
	speed: 0.1672s/iter; left time: 2736.5892s
	iters: 200, epoch: 1 | loss: 0.5096763
	speed: 0.1270s/iter; left time: 2066.1010s
	iters: 300, epoch: 1 | loss: 0.4385268
	speed: 0.1240s/iter; left time: 2005.5797s
	iters: 400, epoch: 1 | loss: 0.3958441
	speed: 0.1260s/iter; left time: 2024.9591s
	iters: 500, epoch: 1 | loss: 0.3569800
	speed: 0.1421s/iter; left time: 2269.0661s
Epoch: 1 cost time: 73.3412675857544
Epoch: 1, Steps: 549 | Train Loss: 0.5078641 Vali Loss: 0.2619165 Test Loss: 0.2989597
Validation loss decreased (inf --> 0.261917).  Saving model ...
Updating learning rate to 0.0002
	iters: 100, epoch: 2 | loss: 0.3001702
	speed: 0.7845s/iter; left time: 12412.4746s
	iters: 200, epoch: 2 | loss: 0.2573538
	speed: 0.1579s/iter; left time: 2482.1652s
	iters: 300, epoch: 2 | loss: 0.3037329
	speed: 0.1580s/iter; left time: 2467.6007s
	iters: 400, epoch: 2 | loss: 0.2956983
	speed: 0.1291s/iter; left time: 2004.5023s
	iters: 500, epoch: 2 | loss: 0.2705295
	speed: 0.1261s/iter; left time: 1945.0581s
Epoch: 2 cost time: 80.0108323097229
Epoch: 2, Steps: 549 | Train Loss: 0.2885251 Vali Loss: 0.2168982 Test Loss: 0.2498254
Validation loss decreased (0.261917 --> 0.216898).  Saving model ...
Updating learning rate to 0.0002
	iters: 100, epoch: 3 | loss: 0.2741610
	speed: 0.7711s/iter; left time: 11777.7107s
	iters: 200, epoch: 3 | loss: 0.2712207
	speed: 0.1595s/iter; left time: 2420.2178s
	iters: 300, epoch: 3 | loss: 0.2876269
	speed: 0.1598s/iter; left time: 2408.7200s
	iters: 400, epoch: 3 | loss: 0.2576719
	speed: 0.1631s/iter; left time: 2442.2762s
	iters: 500, epoch: 3 | loss: 0.2593159
	speed: 0.1614s/iter; left time: 2401.0727s
Epoch: 3 cost time: 89.35842156410217
Epoch: 3, Steps: 549 | Train Loss: 0.2685341 Vali Loss: 0.2089724 Test Loss: 0.2375755
Validation loss decreased (0.216898 --> 0.208972).  Saving model ...
Updating learning rate to 0.0002
	iters: 100, epoch: 4 | loss: 0.2391019
	speed: 0.7573s/iter; left time: 11150.8933s
	iters: 200, epoch: 4 | loss: 0.2519407
	speed: 0.1264s/iter; left time: 1849.0984s
	iters: 300, epoch: 4 | loss: 0.2415898
	speed: 0.1203s/iter; left time: 1746.6242s
	iters: 400, epoch: 4 | loss: 0.2272593
	speed: 0.1226s/iter; left time: 1767.8867s
	iters: 500, epoch: 4 | loss: 0.2411775
	speed: 0.1252s/iter; left time: 1793.5355s
Epoch: 4 cost time: 68.84385299682617
Epoch: 4, Steps: 549 | Train Loss: 0.2492702 Vali Loss: 0.2023990 Test Loss: 0.2221172
Validation loss decreased (0.208972 --> 0.202399).  Saving model ...
Updating learning rate to 0.00018
	iters: 100, epoch: 5 | loss: 0.2248184
	speed: 0.5792s/iter; left time: 8209.7089s
	iters: 200, epoch: 5 | loss: 0.2390676
	speed: 0.1026s/iter; left time: 1444.6267s
	iters: 300, epoch: 5 | loss: 0.2510563
	speed: 0.1013s/iter; left time: 1416.1920s
	iters: 400, epoch: 5 | loss: 0.2101218
	speed: 0.0913s/iter; left time: 1267.4263s
	iters: 500, epoch: 5 | loss: 0.2071275
	speed: 0.0845s/iter; left time: 1163.5937s
Epoch: 5 cost time: 65.00611901283264
Epoch: 5, Steps: 549 | Train Loss: 0.2313379 Vali Loss: 0.1959602 Test Loss: 0.2149608
Validation loss decreased (0.202399 --> 0.195960).  Saving model ...
Updating learning rate to 0.000162
	iters: 100, epoch: 6 | loss: 0.2069255
	speed: 0.6870s/iter; left time: 9361.6451s
	iters: 200, epoch: 6 | loss: 0.2250569
	speed: 0.0976s/iter; left time: 1320.0155s
	iters: 300, epoch: 6 | loss: 0.2106985
	speed: 0.0990s/iter; left time: 1329.7682s
	iters: 400, epoch: 6 | loss: 0.2188973
	speed: 0.0987s/iter; left time: 1315.2171s
	iters: 500, epoch: 6 | loss: 0.2196027
	speed: 0.0988s/iter; left time: 1307.0411s
Epoch: 6 cost time: 55.25129151344299
Epoch: 6, Steps: 549 | Train Loss: 0.2219535 Vali Loss: 0.1931532 Test Loss: 0.2118336
Validation loss decreased (0.195960 --> 0.193153).  Saving model ...
Updating learning rate to 0.00014580000000000002
	iters: 100, epoch: 7 | loss: 0.1989701
	speed: 0.5443s/iter; left time: 7118.2574s
	iters: 200, epoch: 7 | loss: 0.2130678
	speed: 0.0980s/iter; left time: 1272.2817s
	iters: 300, epoch: 7 | loss: 0.2079032
	speed: 0.0982s/iter; left time: 1264.4236s
	iters: 400, epoch: 7 | loss: 0.2335009
	speed: 0.0988s/iter; left time: 1262.3347s
	iters: 500, epoch: 7 | loss: 0.2218676
	speed: 0.1006s/iter; left time: 1274.9377s
Epoch: 7 cost time: 54.581790924072266
Epoch: 7, Steps: 549 | Train Loss: 0.2157731 Vali Loss: 0.1936832 Test Loss: 0.2097910
EarlyStopping counter: 1 out of 100
Updating learning rate to 0.00013122
	iters: 100, epoch: 8 | loss: 0.2213846
	speed: 0.5402s/iter; left time: 6767.2343s
	iters: 200, epoch: 8 | loss: 0.2079765
	speed: 0.0978s/iter; left time: 1215.4095s
	iters: 300, epoch: 8 | loss: 0.2062829
	speed: 0.0973s/iter; left time: 1199.0294s
	iters: 400, epoch: 8 | loss: 0.2025283
	speed: 0.0986s/iter; left time: 1205.8884s
	iters: 500, epoch: 8 | loss: 0.2125237
	speed: 0.0984s/iter; left time: 1193.8487s
Epoch: 8 cost time: 54.367074966430664
Epoch: 8, Steps: 549 | Train Loss: 0.2114673 Vali Loss: 0.1922183 Test Loss: 0.2091493
Validation loss decreased (0.193153 --> 0.192218).  Saving model ...
Updating learning rate to 0.00011809800000000002
	iters: 100, epoch: 9 | loss: 0.2204936
	speed: 0.5464s/iter; left time: 6545.5221s
	iters: 200, epoch: 9 | loss: 0.2065421
	speed: 0.0986s/iter; left time: 1171.0167s
	iters: 300, epoch: 9 | loss: 0.2079233
	speed: 0.0994s/iter; left time: 1170.6724s
	iters: 400, epoch: 9 | loss: 0.2111095
	speed: 0.0989s/iter; left time: 1155.3098s
	iters: 500, epoch: 9 | loss: 0.1971302
	speed: 0.0981s/iter; left time: 1135.9586s
Epoch: 9 cost time: 54.693997383117676
Epoch: 9, Steps: 549 | Train Loss: 0.2083182 Vali Loss: 0.1927064 Test Loss: 0.2090772
EarlyStopping counter: 1 out of 100
Updating learning rate to 0.00010628820000000001
	iters: 100, epoch: 10 | loss: 0.2024503
	speed: 0.5411s/iter; left time: 6185.0568s
	iters: 200, epoch: 10 | loss: 0.1916367
	speed: 0.0977s/iter; left time: 1106.5319s
	iters: 300, epoch: 10 | loss: 0.2131824
	speed: 0.0988s/iter; left time: 1109.6752s
	iters: 400, epoch: 10 | loss: 0.2053213
	speed: 0.0992s/iter; left time: 1103.7256s
	iters: 500, epoch: 10 | loss: 0.2225670
	speed: 0.0994s/iter; left time: 1096.2812s
Epoch: 10 cost time: 54.42760229110718
Epoch: 10, Steps: 549 | Train Loss: 0.2057844 Vali Loss: 0.1915423 Test Loss: 0.2077851
Validation loss decreased (0.192218 --> 0.191542).  Saving model ...
Updating learning rate to 9.565938000000003e-05
	iters: 100, epoch: 11 | loss: 0.2007567
	speed: 0.5408s/iter; left time: 5884.5898s
	iters: 200, epoch: 11 | loss: 0.2057751
	speed: 0.1000s/iter; left time: 1077.7252s
	iters: 300, epoch: 11 | loss: 0.1893659
	speed: 0.0987s/iter; left time: 1053.6993s
	iters: 400, epoch: 11 | loss: 0.1911113
	speed: 0.0998s/iter; left time: 1055.7243s
	iters: 500, epoch: 11 | loss: 0.2014981
	speed: 0.0985s/iter; left time: 1032.6943s
Epoch: 11 cost time: 54.70364952087402
Epoch: 11, Steps: 549 | Train Loss: 0.2039636 Vali Loss: 0.1926072 Test Loss: 0.2077728
EarlyStopping counter: 1 out of 100
Updating learning rate to 8.609344200000003e-05
	iters: 100, epoch: 12 | loss: 0.2076500
	speed: 0.5476s/iter; left time: 5658.1175s
	iters: 200, epoch: 12 | loss: 0.2112850
	speed: 0.0981s/iter; left time: 1004.2232s
	iters: 300, epoch: 12 | loss: 0.2173382
	speed: 0.1001s/iter; left time: 1013.7247s
	iters: 400, epoch: 12 | loss: 0.2094699
	speed: 0.0973s/iter; left time: 976.4542s
	iters: 500, epoch: 12 | loss: 0.2054176
	speed: 0.0977s/iter; left time: 970.4783s
Epoch: 12 cost time: 54.47150993347168
Epoch: 12, Steps: 549 | Train Loss: 0.2022758 Vali Loss: 0.1910307 Test Loss: 0.2076710
Validation loss decreased (0.191542 --> 0.191031).  Saving model ...
Updating learning rate to 7.748409780000002e-05
	iters: 100, epoch: 13 | loss: 0.1941434
	speed: 0.5446s/iter; left time: 5328.0439s
	iters: 200, epoch: 13 | loss: 0.2015646
	speed: 0.0976s/iter; left time: 944.5844s
	iters: 300, epoch: 13 | loss: 0.1980657
	speed: 0.0996s/iter; left time: 953.9998s
	iters: 400, epoch: 13 | loss: 0.2161838
	speed: 0.0991s/iter; left time: 940.0872s
	iters: 500, epoch: 13 | loss: 0.2062159
	speed: 0.1004s/iter; left time: 942.0662s
Epoch: 13 cost time: 54.816582918167114
Epoch: 13, Steps: 549 | Train Loss: 0.2010006 Vali Loss: 0.1910559 Test Loss: 0.2072537
EarlyStopping counter: 1 out of 100
Updating learning rate to 6.973568802000002e-05
	iters: 100, epoch: 14 | loss: 0.1943850
	speed: 0.5439s/iter; left time: 5022.2850s
	iters: 200, epoch: 14 | loss: 0.2067835
	speed: 0.0982s/iter; left time: 897.0962s
	iters: 300, epoch: 14 | loss: 0.1893957
	speed: 0.0987s/iter; left time: 891.3571s
	iters: 400, epoch: 14 | loss: 0.2003305
	speed: 0.0996s/iter; left time: 889.7976s
	iters: 500, epoch: 14 | loss: 0.1889807
	speed: 0.0997s/iter; left time: 880.8452s
Epoch: 14 cost time: 54.7067289352417
Epoch: 14, Steps: 549 | Train Loss: 0.1999090 Vali Loss: 0.1895289 Test Loss: 0.2062986
Validation loss decreased (0.191031 --> 0.189529).  Saving model ...
Updating learning rate to 6.276211921800002e-05
	iters: 100, epoch: 15 | loss: 0.1830793
	speed: 0.5480s/iter; left time: 4759.1755s
	iters: 200, epoch: 15 | loss: 0.2018468
	speed: 0.0968s/iter; left time: 831.2080s
	iters: 300, epoch: 15 | loss: 0.2264299
	speed: 0.0990s/iter; left time: 840.0426s
	iters: 400, epoch: 15 | loss: 0.1937580
	speed: 0.0988s/iter; left time: 828.8005s
	iters: 500, epoch: 15 | loss: 0.1918475
	speed: 0.0983s/iter; left time: 814.7790s
Epoch: 15 cost time: 54.67868232727051
Epoch: 15, Steps: 549 | Train Loss: 0.1989370 Vali Loss: 0.1904535 Test Loss: 0.2062858
EarlyStopping counter: 1 out of 100
Updating learning rate to 5.648590729620002e-05
	iters: 100, epoch: 16 | loss: 0.1922859
	speed: 0.5455s/iter; left time: 4438.0191s
	iters: 200, epoch: 16 | loss: 0.1930969
	speed: 0.0989s/iter; left time: 794.5395s
	iters: 300, epoch: 16 | loss: 0.2079178
	speed: 0.0983s/iter; left time: 780.2731s
	iters: 400, epoch: 16 | loss: 0.1874872
	speed: 0.0967s/iter; left time: 757.7539s
	iters: 500, epoch: 16 | loss: 0.2051594
	speed: 0.0970s/iter; left time: 750.5046s
Epoch: 16 cost time: 54.34081697463989
Epoch: 16, Steps: 549 | Train Loss: 0.1981156 Vali Loss: 0.1902232 Test Loss: 0.2061000
EarlyStopping counter: 2 out of 100
Updating learning rate to 5.083731656658002e-05
	iters: 100, epoch: 17 | loss: 0.2012596
	speed: 0.5300s/iter; left time: 4021.4143s
	iters: 200, epoch: 17 | loss: 0.1829385
	speed: 0.0994s/iter; left time: 744.3833s
	iters: 300, epoch: 17 | loss: 0.1947408
	speed: 0.0983s/iter; left time: 725.8345s
	iters: 400, epoch: 17 | loss: 0.2012442
	speed: 0.0988s/iter; left time: 719.9456s
	iters: 500, epoch: 17 | loss: 0.2019800
	speed: 0.0983s/iter; left time: 706.3549s
Epoch: 17 cost time: 54.69931697845459
Epoch: 17, Steps: 549 | Train Loss: 0.1974080 Vali Loss: 0.1908243 Test Loss: 0.2060924
EarlyStopping counter: 3 out of 100
Updating learning rate to 4.575358490992202e-05
	iters: 100, epoch: 18 | loss: 0.1927867
	speed: 0.5351s/iter; left time: 3765.7827s
	iters: 200, epoch: 18 | loss: 0.1961113
	speed: 0.0995s/iter; left time: 690.1473s
	iters: 300, epoch: 18 | loss: 0.2087937
	speed: 0.0979s/iter; left time: 669.7283s
	iters: 400, epoch: 18 | loss: 0.1956709
	speed: 0.0987s/iter; left time: 664.7251s
	iters: 500, epoch: 18 | loss: 0.2046582
	speed: 0.0975s/iter; left time: 647.3330s
Epoch: 18 cost time: 54.57349514961243
Epoch: 18, Steps: 549 | Train Loss: 0.1967887 Vali Loss: 0.1898095 Test Loss: 0.2063296
EarlyStopping counter: 4 out of 100
Updating learning rate to 4.117822641892981e-05
	iters: 100, epoch: 19 | loss: 0.1887010
	speed: 0.5334s/iter; left time: 3461.5559s
	iters: 200, epoch: 19 | loss: 0.2091222
	speed: 0.0993s/iter; left time: 634.3112s
	iters: 300, epoch: 19 | loss: 0.1837960
	speed: 0.0998s/iter; left time: 627.4198s
	iters: 400, epoch: 19 | loss: 0.2002247
	speed: 0.0976s/iter; left time: 603.9765s
	iters: 500, epoch: 19 | loss: 0.1945224
	speed: 0.0979s/iter; left time: 596.1357s
Epoch: 19 cost time: 54.51043343544006
Epoch: 19, Steps: 549 | Train Loss: 0.1961990 Vali Loss: 0.1902807 Test Loss: 0.2060473
EarlyStopping counter: 5 out of 100
Updating learning rate to 3.706040377703683e-05
	iters: 100, epoch: 20 | loss: 0.2100269
	speed: 0.5288s/iter; left time: 3141.2902s
	iters: 200, epoch: 20 | loss: 0.2042306
	speed: 0.0993s/iter; left time: 579.6840s
	iters: 300, epoch: 20 | loss: 0.2017286
	speed: 0.0983s/iter; left time: 564.0169s
	iters: 400, epoch: 20 | loss: 0.1978233
	speed: 0.0951s/iter; left time: 536.4130s
	iters: 500, epoch: 20 | loss: 0.1971976
	speed: 0.0933s/iter; left time: 516.7486s
Epoch: 20 cost time: 53.688522815704346
Epoch: 20, Steps: 549 | Train Loss: 0.1957284 Vali Loss: 0.1907118 Test Loss: 0.2065103
EarlyStopping counter: 6 out of 100
Updating learning rate to 3.3354363399333154e-05
	iters: 100, epoch: 21 | loss: 0.1780596
	speed: 0.3915s/iter; left time: 2110.3104s
	iters: 200, epoch: 21 | loss: 0.1835375
	speed: 0.0823s/iter; left time: 435.4535s
	iters: 300, epoch: 21 | loss: 0.1913839
	speed: 0.0838s/iter; left time: 434.7984s
	iters: 400, epoch: 21 | loss: 0.1901116
	speed: 0.0834s/iter; left time: 424.5094s
	iters: 500, epoch: 21 | loss: 0.1875120
	speed: 0.0838s/iter; left time: 418.3896s
Epoch: 21 cost time: 46.10326170921326
Epoch: 21, Steps: 549 | Train Loss: 0.1953104 Vali Loss: 0.1899140 Test Loss: 0.2052481
EarlyStopping counter: 7 out of 100
Updating learning rate to 3.0018927059399838e-05
	iters: 100, epoch: 22 | loss: 0.1959304
	speed: 0.3572s/iter; left time: 1729.4262s
	iters: 200, epoch: 22 | loss: 0.1948036
	speed: 0.0828s/iter; left time: 392.7720s
	iters: 300, epoch: 22 | loss: 0.1941678
	speed: 0.0823s/iter; left time: 381.8079s
	iters: 400, epoch: 22 | loss: 0.1945323
	speed: 0.0829s/iter; left time: 376.4444s
	iters: 500, epoch: 22 | loss: 0.1868700
	speed: 0.0839s/iter; left time: 372.5053s
Epoch: 22 cost time: 45.996453523635864
Epoch: 22, Steps: 549 | Train Loss: 0.1949838 Vali Loss: 0.1892551 Test Loss: 0.2050516
Validation loss decreased (0.189529 --> 0.189255).  Saving model ...
Updating learning rate to 2.7017034353459858e-05
	iters: 100, epoch: 23 | loss: 0.2051982
	speed: 0.3640s/iter; left time: 1562.5129s
	iters: 200, epoch: 23 | loss: 0.1949750
	speed: 0.0830s/iter; left time: 348.1008s
	iters: 300, epoch: 23 | loss: 0.1986426
	speed: 0.0839s/iter; left time: 343.2405s
	iters: 400, epoch: 23 | loss: 0.2000264
	speed: 0.0826s/iter; left time: 329.9781s
	iters: 500, epoch: 23 | loss: 0.1887147
	speed: 0.0827s/iter; left time: 321.8351s
Epoch: 23 cost time: 46.018553733825684
Epoch: 23, Steps: 549 | Train Loss: 0.1945688 Vali Loss: 0.1908469 Test Loss: 0.2066157
EarlyStopping counter: 1 out of 100
Updating learning rate to 2.431533091811387e-05
	iters: 100, epoch: 24 | loss: 0.1944593
	speed: 0.3740s/iter; left time: 1400.1583s
	iters: 200, epoch: 24 | loss: 0.1853420
	speed: 0.0848s/iter; left time: 309.0893s
	iters: 300, epoch: 24 | loss: 0.1815300
	speed: 0.0838s/iter; left time: 297.1074s
	iters: 400, epoch: 24 | loss: 0.1971871
	speed: 0.0839s/iter; left time: 289.1018s
	iters: 500, epoch: 24 | loss: 0.2015723
	speed: 0.0841s/iter; left time: 281.0665s
Epoch: 24 cost time: 46.633124113082886
Epoch: 24, Steps: 549 | Train Loss: 0.1943204 Vali Loss: 0.1901609 Test Loss: 0.2057139
EarlyStopping counter: 2 out of 100
Updating learning rate to 2.1883797826302484e-05
	iters: 100, epoch: 25 | loss: 0.1996987
	speed: 0.3736s/iter; left time: 1193.7590s
	iters: 200, epoch: 25 | loss: 0.1814118
	speed: 0.0830s/iter; left time: 256.8699s
	iters: 300, epoch: 25 | loss: 0.1939076
	speed: 0.0834s/iter; left time: 249.8221s
	iters: 400, epoch: 25 | loss: 0.2035297
	speed: 0.0829s/iter; left time: 239.9307s
	iters: 500, epoch: 25 | loss: 0.1905112
	speed: 0.0830s/iter; left time: 231.9023s
Epoch: 25 cost time: 46.15423846244812
Epoch: 25, Steps: 549 | Train Loss: 0.1940363 Vali Loss: 0.1904160 Test Loss: 0.2059699
EarlyStopping counter: 3 out of 100
Updating learning rate to 1.9695418043672237e-05
	iters: 100, epoch: 26 | loss: 0.1916652
	speed: 0.3746s/iter; left time: 991.2664s
	iters: 200, epoch: 26 | loss: 0.1745991
	speed: 0.0841s/iter; left time: 214.1509s
	iters: 300, epoch: 26 | loss: 0.1831710
	speed: 0.0827s/iter; left time: 202.3072s
	iters: 400, epoch: 26 | loss: 0.1883907
	speed: 0.0836s/iter; left time: 196.1528s
	iters: 500, epoch: 26 | loss: 0.1866424
	speed: 0.0830s/iter; left time: 186.3203s
Epoch: 26 cost time: 46.161396503448486
Epoch: 26, Steps: 549 | Train Loss: 0.1937584 Vali Loss: 0.1897697 Test Loss: 0.2059177
EarlyStopping counter: 4 out of 100
Updating learning rate to 1.7725876239305016e-05
	iters: 100, epoch: 27 | loss: 0.1821609
	speed: 0.3734s/iter; left time: 783.0345s
	iters: 200, epoch: 27 | loss: 0.1987128
	speed: 0.0840s/iter; left time: 167.7873s
	iters: 300, epoch: 27 | loss: 0.1813766
	speed: 0.0842s/iter; left time: 159.6663s
	iters: 400, epoch: 27 | loss: 0.1971908
	speed: 0.0842s/iter; left time: 151.2835s
	iters: 500, epoch: 27 | loss: 0.1964724
	speed: 0.0827s/iter; left time: 140.4263s
Epoch: 27 cost time: 46.475958824157715
Epoch: 27, Steps: 549 | Train Loss: 0.1936391 Vali Loss: 0.1895948 Test Loss: 0.2059379
EarlyStopping counter: 5 out of 100
Updating learning rate to 1.595328861537451e-05
	iters: 100, epoch: 28 | loss: 0.1775765
	speed: 0.3706s/iter; left time: 573.6828s
	iters: 200, epoch: 28 | loss: 0.2250697
	speed: 0.0856s/iter; left time: 124.0147s
	iters: 300, epoch: 28 | loss: 0.2090544
	speed: 0.0841s/iter; left time: 113.3304s
	iters: 400, epoch: 28 | loss: 0.1915373
	speed: 0.0851s/iter; left time: 106.1662s
	iters: 500, epoch: 28 | loss: 0.1953907
	speed: 0.0854s/iter; left time: 98.0338s
Epoch: 28 cost time: 47.0525176525116
Epoch: 28, Steps: 549 | Train Loss: 0.1934059 Vali Loss: 0.1897446 Test Loss: 0.2057672
EarlyStopping counter: 6 out of 100
Updating learning rate to 1.4357959753837061e-05
	iters: 100, epoch: 29 | loss: 0.1881567
	speed: 0.3774s/iter; left time: 376.9920s
	iters: 200, epoch: 29 | loss: 0.1999443
	speed: 0.0821s/iter; left time: 73.7872s
	iters: 300, epoch: 29 | loss: 0.1933330
	speed: 0.0833s/iter; left time: 66.5579s
	iters: 400, epoch: 29 | loss: 0.1905004
	speed: 0.0826s/iter; left time: 57.7437s
	iters: 500, epoch: 29 | loss: 0.1952567
	speed: 0.0821s/iter; left time: 49.1943s
Epoch: 29 cost time: 45.83059644699097
Epoch: 29, Steps: 549 | Train Loss: 0.1932510 Vali Loss: 0.1885739 Test Loss: 0.2057604
Validation loss decreased (0.189255 --> 0.188574).  Saving model ...
Updating learning rate to 1.2922163778453355e-05
	iters: 100, epoch: 30 | loss: 0.1981411
	speed: 0.3745s/iter; left time: 168.5464s
	iters: 200, epoch: 30 | loss: 0.1801691
	speed: 0.0842s/iter; left time: 29.4848s
	iters: 300, epoch: 30 | loss: 0.1997882
	speed: 0.0836s/iter; left time: 20.8904s
	iters: 400, epoch: 30 | loss: 0.1918052
	speed: 0.0836s/iter; left time: 12.5394s
	iters: 500, epoch: 30 | loss: 0.1855933
	speed: 0.0830s/iter; left time: 4.1493s
Epoch: 30 cost time: 46.37143588066101
Epoch: 30, Steps: 549 | Train Loss: 0.1930964 Vali Loss: 0.1899577 Test Loss: 0.2062864
EarlyStopping counter: 1 out of 100
Updating learning rate to 1.1629947400608019e-05
>>>>>>>testing : electricity_96_720_MLPAer_custom_ftM_sl96_ll48_pl720_dm2048_nh8_el2_dl1_df2048_fc1_ebtimeF_dtTrue_Exp_0<<<<<<<<<<<<<<<<<<<<<<<<<<<<<<<<<
test 4541
mse:0.20575909316539764, mae:0.29715296626091003, rse:0.45271196961402893
