Args in experiment:
Namespace(random_seed=2025, is_training=1, model_id='ETTm2_96_336', model='MLPAer', data='ETTm2', root_path='./dataset/', data_path='ETTm2.csv', features='M', target='OT', freq='h', checkpoints='./checkpoints/', seq_len=96, label_len=48, pred_len=336, fc_dropout=0.05, head_dropout=0.6, patch_len=16, stride=8, padding_patch='end', revin=1, affine=0, subtract_last=0, decomposition=0, kernel_size=25, individual=0, embed_type=0, enc_in=7, dec_in=7, c_out=7, d_model=512, n_heads=8, e_layers=2, d_layers=1, d_ff=2048, moving_avg=25, factor=1, distil=True, dropout=0.05, embed='timeF', activation='gelu', output_attention=False, do_predict=False, num_workers=10, itr=1, train_epochs=30, batch_size=32, patience=100, learning_rate=0.0001, des='Exp', loss='mse', lradj='type3', pct_start=0.3, use_amp=False, c_ff=32, t_ff=256, c_dropout=0.0, t_dropout=0.0, embed_dropout=0.1, head_type='prediction', usenorm=1, use_gpu=True, gpu=0, use_multi_gpu=False, devices='0,1,2,3', test_flop=False)
Use GPU: cuda:0
>>>>>>>start training : ETTm2_96_336_MLPAer_ETTm2_ftM_sl96_ll48_pl336_dm512_nh8_el2_dl1_df2048_fc1_ebtimeF_dtTrue_Exp_0>>>>>>>>>>>>>>>>>>>>>>>>>>
train 34129
val 11185
test 11185
	iters: 100, epoch: 1 | loss: 0.5476783
	speed: 0.1932s/iter; left time: 6160.4235s
	iters: 200, epoch: 1 | loss: 0.2011440
	speed: 0.1132s/iter; left time: 3598.9769s
	iters: 300, epoch: 1 | loss: 0.3507128
	speed: 0.1145s/iter; left time: 3627.5117s
	iters: 400, epoch: 1 | loss: 0.9768028
	speed: 0.1098s/iter; left time: 3468.2265s
	iters: 500, epoch: 1 | loss: 0.2394982
	speed: 0.1065s/iter; left time: 3352.5441s
	iters: 600, epoch: 1 | loss: 0.2776314
	speed: 0.1034s/iter; left time: 3244.9921s
	iters: 700, epoch: 1 | loss: 1.0416995
	speed: 0.1050s/iter; left time: 3283.9818s
	iters: 800, epoch: 1 | loss: 0.2826028
	speed: 0.1026s/iter; left time: 3200.0932s
	iters: 900, epoch: 1 | loss: 0.3118014
	speed: 0.1056s/iter; left time: 3281.1861s
	iters: 1000, epoch: 1 | loss: 0.4505671
	speed: 0.1051s/iter; left time: 3254.6633s
Epoch: 1 cost time: 115.93488454818726
Epoch: 1, Steps: 1066 | Train Loss: 0.4815243 Vali Loss: 0.2360693 Test Loss: 0.3300189
Validation loss decreased (inf --> 0.236069).  Saving model ...
Updating learning rate to 0.0001
	iters: 100, epoch: 2 | loss: 0.3320961
	speed: 2.8798s/iter; left time: 88741.8906s
	iters: 200, epoch: 2 | loss: 0.2659748
	speed: 0.1129s/iter; left time: 3469.1681s
	iters: 300, epoch: 2 | loss: 0.5252389
	speed: 0.1124s/iter; left time: 3440.6371s
	iters: 400, epoch: 2 | loss: 1.0183598
	speed: 0.1129s/iter; left time: 3445.6229s
	iters: 500, epoch: 2 | loss: 0.6124443
	speed: 0.1115s/iter; left time: 3390.2231s
	iters: 600, epoch: 2 | loss: 0.3927507
	speed: 0.1107s/iter; left time: 3357.0236s
	iters: 700, epoch: 2 | loss: 0.2669165
	speed: 0.1138s/iter; left time: 3438.5451s
	iters: 800, epoch: 2 | loss: 0.3188984
	speed: 0.1127s/iter; left time: 3394.9958s
	iters: 900, epoch: 2 | loss: 0.3066856
	speed: 0.1129s/iter; left time: 3387.9503s
	iters: 1000, epoch: 2 | loss: 0.3491411
	speed: 0.1155s/iter; left time: 3455.2103s
Epoch: 2 cost time: 121.48148107528687
Epoch: 2, Steps: 1066 | Train Loss: 0.4455474 Vali Loss: 0.2193022 Test Loss: 0.3045085
Validation loss decreased (0.236069 --> 0.219302).  Saving model ...
Updating learning rate to 0.0001
	iters: 100, epoch: 3 | loss: 0.2440741
	speed: 2.8029s/iter; left time: 83382.2186s
	iters: 200, epoch: 3 | loss: 0.2413481
	speed: 0.0902s/iter; left time: 2673.3257s
	iters: 300, epoch: 3 | loss: 0.2703151
	speed: 0.0881s/iter; left time: 2604.7264s
	iters: 400, epoch: 3 | loss: 0.3548400
	speed: 0.0886s/iter; left time: 2609.3543s
	iters: 500, epoch: 3 | loss: 0.2308623
	speed: 0.0894s/iter; left time: 2624.2247s
	iters: 600, epoch: 3 | loss: 0.2242031
	speed: 0.0905s/iter; left time: 2646.5823s
	iters: 700, epoch: 3 | loss: 0.1688048
	speed: 0.0908s/iter; left time: 2646.2819s
	iters: 800, epoch: 3 | loss: 0.2219838
	speed: 0.0915s/iter; left time: 2657.0191s
	iters: 900, epoch: 3 | loss: 0.3165271
	speed: 0.0911s/iter; left time: 2635.9818s
	iters: 1000, epoch: 3 | loss: 0.3427797
	speed: 0.0885s/iter; left time: 2552.2494s
Epoch: 3 cost time: 96.14885330200195
Epoch: 3, Steps: 1066 | Train Loss: 0.4311796 Vali Loss: 0.2165190 Test Loss: 0.3004297
Validation loss decreased (0.219302 --> 0.216519).  Saving model ...
Updating learning rate to 0.0001
	iters: 100, epoch: 4 | loss: 0.4732541
	speed: 2.3329s/iter; left time: 66915.1948s
	iters: 200, epoch: 4 | loss: 0.4323209
	speed: 0.0901s/iter; left time: 2575.0997s
	iters: 300, epoch: 4 | loss: 0.7819881
	speed: 0.0946s/iter; left time: 2693.9159s
	iters: 400, epoch: 4 | loss: 0.1919962
	speed: 0.0801s/iter; left time: 2274.4276s
	iters: 500, epoch: 4 | loss: 0.2100776
	speed: 0.0790s/iter; left time: 2235.7695s
	iters: 600, epoch: 4 | loss: 0.5363048
	speed: 0.0741s/iter; left time: 2089.7335s
	iters: 700, epoch: 4 | loss: 0.4992008
	speed: 0.0743s/iter; left time: 2087.5562s
	iters: 800, epoch: 4 | loss: 0.4761443
	speed: 0.0774s/iter; left time: 2166.7717s
	iters: 900, epoch: 4 | loss: 0.6510633
	speed: 0.0759s/iter; left time: 2117.3602s
	iters: 1000, epoch: 4 | loss: 0.3518667
	speed: 0.0932s/iter; left time: 2589.1987s
Epoch: 4 cost time: 89.65413045883179
Epoch: 4, Steps: 1066 | Train Loss: 0.4263220 Vali Loss: 0.2185192 Test Loss: 0.2994290
EarlyStopping counter: 1 out of 100
Updating learning rate to 9e-05
	iters: 100, epoch: 5 | loss: 0.4179864
	speed: 1.6426s/iter; left time: 45364.7229s
	iters: 200, epoch: 5 | loss: 0.3606351
	speed: 0.0789s/iter; left time: 2170.3130s
	iters: 300, epoch: 5 | loss: 0.2039899
	speed: 0.0786s/iter; left time: 2154.7471s
	iters: 400, epoch: 5 | loss: 0.2625565
	speed: 0.0780s/iter; left time: 2129.7421s
	iters: 500, epoch: 5 | loss: 0.2043819
	speed: 0.0787s/iter; left time: 2143.0244s
	iters: 600, epoch: 5 | loss: 0.2633684
	speed: 0.0769s/iter; left time: 2086.3962s
	iters: 700, epoch: 5 | loss: 0.5605791
	speed: 0.0791s/iter; left time: 2136.2729s
	iters: 800, epoch: 5 | loss: 0.2480675
	speed: 0.0780s/iter; left time: 2098.6009s
	iters: 900, epoch: 5 | loss: 0.3393480
	speed: 0.0741s/iter; left time: 1987.7901s
	iters: 1000, epoch: 5 | loss: 0.2746614
	speed: 0.0673s/iter; left time: 1797.0893s
Epoch: 5 cost time: 81.06906914710999
Epoch: 5, Steps: 1066 | Train Loss: 0.4231384 Vali Loss: 0.2180836 Test Loss: 0.2982661
EarlyStopping counter: 2 out of 100
Updating learning rate to 8.1e-05
	iters: 100, epoch: 6 | loss: 0.4605428
	speed: 1.5940s/iter; left time: 42323.6047s
	iters: 200, epoch: 6 | loss: 1.1273251
	speed: 0.0783s/iter; left time: 2070.8120s
	iters: 300, epoch: 6 | loss: 0.2438445
	speed: 0.0773s/iter; left time: 2035.6149s
	iters: 400, epoch: 6 | loss: 0.2009662
	speed: 0.0747s/iter; left time: 1961.0503s
	iters: 500, epoch: 6 | loss: 0.4290649
	speed: 0.0735s/iter; left time: 1921.2866s
	iters: 600, epoch: 6 | loss: 0.5114642
	speed: 0.0717s/iter; left time: 1868.4415s
	iters: 700, epoch: 6 | loss: 0.3612067
	speed: 0.0713s/iter; left time: 1849.6545s
	iters: 800, epoch: 6 | loss: 0.8115655
	speed: 0.0725s/iter; left time: 1873.8305s
	iters: 900, epoch: 6 | loss: 0.3615106
	speed: 0.0724s/iter; left time: 1864.1820s
	iters: 1000, epoch: 6 | loss: 0.2121626
	speed: 0.0705s/iter; left time: 1808.2151s
Epoch: 6 cost time: 79.18093276023865
Epoch: 6, Steps: 1066 | Train Loss: 0.4198071 Vali Loss: 0.2181681 Test Loss: 0.2971273
EarlyStopping counter: 3 out of 100
Updating learning rate to 7.290000000000001e-05
	iters: 100, epoch: 7 | loss: 0.4070457
	speed: 1.7038s/iter; left time: 43422.0939s
	iters: 200, epoch: 7 | loss: 0.6641586
	speed: 0.0709s/iter; left time: 1800.5011s
	iters: 300, epoch: 7 | loss: 0.7788128
	speed: 0.0712s/iter; left time: 1800.9953s
	iters: 400, epoch: 7 | loss: 0.2980867
	speed: 0.0713s/iter; left time: 1795.0851s
	iters: 500, epoch: 7 | loss: 0.4124898
	speed: 0.0707s/iter; left time: 1774.1976s
	iters: 600, epoch: 7 | loss: 0.6749739
	speed: 0.0701s/iter; left time: 1750.8869s
	iters: 700, epoch: 7 | loss: 0.4769147
	speed: 0.0717s/iter; left time: 1784.1633s
	iters: 800, epoch: 7 | loss: 0.2132626
	speed: 0.0713s/iter; left time: 1767.9318s
	iters: 900, epoch: 7 | loss: 0.5937768
	speed: 0.0759s/iter; left time: 1873.5197s
	iters: 1000, epoch: 7 | loss: 0.5306489
	speed: 0.0754s/iter; left time: 1854.7666s
Epoch: 7 cost time: 77.29144144058228
Epoch: 7, Steps: 1066 | Train Loss: 0.4156618 Vali Loss: 0.2162511 Test Loss: 0.2959383
Validation loss decreased (0.216519 --> 0.216251).  Saving model ...
Updating learning rate to 6.561e-05
	iters: 100, epoch: 8 | loss: 0.2427712
	speed: 1.7192s/iter; left time: 41981.2296s
	iters: 200, epoch: 8 | loss: 0.4312158
	speed: 0.0775s/iter; left time: 1883.8435s
	iters: 300, epoch: 8 | loss: 0.3959407
	speed: 0.0767s/iter; left time: 1858.6451s
	iters: 400, epoch: 8 | loss: 0.3171092
	speed: 0.0748s/iter; left time: 1803.7771s
	iters: 500, epoch: 8 | loss: 1.0118599
	speed: 0.0768s/iter; left time: 1844.8347s
	iters: 600, epoch: 8 | loss: 0.4787919
	speed: 0.0769s/iter; left time: 1840.2597s
	iters: 700, epoch: 8 | loss: 0.2172860
	speed: 0.0768s/iter; left time: 1829.0587s
	iters: 800, epoch: 8 | loss: 0.4571673
	speed: 0.0788s/iter; left time: 1868.8350s
	iters: 900, epoch: 8 | loss: 0.6085047
	speed: 0.0783s/iter; left time: 1848.9732s
	iters: 1000, epoch: 8 | loss: 0.2232663
	speed: 0.0779s/iter; left time: 1831.5337s
Epoch: 8 cost time: 82.04554009437561
Epoch: 8, Steps: 1066 | Train Loss: 0.4106371 Vali Loss: 0.2140719 Test Loss: 0.2915841
Validation loss decreased (0.216251 --> 0.214072).  Saving model ...
Updating learning rate to 5.904900000000001e-05
	iters: 100, epoch: 9 | loss: 0.6516343
	speed: 1.6233s/iter; left time: 37909.6362s
	iters: 200, epoch: 9 | loss: 1.2045529
	speed: 0.0761s/iter; left time: 1768.7220s
	iters: 300, epoch: 9 | loss: 0.3051656
	speed: 0.0794s/iter; left time: 1838.6492s
	iters: 400, epoch: 9 | loss: 0.4348866
	speed: 0.0785s/iter; left time: 1810.5594s
	iters: 500, epoch: 9 | loss: 0.2578053
	speed: 0.0780s/iter; left time: 1791.3849s
	iters: 600, epoch: 9 | loss: 0.7023530
	speed: 0.0775s/iter; left time: 1772.1389s
	iters: 700, epoch: 9 | loss: 0.2094488
	speed: 0.0720s/iter; left time: 1637.7530s
	iters: 800, epoch: 9 | loss: 0.1811076
	speed: 0.0729s/iter; left time: 1650.7672s
	iters: 900, epoch: 9 | loss: 0.2034401
	speed: 0.0742s/iter; left time: 1673.2795s
	iters: 1000, epoch: 9 | loss: 0.4843060
	speed: 0.0754s/iter; left time: 1693.3731s
Epoch: 9 cost time: 81.25123691558838
Epoch: 9, Steps: 1066 | Train Loss: 0.4062379 Vali Loss: 0.2134894 Test Loss: 0.2908770
Validation loss decreased (0.214072 --> 0.213489).  Saving model ...
Updating learning rate to 5.3144100000000005e-05
	iters: 100, epoch: 10 | loss: 0.6633264
	speed: 1.6969s/iter; left time: 37817.8081s
	iters: 200, epoch: 10 | loss: 0.2820958
	speed: 0.0727s/iter; left time: 1612.6410s
	iters: 300, epoch: 10 | loss: 0.3045666
	speed: 0.0740s/iter; left time: 1635.4940s
	iters: 400, epoch: 10 | loss: 0.8174331
	speed: 0.0734s/iter; left time: 1613.9633s
	iters: 500, epoch: 10 | loss: 0.5204183
	speed: 0.0740s/iter; left time: 1620.5028s
	iters: 600, epoch: 10 | loss: 0.2366136
	speed: 0.0742s/iter; left time: 1616.4699s
	iters: 700, epoch: 10 | loss: 0.4772916
	speed: 0.0739s/iter; left time: 1603.1604s
	iters: 800, epoch: 10 | loss: 0.3279248
	speed: 0.0738s/iter; left time: 1592.3704s
	iters: 900, epoch: 10 | loss: 0.2529432
	speed: 0.0740s/iter; left time: 1591.0295s
	iters: 1000, epoch: 10 | loss: 0.7196580
	speed: 0.0746s/iter; left time: 1595.2646s
Epoch: 10 cost time: 79.19517636299133
Epoch: 10, Steps: 1066 | Train Loss: 0.4011568 Vali Loss: 0.2153852 Test Loss: 0.2912755
EarlyStopping counter: 1 out of 100
Updating learning rate to 4.782969000000001e-05
	iters: 100, epoch: 11 | loss: 0.4018184
	speed: 1.7249s/iter; left time: 36603.0610s
	iters: 200, epoch: 11 | loss: 0.2990340
	speed: 0.0758s/iter; left time: 1601.3253s
	iters: 300, epoch: 11 | loss: 0.2425565
	speed: 0.0789s/iter; left time: 1658.6553s
	iters: 400, epoch: 11 | loss: 0.4918195
	speed: 0.0780s/iter; left time: 1632.2993s
	iters: 500, epoch: 11 | loss: 0.3258599
	speed: 0.0774s/iter; left time: 1612.5249s
	iters: 600, epoch: 11 | loss: 0.2201871
	speed: 0.0768s/iter; left time: 1590.6632s
	iters: 700, epoch: 11 | loss: 0.2435061
	speed: 0.0750s/iter; left time: 1545.6740s
	iters: 800, epoch: 11 | loss: 0.6168467
	speed: 0.0772s/iter; left time: 1584.9400s
	iters: 900, epoch: 11 | loss: 0.5212006
	speed: 0.0760s/iter; left time: 1552.8955s
	iters: 1000, epoch: 11 | loss: 0.2962646
	speed: 0.0764s/iter; left time: 1551.9630s
Epoch: 11 cost time: 81.64064860343933
Epoch: 11, Steps: 1066 | Train Loss: 0.3979360 Vali Loss: 0.2140505 Test Loss: 0.2911032
EarlyStopping counter: 2 out of 100
Updating learning rate to 4.304672100000001e-05
	iters: 100, epoch: 12 | loss: 0.2403489
	speed: 1.4791s/iter; left time: 29811.5988s
	iters: 200, epoch: 12 | loss: 0.2862903
	speed: 0.0707s/iter; left time: 1418.0754s
	iters: 300, epoch: 12 | loss: 0.3610469
	speed: 0.0714s/iter; left time: 1423.8999s
	iters: 400, epoch: 12 | loss: 0.2645386
	speed: 0.0701s/iter; left time: 1392.3985s
	iters: 500, epoch: 12 | loss: 0.4268442
	speed: 0.0704s/iter; left time: 1391.6078s
	iters: 600, epoch: 12 | loss: 1.0953375
	speed: 0.0726s/iter; left time: 1427.7958s
	iters: 700, epoch: 12 | loss: 0.6107609
	speed: 0.0723s/iter; left time: 1413.2129s
	iters: 800, epoch: 12 | loss: 0.2561681
	speed: 0.0715s/iter; left time: 1390.7227s
	iters: 900, epoch: 12 | loss: 0.2933686
	speed: 0.0715s/iter; left time: 1384.0824s
	iters: 1000, epoch: 12 | loss: 0.4664940
	speed: 0.0639s/iter; left time: 1230.7795s
Epoch: 12 cost time: 75.00189590454102
Epoch: 12, Steps: 1066 | Train Loss: 0.3941053 Vali Loss: 0.2138164 Test Loss: 0.2906573
EarlyStopping counter: 3 out of 100
Updating learning rate to 3.874204890000001e-05
	iters: 100, epoch: 13 | loss: 0.3533690
	speed: 1.7320s/iter; left time: 33061.4384s
	iters: 200, epoch: 13 | loss: 0.6066042
	speed: 0.0694s/iter; left time: 1318.0230s
	iters: 300, epoch: 13 | loss: 0.1476235
	speed: 0.0707s/iter; left time: 1335.8240s
	iters: 400, epoch: 13 | loss: 0.4992274
	speed: 0.0712s/iter; left time: 1338.4627s
	iters: 500, epoch: 13 | loss: 0.2782515
	speed: 0.0772s/iter; left time: 1443.6720s
	iters: 600, epoch: 13 | loss: 0.2094889
	speed: 0.0756s/iter; left time: 1405.8815s
	iters: 700, epoch: 13 | loss: 0.2128105
	speed: 0.0786s/iter; left time: 1452.5581s
	iters: 800, epoch: 13 | loss: 0.5264989
	speed: 0.0751s/iter; left time: 1381.1657s
	iters: 900, epoch: 13 | loss: 0.4465218
	speed: 0.0737s/iter; left time: 1348.4070s
	iters: 1000, epoch: 13 | loss: 0.2990016
	speed: 0.0761s/iter; left time: 1383.9599s
Epoch: 13 cost time: 78.99459552764893
Epoch: 13, Steps: 1066 | Train Loss: 0.3914890 Vali Loss: 0.2156057 Test Loss: 0.2918923
EarlyStopping counter: 4 out of 100
Updating learning rate to 3.486784401000001e-05
	iters: 100, epoch: 14 | loss: 0.4535058
	speed: 1.6821s/iter; left time: 30316.0250s
	iters: 200, epoch: 14 | loss: 0.2699034
	speed: 0.0750s/iter; left time: 1343.8357s
	iters: 300, epoch: 14 | loss: 0.4461716
	speed: 0.0767s/iter; left time: 1367.1635s
	iters: 400, epoch: 14 | loss: 0.3046161
	speed: 0.0768s/iter; left time: 1361.1049s
	iters: 500, epoch: 14 | loss: 0.7035552
	speed: 0.0767s/iter; left time: 1351.8220s
	iters: 600, epoch: 14 | loss: 0.2722811
	speed: 0.0782s/iter; left time: 1369.8747s
	iters: 700, epoch: 14 | loss: 0.2740766
	speed: 0.0775s/iter; left time: 1350.6743s
	iters: 800, epoch: 14 | loss: 0.2320552
	speed: 0.0750s/iter; left time: 1298.6513s
	iters: 900, epoch: 14 | loss: 0.4423584
	speed: 0.0744s/iter; left time: 1280.7651s
	iters: 1000, epoch: 14 | loss: 0.2173362
	speed: 0.0665s/iter; left time: 1138.2459s
Epoch: 14 cost time: 80.0298719406128
Epoch: 14, Steps: 1066 | Train Loss: 0.3880308 Vali Loss: 0.2130581 Test Loss: 0.2901715
Validation loss decreased (0.213489 --> 0.213058).  Saving model ...
Updating learning rate to 3.138105960900001e-05
	iters: 100, epoch: 15 | loss: 0.7189562
	speed: 1.5972s/iter; left time: 27084.5229s
	iters: 200, epoch: 15 | loss: 0.3923957
	speed: 0.0791s/iter; left time: 1333.0057s
	iters: 300, epoch: 15 | loss: 0.2609846
	speed: 0.0774s/iter; left time: 1296.8557s
	iters: 400, epoch: 15 | loss: 0.2469529
	speed: 0.0778s/iter; left time: 1295.3859s
	iters: 500, epoch: 15 | loss: 0.7068812
	speed: 0.0750s/iter; left time: 1241.8082s
	iters: 600, epoch: 15 | loss: 0.3003351
	speed: 0.0750s/iter; left time: 1233.9778s
	iters: 700, epoch: 15 | loss: 0.3460084
	speed: 0.0725s/iter; left time: 1185.8177s
	iters: 800, epoch: 15 | loss: 0.2826272
	speed: 0.0745s/iter; left time: 1211.5511s
	iters: 900, epoch: 15 | loss: 0.2905229
	speed: 0.0727s/iter; left time: 1173.8892s
	iters: 1000, epoch: 15 | loss: 0.3411879
	speed: 0.0691s/iter; left time: 1109.7400s
Epoch: 15 cost time: 79.74697589874268
Epoch: 15, Steps: 1066 | Train Loss: 0.3855565 Vali Loss: 0.2143104 Test Loss: 0.2916639
EarlyStopping counter: 1 out of 100
Updating learning rate to 2.824295364810001e-05
	iters: 100, epoch: 16 | loss: 0.4665606
	speed: 1.6280s/iter; left time: 25869.8816s
	iters: 200, epoch: 16 | loss: 0.3334922
	speed: 0.0738s/iter; left time: 1166.1399s
	iters: 300, epoch: 16 | loss: 0.4349963
	speed: 0.0747s/iter; left time: 1172.4325s
	iters: 400, epoch: 16 | loss: 0.1841203
	speed: 0.0739s/iter; left time: 1151.7538s
	iters: 500, epoch: 16 | loss: 0.1930979
	speed: 0.0739s/iter; left time: 1145.2016s
	iters: 600, epoch: 16 | loss: 0.3033061
	speed: 0.0738s/iter; left time: 1135.1824s
	iters: 700, epoch: 16 | loss: 0.2598968
	speed: 0.0736s/iter; left time: 1125.0082s
	iters: 800, epoch: 16 | loss: 0.5075842
	speed: 0.0704s/iter; left time: 1068.8653s
	iters: 900, epoch: 16 | loss: 0.3031183
	speed: 0.0710s/iter; left time: 1071.2297s
	iters: 1000, epoch: 16 | loss: 0.4922342
	speed: 0.0705s/iter; left time: 1056.7401s
Epoch: 16 cost time: 77.629061460495
Epoch: 16, Steps: 1066 | Train Loss: 0.3834782 Vali Loss: 0.2149694 Test Loss: 0.2911282
EarlyStopping counter: 2 out of 100
Updating learning rate to 2.541865828329001e-05
	iters: 100, epoch: 17 | loss: 0.3132415
	speed: 1.7152s/iter; left time: 25428.5340s
	iters: 200, epoch: 17 | loss: 0.2792650
	speed: 0.0750s/iter; left time: 1103.6399s
	iters: 300, epoch: 17 | loss: 0.5578346
	speed: 0.0713s/iter; left time: 1043.2805s
	iters: 400, epoch: 17 | loss: 0.9903600
	speed: 0.0715s/iter; left time: 1038.6618s
	iters: 500, epoch: 17 | loss: 0.2253759
	speed: 0.0768s/iter; left time: 1108.2735s
	iters: 600, epoch: 17 | loss: 0.2816565
	speed: 0.0763s/iter; left time: 1092.4421s
	iters: 700, epoch: 17 | loss: 0.2360660
	speed: 0.0742s/iter; left time: 1054.7984s
	iters: 800, epoch: 17 | loss: 0.2047964
	speed: 0.0746s/iter; left time: 1054.3629s
	iters: 900, epoch: 17 | loss: 0.4052655
	speed: 0.0772s/iter; left time: 1082.6922s
	iters: 1000, epoch: 17 | loss: 0.3428116
	speed: 0.0725s/iter; left time: 1009.1420s
Epoch: 17 cost time: 79.46327209472656
Epoch: 17, Steps: 1066 | Train Loss: 0.3811403 Vali Loss: 0.2139115 Test Loss: 0.2908762
EarlyStopping counter: 3 out of 100
Updating learning rate to 2.287679245496101e-05
	iters: 100, epoch: 18 | loss: 0.3404965
	speed: 1.6781s/iter; left time: 23089.2874s
	iters: 200, epoch: 18 | loss: 0.2985169
	speed: 0.0772s/iter; left time: 1054.1236s
	iters: 300, epoch: 18 | loss: 0.4686520
	speed: 0.0780s/iter; left time: 1057.5876s
	iters: 400, epoch: 18 | loss: 0.3401205
	speed: 0.0773s/iter; left time: 1040.6739s
	iters: 500, epoch: 18 | loss: 0.1994301
	speed: 0.0763s/iter; left time: 1018.9752s
	iters: 600, epoch: 18 | loss: 0.4942255
	speed: 0.0756s/iter; left time: 1002.2039s
	iters: 700, epoch: 18 | loss: 0.1969524
	speed: 0.0761s/iter; left time: 1000.8862s
	iters: 800, epoch: 18 | loss: 0.7247870
	speed: 0.0755s/iter; left time: 986.2767s
	iters: 900, epoch: 18 | loss: 0.2948906
	speed: 0.0761s/iter; left time: 986.4587s
	iters: 1000, epoch: 18 | loss: 0.4093891
	speed: 0.0670s/iter; left time: 861.0947s
Epoch: 18 cost time: 79.98101472854614
Epoch: 18, Steps: 1066 | Train Loss: 0.3802230 Vali Loss: 0.2136021 Test Loss: 0.2908613
EarlyStopping counter: 4 out of 100
Updating learning rate to 2.0589113209464907e-05
	iters: 100, epoch: 19 | loss: 0.3791193
	speed: 1.6673s/iter; left time: 21163.0409s
	iters: 200, epoch: 19 | loss: 0.4873571
	speed: 0.0765s/iter; left time: 963.9719s
	iters: 300, epoch: 19 | loss: 0.3870170
	speed: 0.0760s/iter; left time: 948.9216s
	iters: 400, epoch: 19 | loss: 0.9917490
	speed: 0.0700s/iter; left time: 868.1286s
	iters: 500, epoch: 19 | loss: 0.2994466
	speed: 0.0724s/iter; left time: 890.5379s
	iters: 600, epoch: 19 | loss: 0.3143351
	speed: 0.0744s/iter; left time: 907.2960s
	iters: 700, epoch: 19 | loss: 0.5794484
	speed: 0.0739s/iter; left time: 893.7069s
	iters: 800, epoch: 19 | loss: 0.3233137
	speed: 0.0737s/iter; left time: 884.2051s
	iters: 900, epoch: 19 | loss: 0.3003093
	speed: 0.0736s/iter; left time: 875.2119s
	iters: 1000, epoch: 19 | loss: 0.4142193
	speed: 0.0730s/iter; left time: 860.8905s
Epoch: 19 cost time: 78.86154580116272
Epoch: 19, Steps: 1066 | Train Loss: 0.3770960 Vali Loss: 0.2147236 Test Loss: 0.2914178
EarlyStopping counter: 5 out of 100
Updating learning rate to 1.8530201888518416e-05
	iters: 100, epoch: 20 | loss: 0.4359606
	speed: 1.6959s/iter; left time: 19718.5160s
	iters: 200, epoch: 20 | loss: 0.2744401
	speed: 0.0723s/iter; left time: 833.5270s
	iters: 300, epoch: 20 | loss: 0.4750207
	speed: 0.0720s/iter; left time: 822.7557s
	iters: 400, epoch: 20 | loss: 0.2766750
	speed: 0.0729s/iter; left time: 825.5228s
	iters: 500, epoch: 20 | loss: 0.2547973
	speed: 0.0751s/iter; left time: 843.1088s
	iters: 600, epoch: 20 | loss: 0.3265176
	speed: 0.0727s/iter; left time: 808.5220s
	iters: 700, epoch: 20 | loss: 0.2575043
	speed: 0.0719s/iter; left time: 792.8465s
	iters: 800, epoch: 20 | loss: 0.5071523
	speed: 0.0722s/iter; left time: 788.5595s
	iters: 900, epoch: 20 | loss: 0.2988052
	speed: 0.0772s/iter; left time: 835.5153s
	iters: 1000, epoch: 20 | loss: 0.3975033
	speed: 0.0730s/iter; left time: 783.1764s
Epoch: 20 cost time: 78.70553970336914
Epoch: 20, Steps: 1066 | Train Loss: 0.3757597 Vali Loss: 0.2146902 Test Loss: 0.2913546
EarlyStopping counter: 6 out of 100
Updating learning rate to 1.6677181699666577e-05
	iters: 100, epoch: 21 | loss: 0.6621628
	speed: 1.6852s/iter; left time: 17796.9580s
	iters: 200, epoch: 21 | loss: 0.2901638
	speed: 0.0781s/iter; left time: 817.2214s
	iters: 300, epoch: 21 | loss: 0.4642268
	speed: 0.0774s/iter; left time: 802.3607s
	iters: 400, epoch: 21 | loss: 0.2221143
	speed: 0.0772s/iter; left time: 792.0102s
	iters: 500, epoch: 21 | loss: 0.6212205
	speed: 0.0777s/iter; left time: 789.1208s
	iters: 600, epoch: 21 | loss: 0.2520916
	speed: 0.0778s/iter; left time: 782.8294s
	iters: 700, epoch: 21 | loss: 0.3092971
	speed: 0.0783s/iter; left time: 779.8560s
	iters: 800, epoch: 21 | loss: 0.3197910
	speed: 0.0769s/iter; left time: 758.6796s
	iters: 900, epoch: 21 | loss: 0.2239352
	speed: 0.0768s/iter; left time: 749.9947s
	iters: 1000, epoch: 21 | loss: 0.2627124
	speed: 0.0698s/iter; left time: 674.3483s
Epoch: 21 cost time: 81.49396300315857
Epoch: 21, Steps: 1066 | Train Loss: 0.3747925 Vali Loss: 0.2143786 Test Loss: 0.2915880
EarlyStopping counter: 7 out of 100
Updating learning rate to 1.5009463529699919e-05
	iters: 100, epoch: 22 | loss: 0.2495702
	speed: 1.6010s/iter; left time: 15201.7354s
	iters: 200, epoch: 22 | loss: 0.7378770
	speed: 0.0771s/iter; left time: 724.0575s
	iters: 300, epoch: 22 | loss: 0.2818990
	speed: 0.0782s/iter; left time: 726.4147s
	iters: 400, epoch: 22 | loss: 0.3798981
	speed: 0.0741s/iter; left time: 681.2485s
	iters: 500, epoch: 22 | loss: 0.4894671
	speed: 0.0769s/iter; left time: 699.5226s
	iters: 600, epoch: 22 | loss: 0.2867168
	speed: 0.0752s/iter; left time: 676.2701s
	iters: 700, epoch: 22 | loss: 0.3034674
	speed: 0.0758s/iter; left time: 674.5072s
	iters: 800, epoch: 22 | loss: 0.5530726
	speed: 0.0755s/iter; left time: 664.3715s
	iters: 900, epoch: 22 | loss: 0.3969742
	speed: 0.0704s/iter; left time: 612.3015s
	iters: 1000, epoch: 22 | loss: 0.4677256
	speed: 0.0721s/iter; left time: 619.7242s
Epoch: 22 cost time: 80.19179892539978
Epoch: 22, Steps: 1066 | Train Loss: 0.3732759 Vali Loss: 0.2143925 Test Loss: 0.2913056
EarlyStopping counter: 8 out of 100
Updating learning rate to 1.3508517176729929e-05
	iters: 100, epoch: 23 | loss: 0.6756651
	speed: 1.6368s/iter; left time: 13796.5549s
	iters: 200, epoch: 23 | loss: 0.7506896
	speed: 0.0772s/iter; left time: 643.1688s
	iters: 300, epoch: 23 | loss: 0.3850099
	speed: 0.0722s/iter; left time: 593.8071s
	iters: 400, epoch: 23 | loss: 0.2337379
	speed: 0.0711s/iter; left time: 578.0533s
	iters: 500, epoch: 23 | loss: 0.2431263
	speed: 0.0715s/iter; left time: 573.7657s
	iters: 600, epoch: 23 | loss: 0.4325146
	speed: 0.0704s/iter; left time: 558.5036s
	iters: 700, epoch: 23 | loss: 0.3045810
	speed: 0.0685s/iter; left time: 536.2210s
	iters: 800, epoch: 23 | loss: 0.2984641
	speed: 0.0700s/iter; left time: 541.3890s
	iters: 900, epoch: 23 | loss: 0.3790357
	speed: 0.0693s/iter; left time: 528.4586s
	iters: 1000, epoch: 23 | loss: 0.3212494
	speed: 0.0709s/iter; left time: 533.9541s
Epoch: 23 cost time: 76.75152897834778
Epoch: 23, Steps: 1066 | Train Loss: 0.3729566 Vali Loss: 0.2140653 Test Loss: 0.2911809
EarlyStopping counter: 9 out of 100
Updating learning rate to 1.2157665459056936e-05
	iters: 100, epoch: 24 | loss: 0.3017214
	speed: 1.7089s/iter; left time: 12582.7206s
	iters: 200, epoch: 24 | loss: 0.1971005
	speed: 0.0716s/iter; left time: 520.1953s
	iters: 300, epoch: 24 | loss: 0.1766758
	speed: 0.0706s/iter; left time: 505.8574s
	iters: 400, epoch: 24 | loss: 0.3571119
	speed: 0.0730s/iter; left time: 515.2621s
	iters: 500, epoch: 24 | loss: 0.5768395
	speed: 0.0693s/iter; left time: 482.3365s
	iters: 600, epoch: 24 | loss: 0.2999626
	speed: 0.0724s/iter; left time: 497.1118s
	iters: 700, epoch: 24 | loss: 0.2218971
	speed: 0.0742s/iter; left time: 501.7428s
	iters: 800, epoch: 24 | loss: 0.3200062
	speed: 0.0712s/iter; left time: 474.4911s
	iters: 900, epoch: 24 | loss: 0.3141864
	speed: 0.0764s/iter; left time: 501.6730s
	iters: 1000, epoch: 24 | loss: 0.5081705
	speed: 0.0766s/iter; left time: 494.8024s
Epoch: 24 cost time: 77.85643434524536
Epoch: 24, Steps: 1066 | Train Loss: 0.3716717 Vali Loss: 0.2150123 Test Loss: 0.2915637
EarlyStopping counter: 10 out of 100
Updating learning rate to 1.0941898913151242e-05
	iters: 100, epoch: 25 | loss: 0.2988787
	speed: 1.6684s/iter; left time: 10506.1038s
	iters: 200, epoch: 25 | loss: 0.5558013
	speed: 0.0725s/iter; left time: 449.1652s
	iters: 300, epoch: 25 | loss: 0.4519413
	speed: 0.0778s/iter; left time: 474.3857s
	iters: 400, epoch: 25 | loss: 0.4515141
	speed: 0.0773s/iter; left time: 463.8016s
	iters: 500, epoch: 25 | loss: 0.3732150
	speed: 0.0783s/iter; left time: 461.6308s
	iters: 600, epoch: 25 | loss: 0.4099817
	speed: 0.0758s/iter; left time: 439.5892s
	iters: 700, epoch: 25 | loss: 0.4047855
	speed: 0.0778s/iter; left time: 443.0504s
	iters: 800, epoch: 25 | loss: 0.1841112
	speed: 0.0785s/iter; left time: 439.5199s
	iters: 900, epoch: 25 | loss: 0.4117537
	speed: 0.0781s/iter; left time: 429.4265s
	iters: 1000, epoch: 25 | loss: 0.2885320
	speed: 0.0739s/iter; left time: 398.9065s
Epoch: 25 cost time: 81.80985999107361
Epoch: 25, Steps: 1066 | Train Loss: 0.3703645 Vali Loss: 0.2143774 Test Loss: 0.2914680
EarlyStopping counter: 11 out of 100
Updating learning rate to 9.847709021836118e-06
	iters: 100, epoch: 26 | loss: 0.3748848
	speed: 1.4325s/iter; left time: 7493.2370s
	iters: 200, epoch: 26 | loss: 0.1939623
	speed: 0.0774s/iter; left time: 396.9343s
	iters: 300, epoch: 26 | loss: 0.3595989
	speed: 0.0752s/iter; left time: 378.2008s
	iters: 400, epoch: 26 | loss: 0.5077879
	speed: 0.0776s/iter; left time: 382.8130s
	iters: 500, epoch: 26 | loss: 0.2978259
	speed: 0.0776s/iter; left time: 375.1039s
	iters: 600, epoch: 26 | loss: 0.3065440
	speed: 0.0784s/iter; left time: 370.9077s
	iters: 700, epoch: 26 | loss: 0.2817029
	speed: 0.0761s/iter; left time: 352.3947s
	iters: 800, epoch: 26 | loss: 0.2862190
	speed: 0.0758s/iter; left time: 343.3929s
	iters: 900, epoch: 26 | loss: 0.3341148
	speed: 0.0781s/iter; left time: 345.9025s
	iters: 1000, epoch: 26 | loss: 0.3505668
	speed: 0.0751s/iter; left time: 325.1775s
Epoch: 26 cost time: 82.320068359375
Epoch: 26, Steps: 1066 | Train Loss: 0.3703995 Vali Loss: 0.2144097 Test Loss: 0.2916337
EarlyStopping counter: 12 out of 100
Updating learning rate to 8.862938119652508e-06
	iters: 100, epoch: 27 | loss: 0.8220236
	speed: 1.6791s/iter; left time: 6993.4567s
	iters: 200, epoch: 27 | loss: 0.2239573
	speed: 0.0765s/iter; left time: 311.1239s
	iters: 300, epoch: 27 | loss: 0.7130704
	speed: 0.0759s/iter; left time: 301.0542s
	iters: 400, epoch: 27 | loss: 0.5787952
	speed: 0.0770s/iter; left time: 297.5735s
	iters: 500, epoch: 27 | loss: 0.2774524
	speed: 0.0710s/iter; left time: 267.3637s
	iters: 600, epoch: 27 | loss: 0.5729247
	speed: 0.0712s/iter; left time: 260.9650s
	iters: 700, epoch: 27 | loss: 0.6074153
	speed: 0.0719s/iter; left time: 256.2799s
	iters: 800, epoch: 27 | loss: 0.6311018
	speed: 0.0722s/iter; left time: 250.3390s
	iters: 900, epoch: 27 | loss: 0.3491258
	speed: 0.0724s/iter; left time: 243.5762s
	iters: 1000, epoch: 27 | loss: 0.2638999
	speed: 0.0719s/iter; left time: 234.8648s
Epoch: 27 cost time: 78.846515417099
Epoch: 27, Steps: 1066 | Train Loss: 0.3692504 Vali Loss: 0.2141467 Test Loss: 0.2913659
EarlyStopping counter: 13 out of 100
Updating learning rate to 7.976644307687255e-06
	iters: 100, epoch: 28 | loss: 0.2711592
	speed: 1.7268s/iter; left time: 5351.1996s
	iters: 200, epoch: 28 | loss: 0.3882067
	speed: 0.0728s/iter; left time: 218.2854s
	iters: 300, epoch: 28 | loss: 0.6450046
	speed: 0.0731s/iter; left time: 211.9963s
	iters: 400, epoch: 28 | loss: 0.3043486
	speed: 0.0739s/iter; left time: 206.7713s
	iters: 500, epoch: 28 | loss: 0.3044780
	speed: 0.0724s/iter; left time: 195.3321s
	iters: 600, epoch: 28 | loss: 0.2121834
	speed: 0.0739s/iter; left time: 191.9471s
	iters: 700, epoch: 28 | loss: 0.4488516
	speed: 0.0716s/iter; left time: 178.8937s
	iters: 800, epoch: 28 | loss: 0.4867954
	speed: 0.0722s/iter; left time: 173.2754s
	iters: 900, epoch: 28 | loss: 0.3147132
	speed: 0.0712s/iter; left time: 163.6096s
	iters: 1000, epoch: 28 | loss: 0.6081569
	speed: 0.0764s/iter; left time: 168.1098s
Epoch: 28 cost time: 77.88750529289246
Epoch: 28, Steps: 1066 | Train Loss: 0.3687231 Vali Loss: 0.2145348 Test Loss: 0.2913869
EarlyStopping counter: 14 out of 100
Updating learning rate to 7.178979876918531e-06
	iters: 100, epoch: 29 | loss: 0.5794423
	speed: 1.7245s/iter; left time: 3505.8373s
	iters: 200, epoch: 29 | loss: 0.4601716
	speed: 0.0743s/iter; left time: 143.5310s
	iters: 300, epoch: 29 | loss: 0.2797731
	speed: 0.0753s/iter; left time: 138.0478s
	iters: 400, epoch: 29 | loss: 0.3060061
	speed: 0.0767s/iter; left time: 132.8622s
	iters: 500, epoch: 29 | loss: 0.5018309
	speed: 0.0778s/iter; left time: 127.0587s
	iters: 600, epoch: 29 | loss: 0.3318372
	speed: 0.0764s/iter; left time: 117.0944s
	iters: 700, epoch: 29 | loss: 0.2540005
	speed: 0.0763s/iter; left time: 109.3833s
	iters: 800, epoch: 29 | loss: 0.3301229
	speed: 0.0783s/iter; left time: 104.3231s
	iters: 900, epoch: 29 | loss: 0.4039538
	speed: 0.0782s/iter; left time: 96.4363s
	iters: 1000, epoch: 29 | loss: 0.4244703
	speed: 0.0775s/iter; left time: 87.7725s
Epoch: 29 cost time: 81.66437458992004
Epoch: 29, Steps: 1066 | Train Loss: 0.3679575 Vali Loss: 0.2141709 Test Loss: 0.2912744
EarlyStopping counter: 15 out of 100
Updating learning rate to 6.4610818892266776e-06
	iters: 100, epoch: 30 | loss: 0.2574745
	speed: 1.6696s/iter; left time: 1614.4892s
	iters: 200, epoch: 30 | loss: 0.6006588
	speed: 0.0771s/iter; left time: 66.8858s
	iters: 300, epoch: 30 | loss: 0.2869852
	speed: 0.0771s/iter; left time: 59.1321s
	iters: 400, epoch: 30 | loss: 0.4478081
	speed: 0.0778s/iter; left time: 51.9165s
	iters: 500, epoch: 30 | loss: 0.4732882
	speed: 0.0768s/iter; left time: 43.5322s
	iters: 600, epoch: 30 | loss: 0.4308995
	speed: 0.0762s/iter; left time: 35.5628s
	iters: 700, epoch: 30 | loss: 0.4113995
	speed: 0.0765s/iter; left time: 28.0724s
	iters: 800, epoch: 30 | loss: 0.3727205
	speed: 0.0733s/iter; left time: 19.5623s
	iters: 900, epoch: 30 | loss: 0.5590881
	speed: 0.0737s/iter; left time: 12.3083s
	iters: 1000, epoch: 30 | loss: 0.2653232
	speed: 0.0733s/iter; left time: 4.9112s
Epoch: 30 cost time: 81.24199724197388
Epoch: 30, Steps: 1066 | Train Loss: 0.3675422 Vali Loss: 0.2143440 Test Loss: 0.2914848
EarlyStopping counter: 16 out of 100
Updating learning rate to 5.8149737003040096e-06
>>>>>>>testing : ETTm2_96_336_MLPAer_ETTm2_ftM_sl96_ll48_pl336_dm512_nh8_el2_dl1_df2048_fc1_ebtimeF_dtTrue_Exp_0<<<<<<<<<<<<<<<<<<<<<<<<<<<<<<<<<
test 11185
mse:0.2901718318462372, mae:0.33157822489738464, rse:0.4349248707294464
