Args in experiment:
Namespace(random_seed=2025, is_training=1, model_id='ETTm1_96_96', model='MLPAer', data='ETTm1', root_path='./dataset/', data_path='ETTm1.csv', features='M', target='OT', freq='h', checkpoints='./checkpoints/', seq_len=96, label_len=48, pred_len=96, fc_dropout=0.05, head_dropout=0.5, patch_len=16, stride=8, padding_patch='end', revin=1, affine=0, subtract_last=0, decomposition=0, kernel_size=25, individual=0, embed_type=0, enc_in=7, dec_in=7, c_out=7, d_model=512, n_heads=8, e_layers=2, d_layers=1, d_ff=2048, moving_avg=25, factor=1, distil=True, dropout=0.05, embed='timeF', activation='gelu', output_attention=False, do_predict=False, num_workers=10, itr=1, train_epochs=30, batch_size=32, patience=5, learning_rate=0.0001, des='Exp', loss='mse', lradj='type3', pct_start=0.3, use_amp=False, c_ff=21, t_ff=256, c_dropout=0.0, t_dropout=0.0, embed_dropout=0.2, head_type='prediction', usenorm=1, use_gpu=True, gpu=0, use_multi_gpu=False, devices='0,1,2,3', test_flop=False)
Use GPU: cuda:0
>>>>>>>start training : ETTm1_96_96_MLPAer_ETTm1_ftM_sl96_ll48_pl96_dm512_nh8_el2_dl1_df2048_fc1_ebtimeF_dtTrue_Exp_0>>>>>>>>>>>>>>>>>>>>>>>>>>
train 34369
val 11425
test 11425
	iters: 100, epoch: 1 | loss: 0.5240424
	speed: 0.0359s/iter; left time: 1153.6631s
	iters: 200, epoch: 1 | loss: 0.5523134
	speed: 0.0175s/iter; left time: 558.9847s
	iters: 300, epoch: 1 | loss: 0.5689437
	speed: 0.0175s/iter; left time: 557.7395s
	iters: 400, epoch: 1 | loss: 0.4879336
	speed: 0.0173s/iter; left time: 551.5744s
	iters: 500, epoch: 1 | loss: 0.4381921
	speed: 0.0174s/iter; left time: 550.6936s
	iters: 600, epoch: 1 | loss: 0.3858372
	speed: 0.0173s/iter; left time: 545.8530s
	iters: 700, epoch: 1 | loss: 0.4667381
	speed: 0.0174s/iter; left time: 546.9347s
	iters: 800, epoch: 1 | loss: 0.4925549
	speed: 0.0173s/iter; left time: 543.5499s
	iters: 900, epoch: 1 | loss: 0.4222894
	speed: 0.0172s/iter; left time: 540.1998s
	iters: 1000, epoch: 1 | loss: 0.4003464
	speed: 0.0175s/iter; left time: 545.0422s
Epoch: 1 cost time: 19.019840955734253
Epoch: 1, Steps: 1074 | Train Loss: 0.4526620 Vali Loss: 0.5487632 Test Loss: 0.4924262
Validation loss decreased (inf --> 0.548763).  Saving model ...
Updating learning rate to 0.0001
	iters: 100, epoch: 2 | loss: 0.3294937
	speed: 0.0677s/iter; left time: 2102.2732s
	iters: 200, epoch: 2 | loss: 0.3725427
	speed: 0.0172s/iter; left time: 533.7259s
	iters: 300, epoch: 2 | loss: 0.3240557
	speed: 0.0171s/iter; left time: 526.9490s
	iters: 400, epoch: 2 | loss: 0.2798620
	speed: 0.0176s/iter; left time: 539.6567s
	iters: 500, epoch: 2 | loss: 0.3217292
	speed: 0.0172s/iter; left time: 526.1534s
	iters: 600, epoch: 2 | loss: 0.3673965
	speed: 0.0173s/iter; left time: 528.4583s
	iters: 700, epoch: 2 | loss: 0.3312730
	speed: 0.0174s/iter; left time: 530.0563s
	iters: 800, epoch: 2 | loss: 0.2934198
	speed: 0.0172s/iter; left time: 523.3847s
	iters: 900, epoch: 2 | loss: 0.2593315
	speed: 0.0173s/iter; left time: 524.0582s
	iters: 1000, epoch: 2 | loss: 0.3150045
	speed: 0.0173s/iter; left time: 520.6425s
Epoch: 2 cost time: 18.690197706222534
Epoch: 2, Steps: 1074 | Train Loss: 0.3423233 Vali Loss: 0.3970864 Test Loss: 0.3328470
Validation loss decreased (0.548763 --> 0.397086).  Saving model ...
Updating learning rate to 0.0001
	iters: 100, epoch: 3 | loss: 0.3404287
	speed: 0.0672s/iter; left time: 2012.7389s
	iters: 200, epoch: 3 | loss: 0.3729192
	speed: 0.0173s/iter; left time: 515.6527s
	iters: 300, epoch: 3 | loss: 0.4340574
	speed: 0.0171s/iter; left time: 510.1261s
	iters: 400, epoch: 3 | loss: 0.3084668
	speed: 0.0173s/iter; left time: 513.8740s
	iters: 500, epoch: 3 | loss: 0.3195922
	speed: 0.0174s/iter; left time: 514.3309s
	iters: 600, epoch: 3 | loss: 0.3386274
	speed: 0.0174s/iter; left time: 513.6323s
	iters: 700, epoch: 3 | loss: 0.3663315
	speed: 0.0174s/iter; left time: 512.4744s
	iters: 800, epoch: 3 | loss: 0.2882926
	speed: 0.0175s/iter; left time: 511.5806s
	iters: 900, epoch: 3 | loss: 0.2613671
	speed: 0.0173s/iter; left time: 505.0232s
	iters: 1000, epoch: 3 | loss: 0.2648911
	speed: 0.0176s/iter; left time: 511.1469s
Epoch: 3 cost time: 18.784085512161255
Epoch: 3, Steps: 1074 | Train Loss: 0.3040716 Vali Loss: 0.3901341 Test Loss: 0.3239316
Validation loss decreased (0.397086 --> 0.390134).  Saving model ...
Updating learning rate to 0.0001
	iters: 100, epoch: 4 | loss: 0.3395775
	speed: 0.0671s/iter; left time: 1937.6933s
	iters: 200, epoch: 4 | loss: 0.3620216
	speed: 0.0172s/iter; left time: 496.0335s
	iters: 300, epoch: 4 | loss: 0.3019589
	speed: 0.0172s/iter; left time: 494.5766s
	iters: 400, epoch: 4 | loss: 0.2921404
	speed: 0.0171s/iter; left time: 490.4030s
	iters: 500, epoch: 4 | loss: 0.2997346
	speed: 0.0170s/iter; left time: 484.8319s
	iters: 600, epoch: 4 | loss: 0.3100662
	speed: 0.0172s/iter; left time: 488.1317s
	iters: 700, epoch: 4 | loss: 0.2234579
	speed: 0.0174s/iter; left time: 491.2345s
	iters: 800, epoch: 4 | loss: 0.3181151
	speed: 0.0174s/iter; left time: 490.6395s
	iters: 900, epoch: 4 | loss: 0.2670559
	speed: 0.0174s/iter; left time: 488.1909s
	iters: 1000, epoch: 4 | loss: 0.2808664
	speed: 0.0173s/iter; left time: 483.6642s
Epoch: 4 cost time: 18.68553400039673
Epoch: 4, Steps: 1074 | Train Loss: 0.2913167 Vali Loss: 0.3864712 Test Loss: 0.3220088
Validation loss decreased (0.390134 --> 0.386471).  Saving model ...
Updating learning rate to 9e-05
	iters: 100, epoch: 5 | loss: 0.3141632
	speed: 0.0682s/iter; left time: 1896.8007s
	iters: 200, epoch: 5 | loss: 0.2072483
	speed: 0.0172s/iter; left time: 477.4547s
	iters: 300, epoch: 5 | loss: 0.3070903
	speed: 0.0174s/iter; left time: 480.7766s
	iters: 400, epoch: 5 | loss: 0.2561553
	speed: 0.0172s/iter; left time: 473.5276s
	iters: 500, epoch: 5 | loss: 0.3169404
	speed: 0.0173s/iter; left time: 475.2437s
	iters: 600, epoch: 5 | loss: 0.3248092
	speed: 0.0172s/iter; left time: 469.8950s
	iters: 700, epoch: 5 | loss: 0.2370269
	speed: 0.0170s/iter; left time: 463.4320s
	iters: 800, epoch: 5 | loss: 0.2444113
	speed: 0.0168s/iter; left time: 456.9458s
	iters: 900, epoch: 5 | loss: 0.2861237
	speed: 0.0169s/iter; left time: 455.7877s
	iters: 1000, epoch: 5 | loss: 0.3026319
	speed: 0.0168s/iter; left time: 452.8223s
Epoch: 5 cost time: 18.55543613433838
Epoch: 5, Steps: 1074 | Train Loss: 0.2830595 Vali Loss: 0.3889588 Test Loss: 0.3204236
EarlyStopping counter: 1 out of 5
Updating learning rate to 8.1e-05
	iters: 100, epoch: 6 | loss: 0.2213406
	speed: 0.0675s/iter; left time: 1805.5326s
	iters: 200, epoch: 6 | loss: 0.2892754
	speed: 0.0177s/iter; left time: 471.7215s
	iters: 300, epoch: 6 | loss: 0.3036491
	speed: 0.0174s/iter; left time: 461.2763s
	iters: 400, epoch: 6 | loss: 0.2290504
	speed: 0.0173s/iter; left time: 458.1892s
	iters: 500, epoch: 6 | loss: 0.2479158
	speed: 0.0175s/iter; left time: 460.2693s
	iters: 600, epoch: 6 | loss: 0.2506501
	speed: 0.0173s/iter; left time: 454.3489s
	iters: 700, epoch: 6 | loss: 0.2655091
	speed: 0.0173s/iter; left time: 453.7128s
	iters: 800, epoch: 6 | loss: 0.2815222
	speed: 0.0174s/iter; left time: 453.6229s
	iters: 900, epoch: 6 | loss: 0.2648753
	speed: 0.0173s/iter; left time: 448.0108s
	iters: 1000, epoch: 6 | loss: 0.2744669
	speed: 0.0173s/iter; left time: 446.3535s
Epoch: 6 cost time: 18.820924282073975
Epoch: 6, Steps: 1074 | Train Loss: 0.2771878 Vali Loss: 0.3866738 Test Loss: 0.3173433
EarlyStopping counter: 2 out of 5
Updating learning rate to 7.290000000000001e-05
	iters: 100, epoch: 7 | loss: 0.2671265
	speed: 0.0676s/iter; left time: 1734.7319s
	iters: 200, epoch: 7 | loss: 0.2879093
	speed: 0.0170s/iter; left time: 434.4012s
	iters: 300, epoch: 7 | loss: 0.2615368
	speed: 0.0172s/iter; left time: 438.2221s
	iters: 400, epoch: 7 | loss: 0.2004598
	speed: 0.0175s/iter; left time: 444.4753s
	iters: 500, epoch: 7 | loss: 0.2993050
	speed: 0.0171s/iter; left time: 432.0813s
	iters: 600, epoch: 7 | loss: 0.2705486
	speed: 0.0174s/iter; left time: 437.6595s
	iters: 700, epoch: 7 | loss: 0.2486147
	speed: 0.0172s/iter; left time: 432.3607s
	iters: 800, epoch: 7 | loss: 0.2328976
	speed: 0.0173s/iter; left time: 432.3123s
	iters: 900, epoch: 7 | loss: 0.3824504
	speed: 0.0173s/iter; left time: 430.4906s
	iters: 1000, epoch: 7 | loss: 0.3370847
	speed: 0.0173s/iter; left time: 428.5108s
Epoch: 7 cost time: 18.69722843170166
Epoch: 7, Steps: 1074 | Train Loss: 0.2730601 Vali Loss: 0.3865628 Test Loss: 0.3153902
EarlyStopping counter: 3 out of 5
Updating learning rate to 6.561e-05
	iters: 100, epoch: 8 | loss: 0.2172509
	speed: 0.0675s/iter; left time: 1661.2132s
	iters: 200, epoch: 8 | loss: 0.2580552
	speed: 0.0171s/iter; left time: 419.3574s
	iters: 300, epoch: 8 | loss: 0.3353707
	speed: 0.0173s/iter; left time: 421.6764s
	iters: 400, epoch: 8 | loss: 0.2418369
	speed: 0.0173s/iter; left time: 421.6170s
	iters: 500, epoch: 8 | loss: 0.3689699
	speed: 0.0171s/iter; left time: 413.6551s
	iters: 600, epoch: 8 | loss: 0.2587944
	speed: 0.0173s/iter; left time: 417.8372s
	iters: 700, epoch: 8 | loss: 0.2397738
	speed: 0.0173s/iter; left time: 414.4021s
	iters: 800, epoch: 8 | loss: 0.2783051
	speed: 0.0172s/iter; left time: 410.7701s
	iters: 900, epoch: 8 | loss: 0.2791738
	speed: 0.0172s/iter; left time: 408.5874s
	iters: 1000, epoch: 8 | loss: 0.2334253
	speed: 0.0172s/iter; left time: 407.8982s
Epoch: 8 cost time: 18.630172967910767
Epoch: 8, Steps: 1074 | Train Loss: 0.2695930 Vali Loss: 0.3847189 Test Loss: 0.3156105
Validation loss decreased (0.386471 --> 0.384719).  Saving model ...
Updating learning rate to 5.904900000000001e-05
	iters: 100, epoch: 9 | loss: 0.1969618
	speed: 0.0675s/iter; left time: 1589.3429s
	iters: 200, epoch: 9 | loss: 0.2765655
	speed: 0.0171s/iter; left time: 401.1768s
	iters: 300, epoch: 9 | loss: 0.3479080
	speed: 0.0172s/iter; left time: 401.9299s
	iters: 400, epoch: 9 | loss: 0.2767735
	speed: 0.0173s/iter; left time: 401.8083s
	iters: 500, epoch: 9 | loss: 0.2458434
	speed: 0.0173s/iter; left time: 399.8139s
	iters: 600, epoch: 9 | loss: 0.2476266
	speed: 0.0173s/iter; left time: 397.3737s
	iters: 700, epoch: 9 | loss: 0.2730565
	speed: 0.0172s/iter; left time: 395.2946s
	iters: 800, epoch: 9 | loss: 0.2876818
	speed: 0.0174s/iter; left time: 396.6250s
	iters: 900, epoch: 9 | loss: 0.3474303
	speed: 0.0172s/iter; left time: 390.7165s
	iters: 1000, epoch: 9 | loss: 0.2841426
	speed: 0.0173s/iter; left time: 392.4728s
Epoch: 9 cost time: 18.707931518554688
Epoch: 9, Steps: 1074 | Train Loss: 0.2669999 Vali Loss: 0.3841022 Test Loss: 0.3142031
Validation loss decreased (0.384719 --> 0.384102).  Saving model ...
Updating learning rate to 5.3144100000000005e-05
	iters: 100, epoch: 10 | loss: 0.3688517
	speed: 0.0668s/iter; left time: 1500.1953s
	iters: 200, epoch: 10 | loss: 0.2981985
	speed: 0.0164s/iter; left time: 366.7982s
	iters: 300, epoch: 10 | loss: 0.2682874
	speed: 0.0163s/iter; left time: 361.8847s
	iters: 400, epoch: 10 | loss: 0.2527524
	speed: 0.0162s/iter; left time: 358.6531s
	iters: 500, epoch: 10 | loss: 0.3051814
	speed: 0.0163s/iter; left time: 358.7156s
	iters: 600, epoch: 10 | loss: 0.2674521
	speed: 0.0161s/iter; left time: 353.3173s
	iters: 700, epoch: 10 | loss: 0.2547680
	speed: 0.0163s/iter; left time: 356.5990s
	iters: 800, epoch: 10 | loss: 0.2610534
	speed: 0.0164s/iter; left time: 356.0386s
	iters: 900, epoch: 10 | loss: 0.2358699
	speed: 0.0162s/iter; left time: 351.4785s
	iters: 1000, epoch: 10 | loss: 0.2683251
	speed: 0.0163s/iter; left time: 351.4420s
Epoch: 10 cost time: 17.68919348716736
Epoch: 10, Steps: 1074 | Train Loss: 0.2651034 Vali Loss: 0.3865937 Test Loss: 0.3143922
EarlyStopping counter: 1 out of 5
Updating learning rate to 4.782969000000001e-05
	iters: 100, epoch: 11 | loss: 0.3034105
	speed: 0.0663s/iter; left time: 1417.9462s
	iters: 200, epoch: 11 | loss: 0.2515257
	speed: 0.0165s/iter; left time: 350.3095s
	iters: 300, epoch: 11 | loss: 0.2660810
	speed: 0.0167s/iter; left time: 353.9873s
	iters: 400, epoch: 11 | loss: 0.2510656
	speed: 0.0168s/iter; left time: 354.3119s
	iters: 500, epoch: 11 | loss: 0.2902208
	speed: 0.0168s/iter; left time: 353.2754s
	iters: 600, epoch: 11 | loss: 0.2716982
	speed: 0.0168s/iter; left time: 351.2653s
	iters: 700, epoch: 11 | loss: 0.2322326
	speed: 0.0168s/iter; left time: 348.2321s
	iters: 800, epoch: 11 | loss: 0.2251609
	speed: 0.0168s/iter; left time: 348.1343s
	iters: 900, epoch: 11 | loss: 0.2004182
	speed: 0.0167s/iter; left time: 343.4192s
	iters: 1000, epoch: 11 | loss: 0.2027123
	speed: 0.0171s/iter; left time: 349.4468s
Epoch: 11 cost time: 18.17081594467163
Epoch: 11, Steps: 1074 | Train Loss: 0.2633308 Vali Loss: 0.3847775 Test Loss: 0.3120734
EarlyStopping counter: 2 out of 5
Updating learning rate to 4.304672100000001e-05
	iters: 100, epoch: 12 | loss: 0.2650384
	speed: 0.0673s/iter; left time: 1365.7821s
	iters: 200, epoch: 12 | loss: 0.2383580
	speed: 0.0165s/iter; left time: 333.7309s
	iters: 300, epoch: 12 | loss: 0.2009298
	speed: 0.0167s/iter; left time: 334.9988s
	iters: 400, epoch: 12 | loss: 0.3003007
	speed: 0.0166s/iter; left time: 331.8607s
	iters: 500, epoch: 12 | loss: 0.2591103
	speed: 0.0167s/iter; left time: 333.0701s
	iters: 600, epoch: 12 | loss: 0.2458258
	speed: 0.0165s/iter; left time: 327.7468s
	iters: 700, epoch: 12 | loss: 0.2281993
	speed: 0.0166s/iter; left time: 326.9633s
	iters: 800, epoch: 12 | loss: 0.2586662
	speed: 0.0166s/iter; left time: 325.0625s
	iters: 900, epoch: 12 | loss: 0.2262744
	speed: 0.0166s/iter; left time: 323.6179s
	iters: 1000, epoch: 12 | loss: 0.2140106
	speed: 0.0167s/iter; left time: 323.8062s
Epoch: 12 cost time: 17.995424032211304
Epoch: 12, Steps: 1074 | Train Loss: 0.2616478 Vali Loss: 0.3843461 Test Loss: 0.3127071
EarlyStopping counter: 3 out of 5
Updating learning rate to 3.874204890000001e-05
	iters: 100, epoch: 13 | loss: 0.2536974
	speed: 0.0671s/iter; left time: 1290.5924s
	iters: 200, epoch: 13 | loss: 0.2528833
	speed: 0.0172s/iter; left time: 328.6412s
	iters: 300, epoch: 13 | loss: 0.3654890
	speed: 0.0173s/iter; left time: 329.6113s
	iters: 400, epoch: 13 | loss: 0.2220138
	speed: 0.0171s/iter; left time: 323.9332s
	iters: 500, epoch: 13 | loss: 0.2569203
	speed: 0.0169s/iter; left time: 318.1691s
	iters: 600, epoch: 13 | loss: 0.2327594
	speed: 0.0168s/iter; left time: 314.9470s
	iters: 700, epoch: 13 | loss: 0.2650017
	speed: 0.0168s/iter; left time: 313.2622s
	iters: 800, epoch: 13 | loss: 0.3017845
	speed: 0.0169s/iter; left time: 312.9729s
	iters: 900, epoch: 13 | loss: 0.2641701
	speed: 0.0168s/iter; left time: 310.0984s
	iters: 1000, epoch: 13 | loss: 0.2335109
	speed: 0.0168s/iter; left time: 308.4932s
Epoch: 13 cost time: 18.42386507987976
Epoch: 13, Steps: 1074 | Train Loss: 0.2605687 Vali Loss: 0.3846300 Test Loss: 0.3123335
EarlyStopping counter: 4 out of 5
Updating learning rate to 3.486784401000001e-05
	iters: 100, epoch: 14 | loss: 0.2253947
	speed: 0.0672s/iter; left time: 1219.4038s
	iters: 200, epoch: 14 | loss: 0.2783105
	speed: 0.0169s/iter; left time: 304.6475s
	iters: 300, epoch: 14 | loss: 0.2437740
	speed: 0.0169s/iter; left time: 303.7224s
	iters: 400, epoch: 14 | loss: 0.2993128
	speed: 0.0167s/iter; left time: 297.3705s
	iters: 500, epoch: 14 | loss: 0.3049645
	speed: 0.0164s/iter; left time: 291.4996s
	iters: 600, epoch: 14 | loss: 0.2220117
	speed: 0.0168s/iter; left time: 296.9813s
	iters: 700, epoch: 14 | loss: 0.2387547
	speed: 0.0167s/iter; left time: 293.5418s
	iters: 800, epoch: 14 | loss: 0.2605588
	speed: 0.0166s/iter; left time: 289.7919s
	iters: 900, epoch: 14 | loss: 0.2022462
	speed: 0.0170s/iter; left time: 294.5835s
	iters: 1000, epoch: 14 | loss: 0.2891502
	speed: 0.0166s/iter; left time: 286.8833s
Epoch: 14 cost time: 18.15359592437744
Epoch: 14, Steps: 1074 | Train Loss: 0.2594025 Vali Loss: 0.3835264 Test Loss: 0.3115576
Validation loss decreased (0.384102 --> 0.383526).  Saving model ...
Updating learning rate to 3.138105960900001e-05
	iters: 100, epoch: 15 | loss: 0.3027821
	speed: 0.0677s/iter; left time: 1156.4107s
	iters: 200, epoch: 15 | loss: 0.2511452
	speed: 0.0171s/iter; left time: 290.5072s
	iters: 300, epoch: 15 | loss: 0.2512046
	speed: 0.0171s/iter; left time: 289.3344s
	iters: 400, epoch: 15 | loss: 0.2730897
	speed: 0.0172s/iter; left time: 288.2186s
	iters: 500, epoch: 15 | loss: 0.2490761
	speed: 0.0172s/iter; left time: 286.2608s
	iters: 600, epoch: 15 | loss: 0.2500193
	speed: 0.0172s/iter; left time: 284.5455s
	iters: 700, epoch: 15 | loss: 0.2387202
	speed: 0.0174s/iter; left time: 286.9250s
	iters: 800, epoch: 15 | loss: 0.3069647
	speed: 0.0173s/iter; left time: 283.6609s
	iters: 900, epoch: 15 | loss: 0.2213083
	speed: 0.0174s/iter; left time: 283.3420s
	iters: 1000, epoch: 15 | loss: 0.2398103
	speed: 0.0173s/iter; left time: 280.7676s
Epoch: 15 cost time: 18.696380138397217
Epoch: 15, Steps: 1074 | Train Loss: 0.2584087 Vali Loss: 0.3840443 Test Loss: 0.3120364
EarlyStopping counter: 1 out of 5
Updating learning rate to 2.824295364810001e-05
	iters: 100, epoch: 16 | loss: 0.2616004
	speed: 0.0691s/iter; left time: 1106.1519s
	iters: 200, epoch: 16 | loss: 0.2501493
	speed: 0.0174s/iter; left time: 276.8429s
	iters: 300, epoch: 16 | loss: 0.2161144
	speed: 0.0176s/iter; left time: 278.2538s
	iters: 400, epoch: 16 | loss: 0.2786667
	speed: 0.0174s/iter; left time: 273.0934s
	iters: 500, epoch: 16 | loss: 0.2735241
	speed: 0.0172s/iter; left time: 268.8935s
	iters: 600, epoch: 16 | loss: 0.2230686
	speed: 0.0173s/iter; left time: 268.7852s
	iters: 700, epoch: 16 | loss: 0.2306156
	speed: 0.0172s/iter; left time: 264.3974s
	iters: 800, epoch: 16 | loss: 0.2879604
	speed: 0.0174s/iter; left time: 265.7140s
	iters: 900, epoch: 16 | loss: 0.2432585
	speed: 0.0172s/iter; left time: 261.2341s
	iters: 1000, epoch: 16 | loss: 0.2456247
	speed: 0.0172s/iter; left time: 260.5421s
Epoch: 16 cost time: 18.76867985725403
Epoch: 16, Steps: 1074 | Train Loss: 0.2576552 Vali Loss: 0.3838726 Test Loss: 0.3109831
EarlyStopping counter: 2 out of 5
Updating learning rate to 2.541865828329001e-05
	iters: 100, epoch: 17 | loss: 0.2807427
	speed: 0.0671s/iter; left time: 1002.8043s
	iters: 200, epoch: 17 | loss: 0.2629066
	speed: 0.0172s/iter; left time: 255.4553s
	iters: 300, epoch: 17 | loss: 0.2674099
	speed: 0.0170s/iter; left time: 250.8704s
	iters: 400, epoch: 17 | loss: 0.2636885
	speed: 0.0171s/iter; left time: 250.7772s
	iters: 500, epoch: 17 | loss: 0.2632172
	speed: 0.0170s/iter; left time: 247.7508s
	iters: 600, epoch: 17 | loss: 0.3106785
	speed: 0.0170s/iter; left time: 244.8802s
	iters: 700, epoch: 17 | loss: 0.3091619
	speed: 0.0171s/iter; left time: 244.5186s
	iters: 800, epoch: 17 | loss: 0.2701978
	speed: 0.0173s/iter; left time: 245.5989s
	iters: 900, epoch: 17 | loss: 0.2260101
	speed: 0.0170s/iter; left time: 240.4856s
	iters: 1000, epoch: 17 | loss: 0.2993352
	speed: 0.0170s/iter; left time: 238.9962s
Epoch: 17 cost time: 18.515735387802124
Epoch: 17, Steps: 1074 | Train Loss: 0.2570393 Vali Loss: 0.3831469 Test Loss: 0.3109317
Validation loss decreased (0.383526 --> 0.383147).  Saving model ...
Updating learning rate to 2.287679245496101e-05
	iters: 100, epoch: 18 | loss: 0.2821781
	speed: 0.0671s/iter; left time: 929.9372s
	iters: 200, epoch: 18 | loss: 0.2209397
	speed: 0.0169s/iter; left time: 233.0865s
	iters: 300, epoch: 18 | loss: 0.2380664
	speed: 0.0171s/iter; left time: 233.8122s
	iters: 400, epoch: 18 | loss: 0.2443207
	speed: 0.0175s/iter; left time: 237.5128s
	iters: 500, epoch: 18 | loss: 0.2492636
	speed: 0.0173s/iter; left time: 233.0011s
	iters: 600, epoch: 18 | loss: 0.2806733
	speed: 0.0173s/iter; left time: 231.1712s
	iters: 700, epoch: 18 | loss: 0.2828768
	speed: 0.0177s/iter; left time: 235.0657s
	iters: 800, epoch: 18 | loss: 0.2643359
	speed: 0.0175s/iter; left time: 230.0894s
	iters: 900, epoch: 18 | loss: 0.2793463
	speed: 0.0175s/iter; left time: 228.1779s
	iters: 1000, epoch: 18 | loss: 0.2175179
	speed: 0.0175s/iter; left time: 226.4698s
Epoch: 18 cost time: 18.74251127243042
Epoch: 18, Steps: 1074 | Train Loss: 0.2564153 Vali Loss: 0.3838295 Test Loss: 0.3109666
EarlyStopping counter: 1 out of 5
Updating learning rate to 2.0589113209464907e-05
	iters: 100, epoch: 19 | loss: 0.2438910
	speed: 0.0680s/iter; left time: 869.8918s
	iters: 200, epoch: 19 | loss: 0.2418443
	speed: 0.0173s/iter; left time: 219.1787s
	iters: 300, epoch: 19 | loss: 0.2527175
	speed: 0.0173s/iter; left time: 217.2184s
	iters: 400, epoch: 19 | loss: 0.2316312
	speed: 0.0172s/iter; left time: 214.8660s
	iters: 500, epoch: 19 | loss: 0.3309785
	speed: 0.0173s/iter; left time: 213.7421s
	iters: 600, epoch: 19 | loss: 0.3030961
	speed: 0.0173s/iter; left time: 212.3483s
	iters: 700, epoch: 19 | loss: 0.2584881
	speed: 0.0175s/iter; left time: 213.2016s
	iters: 800, epoch: 19 | loss: 0.2806731
	speed: 0.0173s/iter; left time: 209.4012s
	iters: 900, epoch: 19 | loss: 0.2823726
	speed: 0.0173s/iter; left time: 206.9387s
	iters: 1000, epoch: 19 | loss: 0.2674526
	speed: 0.0176s/iter; left time: 209.2822s
Epoch: 19 cost time: 18.766769647598267
Epoch: 19, Steps: 1074 | Train Loss: 0.2560749 Vali Loss: 0.3833379 Test Loss: 0.3105548
EarlyStopping counter: 2 out of 5
Updating learning rate to 1.8530201888518416e-05
	iters: 100, epoch: 20 | loss: 0.2866865
	speed: 0.0680s/iter; left time: 796.2041s
	iters: 200, epoch: 20 | loss: 0.2718777
	speed: 0.0170s/iter; left time: 197.7295s
	iters: 300, epoch: 20 | loss: 0.2292163
	speed: 0.0170s/iter; left time: 195.2120s
	iters: 400, epoch: 20 | loss: 0.3075865
	speed: 0.0167s/iter; left time: 190.1176s
	iters: 500, epoch: 20 | loss: 0.2960270
	speed: 0.0168s/iter; left time: 189.8892s
	iters: 600, epoch: 20 | loss: 0.1939943
	speed: 0.0167s/iter; left time: 186.8164s
	iters: 700, epoch: 20 | loss: 0.2596457
	speed: 0.0165s/iter; left time: 183.5536s
	iters: 800, epoch: 20 | loss: 0.2378136
	speed: 0.0166s/iter; left time: 182.5062s
	iters: 900, epoch: 20 | loss: 0.3376567
	speed: 0.0165s/iter; left time: 179.6059s
	iters: 1000, epoch: 20 | loss: 0.2863573
	speed: 0.0168s/iter; left time: 181.5861s
Epoch: 20 cost time: 18.129998683929443
Epoch: 20, Steps: 1074 | Train Loss: 0.2554471 Vali Loss: 0.3834788 Test Loss: 0.3102208
EarlyStopping counter: 3 out of 5
Updating learning rate to 1.6677181699666577e-05
	iters: 100, epoch: 21 | loss: 0.3309226
	speed: 0.0669s/iter; left time: 711.5488s
	iters: 200, epoch: 21 | loss: 0.2644936
	speed: 0.0167s/iter; left time: 176.4303s
	iters: 300, epoch: 21 | loss: 0.2958692
	speed: 0.0166s/iter; left time: 173.1531s
	iters: 400, epoch: 21 | loss: 0.2289834
	speed: 0.0166s/iter; left time: 171.7389s
	iters: 500, epoch: 21 | loss: 0.2425619
	speed: 0.0167s/iter; left time: 170.8152s
	iters: 600, epoch: 21 | loss: 0.2259154
	speed: 0.0168s/iter; left time: 169.9406s
	iters: 700, epoch: 21 | loss: 0.2623058
	speed: 0.0167s/iter; left time: 167.6697s
	iters: 800, epoch: 21 | loss: 0.3183255
	speed: 0.0167s/iter; left time: 166.1030s
	iters: 900, epoch: 21 | loss: 0.3124009
	speed: 0.0168s/iter; left time: 165.2604s
	iters: 1000, epoch: 21 | loss: 0.2304209
	speed: 0.0169s/iter; left time: 164.3357s
Epoch: 21 cost time: 18.147102117538452
Epoch: 21, Steps: 1074 | Train Loss: 0.2550328 Vali Loss: 0.3842783 Test Loss: 0.3103129
EarlyStopping counter: 4 out of 5
Updating learning rate to 1.5009463529699919e-05
	iters: 100, epoch: 22 | loss: 0.3523915
	speed: 0.0677s/iter; left time: 647.3194s
	iters: 200, epoch: 22 | loss: 0.2483864
	speed: 0.0174s/iter; left time: 164.6129s
	iters: 300, epoch: 22 | loss: 0.1937039
	speed: 0.0175s/iter; left time: 164.2230s
	iters: 400, epoch: 22 | loss: 0.3011081
	speed: 0.0175s/iter; left time: 161.7895s
	iters: 500, epoch: 22 | loss: 0.2398944
	speed: 0.0175s/iter; left time: 160.8329s
	iters: 600, epoch: 22 | loss: 0.2757756
	speed: 0.0173s/iter; left time: 156.9961s
	iters: 700, epoch: 22 | loss: 0.2499208
	speed: 0.0173s/iter; left time: 155.1774s
	iters: 800, epoch: 22 | loss: 0.2869419
	speed: 0.0173s/iter; left time: 153.7256s
	iters: 900, epoch: 22 | loss: 0.2383191
	speed: 0.0172s/iter; left time: 150.7593s
	iters: 1000, epoch: 22 | loss: 0.2160186
	speed: 0.0174s/iter; left time: 150.4149s
Epoch: 22 cost time: 18.776384592056274
Epoch: 22, Steps: 1074 | Train Loss: 0.2544421 Vali Loss: 0.3827146 Test Loss: 0.3101970
Validation loss decreased (0.383147 --> 0.382715).  Saving model ...
Updating learning rate to 1.3508517176729929e-05
	iters: 100, epoch: 23 | loss: 0.2676847
	speed: 0.0665s/iter; left time: 564.7913s
	iters: 200, epoch: 23 | loss: 0.2274186
	speed: 0.0174s/iter; left time: 146.3451s
	iters: 300, epoch: 23 | loss: 0.2192525
	speed: 0.0175s/iter; left time: 144.8198s
	iters: 400, epoch: 23 | loss: 0.2204385
	speed: 0.0175s/iter; left time: 143.2610s
	iters: 500, epoch: 23 | loss: 0.2433880
	speed: 0.0174s/iter; left time: 141.1312s
	iters: 600, epoch: 23 | loss: 0.2216306
	speed: 0.0175s/iter; left time: 140.1747s
	iters: 700, epoch: 23 | loss: 0.2496913
	speed: 0.0176s/iter; left time: 138.6047s
	iters: 800, epoch: 23 | loss: 0.2439722
	speed: 0.0176s/iter; left time: 137.1564s
	iters: 900, epoch: 23 | loss: 0.1953436
	speed: 0.0175s/iter; left time: 134.8278s
	iters: 1000, epoch: 23 | loss: 0.2806188
	speed: 0.0177s/iter; left time: 134.3407s
Epoch: 23 cost time: 18.936054468154907
Epoch: 23, Steps: 1074 | Train Loss: 0.2541684 Vali Loss: 0.3841701 Test Loss: 0.3104376
EarlyStopping counter: 1 out of 5
Updating learning rate to 1.2157665459056936e-05
	iters: 100, epoch: 24 | loss: 0.2493855
	speed: 0.0678s/iter; left time: 503.2798s
	iters: 200, epoch: 24 | loss: 0.2276531
	speed: 0.0172s/iter; left time: 125.7439s
	iters: 300, epoch: 24 | loss: 0.2191765
	speed: 0.0172s/iter; left time: 123.9164s
	iters: 400, epoch: 24 | loss: 0.2023391
	speed: 0.0170s/iter; left time: 121.0060s
	iters: 500, epoch: 24 | loss: 0.3091466
	speed: 0.0169s/iter; left time: 118.4944s
	iters: 600, epoch: 24 | loss: 0.2660019
	speed: 0.0172s/iter; left time: 118.8345s
	iters: 700, epoch: 24 | loss: 0.2375524
	speed: 0.0174s/iter; left time: 118.8859s
	iters: 800, epoch: 24 | loss: 0.2565689
	speed: 0.0174s/iter; left time: 116.7579s
	iters: 900, epoch: 24 | loss: 0.3144873
	speed: 0.0173s/iter; left time: 114.7303s
	iters: 1000, epoch: 24 | loss: 0.2604277
	speed: 0.0174s/iter; left time: 113.7058s
Epoch: 24 cost time: 18.683533430099487
Epoch: 24, Steps: 1074 | Train Loss: 0.2542245 Vali Loss: 0.3837260 Test Loss: 0.3103603
EarlyStopping counter: 2 out of 5
Updating learning rate to 1.0941898913151242e-05
	iters: 100, epoch: 25 | loss: 0.2226019
	speed: 0.0681s/iter; left time: 432.1449s
	iters: 200, epoch: 25 | loss: 0.1823385
	speed: 0.0173s/iter; left time: 108.0861s
	iters: 300, epoch: 25 | loss: 0.2321452
	speed: 0.0173s/iter; left time: 106.1423s
	iters: 400, epoch: 25 | loss: 0.3132910
	speed: 0.0170s/iter; left time: 102.9968s
	iters: 500, epoch: 25 | loss: 0.3235965
	speed: 0.0170s/iter; left time: 101.0177s
	iters: 600, epoch: 25 | loss: 0.2246831
	speed: 0.0172s/iter; left time: 100.4067s
	iters: 700, epoch: 25 | loss: 0.2705409
	speed: 0.0172s/iter; left time: 99.0384s
	iters: 800, epoch: 25 | loss: 0.2704008
	speed: 0.0174s/iter; left time: 98.0541s
	iters: 900, epoch: 25 | loss: 0.2651549
	speed: 0.0174s/iter; left time: 96.6614s
	iters: 1000, epoch: 25 | loss: 0.2992941
	speed: 0.0174s/iter; left time: 95.0031s
Epoch: 25 cost time: 18.697893381118774
Epoch: 25, Steps: 1074 | Train Loss: 0.2536363 Vali Loss: 0.3832991 Test Loss: 0.3104077
EarlyStopping counter: 3 out of 5
Updating learning rate to 9.847709021836118e-06
	iters: 100, epoch: 26 | loss: 0.2570566
	speed: 0.0683s/iter; left time: 360.2153s
	iters: 200, epoch: 26 | loss: 0.3038576
	speed: 0.0169s/iter; left time: 87.3713s
	iters: 300, epoch: 26 | loss: 0.2271228
	speed: 0.0169s/iter; left time: 85.5756s
	iters: 400, epoch: 26 | loss: 0.1910411
	speed: 0.0170s/iter; left time: 84.3219s
	iters: 500, epoch: 26 | loss: 0.3014922
	speed: 0.0169s/iter; left time: 82.4299s
	iters: 600, epoch: 26 | loss: 0.2360254
	speed: 0.0167s/iter; left time: 79.5315s
	iters: 700, epoch: 26 | loss: 0.2166607
	speed: 0.0173s/iter; left time: 80.5836s
	iters: 800, epoch: 26 | loss: 0.2648539
	speed: 0.0168s/iter; left time: 76.7355s
	iters: 900, epoch: 26 | loss: 0.2929145
	speed: 0.0167s/iter; left time: 74.7543s
	iters: 1000, epoch: 26 | loss: 0.1660667
	speed: 0.0167s/iter; left time: 73.0228s
Epoch: 26 cost time: 18.286765813827515
Epoch: 26, Steps: 1074 | Train Loss: 0.2532550 Vali Loss: 0.3835135 Test Loss: 0.3100802
EarlyStopping counter: 4 out of 5
Updating learning rate to 8.862938119652508e-06
	iters: 100, epoch: 27 | loss: 0.2470584
	speed: 0.0686s/iter; left time: 287.8207s
	iters: 200, epoch: 27 | loss: 0.3778288
	speed: 0.0171s/iter; left time: 70.0650s
	iters: 300, epoch: 27 | loss: 0.2756655
	speed: 0.0178s/iter; left time: 71.1049s
	iters: 400, epoch: 27 | loss: 0.2817057
	speed: 0.0176s/iter; left time: 68.6050s
	iters: 500, epoch: 27 | loss: 0.2277763
	speed: 0.0175s/iter; left time: 66.6316s
	iters: 600, epoch: 27 | loss: 0.2774478
	speed: 0.0176s/iter; left time: 65.0380s
	iters: 700, epoch: 27 | loss: 0.2532120
	speed: 0.0174s/iter; left time: 62.5827s
	iters: 800, epoch: 27 | loss: 0.2549776
	speed: 0.0171s/iter; left time: 59.6748s
	iters: 900, epoch: 27 | loss: 0.2158069
	speed: 0.0171s/iter; left time: 58.1324s
	iters: 1000, epoch: 27 | loss: 0.2734890
	speed: 0.0169s/iter; left time: 55.6501s
Epoch: 27 cost time: 18.756749629974365
Epoch: 27, Steps: 1074 | Train Loss: 0.2531418 Vali Loss: 0.3842362 Test Loss: 0.3102348
EarlyStopping counter: 5 out of 5
Early stopping
>>>>>>>testing : ETTm1_96_96_MLPAer_ETTm1_ftM_sl96_ll48_pl96_dm512_nh8_el2_dl1_df2048_fc1_ebtimeF_dtTrue_Exp_0<<<<<<<<<<<<<<<<<<<<<<<<<<<<<<<<<
test 11425
mse:0.31019699573516846, mae:0.3506186306476593, rse:0.5299652218818665
