Args in experiment:
Namespace(random_seed=2025, is_training=1, model_id='ETTh1_96_192', model='MLPAer', data='ETTh1', root_path='./dataset/', data_path='ETTh1.csv', features='M', target='OT', freq='h', checkpoints='./checkpoints/', seq_len=96, label_len=48, pred_len=192, fc_dropout=0.05, head_dropout=0.6, patch_len=16, stride=8, padding_patch='end', revin=1, affine=0, subtract_last=0, decomposition=0, kernel_size=25, individual=0, embed_type=0, enc_in=7, dec_in=7, c_out=7, d_model=512, n_heads=8, e_layers=2, d_layers=1, d_ff=2048, moving_avg=25, factor=1, distil=True, dropout=0.05, embed='timeF', activation='gelu', output_attention=False, do_predict=False, num_workers=10, itr=1, train_epochs=30, batch_size=128, patience=100, learning_rate=0.0002, des='Exp', loss='mse', lradj='type3', pct_start=0.3, use_amp=False, c_ff=14, t_ff=512, c_dropout=0.0, t_dropout=0.2, embed_dropout=0.0, head_type='prediction', usenorm=1, use_gpu=True, gpu=0, use_multi_gpu=False, devices='0,1,2,3', test_flop=False)
Use GPU: cuda:0
>>>>>>>start training : ETTh1_96_192_MLPAer_ETTh1_ftM_sl96_ll48_pl192_dm512_nh8_el2_dl1_df2048_fc1_ebtimeF_dtTrue_Exp_0>>>>>>>>>>>>>>>>>>>>>>>>>>
train 8353
val 2689
test 2689
Epoch: 1 cost time: 1.2489700317382812
Epoch: 1, Steps: 65 | Train Loss: 0.6094182 Vali Loss: 1.3891560 Test Loss: 0.7035740
Validation loss decreased (inf --> 1.389156).  Saving model ...
Updating learning rate to 0.0002
Epoch: 2 cost time: 0.9965593814849854
Epoch: 2, Steps: 65 | Train Loss: 0.4992295 Vali Loss: 1.0342993 Test Loss: 0.4582988
Validation loss decreased (1.389156 --> 1.034299).  Saving model ...
Updating learning rate to 0.0002
Epoch: 3 cost time: 1.0265302658081055
Epoch: 3, Steps: 65 | Train Loss: 0.4495352 Vali Loss: 1.0130231 Test Loss: 0.4468980
Validation loss decreased (1.034299 --> 1.013023).  Saving model ...
Updating learning rate to 0.0002
Epoch: 4 cost time: 1.1087970733642578
Epoch: 4, Steps: 65 | Train Loss: 0.4397394 Vali Loss: 1.0036739 Test Loss: 0.4416409
Validation loss decreased (1.013023 --> 1.003674).  Saving model ...
Updating learning rate to 0.00018
Epoch: 5 cost time: 0.9932234287261963
Epoch: 5, Steps: 65 | Train Loss: 0.4345770 Vali Loss: 1.0013264 Test Loss: 0.4379254
Validation loss decreased (1.003674 --> 1.001326).  Saving model ...
Updating learning rate to 0.000162
Epoch: 6 cost time: 1.0998954772949219
Epoch: 6, Steps: 65 | Train Loss: 0.4304295 Vali Loss: 0.9923195 Test Loss: 0.4358065
Validation loss decreased (1.001326 --> 0.992319).  Saving model ...
Updating learning rate to 0.00014580000000000002
Epoch: 7 cost time: 0.9880368709564209
Epoch: 7, Steps: 65 | Train Loss: 0.4279310 Vali Loss: 0.9917382 Test Loss: 0.4330685
Validation loss decreased (0.992319 --> 0.991738).  Saving model ...
Updating learning rate to 0.00013122
Epoch: 8 cost time: 1.0560057163238525
Epoch: 8, Steps: 65 | Train Loss: 0.4254598 Vali Loss: 0.9891333 Test Loss: 0.4299720
Validation loss decreased (0.991738 --> 0.989133).  Saving model ...
Updating learning rate to 0.00011809800000000002
Epoch: 9 cost time: 0.9347288608551025
Epoch: 9, Steps: 65 | Train Loss: 0.4231442 Vali Loss: 0.9881728 Test Loss: 0.4288210
Validation loss decreased (0.989133 --> 0.988173).  Saving model ...
Updating learning rate to 0.00010628820000000001
Epoch: 10 cost time: 1.1408405303955078
Epoch: 10, Steps: 65 | Train Loss: 0.4215273 Vali Loss: 0.9860015 Test Loss: 0.4282219
Validation loss decreased (0.988173 --> 0.986001).  Saving model ...
Updating learning rate to 9.565938000000003e-05
Epoch: 11 cost time: 1.0714025497436523
Epoch: 11, Steps: 65 | Train Loss: 0.4197699 Vali Loss: 0.9828798 Test Loss: 0.4274491
Validation loss decreased (0.986001 --> 0.982880).  Saving model ...
Updating learning rate to 8.609344200000003e-05
Epoch: 12 cost time: 0.9817216396331787
Epoch: 12, Steps: 65 | Train Loss: 0.4187722 Vali Loss: 0.9801608 Test Loss: 0.4279021
Validation loss decreased (0.982880 --> 0.980161).  Saving model ...
Updating learning rate to 7.748409780000002e-05
Epoch: 13 cost time: 0.9815521240234375
Epoch: 13, Steps: 65 | Train Loss: 0.4177098 Vali Loss: 0.9828665 Test Loss: 0.4260201
EarlyStopping counter: 1 out of 100
Updating learning rate to 6.973568802000002e-05
Epoch: 14 cost time: 1.0498178005218506
Epoch: 14, Steps: 65 | Train Loss: 0.4167119 Vali Loss: 0.9827508 Test Loss: 0.4247715
EarlyStopping counter: 2 out of 100
Updating learning rate to 6.276211921800002e-05
Epoch: 15 cost time: 1.2024965286254883
Epoch: 15, Steps: 65 | Train Loss: 0.4153300 Vali Loss: 0.9809236 Test Loss: 0.4248337
EarlyStopping counter: 3 out of 100
Updating learning rate to 5.648590729620002e-05
Epoch: 16 cost time: 0.9926083087921143
Epoch: 16, Steps: 65 | Train Loss: 0.4151437 Vali Loss: 0.9822021 Test Loss: 0.4237325
EarlyStopping counter: 4 out of 100
Updating learning rate to 5.083731656658002e-05
Epoch: 17 cost time: 0.9319884777069092
Epoch: 17, Steps: 65 | Train Loss: 0.4142994 Vali Loss: 0.9821616 Test Loss: 0.4231044
EarlyStopping counter: 5 out of 100
Updating learning rate to 4.575358490992202e-05
Epoch: 18 cost time: 1.0094456672668457
Epoch: 18, Steps: 65 | Train Loss: 0.4128130 Vali Loss: 0.9810107 Test Loss: 0.4229837
EarlyStopping counter: 6 out of 100
Updating learning rate to 4.117822641892981e-05
Epoch: 19 cost time: 0.9796280860900879
Epoch: 19, Steps: 65 | Train Loss: 0.4127812 Vali Loss: 0.9822693 Test Loss: 0.4230617
EarlyStopping counter: 7 out of 100
Updating learning rate to 3.706040377703683e-05
Epoch: 20 cost time: 0.9430835247039795
Epoch: 20, Steps: 65 | Train Loss: 0.4122860 Vali Loss: 0.9810935 Test Loss: 0.4224373
EarlyStopping counter: 8 out of 100
Updating learning rate to 3.3354363399333154e-05
Epoch: 21 cost time: 0.969444751739502
Epoch: 21, Steps: 65 | Train Loss: 0.4117831 Vali Loss: 0.9811504 Test Loss: 0.4227941
EarlyStopping counter: 9 out of 100
Updating learning rate to 3.0018927059399838e-05
Epoch: 22 cost time: 1.035261869430542
Epoch: 22, Steps: 65 | Train Loss: 0.4113970 Vali Loss: 0.9801279 Test Loss: 0.4227722
Validation loss decreased (0.980161 --> 0.980128).  Saving model ...
Updating learning rate to 2.7017034353459858e-05
Epoch: 23 cost time: 1.05745267868042
Epoch: 23, Steps: 65 | Train Loss: 0.4108135 Vali Loss: 0.9810602 Test Loss: 0.4221718
EarlyStopping counter: 1 out of 100
Updating learning rate to 2.431533091811387e-05
Epoch: 24 cost time: 1.117459774017334
Epoch: 24, Steps: 65 | Train Loss: 0.4108511 Vali Loss: 0.9815078 Test Loss: 0.4216425
EarlyStopping counter: 2 out of 100
Updating learning rate to 2.1883797826302484e-05
Epoch: 25 cost time: 0.9380159378051758
Epoch: 25, Steps: 65 | Train Loss: 0.4106683 Vali Loss: 0.9815382 Test Loss: 0.4219940
EarlyStopping counter: 3 out of 100
Updating learning rate to 1.9695418043672237e-05
Epoch: 26 cost time: 1.0367741584777832
Epoch: 26, Steps: 65 | Train Loss: 0.4105873 Vali Loss: 0.9819089 Test Loss: 0.4216846
EarlyStopping counter: 4 out of 100
Updating learning rate to 1.7725876239305016e-05
Epoch: 27 cost time: 1.014934778213501
Epoch: 27, Steps: 65 | Train Loss: 0.4102407 Vali Loss: 0.9808081 Test Loss: 0.4218026
EarlyStopping counter: 5 out of 100
Updating learning rate to 1.595328861537451e-05
Epoch: 28 cost time: 0.9658582210540771
Epoch: 28, Steps: 65 | Train Loss: 0.4097037 Vali Loss: 0.9807472 Test Loss: 0.4214475
EarlyStopping counter: 6 out of 100
Updating learning rate to 1.4357959753837061e-05
Epoch: 29 cost time: 0.9360561370849609
Epoch: 29, Steps: 65 | Train Loss: 0.4095264 Vali Loss: 0.9813633 Test Loss: 0.4217148
EarlyStopping counter: 7 out of 100
Updating learning rate to 1.2922163778453355e-05
Epoch: 30 cost time: 1.0192677974700928
Epoch: 30, Steps: 65 | Train Loss: 0.4094367 Vali Loss: 0.9814999 Test Loss: 0.4213601
EarlyStopping counter: 8 out of 100
Updating learning rate to 1.1629947400608019e-05
>>>>>>>testing : ETTh1_96_192_MLPAer_ETTh1_ftM_sl96_ll48_pl192_dm512_nh8_el2_dl1_df2048_fc1_ebtimeF_dtTrue_Exp_0<<<<<<<<<<<<<<<<<<<<<<<<<<<<<<<<<
test 2689
mse:0.42277219891548157, mae:0.4219076335430145, rse:0.6174544095993042
