Args in experiment:
Namespace(random_seed=2025, is_training=1, model_id='ETTh2_96_720', model='MLPAer', data='ETTh2', root_path='./dataset/', data_path='ETTh2.csv', features='M', target='OT', freq='h', checkpoints='./checkpoints/', seq_len=96, label_len=48, pred_len=720, fc_dropout=0.05, head_dropout=0.6, patch_len=16, stride=8, padding_patch='end', revin=1, affine=0, subtract_last=0, decomposition=0, kernel_size=25, individual=0, embed_type=0, enc_in=7, dec_in=7, c_out=7, d_model=1024, n_heads=8, e_layers=2, d_layers=1, d_ff=2048, moving_avg=25, factor=1, distil=True, dropout=0.05, embed='timeF', activation='gelu', output_attention=False, do_predict=False, num_workers=10, itr=1, train_epochs=30, batch_size=128, patience=3, learning_rate=0.0001, des='Exp', loss='mse', lradj='type3', pct_start=0.3, use_amp=False, c_ff=7, t_ff=336, c_dropout=0.1, t_dropout=0.4, embed_dropout=0.0, head_type='prediction', usenorm=1, use_gpu=True, gpu=0, use_multi_gpu=False, devices='0,1,2,3', test_flop=False)
Use GPU: cuda:0
>>>>>>>start training : ETTh2_96_720_MLPAer_ETTh2_ftM_sl96_ll48_pl720_dm1024_nh8_el2_dl1_df2048_fc1_ebtimeF_dtTrue_Exp_0>>>>>>>>>>>>>>>>>>>>>>>>>>
train 7825
val 2161
test 2161
Epoch: 1 cost time: 1.4183883666992188
Epoch: 1, Steps: 61 | Train Loss: 0.9067784 Vali Loss: 0.6619841 Test Loss: 0.4384385
Validation loss decreased (inf --> 0.661984).  Saving model ...
Updating learning rate to 0.0001
Epoch: 2 cost time: 1.3122575283050537
Epoch: 2, Steps: 61 | Train Loss: 0.8776935 Vali Loss: 0.6136233 Test Loss: 0.4177887
Validation loss decreased (0.661984 --> 0.613623).  Saving model ...
Updating learning rate to 0.0001
Epoch: 3 cost time: 1.471930742263794
Epoch: 3, Steps: 61 | Train Loss: 0.8543991 Vali Loss: 0.6112102 Test Loss: 0.4109522
Validation loss decreased (0.613623 --> 0.611210).  Saving model ...
Updating learning rate to 0.0001
Epoch: 4 cost time: 1.3489203453063965
Epoch: 4, Steps: 61 | Train Loss: 0.8487028 Vali Loss: 0.6107663 Test Loss: 0.4087419
Validation loss decreased (0.611210 --> 0.610766).  Saving model ...
Updating learning rate to 9e-05
Epoch: 5 cost time: 1.19346284866333
Epoch: 5, Steps: 61 | Train Loss: 0.8433628 Vali Loss: 0.6029012 Test Loss: 0.4088805
Validation loss decreased (0.610766 --> 0.602901).  Saving model ...
Updating learning rate to 8.1e-05
Epoch: 6 cost time: 1.3598995208740234
Epoch: 6, Steps: 61 | Train Loss: 0.8419230 Vali Loss: 0.6042218 Test Loss: 0.4074771
EarlyStopping counter: 1 out of 3
Updating learning rate to 7.290000000000001e-05
Epoch: 7 cost time: 1.2009031772613525
Epoch: 7, Steps: 61 | Train Loss: 0.8407553 Vali Loss: 0.6032140 Test Loss: 0.4073759
EarlyStopping counter: 2 out of 3
Updating learning rate to 6.561e-05
Epoch: 8 cost time: 1.3145859241485596
Epoch: 8, Steps: 61 | Train Loss: 0.8351067 Vali Loss: 0.6014542 Test Loss: 0.4065552
Validation loss decreased (0.602901 --> 0.601454).  Saving model ...
Updating learning rate to 5.904900000000001e-05
Epoch: 9 cost time: 1.1835765838623047
Epoch: 9, Steps: 61 | Train Loss: 0.8365733 Vali Loss: 0.5991327 Test Loss: 0.4069402
Validation loss decreased (0.601454 --> 0.599133).  Saving model ...
Updating learning rate to 5.3144100000000005e-05
Epoch: 10 cost time: 1.2450430393218994
Epoch: 10, Steps: 61 | Train Loss: 0.8339466 Vali Loss: 0.5966899 Test Loss: 0.4074167
Validation loss decreased (0.599133 --> 0.596690).  Saving model ...
Updating learning rate to 4.782969000000001e-05
Epoch: 11 cost time: 1.3230526447296143
Epoch: 11, Steps: 61 | Train Loss: 0.8332206 Vali Loss: 0.6007327 Test Loss: 0.4079419
EarlyStopping counter: 1 out of 3
Updating learning rate to 4.304672100000001e-05
Epoch: 12 cost time: 1.2426538467407227
Epoch: 12, Steps: 61 | Train Loss: 0.8310182 Vali Loss: 0.6002805 Test Loss: 0.4075680
EarlyStopping counter: 2 out of 3
Updating learning rate to 3.874204890000001e-05
Epoch: 13 cost time: 1.2592418193817139
Epoch: 13, Steps: 61 | Train Loss: 0.8297552 Vali Loss: 0.5999751 Test Loss: 0.4075732
EarlyStopping counter: 3 out of 3
Early stopping
>>>>>>>testing : ETTh2_96_720_MLPAer_ETTh2_ftM_sl96_ll48_pl720_dm1024_nh8_el2_dl1_df2048_fc1_ebtimeF_dtTrue_Exp_0<<<<<<<<<<<<<<<<<<<<<<<<<<<<<<<<<
test 2161
mse:0.4074164032936096, mae:0.43059736490249634, rse:0.5117365717887878
