Args in experiment:
Namespace(random_seed=2025, is_training=1, model_id='traffic_96_96', model='MLPAer', data='custom', root_path='./dataset/', data_path='traffic.csv', features='M', target='OT', freq='h', checkpoints='./checkpoints/', seq_len=96, label_len=48, pred_len=96, fc_dropout=0.05, head_dropout=0.7, patch_len=16, stride=8, padding_patch='end', revin=1, affine=0, subtract_last=0, decomposition=0, kernel_size=25, individual=0, embed_type=0, enc_in=862, dec_in=7, c_out=7, d_model=2048, n_heads=8, e_layers=2, d_layers=1, d_ff=2048, moving_avg=25, factor=1, distil=True, dropout=0.05, embed='timeF', activation='gelu', output_attention=False, do_predict=False, num_workers=10, itr=1, train_epochs=30, batch_size=16, patience=2, learning_rate=0.0001, des='Exp', loss='mse', lradj='type3', pct_start=0.3, use_amp=False, c_ff=64, t_ff=400, c_dropout=0.1, t_dropout=0.1, embed_dropout=0.1, head_type='prediction', usenorm=1, use_gpu=True, gpu=0, use_multi_gpu=False, devices='0,1,2,3', test_flop=False)
Use GPU: cuda:0
>>>>>>>start training : traffic_96_96_MLPAer_custom_ftM_sl96_ll48_pl96_dm2048_nh8_el2_dl1_df2048_fc1_ebtimeF_dtTrue_Exp_0>>>>>>>>>>>>>>>>>>>>>>>>>>
train 12089
val 1661
test 3413
	iters: 100, epoch: 1 | loss: 0.9933327
	speed: 0.1019s/iter; left time: 2297.0174s
	iters: 200, epoch: 1 | loss: 0.8115119
	speed: 0.0860s/iter; left time: 1931.5167s
	iters: 300, epoch: 1 | loss: 0.7986860
	speed: 0.0814s/iter; left time: 1820.0153s
	iters: 400, epoch: 1 | loss: 0.6878445
	speed: 0.0889s/iter; left time: 1978.5968s
	iters: 500, epoch: 1 | loss: 0.6230828
	speed: 0.0826s/iter; left time: 1828.5686s
	iters: 600, epoch: 1 | loss: 0.5786647
	speed: 0.0901s/iter; left time: 1986.0688s
	iters: 700, epoch: 1 | loss: 0.6303051
	speed: 0.0884s/iter; left time: 1940.4104s
Epoch: 1 cost time: 65.61230301856995
Epoch: 1, Steps: 755 | Train Loss: 0.7333030 Vali Loss: 0.6636985 Test Loss: 0.7961980
Validation loss decreased (inf --> 0.663698).  Saving model ...
Updating learning rate to 0.0001
	iters: 100, epoch: 2 | loss: 0.4048368
	speed: 0.8016s/iter; left time: 17472.0591s
	iters: 200, epoch: 2 | loss: 0.4047572
	speed: 0.1311s/iter; left time: 2844.7472s
	iters: 300, epoch: 2 | loss: 0.4118168
	speed: 0.1238s/iter; left time: 2673.6357s
	iters: 400, epoch: 2 | loss: 0.3895979
	speed: 0.0977s/iter; left time: 2101.1264s
	iters: 500, epoch: 2 | loss: 0.4177077
	speed: 0.0974s/iter; left time: 2083.6857s
	iters: 600, epoch: 2 | loss: 0.3674016
	speed: 0.0959s/iter; left time: 2042.8154s
	iters: 700, epoch: 2 | loss: 0.3585566
	speed: 0.0997s/iter; left time: 2113.6589s
Epoch: 2 cost time: 83.21213483810425
Epoch: 2, Steps: 755 | Train Loss: 0.4159318 Vali Loss: 0.4649275 Test Loss: 0.5387530
Validation loss decreased (0.663698 --> 0.464928).  Saving model ...
Updating learning rate to 0.0001
	iters: 100, epoch: 3 | loss: 0.3681094
	speed: 1.1142s/iter; left time: 23442.9158s
	iters: 200, epoch: 3 | loss: 0.3293379
	speed: 0.1661s/iter; left time: 3477.3972s
	iters: 300, epoch: 3 | loss: 0.3259659
	speed: 0.1714s/iter; left time: 3571.6469s
	iters: 400, epoch: 3 | loss: 0.3097115
	speed: 0.1643s/iter; left time: 3408.1482s
	iters: 500, epoch: 3 | loss: 0.3115821
	speed: 0.1671s/iter; left time: 3449.1365s
	iters: 600, epoch: 3 | loss: 0.2700503
	speed: 0.1506s/iter; left time: 3093.3295s
	iters: 700, epoch: 3 | loss: 0.3241960
	speed: 0.1351s/iter; left time: 2760.7340s
Epoch: 3 cost time: 118.71632623672485
Epoch: 3, Steps: 755 | Train Loss: 0.3266486 Vali Loss: 0.4177642 Test Loss: 0.4812315
Validation loss decreased (0.464928 --> 0.417764).  Saving model ...
Updating learning rate to 0.0001
	iters: 100, epoch: 4 | loss: 0.2611194
	speed: 1.4453s/iter; left time: 29319.0006s
	iters: 200, epoch: 4 | loss: 0.2787048
	speed: 0.1281s/iter; left time: 2586.2842s
	iters: 300, epoch: 4 | loss: 0.2808388
	speed: 0.1331s/iter; left time: 2673.7022s
	iters: 400, epoch: 4 | loss: 0.3024338
	speed: 0.1341s/iter; left time: 2680.1598s
	iters: 500, epoch: 4 | loss: 0.2989318
	speed: 0.1338s/iter; left time: 2660.2493s
	iters: 600, epoch: 4 | loss: 0.2571490
	speed: 0.1540s/iter; left time: 3046.1202s
	iters: 700, epoch: 4 | loss: 0.3339891
	speed: 0.1578s/iter; left time: 3106.9080s
Epoch: 4 cost time: 107.22027707099915
Epoch: 4, Steps: 755 | Train Loss: 0.2962159 Vali Loss: 0.4041445 Test Loss: 0.4613676
Validation loss decreased (0.417764 --> 0.404144).  Saving model ...
Updating learning rate to 9e-05
	iters: 100, epoch: 5 | loss: 0.3018625
	speed: 1.4331s/iter; left time: 27990.6154s
	iters: 200, epoch: 5 | loss: 0.3137690
	speed: 0.1300s/iter; left time: 2525.5509s
	iters: 300, epoch: 5 | loss: 0.3033982
	speed: 0.1333s/iter; left time: 2577.0444s
	iters: 400, epoch: 5 | loss: 0.2993490
	speed: 0.1303s/iter; left time: 2505.4217s
	iters: 500, epoch: 5 | loss: 0.2667367
	speed: 0.1253s/iter; left time: 2397.2707s
	iters: 600, epoch: 5 | loss: 0.3207862
	speed: 0.1282s/iter; left time: 2440.3121s
	iters: 700, epoch: 5 | loss: 0.2772670
	speed: 0.1265s/iter; left time: 2394.6301s
Epoch: 5 cost time: 97.97078037261963
Epoch: 5, Steps: 755 | Train Loss: 0.2822217 Vali Loss: 0.3964680 Test Loss: 0.4516064
Validation loss decreased (0.404144 --> 0.396468).  Saving model ...
Updating learning rate to 8.1e-05
	iters: 100, epoch: 6 | loss: 0.3364437
	speed: 1.5076s/iter; left time: 28305.9016s
	iters: 200, epoch: 6 | loss: 0.2969072
	speed: 0.1457s/iter; left time: 2721.2964s
	iters: 300, epoch: 6 | loss: 0.2811843
	speed: 0.1521s/iter; left time: 2825.4305s
	iters: 400, epoch: 6 | loss: 0.3084545
	speed: 0.1480s/iter; left time: 2734.4814s
	iters: 500, epoch: 6 | loss: 0.2659974
	speed: 0.1494s/iter; left time: 2744.8632s
	iters: 600, epoch: 6 | loss: 0.2743171
	speed: 0.1446s/iter; left time: 2641.9334s
	iters: 700, epoch: 6 | loss: 0.2761278
	speed: 0.1491s/iter; left time: 2709.1962s
Epoch: 6 cost time: 113.5433337688446
Epoch: 6, Steps: 755 | Train Loss: 0.2738362 Vali Loss: 0.3922163 Test Loss: 0.4449894
Validation loss decreased (0.396468 --> 0.392216).  Saving model ...
Updating learning rate to 7.290000000000001e-05
	iters: 100, epoch: 7 | loss: 0.2671738
	speed: 1.7127s/iter; left time: 30865.4396s
	iters: 200, epoch: 7 | loss: 0.2870806
	speed: 0.1562s/iter; left time: 2800.1190s
	iters: 300, epoch: 7 | loss: 0.2698461
	speed: 0.1532s/iter; left time: 2730.4426s
	iters: 400, epoch: 7 | loss: 0.2823670
	speed: 0.1604s/iter; left time: 2841.8966s
	iters: 500, epoch: 7 | loss: 0.2729551
	speed: 0.1577s/iter; left time: 2778.2595s
	iters: 600, epoch: 7 | loss: 0.2554014
	speed: 0.1596s/iter; left time: 2797.0397s
	iters: 700, epoch: 7 | loss: 0.2869515
	speed: 0.1614s/iter; left time: 2811.8773s
Epoch: 7 cost time: 118.98762059211731
Epoch: 7, Steps: 755 | Train Loss: 0.2681556 Vali Loss: 0.3878829 Test Loss: 0.4390413
Validation loss decreased (0.392216 --> 0.387883).  Saving model ...
Updating learning rate to 6.561e-05
	iters: 100, epoch: 8 | loss: 0.2513894
	speed: 1.7115s/iter; left time: 29550.3698s
	iters: 200, epoch: 8 | loss: 0.2525705
	speed: 0.1483s/iter; left time: 2545.9064s
	iters: 300, epoch: 8 | loss: 0.2707948
	speed: 0.1483s/iter; left time: 2530.5102s
	iters: 400, epoch: 8 | loss: 0.2527824
	speed: 0.1465s/iter; left time: 2484.6725s
	iters: 500, epoch: 8 | loss: 0.2570140
	speed: 0.1432s/iter; left time: 2415.6573s
	iters: 600, epoch: 8 | loss: 0.2806912
	speed: 0.1486s/iter; left time: 2491.8884s
	iters: 700, epoch: 8 | loss: 0.2545246
	speed: 0.1446s/iter; left time: 2410.0617s
Epoch: 8 cost time: 111.23367476463318
Epoch: 8, Steps: 755 | Train Loss: 0.2638427 Vali Loss: 0.3867069 Test Loss: 0.4383706
Validation loss decreased (0.387883 --> 0.386707).  Saving model ...
Updating learning rate to 5.904900000000001e-05
	iters: 100, epoch: 9 | loss: 0.2380905
	speed: 1.6619s/iter; left time: 27439.1992s
	iters: 200, epoch: 9 | loss: 0.2532133
	speed: 0.1492s/iter; left time: 2448.8795s
	iters: 300, epoch: 9 | loss: 0.2942188
	speed: 0.1481s/iter; left time: 2415.0558s
	iters: 400, epoch: 9 | loss: 0.2701574
	speed: 0.1468s/iter; left time: 2379.4713s
	iters: 500, epoch: 9 | loss: 0.2773899
	speed: 0.1476s/iter; left time: 2377.2050s
	iters: 600, epoch: 9 | loss: 0.2290011
	speed: 0.1405s/iter; left time: 2248.9704s
	iters: 700, epoch: 9 | loss: 0.2703248
	speed: 0.1436s/iter; left time: 2284.8314s
Epoch: 9 cost time: 110.84572434425354
Epoch: 9, Steps: 755 | Train Loss: 0.2604979 Vali Loss: 0.3867841 Test Loss: 0.4406551
EarlyStopping counter: 1 out of 2
Updating learning rate to 5.3144100000000005e-05
	iters: 100, epoch: 10 | loss: 0.2575504
	speed: 1.7022s/iter; left time: 26819.7556s
	iters: 200, epoch: 10 | loss: 0.2619594
	speed: 0.1589s/iter; left time: 2487.7729s
	iters: 300, epoch: 10 | loss: 0.2707910
	speed: 0.1591s/iter; left time: 2475.0790s
	iters: 400, epoch: 10 | loss: 0.2638266
	speed: 0.1542s/iter; left time: 2382.9229s
	iters: 500, epoch: 10 | loss: 0.2655197
	speed: 0.1503s/iter; left time: 2307.6136s
	iters: 600, epoch: 10 | loss: 0.2407572
	speed: 0.1493s/iter; left time: 2278.4341s
	iters: 700, epoch: 10 | loss: 0.2490165
	speed: 0.1527s/iter; left time: 2314.4010s
Epoch: 10 cost time: 117.47081542015076
Epoch: 10, Steps: 755 | Train Loss: 0.2578811 Vali Loss: 0.3823903 Test Loss: 0.4342072
Validation loss decreased (0.386707 --> 0.382390).  Saving model ...
Updating learning rate to 4.782969000000001e-05
	iters: 100, epoch: 11 | loss: 0.2939761
	speed: 1.7269s/iter; left time: 25904.9794s
	iters: 200, epoch: 11 | loss: 0.2372730
	speed: 0.1494s/iter; left time: 2225.8184s
	iters: 300, epoch: 11 | loss: 0.2955195
	speed: 0.1490s/iter; left time: 2205.8519s
	iters: 400, epoch: 11 | loss: 0.2320629
	speed: 0.1472s/iter; left time: 2164.3201s
	iters: 500, epoch: 11 | loss: 0.2653826
	speed: 0.1536s/iter; left time: 2242.4772s
	iters: 600, epoch: 11 | loss: 0.2466999
	speed: 0.1607s/iter; left time: 2330.7310s
	iters: 700, epoch: 11 | loss: 0.2445917
	speed: 0.1592s/iter; left time: 2292.9592s
Epoch: 11 cost time: 115.97034478187561
Epoch: 11, Steps: 755 | Train Loss: 0.2555922 Vali Loss: 0.3829708 Test Loss: 0.4368858
EarlyStopping counter: 1 out of 2
Updating learning rate to 4.304672100000001e-05
	iters: 100, epoch: 12 | loss: 0.2401053
	speed: 1.6876s/iter; left time: 24041.7843s
	iters: 200, epoch: 12 | loss: 0.2530285
	speed: 0.1482s/iter; left time: 2096.5826s
	iters: 300, epoch: 12 | loss: 0.2814932
	speed: 0.1489s/iter; left time: 2091.1779s
	iters: 400, epoch: 12 | loss: 0.2574380
	speed: 0.1453s/iter; left time: 2026.0536s
	iters: 500, epoch: 12 | loss: 0.2447207
	speed: 0.1424s/iter; left time: 1971.1835s
	iters: 600, epoch: 12 | loss: 0.2298773
	speed: 0.1431s/iter; left time: 1967.0337s
	iters: 700, epoch: 12 | loss: 0.2352012
	speed: 0.1488s/iter; left time: 2030.5506s
Epoch: 12 cost time: 111.19538617134094
Epoch: 12, Steps: 755 | Train Loss: 0.2538001 Vali Loss: 0.3814050 Test Loss: 0.4343989
Validation loss decreased (0.382390 --> 0.381405).  Saving model ...
Updating learning rate to 3.874204890000001e-05
	iters: 100, epoch: 13 | loss: 0.2551694
	speed: 1.6710s/iter; left time: 22543.9080s
	iters: 200, epoch: 13 | loss: 0.2450318
	speed: 0.1515s/iter; left time: 2029.2506s
	iters: 300, epoch: 13 | loss: 0.2757610
	speed: 0.1474s/iter; left time: 1958.7951s
	iters: 400, epoch: 13 | loss: 0.2148256
	speed: 0.1488s/iter; left time: 1962.4772s
	iters: 500, epoch: 13 | loss: 0.2629885
	speed: 0.1451s/iter; left time: 1898.9820s
	iters: 600, epoch: 13 | loss: 0.2813536
	speed: 0.1470s/iter; left time: 1909.0813s
	iters: 700, epoch: 13 | loss: 0.2778424
	speed: 0.1453s/iter; left time: 1873.0760s
Epoch: 13 cost time: 113.01036977767944
Epoch: 13, Steps: 755 | Train Loss: 0.2522781 Vali Loss: 0.3804814 Test Loss: 0.4333203
Validation loss decreased (0.381405 --> 0.380481).  Saving model ...
Updating learning rate to 3.486784401000001e-05
	iters: 100, epoch: 14 | loss: 0.2461116
	speed: 1.7042s/iter; left time: 21704.0737s
	iters: 200, epoch: 14 | loss: 0.2867894
	speed: 0.1495s/iter; left time: 1889.5556s
	iters: 300, epoch: 14 | loss: 0.2790703
	speed: 0.1528s/iter; left time: 1915.9796s
	iters: 400, epoch: 14 | loss: 0.2318440
	speed: 0.1589s/iter; left time: 1976.1314s
	iters: 500, epoch: 14 | loss: 0.2793968
	speed: 0.1551s/iter; left time: 1912.7677s
	iters: 600, epoch: 14 | loss: 0.2501973
	speed: 0.1589s/iter; left time: 1944.8105s
	iters: 700, epoch: 14 | loss: 0.2357905
	speed: 0.1594s/iter; left time: 1934.8480s
Epoch: 14 cost time: 116.96515536308289
Epoch: 14, Steps: 755 | Train Loss: 0.2509297 Vali Loss: 0.3798492 Test Loss: 0.4333574
Validation loss decreased (0.380481 --> 0.379849).  Saving model ...
Updating learning rate to 3.138105960900001e-05
	iters: 100, epoch: 15 | loss: 0.2823210
	speed: 1.7179s/iter; left time: 20582.4745s
	iters: 200, epoch: 15 | loss: 0.2598634
	speed: 0.1444s/iter; left time: 1715.2425s
	iters: 300, epoch: 15 | loss: 0.2375874
	speed: 0.1473s/iter; left time: 1734.9236s
	iters: 400, epoch: 15 | loss: 0.2426876
	speed: 0.1480s/iter; left time: 1728.5500s
	iters: 500, epoch: 15 | loss: 0.2483958
	speed: 0.1427s/iter; left time: 1652.4569s
	iters: 600, epoch: 15 | loss: 0.2417745
	speed: 0.1454s/iter; left time: 1669.0422s
	iters: 700, epoch: 15 | loss: 0.2664170
	speed: 0.1528s/iter; left time: 1738.9468s
Epoch: 15 cost time: 111.43855094909668
Epoch: 15, Steps: 755 | Train Loss: 0.2497369 Vali Loss: 0.3807972 Test Loss: 0.4359499
EarlyStopping counter: 1 out of 2
Updating learning rate to 2.824295364810001e-05
	iters: 100, epoch: 16 | loss: 0.2497913
	speed: 1.6592s/iter; left time: 18625.6434s
	iters: 200, epoch: 16 | loss: 0.2382725
	speed: 0.1483s/iter; left time: 1649.6069s
	iters: 300, epoch: 16 | loss: 0.2509623
	speed: 0.1521s/iter; left time: 1676.5354s
	iters: 400, epoch: 16 | loss: 0.2413978
	speed: 0.1445s/iter; left time: 1578.3789s
	iters: 500, epoch: 16 | loss: 0.2725823
	speed: 0.1447s/iter; left time: 1566.8269s
	iters: 600, epoch: 16 | loss: 0.2349192
	speed: 0.1437s/iter; left time: 1540.8911s
	iters: 700, epoch: 16 | loss: 0.2510166
	speed: 0.1440s/iter; left time: 1530.0472s
Epoch: 16 cost time: 111.19291925430298
Epoch: 16, Steps: 755 | Train Loss: 0.2488331 Vali Loss: 0.3794479 Test Loss: 0.4333615
Validation loss decreased (0.379849 --> 0.379448).  Saving model ...
Updating learning rate to 2.541865828329001e-05
	iters: 100, epoch: 17 | loss: 0.2712857
	speed: 1.7133s/iter; left time: 17940.3408s
	iters: 200, epoch: 17 | loss: 0.2782801
	speed: 0.1651s/iter; left time: 1712.2023s
	iters: 300, epoch: 17 | loss: 0.2573909
	speed: 0.1656s/iter; left time: 1701.0684s
	iters: 400, epoch: 17 | loss: 0.2431371
	speed: 0.1618s/iter; left time: 1646.1660s
	iters: 500, epoch: 17 | loss: 0.2549942
	speed: 0.1497s/iter; left time: 1507.5517s
	iters: 600, epoch: 17 | loss: 0.2544645
	speed: 0.1487s/iter; left time: 1482.4595s
	iters: 700, epoch: 17 | loss: 0.2490825
	speed: 0.1481s/iter; left time: 1461.8268s
Epoch: 17 cost time: 118.05404233932495
Epoch: 17, Steps: 755 | Train Loss: 0.2480001 Vali Loss: 0.3789728 Test Loss: 0.4326970
Validation loss decreased (0.379448 --> 0.378973).  Saving model ...
Updating learning rate to 2.287679245496101e-05
	iters: 100, epoch: 18 | loss: 0.2510318
	speed: 1.7230s/iter; left time: 16740.7561s
	iters: 200, epoch: 18 | loss: 0.2423606
	speed: 0.1482s/iter; left time: 1425.1747s
	iters: 300, epoch: 18 | loss: 0.2263244
	speed: 0.1500s/iter; left time: 1427.3317s
	iters: 400, epoch: 18 | loss: 0.2595617
	speed: 0.1460s/iter; left time: 1374.7189s
	iters: 500, epoch: 18 | loss: 0.2456119
	speed: 0.1440s/iter; left time: 1341.3730s
	iters: 600, epoch: 18 | loss: 0.2657327
	speed: 0.1598s/iter; left time: 1472.9732s
	iters: 700, epoch: 18 | loss: 0.2518726
	speed: 0.1587s/iter; left time: 1446.9829s
Epoch: 18 cost time: 115.01841330528259
Epoch: 18, Steps: 755 | Train Loss: 0.2471909 Vali Loss: 0.3788660 Test Loss: 0.4327840
Validation loss decreased (0.378973 --> 0.378866).  Saving model ...
Updating learning rate to 2.0589113209464907e-05
	iters: 100, epoch: 19 | loss: 0.2368076
	speed: 1.6728s/iter; left time: 14989.8058s
	iters: 200, epoch: 19 | loss: 0.2564268
	speed: 0.1472s/iter; left time: 1304.3402s
	iters: 300, epoch: 19 | loss: 0.2568847
	speed: 0.1481s/iter; left time: 1297.5549s
	iters: 400, epoch: 19 | loss: 0.2643956
	speed: 0.1476s/iter; left time: 1278.2012s
	iters: 500, epoch: 19 | loss: 0.2460633
	speed: 0.1487s/iter; left time: 1272.8865s
	iters: 600, epoch: 19 | loss: 0.2479962
	speed: 0.1465s/iter; left time: 1239.4034s
	iters: 700, epoch: 19 | loss: 0.2404550
	speed: 0.1464s/iter; left time: 1223.9093s
Epoch: 19 cost time: 111.70779919624329
Epoch: 19, Steps: 755 | Train Loss: 0.2465100 Vali Loss: 0.3785885 Test Loss: 0.4332893
Validation loss decreased (0.378866 --> 0.378589).  Saving model ...
Updating learning rate to 1.8530201888518416e-05
	iters: 100, epoch: 20 | loss: 0.2288307
	speed: 1.6689s/iter; left time: 13695.3415s
	iters: 200, epoch: 20 | loss: 0.2330424
	speed: 0.1463s/iter; left time: 1186.0072s
	iters: 300, epoch: 20 | loss: 0.2791609
	speed: 0.1503s/iter; left time: 1203.1319s
	iters: 400, epoch: 20 | loss: 0.2452595
	speed: 0.1477s/iter; left time: 1167.7144s
	iters: 500, epoch: 20 | loss: 0.2316240
	speed: 0.1456s/iter; left time: 1136.6604s
	iters: 600, epoch: 20 | loss: 0.2177888
	speed: 0.1472s/iter; left time: 1134.0845s
	iters: 700, epoch: 20 | loss: 0.2455804
	speed: 0.1493s/iter; left time: 1135.9444s
Epoch: 20 cost time: 113.306480884552
Epoch: 20, Steps: 755 | Train Loss: 0.2459880 Vali Loss: 0.3785550 Test Loss: 0.4338047
Validation loss decreased (0.378589 --> 0.378555).  Saving model ...
Updating learning rate to 1.6677181699666577e-05
	iters: 100, epoch: 21 | loss: 0.2583016
	speed: 1.7111s/iter; left time: 12749.2302s
	iters: 200, epoch: 21 | loss: 0.2418624
	speed: 0.1463s/iter; left time: 1075.7466s
	iters: 300, epoch: 21 | loss: 0.2255497
	speed: 0.1566s/iter; left time: 1135.5996s
	iters: 400, epoch: 21 | loss: 0.2808848
	speed: 0.1599s/iter; left time: 1143.7790s
	iters: 500, epoch: 21 | loss: 0.2217782
	speed: 0.1550s/iter; left time: 1092.8332s
	iters: 600, epoch: 21 | loss: 0.2582637
	speed: 0.1562s/iter; left time: 1085.8485s
	iters: 700, epoch: 21 | loss: 0.2783125
	speed: 0.1559s/iter; left time: 1068.1234s
Epoch: 21 cost time: 117.75031900405884
Epoch: 21, Steps: 755 | Train Loss: 0.2455149 Vali Loss: 0.3776374 Test Loss: 0.4322824
Validation loss decreased (0.378555 --> 0.377637).  Saving model ...
Updating learning rate to 1.5009463529699919e-05
	iters: 100, epoch: 22 | loss: 0.2433998
	speed: 1.7132s/iter; left time: 11471.4090s
	iters: 200, epoch: 22 | loss: 0.2625160
	speed: 0.1475s/iter; left time: 972.7298s
	iters: 300, epoch: 22 | loss: 0.2244493
	speed: 0.1491s/iter; left time: 968.6750s
	iters: 400, epoch: 22 | loss: 0.2455910
	speed: 0.1475s/iter; left time: 943.1736s
	iters: 500, epoch: 22 | loss: 0.2498777
	speed: 0.1449s/iter; left time: 912.5511s
	iters: 600, epoch: 22 | loss: 0.2496909
	speed: 0.1491s/iter; left time: 923.8078s
	iters: 700, epoch: 22 | loss: 0.2387854
	speed: 0.1498s/iter; left time: 913.3720s
Epoch: 22 cost time: 112.39942860603333
Epoch: 22, Steps: 755 | Train Loss: 0.2449818 Vali Loss: 0.3781891 Test Loss: 0.4333581
EarlyStopping counter: 1 out of 2
Updating learning rate to 1.3508517176729929e-05
	iters: 100, epoch: 23 | loss: 0.2319533
	speed: 1.6786s/iter; left time: 9972.6587s
	iters: 200, epoch: 23 | loss: 0.2273938
	speed: 0.1432s/iter; left time: 836.6429s
	iters: 300, epoch: 23 | loss: 0.2396350
	speed: 0.1494s/iter; left time: 857.4515s
	iters: 400, epoch: 23 | loss: 0.2376934
	speed: 0.1462s/iter; left time: 824.7582s
	iters: 500, epoch: 23 | loss: 0.2639474
	speed: 0.1432s/iter; left time: 793.2902s
	iters: 600, epoch: 23 | loss: 0.2457645
	speed: 0.1451s/iter; left time: 789.7018s
	iters: 700, epoch: 23 | loss: 0.2387020
	speed: 0.1474s/iter; left time: 787.1658s
Epoch: 23 cost time: 110.86776804924011
Epoch: 23, Steps: 755 | Train Loss: 0.2445725 Vali Loss: 0.3780355 Test Loss: 0.4330471
EarlyStopping counter: 2 out of 2
Early stopping
>>>>>>>testing : traffic_96_96_MLPAer_custom_ftM_sl96_ll48_pl96_dm2048_nh8_el2_dl1_df2048_fc1_ebtimeF_dtTrue_Exp_0<<<<<<<<<<<<<<<<<<<<<<<<<<<<<<<<<
test 3413
mse:0.43228331208229065, mae:0.2814173698425293, rse:0.5442519187927246
