Args in experiment:
Namespace(random_seed=2025, is_training=1, model_id='ETTm1_96_192', model='MLPAer_only_temp', data='ETTm1', root_path='./dataset/', data_path='ETTm1.csv', features='M', target='OT', freq='h', checkpoints='./checkpoints/', seq_len=96, label_len=48, pred_len=192, fc_dropout=0.05, head_dropout=0.6, patch_len=16, stride=8, padding_patch='end', revin=1, affine=0, subtract_last=0, decomposition=0, kernel_size=25, individual=0, embed_type=0, enc_in=7, dec_in=7, c_out=7, d_model=512, n_heads=8, e_layers=2, d_layers=1, d_ff=2048, moving_avg=25, factor=1, distil=True, dropout=0.05, embed='timeF', activation='gelu', output_attention=False, do_predict=False, num_workers=10, itr=1, train_epochs=30, batch_size=32, patience=100, learning_rate=0.0001, des='Exp', loss='mse', lradj='type3', pct_start=0.3, use_amp=False, c_ff=7, t_ff=1024, c_dropout=0.1, t_dropout=0.4, embed_dropout=0.2, head_type='prediction', usenorm=1, use_gpu=True, gpu=0, use_multi_gpu=False, devices='0,1,2,3', test_flop=False)
Use GPU: cuda:0
>>>>>>>start training : ETTm1_96_192_MLPAer_only_temp_ETTm1_ftM_sl96_ll48_pl192_dm512_nh8_el2_dl1_df2048_fc1_ebtimeF_dtTrue_Exp_0>>>>>>>>>>>>>>>>>>>>>>>>>>
train 34273
val 11329
test 11329
	iters: 100, epoch: 1 | loss: 0.7321949
	speed: 0.0273s/iter; left time: 874.8238s
	iters: 200, epoch: 1 | loss: 0.5793155
	speed: 0.0068s/iter; left time: 217.3486s
	iters: 300, epoch: 1 | loss: 0.5776475
	speed: 0.0066s/iter; left time: 210.7362s
	iters: 400, epoch: 1 | loss: 0.5251080
	speed: 0.0073s/iter; left time: 230.6157s
	iters: 500, epoch: 1 | loss: 0.4779468
	speed: 0.0066s/iter; left time: 210.1126s
	iters: 600, epoch: 1 | loss: 0.4384695
	speed: 0.0066s/iter; left time: 207.9519s
	iters: 700, epoch: 1 | loss: 0.4333464
	speed: 0.0063s/iter; left time: 197.8018s
	iters: 800, epoch: 1 | loss: 0.5666169
	speed: 0.0064s/iter; left time: 199.7823s
	iters: 900, epoch: 1 | loss: 0.4253187
	speed: 0.0067s/iter; left time: 209.6520s
	iters: 1000, epoch: 1 | loss: 0.5206743
	speed: 0.0064s/iter; left time: 198.2820s
Epoch: 1 cost time: 7.585020303726196
Epoch: 1, Steps: 1071 | Train Loss: 0.4965510 Vali Loss: 0.7142355 Test Loss: 0.5638959
Validation loss decreased (inf --> 0.714236).  Saving model ...
Updating learning rate to 0.0001
	iters: 100, epoch: 2 | loss: 0.4259727
	speed: 0.0578s/iter; left time: 1788.2918s
	iters: 200, epoch: 2 | loss: 0.3444252
	speed: 0.0076s/iter; left time: 233.3204s
	iters: 300, epoch: 2 | loss: 0.3689319
	speed: 0.0067s/iter; left time: 206.2248s
	iters: 400, epoch: 2 | loss: 0.3602708
	speed: 0.0064s/iter; left time: 194.9414s
	iters: 500, epoch: 2 | loss: 0.3242962
	speed: 0.0065s/iter; left time: 197.3526s
	iters: 600, epoch: 2 | loss: 0.4098158
	speed: 0.0067s/iter; left time: 203.6548s
	iters: 700, epoch: 2 | loss: 0.3392504
	speed: 0.0064s/iter; left time: 195.5289s
	iters: 800, epoch: 2 | loss: 0.2966674
	speed: 0.0063s/iter; left time: 190.6305s
	iters: 900, epoch: 2 | loss: 0.3325328
	speed: 0.0060s/iter; left time: 182.1411s
	iters: 1000, epoch: 2 | loss: 0.4009537
	speed: 0.0060s/iter; left time: 180.7235s
Epoch: 2 cost time: 7.2920002937316895
Epoch: 2, Steps: 1071 | Train Loss: 0.3847949 Vali Loss: 0.5334874 Test Loss: 0.3794348
Validation loss decreased (0.714236 --> 0.533487).  Saving model ...
Updating learning rate to 0.0001
	iters: 100, epoch: 3 | loss: 0.3258590
	speed: 0.0575s/iter; left time: 1718.7165s
	iters: 200, epoch: 3 | loss: 0.3780977
	speed: 0.0072s/iter; left time: 214.8771s
	iters: 300, epoch: 3 | loss: 0.3037185
	speed: 0.0075s/iter; left time: 223.3571s
	iters: 400, epoch: 3 | loss: 0.3499516
	speed: 0.0063s/iter; left time: 185.4194s
	iters: 500, epoch: 3 | loss: 0.3332812
	speed: 0.0065s/iter; left time: 191.3887s
	iters: 600, epoch: 3 | loss: 0.3579240
	speed: 0.0069s/iter; left time: 202.7485s
	iters: 700, epoch: 3 | loss: 0.3240064
	speed: 0.0062s/iter; left time: 180.4005s
	iters: 800, epoch: 3 | loss: 0.3859566
	speed: 0.0062s/iter; left time: 179.9401s
	iters: 900, epoch: 3 | loss: 0.3980738
	speed: 0.0062s/iter; left time: 179.6632s
	iters: 1000, epoch: 3 | loss: 0.4114121
	speed: 0.0062s/iter; left time: 178.8914s
Epoch: 3 cost time: 7.264031648635864
Epoch: 3, Steps: 1071 | Train Loss: 0.3586714 Vali Loss: 0.5253532 Test Loss: 0.3717431
Validation loss decreased (0.533487 --> 0.525353).  Saving model ...
Updating learning rate to 0.0001
	iters: 100, epoch: 4 | loss: 0.2871736
	speed: 0.0577s/iter; left time: 1662.3457s
	iters: 200, epoch: 4 | loss: 0.2803157
	speed: 0.0065s/iter; left time: 188.0545s
	iters: 300, epoch: 4 | loss: 0.3424255
	speed: 0.0068s/iter; left time: 196.0077s
	iters: 400, epoch: 4 | loss: 0.3761422
	speed: 0.0064s/iter; left time: 181.6394s
	iters: 500, epoch: 4 | loss: 0.3162792
	speed: 0.0066s/iter; left time: 187.8723s
	iters: 600, epoch: 4 | loss: 0.3511063
	speed: 0.0063s/iter; left time: 178.3256s
	iters: 700, epoch: 4 | loss: 0.3582058
	speed: 0.0061s/iter; left time: 172.6064s
	iters: 800, epoch: 4 | loss: 0.3484380
	speed: 0.0061s/iter; left time: 171.7479s
	iters: 900, epoch: 4 | loss: 0.3115165
	speed: 0.0062s/iter; left time: 174.1470s
	iters: 1000, epoch: 4 | loss: 0.3296826
	speed: 0.0062s/iter; left time: 173.1748s
Epoch: 4 cost time: 7.051634311676025
Epoch: 4, Steps: 1071 | Train Loss: 0.3505188 Vali Loss: 0.5238314 Test Loss: 0.3686892
Validation loss decreased (0.525353 --> 0.523831).  Saving model ...
Updating learning rate to 9e-05
	iters: 100, epoch: 5 | loss: 0.2880877
	speed: 0.0560s/iter; left time: 1554.7757s
	iters: 200, epoch: 5 | loss: 0.3296339
	speed: 0.0066s/iter; left time: 181.5810s
	iters: 300, epoch: 5 | loss: 0.3345736
	speed: 0.0060s/iter; left time: 166.0994s
	iters: 400, epoch: 5 | loss: 0.3707132
	speed: 0.0060s/iter; left time: 165.1694s
	iters: 500, epoch: 5 | loss: 0.3514010
	speed: 0.0060s/iter; left time: 164.9776s
	iters: 600, epoch: 5 | loss: 0.4486827
	speed: 0.0063s/iter; left time: 171.8015s
	iters: 700, epoch: 5 | loss: 0.3593923
	speed: 0.0061s/iter; left time: 164.6045s
	iters: 800, epoch: 5 | loss: 0.3704458
	speed: 0.0062s/iter; left time: 167.3079s
	iters: 900, epoch: 5 | loss: 0.3943062
	speed: 0.0061s/iter; left time: 165.3585s
	iters: 1000, epoch: 5 | loss: 0.3385996
	speed: 0.0061s/iter; left time: 164.7511s
Epoch: 5 cost time: 6.862966299057007
Epoch: 5, Steps: 1071 | Train Loss: 0.3455361 Vali Loss: 0.5269082 Test Loss: 0.3680878
EarlyStopping counter: 1 out of 100
Updating learning rate to 8.1e-05
	iters: 100, epoch: 6 | loss: 0.3455855
	speed: 0.0582s/iter; left time: 1553.6628s
	iters: 200, epoch: 6 | loss: 0.3536007
	speed: 0.0063s/iter; left time: 167.6309s
	iters: 300, epoch: 6 | loss: 0.4159123
	speed: 0.0062s/iter; left time: 163.6177s
	iters: 400, epoch: 6 | loss: 0.2906139
	speed: 0.0062s/iter; left time: 162.8374s
	iters: 500, epoch: 6 | loss: 0.3080252
	speed: 0.0062s/iter; left time: 162.1819s
	iters: 600, epoch: 6 | loss: 0.3511234
	speed: 0.0071s/iter; left time: 186.2229s
	iters: 700, epoch: 6 | loss: 0.3934867
	speed: 0.0071s/iter; left time: 184.0928s
	iters: 800, epoch: 6 | loss: 0.3659613
	speed: 0.0070s/iter; left time: 181.9590s
	iters: 900, epoch: 6 | loss: 0.3360733
	speed: 0.0070s/iter; left time: 181.1659s
	iters: 1000, epoch: 6 | loss: 0.3767195
	speed: 0.0072s/iter; left time: 184.5769s
Epoch: 6 cost time: 7.430872440338135
Epoch: 6, Steps: 1071 | Train Loss: 0.3422960 Vali Loss: 0.5217135 Test Loss: 0.3667030
Validation loss decreased (0.523831 --> 0.521713).  Saving model ...
Updating learning rate to 7.290000000000001e-05
	iters: 100, epoch: 7 | loss: 0.2808985
	speed: 0.0572s/iter; left time: 1464.5496s
	iters: 200, epoch: 7 | loss: 0.3118465
	speed: 0.0073s/iter; left time: 185.3170s
	iters: 300, epoch: 7 | loss: 0.3063591
	speed: 0.0063s/iter; left time: 159.6548s
	iters: 400, epoch: 7 | loss: 0.3012221
	speed: 0.0062s/iter; left time: 156.0913s
	iters: 500, epoch: 7 | loss: 0.3153894
	speed: 0.0061s/iter; left time: 152.8529s
	iters: 600, epoch: 7 | loss: 0.3779419
	speed: 0.0060s/iter; left time: 151.4370s
	iters: 700, epoch: 7 | loss: 0.3560081
	speed: 0.0063s/iter; left time: 157.5275s
	iters: 800, epoch: 7 | loss: 0.2781958
	speed: 0.0060s/iter; left time: 150.3538s
	iters: 900, epoch: 7 | loss: 0.2897389
	speed: 0.0060s/iter; left time: 148.4570s
	iters: 1000, epoch: 7 | loss: 0.2551365
	speed: 0.0060s/iter; left time: 148.6171s
Epoch: 7 cost time: 6.931863069534302
Epoch: 7, Steps: 1071 | Train Loss: 0.3400941 Vali Loss: 0.5252342 Test Loss: 0.3655633
EarlyStopping counter: 1 out of 100
Updating learning rate to 6.561e-05
	iters: 100, epoch: 8 | loss: 0.2807876
	speed: 0.0556s/iter; left time: 1364.2999s
	iters: 200, epoch: 8 | loss: 0.4105352
	speed: 0.0061s/iter; left time: 149.3815s
	iters: 300, epoch: 8 | loss: 0.3581615
	speed: 0.0061s/iter; left time: 148.5497s
	iters: 400, epoch: 8 | loss: 0.3817770
	speed: 0.0065s/iter; left time: 156.3270s
	iters: 500, epoch: 8 | loss: 0.2900412
	speed: 0.0065s/iter; left time: 155.7951s
	iters: 600, epoch: 8 | loss: 0.3390615
	speed: 0.0072s/iter; left time: 172.6316s
	iters: 700, epoch: 8 | loss: 0.3248472
	speed: 0.0069s/iter; left time: 164.8993s
	iters: 800, epoch: 8 | loss: 0.2550700
	speed: 0.0061s/iter; left time: 144.6170s
	iters: 900, epoch: 8 | loss: 0.3184715
	speed: 0.0061s/iter; left time: 143.9969s
	iters: 1000, epoch: 8 | loss: 0.3157229
	speed: 0.0060s/iter; left time: 142.1982s
Epoch: 8 cost time: 7.090452671051025
Epoch: 8, Steps: 1071 | Train Loss: 0.3387598 Vali Loss: 0.5227804 Test Loss: 0.3652899
EarlyStopping counter: 2 out of 100
Updating learning rate to 5.904900000000001e-05
	iters: 100, epoch: 9 | loss: 0.3463757
	speed: 0.0547s/iter; left time: 1283.8120s
	iters: 200, epoch: 9 | loss: 0.3541014
	speed: 0.0061s/iter; left time: 142.7857s
	iters: 300, epoch: 9 | loss: 0.2933943
	speed: 0.0061s/iter; left time: 141.0529s
	iters: 400, epoch: 9 | loss: 0.3762797
	speed: 0.0061s/iter; left time: 140.3534s
	iters: 500, epoch: 9 | loss: 0.3351894
	speed: 0.0065s/iter; left time: 150.4306s
	iters: 600, epoch: 9 | loss: 0.3114206
	speed: 0.0062s/iter; left time: 143.3957s
	iters: 700, epoch: 9 | loss: 0.3279323
	speed: 0.0061s/iter; left time: 140.3060s
	iters: 800, epoch: 9 | loss: 0.2831397
	speed: 0.0061s/iter; left time: 139.1368s
	iters: 900, epoch: 9 | loss: 0.3249501
	speed: 0.0064s/iter; left time: 144.4105s
	iters: 1000, epoch: 9 | loss: 0.4158934
	speed: 0.0060s/iter; left time: 135.9852s
Epoch: 9 cost time: 6.823918581008911
Epoch: 9, Steps: 1071 | Train Loss: 0.3377070 Vali Loss: 0.5216630 Test Loss: 0.3651905
Validation loss decreased (0.521713 --> 0.521663).  Saving model ...
Updating learning rate to 5.3144100000000005e-05
	iters: 100, epoch: 10 | loss: 0.4867003
	speed: 0.0556s/iter; left time: 1245.2459s
	iters: 200, epoch: 10 | loss: 0.2565520
	speed: 0.0061s/iter; left time: 136.5546s
	iters: 300, epoch: 10 | loss: 0.2769998
	speed: 0.0064s/iter; left time: 140.9888s
	iters: 400, epoch: 10 | loss: 0.3588044
	speed: 0.0064s/iter; left time: 141.0035s
	iters: 500, epoch: 10 | loss: 0.3285089
	speed: 0.0063s/iter; left time: 138.4847s
	iters: 600, epoch: 10 | loss: 0.3610367
	speed: 0.0063s/iter; left time: 136.9421s
	iters: 700, epoch: 10 | loss: 0.3521532
	speed: 0.0061s/iter; left time: 133.1466s
	iters: 800, epoch: 10 | loss: 0.4094666
	speed: 0.0061s/iter; left time: 132.3734s
	iters: 900, epoch: 10 | loss: 0.2884472
	speed: 0.0061s/iter; left time: 132.0756s
	iters: 1000, epoch: 10 | loss: 0.3818530
	speed: 0.0061s/iter; left time: 131.1220s
Epoch: 10 cost time: 6.843302488327026
Epoch: 10, Steps: 1071 | Train Loss: 0.3366504 Vali Loss: 0.5225918 Test Loss: 0.3655412
EarlyStopping counter: 1 out of 100
Updating learning rate to 4.782969000000001e-05
	iters: 100, epoch: 11 | loss: 0.2981883
	speed: 0.0547s/iter; left time: 1165.5339s
	iters: 200, epoch: 11 | loss: 0.2498688
	speed: 0.0063s/iter; left time: 134.7113s
	iters: 300, epoch: 11 | loss: 0.3460852
	speed: 0.0062s/iter; left time: 130.0174s
	iters: 400, epoch: 11 | loss: 0.3771528
	speed: 0.0062s/iter; left time: 129.3593s
	iters: 500, epoch: 11 | loss: 0.3467681
	speed: 0.0061s/iter; left time: 128.1016s
	iters: 600, epoch: 11 | loss: 0.3032974
	speed: 0.0062s/iter; left time: 129.7881s
	iters: 700, epoch: 11 | loss: 0.4038740
	speed: 0.0062s/iter; left time: 128.1455s
	iters: 800, epoch: 11 | loss: 0.3518041
	speed: 0.0067s/iter; left time: 138.2387s
	iters: 900, epoch: 11 | loss: 0.3224758
	speed: 0.0069s/iter; left time: 142.4282s
	iters: 1000, epoch: 11 | loss: 0.3048556
	speed: 0.0073s/iter; left time: 150.0486s
Epoch: 11 cost time: 7.089456796646118
Epoch: 11, Steps: 1071 | Train Loss: 0.3357505 Vali Loss: 0.5207736 Test Loss: 0.3644924
Validation loss decreased (0.521663 --> 0.520774).  Saving model ...
Updating learning rate to 4.304672100000001e-05
	iters: 100, epoch: 12 | loss: 0.3375282
	speed: 0.0559s/iter; left time: 1131.5060s
	iters: 200, epoch: 12 | loss: 0.2838311
	speed: 0.0062s/iter; left time: 125.9012s
	iters: 300, epoch: 12 | loss: 0.3714201
	speed: 0.0063s/iter; left time: 126.6256s
	iters: 400, epoch: 12 | loss: 0.3471723
	speed: 0.0061s/iter; left time: 121.4208s
	iters: 500, epoch: 12 | loss: 0.3992322
	speed: 0.0061s/iter; left time: 121.0530s
	iters: 600, epoch: 12 | loss: 0.3761130
	speed: 0.0061s/iter; left time: 120.3631s
	iters: 700, epoch: 12 | loss: 0.4769236
	speed: 0.0061s/iter; left time: 120.2083s
	iters: 800, epoch: 12 | loss: 0.3760202
	speed: 0.0061s/iter; left time: 119.9387s
	iters: 900, epoch: 12 | loss: 0.3542850
	speed: 0.0061s/iter; left time: 119.2823s
	iters: 1000, epoch: 12 | loss: 0.3172109
	speed: 0.0061s/iter; left time: 118.9314s
Epoch: 12 cost time: 6.808650016784668
Epoch: 12, Steps: 1071 | Train Loss: 0.3350355 Vali Loss: 0.5197493 Test Loss: 0.3641598
Validation loss decreased (0.520774 --> 0.519749).  Saving model ...
Updating learning rate to 3.874204890000001e-05
	iters: 100, epoch: 13 | loss: 0.3211489
	speed: 0.0588s/iter; left time: 1128.4148s
	iters: 200, epoch: 13 | loss: 0.2869182
	speed: 0.0064s/iter; left time: 122.4473s
	iters: 300, epoch: 13 | loss: 0.3686995
	speed: 0.0062s/iter; left time: 116.9485s
	iters: 400, epoch: 13 | loss: 0.3833941
	speed: 0.0061s/iter; left time: 115.3349s
	iters: 500, epoch: 13 | loss: 0.2858527
	speed: 0.0061s/iter; left time: 114.6130s
	iters: 600, epoch: 13 | loss: 0.3112578
	speed: 0.0062s/iter; left time: 115.1539s
	iters: 700, epoch: 13 | loss: 0.3556513
	speed: 0.0065s/iter; left time: 120.0883s
	iters: 800, epoch: 13 | loss: 0.3514681
	speed: 0.0062s/iter; left time: 115.2383s
	iters: 900, epoch: 13 | loss: 0.3123769
	speed: 0.0062s/iter; left time: 113.8153s
	iters: 1000, epoch: 13 | loss: 0.2985426
	speed: 0.0062s/iter; left time: 112.6638s
Epoch: 13 cost time: 6.948186874389648
Epoch: 13, Steps: 1071 | Train Loss: 0.3346132 Vali Loss: 0.5242673 Test Loss: 0.3644204
EarlyStopping counter: 1 out of 100
Updating learning rate to 3.486784401000001e-05
	iters: 100, epoch: 14 | loss: 0.3560740
	speed: 0.0538s/iter; left time: 974.6701s
	iters: 200, epoch: 14 | loss: 0.3348502
	speed: 0.0060s/iter; left time: 108.7168s
	iters: 300, epoch: 14 | loss: 0.2839545
	speed: 0.0061s/iter; left time: 109.8121s
	iters: 400, epoch: 14 | loss: 0.3059111
	speed: 0.0060s/iter; left time: 107.4556s
	iters: 500, epoch: 14 | loss: 0.3162505
	speed: 0.0061s/iter; left time: 108.1690s
	iters: 600, epoch: 14 | loss: 0.3900566
	speed: 0.0061s/iter; left time: 107.1003s
	iters: 700, epoch: 14 | loss: 0.3688542
	speed: 0.0060s/iter; left time: 105.6923s
	iters: 800, epoch: 14 | loss: 0.3313609
	speed: 0.0060s/iter; left time: 105.1672s
	iters: 900, epoch: 14 | loss: 0.3524920
	speed: 0.0073s/iter; left time: 126.5005s
	iters: 1000, epoch: 14 | loss: 0.2771944
	speed: 0.0066s/iter; left time: 112.8898s
Epoch: 14 cost time: 6.889508008956909
Epoch: 14, Steps: 1071 | Train Loss: 0.3338912 Vali Loss: 0.5220921 Test Loss: 0.3636758
EarlyStopping counter: 2 out of 100
Updating learning rate to 3.138105960900001e-05
	iters: 100, epoch: 15 | loss: 0.4305360
	speed: 0.0559s/iter; left time: 952.0078s
	iters: 200, epoch: 15 | loss: 0.3941029
	speed: 0.0068s/iter; left time: 115.0963s
	iters: 300, epoch: 15 | loss: 0.3301626
	speed: 0.0068s/iter; left time: 114.3357s
	iters: 400, epoch: 15 | loss: 0.3658681
	speed: 0.0072s/iter; left time: 119.6985s
	iters: 500, epoch: 15 | loss: 0.3616916
	speed: 0.0068s/iter; left time: 113.4192s
	iters: 600, epoch: 15 | loss: 0.3285879
	speed: 0.0062s/iter; left time: 103.1449s
	iters: 700, epoch: 15 | loss: 0.2970188
	speed: 0.0062s/iter; left time: 102.5570s
	iters: 800, epoch: 15 | loss: 0.3483903
	speed: 0.0063s/iter; left time: 102.4418s
	iters: 900, epoch: 15 | loss: 0.2875042
	speed: 0.0065s/iter; left time: 105.7306s
	iters: 1000, epoch: 15 | loss: 0.2998283
	speed: 0.0063s/iter; left time: 100.9127s
Epoch: 15 cost time: 7.2096052169799805
Epoch: 15, Steps: 1071 | Train Loss: 0.3337917 Vali Loss: 0.5216210 Test Loss: 0.3633741
EarlyStopping counter: 3 out of 100
Updating learning rate to 2.824295364810001e-05
	iters: 100, epoch: 16 | loss: 0.2961523
	speed: 0.0562s/iter; left time: 896.8222s
	iters: 200, epoch: 16 | loss: 0.2574140
	speed: 0.0061s/iter; left time: 96.9098s
	iters: 300, epoch: 16 | loss: 0.4296513
	speed: 0.0061s/iter; left time: 96.0909s
	iters: 400, epoch: 16 | loss: 0.3540905
	speed: 0.0061s/iter; left time: 95.5395s
	iters: 500, epoch: 16 | loss: 0.3165204
	speed: 0.0061s/iter; left time: 95.1045s
	iters: 600, epoch: 16 | loss: 0.3968117
	speed: 0.0061s/iter; left time: 94.4839s
	iters: 700, epoch: 16 | loss: 0.2785596
	speed: 0.0061s/iter; left time: 93.7990s
	iters: 800, epoch: 16 | loss: 0.2368597
	speed: 0.0061s/iter; left time: 93.3476s
	iters: 900, epoch: 16 | loss: 0.3369684
	speed: 0.0061s/iter; left time: 92.5301s
	iters: 1000, epoch: 16 | loss: 0.3282698
	speed: 0.0061s/iter; left time: 91.9196s
Epoch: 16 cost time: 6.7389421463012695
Epoch: 16, Steps: 1071 | Train Loss: 0.3329485 Vali Loss: 0.5212560 Test Loss: 0.3637152
EarlyStopping counter: 4 out of 100
Updating learning rate to 2.541865828329001e-05
	iters: 100, epoch: 17 | loss: 0.2423350
	speed: 0.0542s/iter; left time: 806.5855s
	iters: 200, epoch: 17 | loss: 0.3089694
	speed: 0.0064s/iter; left time: 94.7917s
	iters: 300, epoch: 17 | loss: 0.2903260
	speed: 0.0063s/iter; left time: 93.3129s
	iters: 400, epoch: 17 | loss: 0.3304715
	speed: 0.0063s/iter; left time: 91.9481s
	iters: 500, epoch: 17 | loss: 0.2731955
	speed: 0.0063s/iter; left time: 91.3586s
	iters: 600, epoch: 17 | loss: 0.3285784
	speed: 0.0067s/iter; left time: 97.1128s
	iters: 700, epoch: 17 | loss: 0.3497908
	speed: 0.0062s/iter; left time: 89.0997s
	iters: 800, epoch: 17 | loss: 0.2914670
	speed: 0.0062s/iter; left time: 87.8218s
	iters: 900, epoch: 17 | loss: 0.3522280
	speed: 0.0062s/iter; left time: 86.7254s
	iters: 1000, epoch: 17 | loss: 0.3175073
	speed: 0.0062s/iter; left time: 86.9347s
Epoch: 17 cost time: 6.980845212936401
Epoch: 17, Steps: 1071 | Train Loss: 0.3330962 Vali Loss: 0.5215812 Test Loss: 0.3635620
EarlyStopping counter: 5 out of 100
Updating learning rate to 2.287679245496101e-05
	iters: 100, epoch: 18 | loss: 0.3362302
	speed: 0.0572s/iter; left time: 790.2160s
	iters: 200, epoch: 18 | loss: 0.2858715
	speed: 0.0064s/iter; left time: 88.0382s
	iters: 300, epoch: 18 | loss: 0.3621149
	speed: 0.0062s/iter; left time: 84.0279s
	iters: 400, epoch: 18 | loss: 0.3603336
	speed: 0.0061s/iter; left time: 82.7240s
	iters: 500, epoch: 18 | loss: 0.3420876
	speed: 0.0061s/iter; left time: 82.2614s
	iters: 600, epoch: 18 | loss: 0.3246498
	speed: 0.0065s/iter; left time: 86.3012s
	iters: 700, epoch: 18 | loss: 0.3135327
	speed: 0.0063s/iter; left time: 82.7884s
	iters: 800, epoch: 18 | loss: 0.2823631
	speed: 0.0063s/iter; left time: 82.2990s
	iters: 900, epoch: 18 | loss: 0.2544297
	speed: 0.0061s/iter; left time: 79.9946s
	iters: 1000, epoch: 18 | loss: 0.3027189
	speed: 0.0062s/iter; left time: 80.0490s
Epoch: 18 cost time: 6.890155553817749
Epoch: 18, Steps: 1071 | Train Loss: 0.3323964 Vali Loss: 0.5217878 Test Loss: 0.3632974
EarlyStopping counter: 6 out of 100
Updating learning rate to 2.0589113209464907e-05
	iters: 100, epoch: 19 | loss: 0.3080516
	speed: 0.0570s/iter; left time: 726.9571s
	iters: 200, epoch: 19 | loss: 0.3822507
	speed: 0.0077s/iter; left time: 97.3565s
	iters: 300, epoch: 19 | loss: 0.3714541
	speed: 0.0071s/iter; left time: 89.6236s
	iters: 400, epoch: 19 | loss: 0.3079647
	speed: 0.0067s/iter; left time: 83.0810s
	iters: 500, epoch: 19 | loss: 0.3634223
	speed: 0.0067s/iter; left time: 82.7276s
	iters: 600, epoch: 19 | loss: 0.2747042
	speed: 0.0062s/iter; left time: 76.3482s
	iters: 700, epoch: 19 | loss: 0.2964509
	speed: 0.0071s/iter; left time: 85.8421s
	iters: 800, epoch: 19 | loss: 0.3490677
	speed: 0.0066s/iter; left time: 79.5101s
	iters: 900, epoch: 19 | loss: 0.2674458
	speed: 0.0069s/iter; left time: 82.1510s
	iters: 1000, epoch: 19 | loss: 0.3336155
	speed: 0.0065s/iter; left time: 76.5075s
Epoch: 19 cost time: 7.489081382751465
Epoch: 19, Steps: 1071 | Train Loss: 0.3323301 Vali Loss: 0.5236831 Test Loss: 0.3635204
EarlyStopping counter: 7 out of 100
Updating learning rate to 1.8530201888518416e-05
	iters: 100, epoch: 20 | loss: 0.3199759
	speed: 0.0565s/iter; left time: 660.4772s
	iters: 200, epoch: 20 | loss: 0.2916968
	speed: 0.0063s/iter; left time: 72.6048s
	iters: 300, epoch: 20 | loss: 0.3650108
	speed: 0.0064s/iter; left time: 73.9319s
	iters: 400, epoch: 20 | loss: 0.3357602
	speed: 0.0068s/iter; left time: 77.5356s
	iters: 500, epoch: 20 | loss: 0.2440412
	speed: 0.0062s/iter; left time: 70.0063s
	iters: 600, epoch: 20 | loss: 0.3520379
	speed: 0.0062s/iter; left time: 69.8118s
	iters: 700, epoch: 20 | loss: 0.3095524
	speed: 0.0064s/iter; left time: 70.3937s
	iters: 800, epoch: 20 | loss: 0.3907935
	speed: 0.0063s/iter; left time: 69.0710s
	iters: 900, epoch: 20 | loss: 0.3943264
	speed: 0.0063s/iter; left time: 68.1476s
	iters: 1000, epoch: 20 | loss: 0.3031338
	speed: 0.0062s/iter; left time: 67.1639s
Epoch: 20 cost time: 7.071099281311035
Epoch: 20, Steps: 1071 | Train Loss: 0.3320881 Vali Loss: 0.5212589 Test Loss: 0.3638545
EarlyStopping counter: 8 out of 100
Updating learning rate to 1.6677181699666577e-05
	iters: 100, epoch: 21 | loss: 0.3323666
	speed: 0.0562s/iter; left time: 595.8201s
	iters: 200, epoch: 21 | loss: 0.4100615
	speed: 0.0065s/iter; left time: 67.9087s
	iters: 300, epoch: 21 | loss: 0.4351073
	speed: 0.0072s/iter; left time: 75.0640s
	iters: 400, epoch: 21 | loss: 0.3912302
	speed: 0.0064s/iter; left time: 66.0693s
	iters: 500, epoch: 21 | loss: 0.2971157
	speed: 0.0068s/iter; left time: 69.6551s
	iters: 600, epoch: 21 | loss: 0.3840670
	speed: 0.0066s/iter; left time: 66.4049s
	iters: 700, epoch: 21 | loss: 0.3276646
	speed: 0.0073s/iter; left time: 73.2789s
	iters: 800, epoch: 21 | loss: 0.3027570
	speed: 0.0068s/iter; left time: 67.4022s
	iters: 900, epoch: 21 | loss: 0.3114309
	speed: 0.0063s/iter; left time: 61.3697s
	iters: 1000, epoch: 21 | loss: 0.2759164
	speed: 0.0063s/iter; left time: 61.3849s
Epoch: 21 cost time: 7.366540431976318
Epoch: 21, Steps: 1071 | Train Loss: 0.3318809 Vali Loss: 0.5211104 Test Loss: 0.3631513
EarlyStopping counter: 9 out of 100
Updating learning rate to 1.5009463529699919e-05
	iters: 100, epoch: 22 | loss: 0.2757513
	speed: 0.0558s/iter; left time: 532.0470s
	iters: 200, epoch: 22 | loss: 0.3827723
	speed: 0.0062s/iter; left time: 58.2908s
	iters: 300, epoch: 22 | loss: 0.3238590
	speed: 0.0061s/iter; left time: 57.1339s
	iters: 400, epoch: 22 | loss: 0.3035440
	speed: 0.0061s/iter; left time: 56.4631s
	iters: 500, epoch: 22 | loss: 0.2961410
	speed: 0.0062s/iter; left time: 56.6924s
	iters: 600, epoch: 22 | loss: 0.3293408
	speed: 0.0062s/iter; left time: 55.6179s
	iters: 700, epoch: 22 | loss: 0.2891262
	speed: 0.0068s/iter; left time: 61.1485s
	iters: 800, epoch: 22 | loss: 0.4110999
	speed: 0.0061s/iter; left time: 53.6380s
	iters: 900, epoch: 22 | loss: 0.3368447
	speed: 0.0062s/iter; left time: 53.8645s
	iters: 1000, epoch: 22 | loss: 0.2993464
	speed: 0.0060s/iter; left time: 52.2523s
Epoch: 22 cost time: 6.873990774154663
Epoch: 22, Steps: 1071 | Train Loss: 0.3315023 Vali Loss: 0.5208644 Test Loss: 0.3628354
EarlyStopping counter: 10 out of 100
Updating learning rate to 1.3508517176729929e-05
	iters: 100, epoch: 23 | loss: 0.2948722
	speed: 0.0553s/iter; left time: 468.3187s
	iters: 200, epoch: 23 | loss: 0.3583777
	speed: 0.0063s/iter; left time: 52.7101s
	iters: 300, epoch: 23 | loss: 0.2966637
	speed: 0.0062s/iter; left time: 51.1692s
	iters: 400, epoch: 23 | loss: 0.2864211
	speed: 0.0062s/iter; left time: 50.4285s
	iters: 500, epoch: 23 | loss: 0.2975047
	speed: 0.0062s/iter; left time: 50.0933s
	iters: 600, epoch: 23 | loss: 0.4076802
	speed: 0.0062s/iter; left time: 49.3010s
	iters: 700, epoch: 23 | loss: 0.3365982
	speed: 0.0062s/iter; left time: 48.7187s
	iters: 800, epoch: 23 | loss: 0.4255919
	speed: 0.0062s/iter; left time: 48.1338s
	iters: 900, epoch: 23 | loss: 0.3338798
	speed: 0.0062s/iter; left time: 47.8532s
	iters: 1000, epoch: 23 | loss: 0.3542612
	speed: 0.0062s/iter; left time: 46.8478s
Epoch: 23 cost time: 6.833042144775391
Epoch: 23, Steps: 1071 | Train Loss: 0.3314210 Vali Loss: 0.5224004 Test Loss: 0.3632104
EarlyStopping counter: 11 out of 100
Updating learning rate to 1.2157665459056936e-05
	iters: 100, epoch: 24 | loss: 0.2919763
	speed: 0.0603s/iter; left time: 446.3218s
	iters: 200, epoch: 24 | loss: 0.3118964
	speed: 0.0062s/iter; left time: 45.1081s
	iters: 300, epoch: 24 | loss: 0.3614965
	speed: 0.0062s/iter; left time: 44.5940s
	iters: 400, epoch: 24 | loss: 0.3400227
	speed: 0.0062s/iter; left time: 44.2361s
	iters: 500, epoch: 24 | loss: 0.2716356
	speed: 0.0064s/iter; left time: 44.8854s
	iters: 600, epoch: 24 | loss: 0.2916798
	speed: 0.0068s/iter; left time: 46.9985s
	iters: 700, epoch: 24 | loss: 0.4202614
	speed: 0.0062s/iter; left time: 42.0578s
	iters: 800, epoch: 24 | loss: 0.4239601
	speed: 0.0062s/iter; left time: 41.4402s
	iters: 900, epoch: 24 | loss: 0.3469934
	speed: 0.0062s/iter; left time: 40.8622s
	iters: 1000, epoch: 24 | loss: 0.3262228
	speed: 0.0062s/iter; left time: 40.1298s
Epoch: 24 cost time: 7.0103442668914795
Epoch: 24, Steps: 1071 | Train Loss: 0.3312640 Vali Loss: 0.5217397 Test Loss: 0.3637310
EarlyStopping counter: 12 out of 100
Updating learning rate to 1.0941898913151242e-05
	iters: 100, epoch: 25 | loss: 0.3308398
	speed: 0.0582s/iter; left time: 368.2504s
	iters: 200, epoch: 25 | loss: 0.3121361
	speed: 0.0062s/iter; left time: 38.8230s
	iters: 300, epoch: 25 | loss: 0.2592907
	speed: 0.0061s/iter; left time: 37.4376s
	iters: 400, epoch: 25 | loss: 0.2678057
	speed: 0.0062s/iter; left time: 37.1448s
	iters: 500, epoch: 25 | loss: 0.4170286
	speed: 0.0063s/iter; left time: 37.2337s
	iters: 600, epoch: 25 | loss: 0.2632162
	speed: 0.0063s/iter; left time: 36.8676s
	iters: 700, epoch: 25 | loss: 0.3934370
	speed: 0.0066s/iter; left time: 37.9820s
	iters: 800, epoch: 25 | loss: 0.4374662
	speed: 0.0063s/iter; left time: 35.1908s
	iters: 900, epoch: 25 | loss: 0.3296459
	speed: 0.0061s/iter; left time: 33.4957s
	iters: 1000, epoch: 25 | loss: 0.3521072
	speed: 0.0061s/iter; left time: 32.8646s
Epoch: 25 cost time: 6.902132987976074
Epoch: 25, Steps: 1071 | Train Loss: 0.3311837 Vali Loss: 0.5211725 Test Loss: 0.3628961
EarlyStopping counter: 13 out of 100
Updating learning rate to 9.847709021836118e-06
	iters: 100, epoch: 26 | loss: 0.2901839
	speed: 0.0579s/iter; left time: 304.4151s
	iters: 200, epoch: 26 | loss: 0.3147424
	speed: 0.0065s/iter; left time: 33.5002s
	iters: 300, epoch: 26 | loss: 0.3191859
	speed: 0.0069s/iter; left time: 35.1339s
	iters: 400, epoch: 26 | loss: 0.3270911
	speed: 0.0066s/iter; left time: 32.5321s
	iters: 500, epoch: 26 | loss: 0.4382011
	speed: 0.0070s/iter; left time: 33.9589s
	iters: 600, epoch: 26 | loss: 0.3736956
	speed: 0.0070s/iter; left time: 33.3032s
	iters: 700, epoch: 26 | loss: 0.3560029
	speed: 0.0063s/iter; left time: 29.3239s
	iters: 800, epoch: 26 | loss: 0.2518136
	speed: 0.0067s/iter; left time: 30.4942s
	iters: 900, epoch: 26 | loss: 0.3104963
	speed: 0.0067s/iter; left time: 29.6344s
	iters: 1000, epoch: 26 | loss: 0.2913032
	speed: 0.0064s/iter; left time: 27.9081s
Epoch: 26 cost time: 7.366561412811279
Epoch: 26, Steps: 1071 | Train Loss: 0.3310460 Vali Loss: 0.5218697 Test Loss: 0.3632186
EarlyStopping counter: 14 out of 100
Updating learning rate to 8.862938119652508e-06
	iters: 100, epoch: 27 | loss: 0.3018289
	speed: 0.0568s/iter; left time: 237.6115s
	iters: 200, epoch: 27 | loss: 0.2951058
	speed: 0.0061s/iter; left time: 25.0364s
	iters: 300, epoch: 27 | loss: 0.3811873
	speed: 0.0063s/iter; left time: 25.1220s
	iters: 400, epoch: 27 | loss: 0.3630279
	speed: 0.0062s/iter; left time: 23.9612s
	iters: 500, epoch: 27 | loss: 0.3025572
	speed: 0.0062s/iter; left time: 23.6515s
	iters: 600, epoch: 27 | loss: 0.3278804
	speed: 0.0061s/iter; left time: 22.4508s
	iters: 700, epoch: 27 | loss: 0.2826242
	speed: 0.0061s/iter; left time: 21.8595s
	iters: 800, epoch: 27 | loss: 0.3290468
	speed: 0.0061s/iter; left time: 21.3828s
	iters: 900, epoch: 27 | loss: 0.2884892
	speed: 0.0061s/iter; left time: 20.6056s
	iters: 1000, epoch: 27 | loss: 0.4621861
	speed: 0.0061s/iter; left time: 20.1459s
Epoch: 27 cost time: 6.8206963539123535
Epoch: 27, Steps: 1071 | Train Loss: 0.3310021 Vali Loss: 0.5216469 Test Loss: 0.3630687
EarlyStopping counter: 15 out of 100
Updating learning rate to 7.976644307687255e-06
	iters: 100, epoch: 28 | loss: 0.2956962
	speed: 0.0572s/iter; left time: 177.9837s
	iters: 200, epoch: 28 | loss: 0.3739579
	speed: 0.0063s/iter; left time: 18.8633s
	iters: 300, epoch: 28 | loss: 0.2706933
	speed: 0.0061s/iter; left time: 17.6776s
	iters: 400, epoch: 28 | loss: 0.3999046
	speed: 0.0060s/iter; left time: 16.9833s
	iters: 500, epoch: 28 | loss: 0.3266466
	speed: 0.0060s/iter; left time: 16.3884s
	iters: 600, epoch: 28 | loss: 0.3512312
	speed: 0.0060s/iter; left time: 15.7891s
	iters: 700, epoch: 28 | loss: 0.2776288
	speed: 0.0061s/iter; left time: 15.2207s
	iters: 800, epoch: 28 | loss: 0.3069168
	speed: 0.0061s/iter; left time: 14.6138s
	iters: 900, epoch: 28 | loss: 0.3198579
	speed: 0.0061s/iter; left time: 14.0129s
	iters: 1000, epoch: 28 | loss: 0.3035038
	speed: 0.0061s/iter; left time: 13.5402s
Epoch: 28 cost time: 6.731515407562256
Epoch: 28, Steps: 1071 | Train Loss: 0.3308944 Vali Loss: 0.5217562 Test Loss: 0.3630047
EarlyStopping counter: 16 out of 100
Updating learning rate to 7.178979876918531e-06
	iters: 100, epoch: 29 | loss: 0.3308973
	speed: 0.0565s/iter; left time: 115.4343s
	iters: 200, epoch: 29 | loss: 0.3206165
	speed: 0.0068s/iter; left time: 13.1922s
	iters: 300, epoch: 29 | loss: 0.2395049
	speed: 0.0063s/iter; left time: 11.5737s
	iters: 400, epoch: 29 | loss: 0.3331357
	speed: 0.0062s/iter; left time: 10.8395s
	iters: 500, epoch: 29 | loss: 0.2947452
	speed: 0.0061s/iter; left time: 10.0628s
	iters: 600, epoch: 29 | loss: 0.3333318
	speed: 0.0061s/iter; left time: 9.4406s
	iters: 700, epoch: 29 | loss: 0.2824154
	speed: 0.0061s/iter; left time: 8.8211s
	iters: 800, epoch: 29 | loss: 0.3270051
	speed: 0.0061s/iter; left time: 8.2108s
	iters: 900, epoch: 29 | loss: 0.3695204
	speed: 0.0067s/iter; left time: 8.3077s
	iters: 1000, epoch: 29 | loss: 0.3003399
	speed: 0.0065s/iter; left time: 7.4081s
Epoch: 29 cost time: 6.970334529876709
Epoch: 29, Steps: 1071 | Train Loss: 0.3308470 Vali Loss: 0.5212193 Test Loss: 0.3629143
EarlyStopping counter: 17 out of 100
Updating learning rate to 6.4610818892266776e-06
	iters: 100, epoch: 30 | loss: 0.3061866
	speed: 0.0574s/iter; left time: 55.7998s
	iters: 200, epoch: 30 | loss: 0.2989640
	speed: 0.0062s/iter; left time: 5.3859s
	iters: 300, epoch: 30 | loss: 0.3112739
	speed: 0.0061s/iter; left time: 4.7253s
	iters: 400, epoch: 30 | loss: 0.3871787
	speed: 0.0061s/iter; left time: 4.1120s
	iters: 500, epoch: 30 | loss: 0.3042090
	speed: 0.0065s/iter; left time: 3.7230s
	iters: 600, epoch: 30 | loss: 0.3482406
	speed: 0.0073s/iter; left time: 3.4483s
	iters: 700, epoch: 30 | loss: 0.3476344
	speed: 0.0082s/iter; left time: 3.0557s
	iters: 800, epoch: 30 | loss: 0.2891496
	speed: 0.0077s/iter; left time: 2.0810s
	iters: 900, epoch: 30 | loss: 0.3210534
	speed: 0.0073s/iter; left time: 1.2537s
	iters: 1000, epoch: 30 | loss: 0.3950016
	speed: 0.0074s/iter; left time: 0.5345s
Epoch: 30 cost time: 7.668182849884033
Epoch: 30, Steps: 1071 | Train Loss: 0.3308917 Vali Loss: 0.5220399 Test Loss: 0.3630796
EarlyStopping counter: 18 out of 100
Updating learning rate to 5.8149737003040096e-06
>>>>>>>testing : ETTm1_96_192_MLPAer_only_temp_ETTm1_ftM_sl96_ll48_pl192_dm512_nh8_el2_dl1_df2048_fc1_ebtimeF_dtTrue_Exp_0<<<<<<<<<<<<<<<<<<<<<<<<<<<<<<<<<
test 11329
mse:0.3641597628593445, mae:0.3827516436576843, rse:0.5744376182556152
