Args in experiment:
Namespace(random_seed=2025, is_training=1, model_id='ETTh1_96_96', model='MLPAer_only_temp', data='ETTh1', root_path='./dataset/', data_path='ETTh1.csv', features='M', target='OT', freq='h', checkpoints='./checkpoints/', seq_len=96, label_len=48, pred_len=96, fc_dropout=0.05, head_dropout=0.7, patch_len=16, stride=8, padding_patch='end', revin=1, affine=0, subtract_last=0, decomposition=0, kernel_size=25, individual=0, embed_type=0, enc_in=7, dec_in=7, c_out=7, d_model=512, n_heads=8, e_layers=2, d_layers=1, d_ff=2048, moving_avg=25, factor=1, distil=True, dropout=0.05, embed='timeF', activation='gelu', output_attention=False, do_predict=False, num_workers=10, itr=1, train_epochs=30, batch_size=128, patience=100, learning_rate=0.0005, des='Exp', loss='mse', lradj='type3', pct_start=0.3, use_amp=False, c_ff=14, t_ff=512, c_dropout=0.0, t_dropout=0.0, embed_dropout=0.0, head_type='prediction', usenorm=1, use_gpu=True, gpu=0, use_multi_gpu=False, devices='0,1,2,3', test_flop=False)
Use GPU: cuda:0
>>>>>>>start training : ETTh1_96_96_MLPAer_only_temp_ETTh1_ftM_sl96_ll48_pl96_dm512_nh8_el2_dl1_df2048_fc1_ebtimeF_dtTrue_Exp_0>>>>>>>>>>>>>>>>>>>>>>>>>>
train 8449
val 2785
test 2785
Epoch: 1 cost time: 1.112363576889038
Epoch: 1, Steps: 66 | Train Loss: 0.5591949 Vali Loss: 1.0630958 Test Loss: 0.6394195
Validation loss decreased (inf --> 1.063096).  Saving model ...
Updating learning rate to 0.0005
Epoch: 2 cost time: 0.8023195266723633
Epoch: 2, Steps: 66 | Train Loss: 0.4205643 Vali Loss: 0.7198626 Test Loss: 0.3983716
Validation loss decreased (1.063096 --> 0.719863).  Saving model ...
Updating learning rate to 0.0005
Epoch: 3 cost time: 0.8254570960998535
Epoch: 3, Steps: 66 | Train Loss: 0.3792790 Vali Loss: 0.6882083 Test Loss: 0.3849995
Validation loss decreased (0.719863 --> 0.688208).  Saving model ...
Updating learning rate to 0.0005
Epoch: 4 cost time: 0.8696279525756836
Epoch: 4, Steps: 66 | Train Loss: 0.3699894 Vali Loss: 0.6938746 Test Loss: 0.3794986
EarlyStopping counter: 1 out of 100
Updating learning rate to 0.00045000000000000004
Epoch: 5 cost time: 0.8360786437988281
Epoch: 5, Steps: 66 | Train Loss: 0.3639435 Vali Loss: 0.6904277 Test Loss: 0.3767588
EarlyStopping counter: 2 out of 100
Updating learning rate to 0.00040500000000000003
Epoch: 6 cost time: 0.7873914241790771
Epoch: 6, Steps: 66 | Train Loss: 0.3599499 Vali Loss: 0.6865548 Test Loss: 0.3749769
Validation loss decreased (0.688208 --> 0.686555).  Saving model ...
Updating learning rate to 0.0003645000000000001
Epoch: 7 cost time: 0.7922682762145996
Epoch: 7, Steps: 66 | Train Loss: 0.3567231 Vali Loss: 0.6851897 Test Loss: 0.3735778
Validation loss decreased (0.686555 --> 0.685190).  Saving model ...
Updating learning rate to 0.00032805000000000003
Epoch: 8 cost time: 0.8192121982574463
Epoch: 8, Steps: 66 | Train Loss: 0.3543504 Vali Loss: 0.6844765 Test Loss: 0.3707508
Validation loss decreased (0.685190 --> 0.684476).  Saving model ...
Updating learning rate to 0.000295245
Epoch: 9 cost time: 0.8552920818328857
Epoch: 9, Steps: 66 | Train Loss: 0.3518754 Vali Loss: 0.6826783 Test Loss: 0.3717462
Validation loss decreased (0.684476 --> 0.682678).  Saving model ...
Updating learning rate to 0.0002657205
Epoch: 10 cost time: 0.8105859756469727
Epoch: 10, Steps: 66 | Train Loss: 0.3497558 Vali Loss: 0.6828068 Test Loss: 0.3696413
EarlyStopping counter: 1 out of 100
Updating learning rate to 0.00023914845000000005
Epoch: 11 cost time: 0.764479398727417
Epoch: 11, Steps: 66 | Train Loss: 0.3481726 Vali Loss: 0.6853950 Test Loss: 0.3688734
EarlyStopping counter: 2 out of 100
Updating learning rate to 0.00021523360500000005
Epoch: 12 cost time: 0.7561802864074707
Epoch: 12, Steps: 66 | Train Loss: 0.3470641 Vali Loss: 0.6806071 Test Loss: 0.3677650
Validation loss decreased (0.682678 --> 0.680607).  Saving model ...
Updating learning rate to 0.00019371024450000004
Epoch: 13 cost time: 0.7766842842102051
Epoch: 13, Steps: 66 | Train Loss: 0.3451461 Vali Loss: 0.6811189 Test Loss: 0.3685787
EarlyStopping counter: 1 out of 100
Updating learning rate to 0.00017433922005000006
Epoch: 14 cost time: 0.8036634922027588
Epoch: 14, Steps: 66 | Train Loss: 0.3443022 Vali Loss: 0.6815851 Test Loss: 0.3669768
EarlyStopping counter: 2 out of 100
Updating learning rate to 0.00015690529804500005
Epoch: 15 cost time: 0.8677799701690674
Epoch: 15, Steps: 66 | Train Loss: 0.3432060 Vali Loss: 0.6786776 Test Loss: 0.3679231
Validation loss decreased (0.680607 --> 0.678678).  Saving model ...
Updating learning rate to 0.00014121476824050004
Epoch: 16 cost time: 0.8183739185333252
Epoch: 16, Steps: 66 | Train Loss: 0.3421086 Vali Loss: 0.6789104 Test Loss: 0.3674760
EarlyStopping counter: 1 out of 100
Updating learning rate to 0.00012709329141645005
Epoch: 17 cost time: 0.8343784809112549
Epoch: 17, Steps: 66 | Train Loss: 0.3413902 Vali Loss: 0.6748885 Test Loss: 0.3671795
Validation loss decreased (0.678678 --> 0.674888).  Saving model ...
Updating learning rate to 0.00011438396227480505
Epoch: 18 cost time: 0.8193600177764893
Epoch: 18, Steps: 66 | Train Loss: 0.3404255 Vali Loss: 0.6779073 Test Loss: 0.3667699
EarlyStopping counter: 1 out of 100
Updating learning rate to 0.00010294556604732454
Epoch: 19 cost time: 0.8182063102722168
Epoch: 19, Steps: 66 | Train Loss: 0.3394271 Vali Loss: 0.6827639 Test Loss: 0.3667025
EarlyStopping counter: 2 out of 100
Updating learning rate to 9.265100944259208e-05
Epoch: 20 cost time: 0.8091275691986084
Epoch: 20, Steps: 66 | Train Loss: 0.3389511 Vali Loss: 0.6782845 Test Loss: 0.3663730
EarlyStopping counter: 3 out of 100
Updating learning rate to 8.338590849833288e-05
Epoch: 21 cost time: 0.7936701774597168
Epoch: 21, Steps: 66 | Train Loss: 0.3387562 Vali Loss: 0.6803348 Test Loss: 0.3655189
EarlyStopping counter: 4 out of 100
Updating learning rate to 7.504731764849959e-05
Epoch: 22 cost time: 0.9748914241790771
Epoch: 22, Steps: 66 | Train Loss: 0.3381490 Vali Loss: 0.6803461 Test Loss: 0.3661541
EarlyStopping counter: 5 out of 100
Updating learning rate to 6.754258588364964e-05
Epoch: 23 cost time: 0.9045138359069824
Epoch: 23, Steps: 66 | Train Loss: 0.3379264 Vali Loss: 0.6788507 Test Loss: 0.3665024
EarlyStopping counter: 6 out of 100
Updating learning rate to 6.078832729528467e-05
Epoch: 24 cost time: 0.7750427722930908
Epoch: 24, Steps: 66 | Train Loss: 0.3372196 Vali Loss: 0.6807116 Test Loss: 0.3657091
EarlyStopping counter: 7 out of 100
Updating learning rate to 5.470949456575621e-05
Epoch: 25 cost time: 0.7945506572723389
Epoch: 25, Steps: 66 | Train Loss: 0.3367784 Vali Loss: 0.6789141 Test Loss: 0.3660699
EarlyStopping counter: 8 out of 100
Updating learning rate to 4.923854510918059e-05
Epoch: 26 cost time: 0.8043122291564941
Epoch: 26, Steps: 66 | Train Loss: 0.3362685 Vali Loss: 0.6804129 Test Loss: 0.3663927
EarlyStopping counter: 9 out of 100
Updating learning rate to 4.431469059826253e-05
Epoch: 27 cost time: 0.810356616973877
Epoch: 27, Steps: 66 | Train Loss: 0.3361910 Vali Loss: 0.6798713 Test Loss: 0.3664185
EarlyStopping counter: 10 out of 100
Updating learning rate to 3.988322153843628e-05
Epoch: 28 cost time: 0.7621355056762695
Epoch: 28, Steps: 66 | Train Loss: 0.3361929 Vali Loss: 0.6797816 Test Loss: 0.3661246
EarlyStopping counter: 11 out of 100
Updating learning rate to 3.589489938459265e-05
Epoch: 29 cost time: 0.7980036735534668
Epoch: 29, Steps: 66 | Train Loss: 0.3357515 Vali Loss: 0.6803373 Test Loss: 0.3660854
EarlyStopping counter: 12 out of 100
Updating learning rate to 3.230540944613339e-05
Epoch: 30 cost time: 0.8116469383239746
Epoch: 30, Steps: 66 | Train Loss: 0.3352882 Vali Loss: 0.6819311 Test Loss: 0.3662045
EarlyStopping counter: 13 out of 100
Updating learning rate to 2.9074868501520047e-05
>>>>>>>testing : ETTh1_96_96_MLPAer_only_temp_ETTh1_ftM_sl96_ll48_pl96_dm512_nh8_el2_dl1_df2048_fc1_ebtimeF_dtTrue_Exp_0<<<<<<<<<<<<<<<<<<<<<<<<<<<<<<<<<
test 2785
mse:0.36717939376831055, mae:0.3946959376335144, rse:0.5745854377746582
