Args in experiment:
Namespace(random_seed=2025, is_training=1, model_id='ETTh1_96_192', model='MLPAer_only_temp', data='ETTh1', root_path='./dataset/', data_path='ETTh1.csv', features='M', target='OT', freq='h', checkpoints='./checkpoints/', seq_len=96, label_len=48, pred_len=192, fc_dropout=0.05, head_dropout=0.6, patch_len=16, stride=8, padding_patch='end', revin=1, affine=0, subtract_last=0, decomposition=0, kernel_size=25, individual=0, embed_type=0, enc_in=7, dec_in=7, c_out=7, d_model=512, n_heads=8, e_layers=2, d_layers=1, d_ff=2048, moving_avg=25, factor=1, distil=True, dropout=0.05, embed='timeF', activation='gelu', output_attention=False, do_predict=False, num_workers=10, itr=1, train_epochs=30, batch_size=128, patience=100, learning_rate=0.0002, des='Exp', loss='mse', lradj='type3', pct_start=0.3, use_amp=False, c_ff=14, t_ff=512, c_dropout=0.0, t_dropout=0.2, embed_dropout=0.0, head_type='prediction', usenorm=1, use_gpu=True, gpu=0, use_multi_gpu=False, devices='0,1,2,3', test_flop=False)
Use GPU: cuda:0
>>>>>>>start training : ETTh1_96_192_MLPAer_only_temp_ETTh1_ftM_sl96_ll48_pl192_dm512_nh8_el2_dl1_df2048_fc1_ebtimeF_dtTrue_Exp_0>>>>>>>>>>>>>>>>>>>>>>>>>>
train 8353
val 2689
test 2689
Epoch: 1 cost time: 1.0957810878753662
Epoch: 1, Steps: 65 | Train Loss: 0.6161170 Vali Loss: 1.3990771 Test Loss: 0.7110215
Validation loss decreased (inf --> 1.399077).  Saving model ...
Updating learning rate to 0.0002
Epoch: 2 cost time: 0.9382121562957764
Epoch: 2, Steps: 65 | Train Loss: 0.5115275 Vali Loss: 1.0536352 Test Loss: 0.4705668
Validation loss decreased (1.399077 --> 1.053635).  Saving model ...
Updating learning rate to 0.0002
Epoch: 3 cost time: 0.883617639541626
Epoch: 3, Steps: 65 | Train Loss: 0.4552895 Vali Loss: 1.0163362 Test Loss: 0.4476477
Validation loss decreased (1.053635 --> 1.016336).  Saving model ...
Updating learning rate to 0.0002
Epoch: 4 cost time: 0.8452334403991699
Epoch: 4, Steps: 65 | Train Loss: 0.4431264 Vali Loss: 1.0057598 Test Loss: 0.4410657
Validation loss decreased (1.016336 --> 1.005760).  Saving model ...
Updating learning rate to 0.00018
Epoch: 5 cost time: 0.8946466445922852
Epoch: 5, Steps: 65 | Train Loss: 0.4365280 Vali Loss: 0.9987592 Test Loss: 0.4375946
Validation loss decreased (1.005760 --> 0.998759).  Saving model ...
Updating learning rate to 0.000162
Epoch: 6 cost time: 0.8433430194854736
Epoch: 6, Steps: 65 | Train Loss: 0.4325105 Vali Loss: 0.9923509 Test Loss: 0.4339845
Validation loss decreased (0.998759 --> 0.992351).  Saving model ...
Updating learning rate to 0.00014580000000000002
Epoch: 7 cost time: 0.8714597225189209
Epoch: 7, Steps: 65 | Train Loss: 0.4292495 Vali Loss: 0.9901646 Test Loss: 0.4326540
Validation loss decreased (0.992351 --> 0.990165).  Saving model ...
Updating learning rate to 0.00013122
Epoch: 8 cost time: 0.8657383918762207
Epoch: 8, Steps: 65 | Train Loss: 0.4263923 Vali Loss: 0.9914706 Test Loss: 0.4310128
EarlyStopping counter: 1 out of 100
Updating learning rate to 0.00011809800000000002
Epoch: 9 cost time: 0.8611583709716797
Epoch: 9, Steps: 65 | Train Loss: 0.4243072 Vali Loss: 0.9912023 Test Loss: 0.4289046
EarlyStopping counter: 2 out of 100
Updating learning rate to 0.00010628820000000001
Epoch: 10 cost time: 0.8195571899414062
Epoch: 10, Steps: 65 | Train Loss: 0.4229991 Vali Loss: 0.9893128 Test Loss: 0.4271353
Validation loss decreased (0.990165 --> 0.989313).  Saving model ...
Updating learning rate to 9.565938000000003e-05
Epoch: 11 cost time: 0.8745663166046143
Epoch: 11, Steps: 65 | Train Loss: 0.4216019 Vali Loss: 0.9897402 Test Loss: 0.4267861
EarlyStopping counter: 1 out of 100
Updating learning rate to 8.609344200000003e-05
Epoch: 12 cost time: 0.9349164962768555
Epoch: 12, Steps: 65 | Train Loss: 0.4202469 Vali Loss: 0.9876494 Test Loss: 0.4267276
Validation loss decreased (0.989313 --> 0.987649).  Saving model ...
Updating learning rate to 7.748409780000002e-05
Epoch: 13 cost time: 0.8642289638519287
Epoch: 13, Steps: 65 | Train Loss: 0.4190260 Vali Loss: 0.9886143 Test Loss: 0.4263169
EarlyStopping counter: 1 out of 100
Updating learning rate to 6.973568802000002e-05
Epoch: 14 cost time: 0.8881974220275879
Epoch: 14, Steps: 65 | Train Loss: 0.4181172 Vali Loss: 0.9869461 Test Loss: 0.4255693
Validation loss decreased (0.987649 --> 0.986946).  Saving model ...
Updating learning rate to 6.276211921800002e-05
Epoch: 15 cost time: 1.0333268642425537
Epoch: 15, Steps: 65 | Train Loss: 0.4173708 Vali Loss: 0.9881224 Test Loss: 0.4246433
EarlyStopping counter: 1 out of 100
Updating learning rate to 5.648590729620002e-05
Epoch: 16 cost time: 0.9180870056152344
Epoch: 16, Steps: 65 | Train Loss: 0.4162335 Vali Loss: 0.9883206 Test Loss: 0.4244166
EarlyStopping counter: 2 out of 100
Updating learning rate to 5.083731656658002e-05
Epoch: 17 cost time: 0.8389687538146973
Epoch: 17, Steps: 65 | Train Loss: 0.4163150 Vali Loss: 0.9860237 Test Loss: 0.4246396
Validation loss decreased (0.986946 --> 0.986024).  Saving model ...
Updating learning rate to 4.575358490992202e-05
Epoch: 18 cost time: 0.9157931804656982
Epoch: 18, Steps: 65 | Train Loss: 0.4154726 Vali Loss: 0.9859481 Test Loss: 0.4245505
Validation loss decreased (0.986024 --> 0.985948).  Saving model ...
Updating learning rate to 4.117822641892981e-05
Epoch: 19 cost time: 0.9326632022857666
Epoch: 19, Steps: 65 | Train Loss: 0.4153279 Vali Loss: 0.9872569 Test Loss: 0.4239562
EarlyStopping counter: 1 out of 100
Updating learning rate to 3.706040377703683e-05
Epoch: 20 cost time: 0.9619758129119873
Epoch: 20, Steps: 65 | Train Loss: 0.4145900 Vali Loss: 0.9861457 Test Loss: 0.4241100
EarlyStopping counter: 2 out of 100
Updating learning rate to 3.3354363399333154e-05
Epoch: 21 cost time: 1.0077102184295654
Epoch: 21, Steps: 65 | Train Loss: 0.4141375 Vali Loss: 0.9869026 Test Loss: 0.4235296
EarlyStopping counter: 3 out of 100
Updating learning rate to 3.0018927059399838e-05
Epoch: 22 cost time: 0.8381192684173584
Epoch: 22, Steps: 65 | Train Loss: 0.4139497 Vali Loss: 0.9866498 Test Loss: 0.4237378
EarlyStopping counter: 4 out of 100
Updating learning rate to 2.7017034353459858e-05
Epoch: 23 cost time: 1.0047333240509033
Epoch: 23, Steps: 65 | Train Loss: 0.4136715 Vali Loss: 0.9866165 Test Loss: 0.4234797
EarlyStopping counter: 5 out of 100
Updating learning rate to 2.431533091811387e-05
Epoch: 24 cost time: 0.9697027206420898
Epoch: 24, Steps: 65 | Train Loss: 0.4131831 Vali Loss: 0.9868262 Test Loss: 0.4235838
EarlyStopping counter: 6 out of 100
Updating learning rate to 2.1883797826302484e-05
Epoch: 25 cost time: 1.0565152168273926
Epoch: 25, Steps: 65 | Train Loss: 0.4129753 Vali Loss: 0.9861408 Test Loss: 0.4234472
EarlyStopping counter: 7 out of 100
Updating learning rate to 1.9695418043672237e-05
Epoch: 26 cost time: 0.9365675449371338
Epoch: 26, Steps: 65 | Train Loss: 0.4128267 Vali Loss: 0.9871280 Test Loss: 0.4232311
EarlyStopping counter: 8 out of 100
Updating learning rate to 1.7725876239305016e-05
Epoch: 27 cost time: 0.8746442794799805
Epoch: 27, Steps: 65 | Train Loss: 0.4126258 Vali Loss: 0.9870032 Test Loss: 0.4231773
EarlyStopping counter: 9 out of 100
Updating learning rate to 1.595328861537451e-05
Epoch: 28 cost time: 1.0426220893859863
Epoch: 28, Steps: 65 | Train Loss: 0.4126823 Vali Loss: 0.9864485 Test Loss: 0.4231014
EarlyStopping counter: 10 out of 100
Updating learning rate to 1.4357959753837061e-05
Epoch: 29 cost time: 1.0043449401855469
Epoch: 29, Steps: 65 | Train Loss: 0.4121799 Vali Loss: 0.9864401 Test Loss: 0.4231135
EarlyStopping counter: 11 out of 100
Updating learning rate to 1.2922163778453355e-05
Epoch: 30 cost time: 0.9104692935943604
Epoch: 30, Steps: 65 | Train Loss: 0.4122599 Vali Loss: 0.9867810 Test Loss: 0.4229563
EarlyStopping counter: 12 out of 100
Updating learning rate to 1.1629947400608019e-05
>>>>>>>testing : ETTh1_96_192_MLPAer_only_temp_ETTh1_ftM_sl96_ll48_pl192_dm512_nh8_el2_dl1_df2048_fc1_ebtimeF_dtTrue_Exp_0<<<<<<<<<<<<<<<<<<<<<<<<<<<<<<<<<
test 2689
mse:0.42455050349235535, mae:0.4231131970882416, rse:0.6187516450881958
