Args in experiment:
Namespace(random_seed=2025, is_training=1, model_id='weather_96_96', model='MLPAer_only_temp', data='custom', root_path='./dataset/', data_path='weather.csv', features='M', target='OT', freq='h', checkpoints='./checkpoints/', seq_len=96, label_len=48, pred_len=96, fc_dropout=0.05, head_dropout=0.5, patch_len=16, stride=8, padding_patch='end', revin=1, affine=0, subtract_last=0, decomposition=0, kernel_size=25, individual=0, embed_type=0, enc_in=21, dec_in=7, c_out=7, d_model=2048, n_heads=8, e_layers=2, d_layers=1, d_ff=2048, moving_avg=25, factor=1, distil=True, dropout=0.05, embed='timeF', activation='gelu', output_attention=False, do_predict=False, num_workers=10, itr=1, train_epochs=30, batch_size=32, patience=100, learning_rate=0.0001, des='Exp', loss='mse', lradj='type3', pct_start=0.3, use_amp=False, c_ff=36, t_ff=400, c_dropout=0.1, t_dropout=0.3, embed_dropout=0.1, head_type='prediction', usenorm=1, use_gpu=True, gpu=0, use_multi_gpu=False, devices='0,1,2,3', test_flop=False)
Use GPU: cuda:0
>>>>>>>start training : weather_96_96_MLPAer_only_temp_custom_ftM_sl96_ll48_pl96_dm2048_nh8_el2_dl1_df2048_fc1_ebtimeF_dtTrue_Exp_0>>>>>>>>>>>>>>>>>>>>>>>>>>
train 36696
val 5175
test 10444
	iters: 100, epoch: 1 | loss: 0.5407925
	speed: 0.0276s/iter; left time: 944.5433s
	iters: 200, epoch: 1 | loss: 0.4996649
	speed: 0.0079s/iter; left time: 269.6130s
	iters: 300, epoch: 1 | loss: 0.4465945
	speed: 0.0085s/iter; left time: 290.3635s
	iters: 400, epoch: 1 | loss: 0.6481918
	speed: 0.0086s/iter; left time: 293.5289s
	iters: 500, epoch: 1 | loss: 0.4691141
	speed: 0.0084s/iter; left time: 283.4639s
	iters: 600, epoch: 1 | loss: 1.3886986
	speed: 0.0081s/iter; left time: 273.2080s
	iters: 700, epoch: 1 | loss: 0.4723563
	speed: 0.0096s/iter; left time: 323.7574s
	iters: 800, epoch: 1 | loss: 0.5767093
	speed: 0.0074s/iter; left time: 249.4446s
	iters: 900, epoch: 1 | loss: 0.4258465
	speed: 0.0076s/iter; left time: 255.7285s
	iters: 1000, epoch: 1 | loss: 0.4969872
	speed: 0.0074s/iter; left time: 246.6906s
	iters: 1100, epoch: 1 | loss: 0.4765188
	speed: 0.0074s/iter; left time: 244.9544s
Epoch: 1 cost time: 9.654655456542969
Epoch: 1, Steps: 1146 | Train Loss: 0.5972096 Vali Loss: 0.5061623 Test Loss: 0.2028928
Validation loss decreased (inf --> 0.506162).  Saving model ...
Updating learning rate to 0.0001
	iters: 100, epoch: 2 | loss: 0.3217545
	speed: 0.0509s/iter; left time: 1687.0211s
	iters: 200, epoch: 2 | loss: 0.3074208
	speed: 0.0072s/iter; left time: 239.3968s
	iters: 300, epoch: 2 | loss: 0.5528994
	speed: 0.0072s/iter; left time: 237.9563s
	iters: 400, epoch: 2 | loss: 0.4428681
	speed: 0.0072s/iter; left time: 237.3827s
	iters: 500, epoch: 2 | loss: 1.3493384
	speed: 0.0073s/iter; left time: 238.7337s
	iters: 600, epoch: 2 | loss: 0.2857809
	speed: 0.0072s/iter; left time: 235.7449s
	iters: 700, epoch: 2 | loss: 0.3361039
	speed: 0.0072s/iter; left time: 234.8815s
	iters: 800, epoch: 2 | loss: 0.3055317
	speed: 0.0073s/iter; left time: 238.1015s
	iters: 900, epoch: 2 | loss: 0.3969576
	speed: 0.0078s/iter; left time: 253.4776s
	iters: 1000, epoch: 2 | loss: 0.3458568
	speed: 0.0072s/iter; left time: 232.4883s
	iters: 1100, epoch: 2 | loss: 0.4934241
	speed: 0.0072s/iter; left time: 231.6304s
Epoch: 2 cost time: 8.64352798461914
Epoch: 2, Steps: 1146 | Train Loss: 0.5038420 Vali Loss: 0.4617327 Test Loss: 0.1906860
Validation loss decreased (0.506162 --> 0.461733).  Saving model ...
Updating learning rate to 0.0001
	iters: 100, epoch: 3 | loss: 0.3701801
	speed: 0.0532s/iter; left time: 1701.7007s
	iters: 200, epoch: 3 | loss: 0.3940651
	speed: 0.0073s/iter; left time: 233.2855s
	iters: 300, epoch: 3 | loss: 0.4694875
	speed: 0.0072s/iter; left time: 230.3277s
	iters: 400, epoch: 3 | loss: 0.4265976
	speed: 0.0072s/iter; left time: 229.3077s
	iters: 500, epoch: 3 | loss: 0.3732127
	speed: 0.0073s/iter; left time: 229.1673s
	iters: 600, epoch: 3 | loss: 0.3469618
	speed: 0.0073s/iter; left time: 229.0978s
	iters: 700, epoch: 3 | loss: 0.3720834
	speed: 0.0072s/iter; left time: 224.6902s
	iters: 800, epoch: 3 | loss: 0.3575277
	speed: 0.0072s/iter; left time: 224.6988s
	iters: 900, epoch: 3 | loss: 0.4062104
	speed: 0.0072s/iter; left time: 224.7046s
	iters: 1000, epoch: 3 | loss: 0.3703921
	speed: 0.0073s/iter; left time: 226.2951s
	iters: 1100, epoch: 3 | loss: 0.4049226
	speed: 0.0072s/iter; left time: 222.2522s
Epoch: 3 cost time: 8.548759937286377
Epoch: 3, Steps: 1146 | Train Loss: 0.4787092 Vali Loss: 0.4487081 Test Loss: 0.1863379
Validation loss decreased (0.461733 --> 0.448708).  Saving model ...
Updating learning rate to 0.0001
	iters: 100, epoch: 4 | loss: 0.5073041
	speed: 0.0530s/iter; left time: 1634.2656s
	iters: 200, epoch: 4 | loss: 0.3218089
	speed: 0.0073s/iter; left time: 224.9396s
	iters: 300, epoch: 4 | loss: 0.3545987
	speed: 0.0074s/iter; left time: 225.6402s
	iters: 400, epoch: 4 | loss: 0.4060477
	speed: 0.0073s/iter; left time: 223.9345s
	iters: 500, epoch: 4 | loss: 0.3406129
	speed: 0.0073s/iter; left time: 222.3874s
	iters: 600, epoch: 4 | loss: 0.3731910
	speed: 0.0074s/iter; left time: 225.6003s
	iters: 700, epoch: 4 | loss: 0.2998576
	speed: 0.0073s/iter; left time: 222.0107s
	iters: 800, epoch: 4 | loss: 0.3397551
	speed: 0.0074s/iter; left time: 224.3493s
	iters: 900, epoch: 4 | loss: 0.3668036
	speed: 0.0073s/iter; left time: 220.4960s
	iters: 1000, epoch: 4 | loss: 0.4812197
	speed: 0.0073s/iter; left time: 219.7086s
	iters: 1100, epoch: 4 | loss: 0.3957796
	speed: 0.0073s/iter; left time: 217.9371s
Epoch: 4 cost time: 8.649259328842163
Epoch: 4, Steps: 1146 | Train Loss: 0.4692219 Vali Loss: 0.4441909 Test Loss: 0.1840197
Validation loss decreased (0.448708 --> 0.444191).  Saving model ...
Updating learning rate to 9e-05
	iters: 100, epoch: 5 | loss: 0.3619212
	speed: 0.0538s/iter; left time: 1598.9424s
	iters: 200, epoch: 5 | loss: 0.2699882
	speed: 0.0072s/iter; left time: 214.0454s
	iters: 300, epoch: 5 | loss: 1.0550023
	speed: 0.0073s/iter; left time: 213.9227s
	iters: 400, epoch: 5 | loss: 0.3224776
	speed: 0.0072s/iter; left time: 211.6457s
	iters: 500, epoch: 5 | loss: 0.4452051
	speed: 0.0072s/iter; left time: 210.2264s
	iters: 600, epoch: 5 | loss: 0.5805920
	speed: 0.0072s/iter; left time: 208.7643s
	iters: 700, epoch: 5 | loss: 0.3932433
	speed: 0.0072s/iter; left time: 208.1276s
	iters: 800, epoch: 5 | loss: 0.4339114
	speed: 0.0072s/iter; left time: 208.1064s
	iters: 900, epoch: 5 | loss: 0.4059176
	speed: 0.0072s/iter; left time: 207.2671s
	iters: 1000, epoch: 5 | loss: 1.0163867
	speed: 0.0072s/iter; left time: 207.9270s
	iters: 1100, epoch: 5 | loss: 0.5187366
	speed: 0.0072s/iter; left time: 205.9758s
Epoch: 5 cost time: 8.581650495529175
Epoch: 5, Steps: 1146 | Train Loss: 0.4646013 Vali Loss: 0.4427452 Test Loss: 0.1830976
Validation loss decreased (0.444191 --> 0.442745).  Saving model ...
Updating learning rate to 8.1e-05
	iters: 100, epoch: 6 | loss: 0.4793969
	speed: 0.0509s/iter; left time: 1453.6730s
	iters: 200, epoch: 6 | loss: 0.4845034
	speed: 0.0072s/iter; left time: 204.7259s
	iters: 300, epoch: 6 | loss: 0.3205735
	speed: 0.0072s/iter; left time: 204.8980s
	iters: 400, epoch: 6 | loss: 0.5011007
	speed: 0.0072s/iter; left time: 202.0504s
	iters: 500, epoch: 6 | loss: 0.4714007
	speed: 0.0072s/iter; left time: 201.8695s
	iters: 600, epoch: 6 | loss: 0.2961122
	speed: 0.0078s/iter; left time: 218.8249s
	iters: 700, epoch: 6 | loss: 0.4933668
	speed: 0.0071s/iter; left time: 199.7231s
	iters: 800, epoch: 6 | loss: 0.4730527
	speed: 0.0074s/iter; left time: 204.8355s
	iters: 900, epoch: 6 | loss: 1.1447212
	speed: 0.0074s/iter; left time: 204.7621s
	iters: 1000, epoch: 6 | loss: 0.3684085
	speed: 0.0075s/iter; left time: 208.4983s
	iters: 1100, epoch: 6 | loss: 0.2849244
	speed: 0.0092s/iter; left time: 253.9290s
Epoch: 6 cost time: 8.813079118728638
Epoch: 6, Steps: 1146 | Train Loss: 0.4607360 Vali Loss: 0.4413636 Test Loss: 0.1821929
Validation loss decreased (0.442745 --> 0.441364).  Saving model ...
Updating learning rate to 7.290000000000001e-05
	iters: 100, epoch: 7 | loss: 0.3546803
	speed: 0.0528s/iter; left time: 1448.1700s
	iters: 200, epoch: 7 | loss: 0.3433800
	speed: 0.0074s/iter; left time: 201.6380s
	iters: 300, epoch: 7 | loss: 0.3489519
	speed: 0.0077s/iter; left time: 208.3904s
	iters: 400, epoch: 7 | loss: 0.3037023
	speed: 0.0078s/iter; left time: 210.7962s
	iters: 500, epoch: 7 | loss: 0.3194671
	speed: 0.0076s/iter; left time: 205.5214s
	iters: 600, epoch: 7 | loss: 0.5096291
	speed: 0.0073s/iter; left time: 196.0110s
	iters: 700, epoch: 7 | loss: 0.3417425
	speed: 0.0073s/iter; left time: 194.5563s
	iters: 800, epoch: 7 | loss: 0.4077774
	speed: 0.0079s/iter; left time: 210.5097s
	iters: 900, epoch: 7 | loss: 0.2955561
	speed: 0.0075s/iter; left time: 198.5557s
	iters: 1000, epoch: 7 | loss: 0.3870524
	speed: 0.0075s/iter; left time: 199.1210s
	iters: 1100, epoch: 7 | loss: 0.3450059
	speed: 0.0075s/iter; left time: 197.3327s
Epoch: 7 cost time: 8.913263320922852
Epoch: 7, Steps: 1146 | Train Loss: 0.4566465 Vali Loss: 0.4387355 Test Loss: 0.1796202
Validation loss decreased (0.441364 --> 0.438735).  Saving model ...
Updating learning rate to 6.561e-05
	iters: 100, epoch: 8 | loss: 0.4269686
	speed: 0.0519s/iter; left time: 1361.9139s
	iters: 200, epoch: 8 | loss: 0.3856166
	speed: 0.0072s/iter; left time: 188.0998s
	iters: 300, epoch: 8 | loss: 0.3148520
	speed: 0.0072s/iter; left time: 188.3260s
	iters: 400, epoch: 8 | loss: 0.2939689
	speed: 0.0071s/iter; left time: 185.5654s
	iters: 500, epoch: 8 | loss: 0.5009145
	speed: 0.0072s/iter; left time: 185.0860s
	iters: 600, epoch: 8 | loss: 0.3161099
	speed: 0.0071s/iter; left time: 184.1703s
	iters: 700, epoch: 8 | loss: 0.4603888
	speed: 0.0071s/iter; left time: 182.8832s
	iters: 800, epoch: 8 | loss: 0.4371777
	speed: 0.0072s/iter; left time: 184.1287s
	iters: 900, epoch: 8 | loss: 0.3126965
	speed: 0.0072s/iter; left time: 182.6573s
	iters: 1000, epoch: 8 | loss: 0.2784095
	speed: 0.0071s/iter; left time: 181.0837s
	iters: 1100, epoch: 8 | loss: 0.3564712
	speed: 0.0071s/iter; left time: 180.4435s
Epoch: 8 cost time: 8.451890707015991
Epoch: 8, Steps: 1146 | Train Loss: 0.4554968 Vali Loss: 0.4376440 Test Loss: 0.1789484
Validation loss decreased (0.438735 --> 0.437644).  Saving model ...
Updating learning rate to 5.904900000000001e-05
	iters: 100, epoch: 9 | loss: 0.2379150
	speed: 0.0517s/iter; left time: 1297.6697s
	iters: 200, epoch: 9 | loss: 0.3475932
	speed: 0.0072s/iter; left time: 179.9569s
	iters: 300, epoch: 9 | loss: 0.2733610
	speed: 0.0072s/iter; left time: 179.9938s
	iters: 400, epoch: 9 | loss: 0.2721862
	speed: 0.0072s/iter; left time: 178.1646s
	iters: 500, epoch: 9 | loss: 0.2494580
	speed: 0.0072s/iter; left time: 178.1153s
	iters: 600, epoch: 9 | loss: 0.6276698
	speed: 0.0072s/iter; left time: 176.8231s
	iters: 700, epoch: 9 | loss: 1.3519961
	speed: 0.0072s/iter; left time: 176.0901s
	iters: 800, epoch: 9 | loss: 0.4633489
	speed: 0.0072s/iter; left time: 175.9955s
	iters: 900, epoch: 9 | loss: 0.2790089
	speed: 0.0073s/iter; left time: 177.0159s
	iters: 1000, epoch: 9 | loss: 1.2921921
	speed: 0.0072s/iter; left time: 174.0920s
	iters: 1100, epoch: 9 | loss: 0.3612965
	speed: 0.0075s/iter; left time: 181.4808s
Epoch: 9 cost time: 8.612424612045288
Epoch: 9, Steps: 1146 | Train Loss: 0.4533851 Vali Loss: 0.4361192 Test Loss: 0.1782567
Validation loss decreased (0.437644 --> 0.436119).  Saving model ...
Updating learning rate to 5.3144100000000005e-05
	iters: 100, epoch: 10 | loss: 0.4701357
	speed: 0.0541s/iter; left time: 1295.8414s
	iters: 200, epoch: 10 | loss: 0.3807978
	speed: 0.0073s/iter; left time: 173.5784s
	iters: 300, epoch: 10 | loss: 0.4757303
	speed: 0.0073s/iter; left time: 173.0611s
	iters: 400, epoch: 10 | loss: 0.6260052
	speed: 0.0072s/iter; left time: 171.4422s
	iters: 500, epoch: 10 | loss: 0.3821484
	speed: 0.0073s/iter; left time: 171.2381s
	iters: 600, epoch: 10 | loss: 0.5766221
	speed: 0.0072s/iter; left time: 169.8624s
	iters: 700, epoch: 10 | loss: 1.5175220
	speed: 0.0088s/iter; left time: 205.4258s
	iters: 800, epoch: 10 | loss: 0.3423264
	speed: 0.0079s/iter; left time: 183.1096s
	iters: 900, epoch: 10 | loss: 0.3008464
	speed: 0.0075s/iter; left time: 173.9514s
	iters: 1000, epoch: 10 | loss: 0.4778385
	speed: 0.0075s/iter; left time: 173.0099s
	iters: 1100, epoch: 10 | loss: 0.4423825
	speed: 0.0073s/iter; left time: 166.9436s
Epoch: 10 cost time: 8.929118871688843
Epoch: 10, Steps: 1146 | Train Loss: 0.4510658 Vali Loss: 0.4372698 Test Loss: 0.1793246
EarlyStopping counter: 1 out of 100
Updating learning rate to 4.782969000000001e-05
	iters: 100, epoch: 11 | loss: 0.3559706
	speed: 0.0503s/iter; left time: 1147.5134s
	iters: 200, epoch: 11 | loss: 0.3079467
	speed: 0.0076s/iter; left time: 173.3741s
	iters: 300, epoch: 11 | loss: 1.1589791
	speed: 0.0074s/iter; left time: 166.3990s
	iters: 400, epoch: 11 | loss: 0.3624402
	speed: 0.0072s/iter; left time: 161.6030s
	iters: 500, epoch: 11 | loss: 0.2914205
	speed: 0.0073s/iter; left time: 162.9538s
	iters: 600, epoch: 11 | loss: 0.3438947
	speed: 0.0072s/iter; left time: 160.3366s
	iters: 700, epoch: 11 | loss: 0.3303514
	speed: 0.0072s/iter; left time: 159.6778s
	iters: 800, epoch: 11 | loss: 0.4238035
	speed: 0.0072s/iter; left time: 159.2363s
	iters: 900, epoch: 11 | loss: 0.3985412
	speed: 0.0072s/iter; left time: 159.2265s
	iters: 1000, epoch: 11 | loss: 0.3944032
	speed: 0.0073s/iter; left time: 161.0940s
	iters: 1100, epoch: 11 | loss: 0.3663119
	speed: 0.0082s/iter; left time: 177.8935s
Epoch: 11 cost time: 8.65240478515625
Epoch: 11, Steps: 1146 | Train Loss: 0.4500041 Vali Loss: 0.4361577 Test Loss: 0.1775478
EarlyStopping counter: 2 out of 100
Updating learning rate to 4.304672100000001e-05
	iters: 100, epoch: 12 | loss: 0.3534539
	speed: 0.0508s/iter; left time: 1100.4968s
	iters: 200, epoch: 12 | loss: 0.2518333
	speed: 0.0073s/iter; left time: 156.5813s
	iters: 300, epoch: 12 | loss: 0.6533245
	speed: 0.0077s/iter; left time: 165.2580s
	iters: 400, epoch: 12 | loss: 0.2852427
	speed: 0.0077s/iter; left time: 165.0335s
	iters: 500, epoch: 12 | loss: 0.4872670
	speed: 0.0075s/iter; left time: 159.5900s
	iters: 600, epoch: 12 | loss: 0.4574311
	speed: 0.0078s/iter; left time: 164.6402s
	iters: 700, epoch: 12 | loss: 0.3729746
	speed: 0.0075s/iter; left time: 157.1306s
	iters: 800, epoch: 12 | loss: 0.2796905
	speed: 0.0073s/iter; left time: 152.5390s
	iters: 900, epoch: 12 | loss: 0.3764532
	speed: 0.0074s/iter; left time: 154.1153s
	iters: 1000, epoch: 12 | loss: 0.4024596
	speed: 0.0074s/iter; left time: 153.0199s
	iters: 1100, epoch: 12 | loss: 0.3321996
	speed: 0.0073s/iter; left time: 151.6909s
Epoch: 12 cost time: 8.792179346084595
Epoch: 12, Steps: 1146 | Train Loss: 0.4486021 Vali Loss: 0.4350556 Test Loss: 0.1784763
Validation loss decreased (0.436119 --> 0.435056).  Saving model ...
Updating learning rate to 3.874204890000001e-05
	iters: 100, epoch: 13 | loss: 0.3165245
	speed: 0.0527s/iter; left time: 1081.3959s
	iters: 200, epoch: 13 | loss: 0.4225255
	speed: 0.0080s/iter; left time: 163.1510s
	iters: 300, epoch: 13 | loss: 0.2577732
	speed: 0.0072s/iter; left time: 147.3410s
	iters: 400, epoch: 13 | loss: 0.3193361
	speed: 0.0072s/iter; left time: 144.9271s
	iters: 500, epoch: 13 | loss: 0.3736810
	speed: 0.0076s/iter; left time: 152.3495s
	iters: 600, epoch: 13 | loss: 0.3394177
	speed: 0.0072s/iter; left time: 144.6721s
	iters: 700, epoch: 13 | loss: 0.6171415
	speed: 0.0074s/iter; left time: 146.4847s
	iters: 800, epoch: 13 | loss: 0.4087157
	speed: 0.0075s/iter; left time: 148.8589s
	iters: 900, epoch: 13 | loss: 0.4039179
	speed: 0.0075s/iter; left time: 147.9778s
	iters: 1000, epoch: 13 | loss: 0.4555595
	speed: 0.0077s/iter; left time: 151.6468s
	iters: 1100, epoch: 13 | loss: 0.2395471
	speed: 0.0077s/iter; left time: 150.3726s
Epoch: 13 cost time: 8.793550968170166
Epoch: 13, Steps: 1146 | Train Loss: 0.4478730 Vali Loss: 0.4350944 Test Loss: 0.1774754
EarlyStopping counter: 1 out of 100
Updating learning rate to 3.486784401000001e-05
	iters: 100, epoch: 14 | loss: 0.2441670
	speed: 0.0506s/iter; left time: 979.9889s
	iters: 200, epoch: 14 | loss: 0.4236218
	speed: 0.0074s/iter; left time: 142.4302s
	iters: 300, epoch: 14 | loss: 1.2503474
	speed: 0.0073s/iter; left time: 140.4683s
	iters: 400, epoch: 14 | loss: 0.2427261
	speed: 0.0072s/iter; left time: 136.9686s
	iters: 500, epoch: 14 | loss: 0.4179320
	speed: 0.0072s/iter; left time: 137.3375s
	iters: 600, epoch: 14 | loss: 0.3114596
	speed: 0.0074s/iter; left time: 139.9655s
	iters: 700, epoch: 14 | loss: 1.3949711
	speed: 0.0072s/iter; left time: 135.9913s
	iters: 800, epoch: 14 | loss: 0.5231594
	speed: 0.0072s/iter; left time: 134.0753s
	iters: 900, epoch: 14 | loss: 0.4908471
	speed: 0.0072s/iter; left time: 132.9337s
	iters: 1000, epoch: 14 | loss: 0.2878059
	speed: 0.0073s/iter; left time: 134.4150s
	iters: 1100, epoch: 14 | loss: 1.3759605
	speed: 0.0073s/iter; left time: 133.3246s
Epoch: 14 cost time: 8.557345867156982
Epoch: 14, Steps: 1146 | Train Loss: 0.4464704 Vali Loss: 0.4340724 Test Loss: 0.1761637
Validation loss decreased (0.435056 --> 0.434072).  Saving model ...
Updating learning rate to 3.138105960900001e-05
	iters: 100, epoch: 15 | loss: 0.3651359
	speed: 0.0516s/iter; left time: 941.5634s
	iters: 200, epoch: 15 | loss: 0.4031791
	speed: 0.0073s/iter; left time: 131.5896s
	iters: 300, epoch: 15 | loss: 0.3645128
	speed: 0.0072s/iter; left time: 130.3937s
	iters: 400, epoch: 15 | loss: 0.3786492
	speed: 0.0072s/iter; left time: 129.6110s
	iters: 500, epoch: 15 | loss: 0.3901756
	speed: 0.0073s/iter; left time: 129.4079s
	iters: 600, epoch: 15 | loss: 0.5578038
	speed: 0.0072s/iter; left time: 127.9502s
	iters: 700, epoch: 15 | loss: 0.2988130
	speed: 0.0072s/iter; left time: 127.5957s
	iters: 800, epoch: 15 | loss: 0.4063884
	speed: 0.0073s/iter; left time: 127.2919s
	iters: 900, epoch: 15 | loss: 0.3076921
	speed: 0.0073s/iter; left time: 127.0105s
	iters: 1000, epoch: 15 | loss: 0.3589070
	speed: 0.0073s/iter; left time: 126.8182s
	iters: 1100, epoch: 15 | loss: 0.4351078
	speed: 0.0074s/iter; left time: 127.9230s
Epoch: 15 cost time: 8.584535360336304
Epoch: 15, Steps: 1146 | Train Loss: 0.4458760 Vali Loss: 0.4341673 Test Loss: 0.1779318
EarlyStopping counter: 1 out of 100
Updating learning rate to 2.824295364810001e-05
	iters: 100, epoch: 16 | loss: 0.2436380
	speed: 0.0506s/iter; left time: 865.1613s
	iters: 200, epoch: 16 | loss: 0.3241363
	speed: 0.0071s/iter; left time: 121.4381s
	iters: 300, epoch: 16 | loss: 0.2862562
	speed: 0.0075s/iter; left time: 126.0868s
	iters: 400, epoch: 16 | loss: 0.3308139
	speed: 0.0072s/iter; left time: 120.9241s
	iters: 500, epoch: 16 | loss: 1.2970814
	speed: 0.0072s/iter; left time: 119.7602s
	iters: 600, epoch: 16 | loss: 0.3506851
	speed: 0.0072s/iter; left time: 118.7088s
	iters: 700, epoch: 16 | loss: 0.5500470
	speed: 0.0084s/iter; left time: 138.2675s
	iters: 800, epoch: 16 | loss: 0.3257314
	speed: 0.0087s/iter; left time: 143.3570s
	iters: 900, epoch: 16 | loss: 0.4707905
	speed: 0.0072s/iter; left time: 118.0766s
	iters: 1000, epoch: 16 | loss: 1.2561549
	speed: 0.0076s/iter; left time: 122.9320s
	iters: 1100, epoch: 16 | loss: 0.4372472
	speed: 0.0072s/iter; left time: 116.3362s
Epoch: 16 cost time: 8.78243350982666
Epoch: 16, Steps: 1146 | Train Loss: 0.4449000 Vali Loss: 0.4326664 Test Loss: 0.1763173
Validation loss decreased (0.434072 --> 0.432666).  Saving model ...
Updating learning rate to 2.541865828329001e-05
	iters: 100, epoch: 17 | loss: 0.5424137
	speed: 0.0523s/iter; left time: 834.2534s
	iters: 200, epoch: 17 | loss: 0.3095771
	speed: 0.0072s/iter; left time: 114.4825s
	iters: 300, epoch: 17 | loss: 0.4450367
	speed: 0.0072s/iter; left time: 113.4285s
	iters: 400, epoch: 17 | loss: 0.3548630
	speed: 0.0072s/iter; left time: 112.6845s
	iters: 500, epoch: 17 | loss: 0.4077743
	speed: 0.0072s/iter; left time: 112.5077s
	iters: 600, epoch: 17 | loss: 0.4601438
	speed: 0.0072s/iter; left time: 110.9309s
	iters: 700, epoch: 17 | loss: 0.2566681
	speed: 0.0072s/iter; left time: 110.3422s
	iters: 800, epoch: 17 | loss: 0.3559888
	speed: 0.0072s/iter; left time: 109.9231s
	iters: 900, epoch: 17 | loss: 0.3987712
	speed: 0.0074s/iter; left time: 111.8286s
	iters: 1000, epoch: 17 | loss: 0.3773056
	speed: 0.0072s/iter; left time: 108.6397s
	iters: 1100, epoch: 17 | loss: 0.4058448
	speed: 0.0072s/iter; left time: 108.1352s
Epoch: 17 cost time: 8.605442762374878
Epoch: 17, Steps: 1146 | Train Loss: 0.4440048 Vali Loss: 0.4329586 Test Loss: 0.1766896
EarlyStopping counter: 1 out of 100
Updating learning rate to 2.287679245496101e-05
	iters: 100, epoch: 18 | loss: 0.5199476
	speed: 0.0525s/iter; left time: 777.4660s
	iters: 200, epoch: 18 | loss: 0.3457366
	speed: 0.0072s/iter; left time: 105.9530s
	iters: 300, epoch: 18 | loss: 0.2987577
	speed: 0.0072s/iter; left time: 105.0806s
	iters: 400, epoch: 18 | loss: 0.9406585
	speed: 0.0074s/iter; left time: 107.4241s
	iters: 500, epoch: 18 | loss: 0.3167754
	speed: 0.0072s/iter; left time: 103.5001s
	iters: 600, epoch: 18 | loss: 1.2969344
	speed: 0.0071s/iter; left time: 102.1431s
	iters: 700, epoch: 18 | loss: 0.3878938
	speed: 0.0071s/iter; left time: 101.2185s
	iters: 800, epoch: 18 | loss: 0.3391648
	speed: 0.0072s/iter; left time: 101.6316s
	iters: 900, epoch: 18 | loss: 0.2824633
	speed: 0.0072s/iter; left time: 100.3712s
	iters: 1000, epoch: 18 | loss: 1.2597328
	speed: 0.0072s/iter; left time: 100.7546s
	iters: 1100, epoch: 18 | loss: 0.4096329
	speed: 0.0073s/iter; left time: 100.4506s
Epoch: 18 cost time: 8.517491579055786
Epoch: 18, Steps: 1146 | Train Loss: 0.4434596 Vali Loss: 0.4326615 Test Loss: 0.1766511
Validation loss decreased (0.432666 --> 0.432662).  Saving model ...
Updating learning rate to 2.0589113209464907e-05
	iters: 100, epoch: 19 | loss: 0.8906554
	speed: 0.0523s/iter; left time: 714.3818s
	iters: 200, epoch: 19 | loss: 0.2843811
	speed: 0.0074s/iter; left time: 100.9069s
	iters: 300, epoch: 19 | loss: 0.3235192
	speed: 0.0072s/iter; left time: 96.5279s
	iters: 400, epoch: 19 | loss: 0.3434827
	speed: 0.0072s/iter; left time: 95.9514s
	iters: 500, epoch: 19 | loss: 0.5739493
	speed: 0.0072s/iter; left time: 95.5009s
	iters: 600, epoch: 19 | loss: 0.3313986
	speed: 0.0072s/iter; left time: 94.3007s
	iters: 700, epoch: 19 | loss: 0.4329219
	speed: 0.0072s/iter; left time: 93.5176s
	iters: 800, epoch: 19 | loss: 0.3240349
	speed: 0.0072s/iter; left time: 93.0287s
	iters: 900, epoch: 19 | loss: 0.3181381
	speed: 0.0072s/iter; left time: 92.6271s
	iters: 1000, epoch: 19 | loss: 0.5108307
	speed: 0.0072s/iter; left time: 91.5920s
	iters: 1100, epoch: 19 | loss: 0.2789929
	speed: 0.0072s/iter; left time: 90.5643s
Epoch: 19 cost time: 8.533196687698364
Epoch: 19, Steps: 1146 | Train Loss: 0.4434302 Vali Loss: 0.4332491 Test Loss: 0.1764535
EarlyStopping counter: 1 out of 100
Updating learning rate to 1.8530201888518416e-05
	iters: 100, epoch: 20 | loss: 0.2345439
	speed: 0.0495s/iter; left time: 619.2583s
	iters: 200, epoch: 20 | loss: 0.4407320
	speed: 0.0075s/iter; left time: 92.5941s
	iters: 300, epoch: 20 | loss: 0.3057040
	speed: 0.0089s/iter; left time: 109.8200s
	iters: 400, epoch: 20 | loss: 0.3457571
	speed: 0.0078s/iter; left time: 95.8124s
	iters: 500, epoch: 20 | loss: 0.4245397
	speed: 0.0074s/iter; left time: 90.1857s
	iters: 600, epoch: 20 | loss: 0.2902777
	speed: 0.0075s/iter; left time: 90.3226s
	iters: 700, epoch: 20 | loss: 0.4309398
	speed: 0.0074s/iter; left time: 87.6672s
	iters: 800, epoch: 20 | loss: 0.3857715
	speed: 0.0099s/iter; left time: 117.3450s
	iters: 900, epoch: 20 | loss: 0.3133053
	speed: 0.0088s/iter; left time: 103.0434s
	iters: 1000, epoch: 20 | loss: 0.2375745
	speed: 0.0072s/iter; left time: 83.3920s
	iters: 1100, epoch: 20 | loss: 0.4186800
	speed: 0.0072s/iter; left time: 82.4189s
Epoch: 20 cost time: 9.244246244430542
Epoch: 20, Steps: 1146 | Train Loss: 0.4427621 Vali Loss: 0.4324118 Test Loss: 0.1764822
Validation loss decreased (0.432662 --> 0.432412).  Saving model ...
Updating learning rate to 1.6677181699666577e-05
	iters: 100, epoch: 21 | loss: 0.2802297
	speed: 0.0504s/iter; left time: 572.3825s
	iters: 200, epoch: 21 | loss: 0.3173851
	speed: 0.0088s/iter; left time: 99.4258s
	iters: 300, epoch: 21 | loss: 0.3905958
	speed: 0.0073s/iter; left time: 81.1985s
	iters: 400, epoch: 21 | loss: 0.3091503
	speed: 0.0073s/iter; left time: 80.3049s
	iters: 500, epoch: 21 | loss: 0.3628225
	speed: 0.0074s/iter; left time: 80.6640s
	iters: 600, epoch: 21 | loss: 0.4093795
	speed: 0.0074s/iter; left time: 79.8358s
	iters: 700, epoch: 21 | loss: 0.4475203
	speed: 0.0074s/iter; left time: 79.3955s
	iters: 800, epoch: 21 | loss: 0.2751316
	speed: 0.0073s/iter; left time: 77.6215s
	iters: 900, epoch: 21 | loss: 0.4300792
	speed: 0.0076s/iter; left time: 80.2822s
	iters: 1000, epoch: 21 | loss: 0.3849671
	speed: 0.0073s/iter; left time: 76.5527s
	iters: 1100, epoch: 21 | loss: 0.3921007
	speed: 0.0084s/iter; left time: 86.7027s
Epoch: 21 cost time: 8.884956121444702
Epoch: 21, Steps: 1146 | Train Loss: 0.4427501 Vali Loss: 0.4324602 Test Loss: 0.1756383
EarlyStopping counter: 1 out of 100
Updating learning rate to 1.5009463529699919e-05
	iters: 100, epoch: 22 | loss: 0.3983811
	speed: 0.0508s/iter; left time: 519.0997s
	iters: 200, epoch: 22 | loss: 0.2937842
	speed: 0.0073s/iter; left time: 74.1080s
	iters: 300, epoch: 22 | loss: 0.3133239
	speed: 0.0075s/iter; left time: 75.3801s
	iters: 400, epoch: 22 | loss: 0.7036380
	speed: 0.0086s/iter; left time: 85.7052s
	iters: 500, epoch: 22 | loss: 0.3832039
	speed: 0.0072s/iter; left time: 70.9228s
	iters: 600, epoch: 22 | loss: 0.3222991
	speed: 0.0072s/iter; left time: 69.4715s
	iters: 700, epoch: 22 | loss: 0.3737600
	speed: 0.0072s/iter; left time: 69.2794s
	iters: 800, epoch: 22 | loss: 1.3518533
	speed: 0.0072s/iter; left time: 68.5962s
	iters: 900, epoch: 22 | loss: 0.4119220
	speed: 0.0073s/iter; left time: 69.1787s
	iters: 1000, epoch: 22 | loss: 0.5202392
	speed: 0.0073s/iter; left time: 67.5460s
	iters: 1100, epoch: 22 | loss: 0.3329166
	speed: 0.0077s/iter; left time: 70.7877s
Epoch: 22 cost time: 8.738489866256714
Epoch: 22, Steps: 1146 | Train Loss: 0.4423480 Vali Loss: 0.4324390 Test Loss: 0.1765797
EarlyStopping counter: 2 out of 100
Updating learning rate to 1.3508517176729929e-05
	iters: 100, epoch: 23 | loss: 0.4347849
	speed: 0.0512s/iter; left time: 464.0675s
	iters: 200, epoch: 23 | loss: 1.2254505
	speed: 0.0073s/iter; left time: 65.8680s
	iters: 300, epoch: 23 | loss: 0.3113541
	speed: 0.0073s/iter; left time: 64.5043s
	iters: 400, epoch: 23 | loss: 0.4024668
	speed: 0.0075s/iter; left time: 65.8270s
	iters: 500, epoch: 23 | loss: 0.3137245
	speed: 0.0073s/iter; left time: 63.6934s
	iters: 600, epoch: 23 | loss: 1.2869395
	speed: 0.0074s/iter; left time: 63.4259s
	iters: 700, epoch: 23 | loss: 0.3255025
	speed: 0.0074s/iter; left time: 62.7047s
	iters: 800, epoch: 23 | loss: 0.4547686
	speed: 0.0075s/iter; left time: 62.7011s
	iters: 900, epoch: 23 | loss: 0.3042742
	speed: 0.0074s/iter; left time: 60.9856s
	iters: 1000, epoch: 23 | loss: 0.5987134
	speed: 0.0075s/iter; left time: 61.1227s
	iters: 1100, epoch: 23 | loss: 0.3093683
	speed: 0.0072s/iter; left time: 58.3285s
Epoch: 23 cost time: 8.652064085006714
Epoch: 23, Steps: 1146 | Train Loss: 0.4410945 Vali Loss: 0.4318143 Test Loss: 0.1762127
Validation loss decreased (0.432412 --> 0.431814).  Saving model ...
Updating learning rate to 1.2157665459056936e-05
	iters: 100, epoch: 24 | loss: 0.3984911
	speed: 0.0523s/iter; left time: 414.4006s
	iters: 200, epoch: 24 | loss: 0.3261931
	speed: 0.0073s/iter; left time: 57.3476s
	iters: 300, epoch: 24 | loss: 0.4097852
	speed: 0.0073s/iter; left time: 56.1750s
	iters: 400, epoch: 24 | loss: 0.2969412
	speed: 0.0072s/iter; left time: 55.1167s
	iters: 500, epoch: 24 | loss: 1.2404251
	speed: 0.0073s/iter; left time: 54.8599s
	iters: 600, epoch: 24 | loss: 0.3423053
	speed: 0.0071s/iter; left time: 52.8657s
	iters: 700, epoch: 24 | loss: 0.3086402
	speed: 0.0071s/iter; left time: 52.2783s
	iters: 800, epoch: 24 | loss: 0.3802457
	speed: 0.0072s/iter; left time: 51.8327s
	iters: 900, epoch: 24 | loss: 0.3541931
	speed: 0.0073s/iter; left time: 51.9807s
	iters: 1000, epoch: 24 | loss: 1.0335451
	speed: 0.0074s/iter; left time: 51.9514s
	iters: 1100, epoch: 24 | loss: 0.2473142
	speed: 0.0072s/iter; left time: 49.5882s
Epoch: 24 cost time: 8.520287036895752
Epoch: 24, Steps: 1146 | Train Loss: 0.4413442 Vali Loss: 0.4317392 Test Loss: 0.1759264
Validation loss decreased (0.431814 --> 0.431739).  Saving model ...
Updating learning rate to 1.0941898913151242e-05
	iters: 100, epoch: 25 | loss: 0.2884479
	speed: 0.0514s/iter; left time: 348.3253s
	iters: 200, epoch: 25 | loss: 0.2581119
	speed: 0.0073s/iter; left time: 48.8888s
	iters: 300, epoch: 25 | loss: 0.5545174
	speed: 0.0073s/iter; left time: 47.7424s
	iters: 400, epoch: 25 | loss: 0.3221691
	speed: 0.0079s/iter; left time: 50.8892s
	iters: 500, epoch: 25 | loss: 0.3146810
	speed: 0.0074s/iter; left time: 47.3544s
	iters: 600, epoch: 25 | loss: 0.3830852
	speed: 0.0072s/iter; left time: 45.4312s
	iters: 700, epoch: 25 | loss: 0.3830392
	speed: 0.0075s/iter; left time: 46.0807s
	iters: 800, epoch: 25 | loss: 0.2937299
	speed: 0.0082s/iter; left time: 49.8362s
	iters: 900, epoch: 25 | loss: 0.4315932
	speed: 0.0079s/iter; left time: 47.1613s
	iters: 1000, epoch: 25 | loss: 0.3011100
	speed: 0.0092s/iter; left time: 54.3613s
	iters: 1100, epoch: 25 | loss: 0.3848298
	speed: 0.0074s/iter; left time: 42.6617s
Epoch: 25 cost time: 9.057328701019287
Epoch: 25, Steps: 1146 | Train Loss: 0.4411680 Vali Loss: 0.4325920 Test Loss: 0.1761076
EarlyStopping counter: 1 out of 100
Updating learning rate to 9.847709021836118e-06
	iters: 100, epoch: 26 | loss: 0.3357897
	speed: 0.0504s/iter; left time: 283.8191s
	iters: 200, epoch: 26 | loss: 0.4313660
	speed: 0.0072s/iter; left time: 40.0038s
	iters: 300, epoch: 26 | loss: 1.2217568
	speed: 0.0072s/iter; left time: 39.3132s
	iters: 400, epoch: 26 | loss: 0.3449418
	speed: 0.0073s/iter; left time: 39.1794s
	iters: 500, epoch: 26 | loss: 0.3794801
	speed: 0.0075s/iter; left time: 39.0992s
	iters: 600, epoch: 26 | loss: 0.5726365
	speed: 0.0074s/iter; left time: 37.8718s
	iters: 700, epoch: 26 | loss: 0.2943192
	speed: 0.0082s/iter; left time: 41.2609s
	iters: 800, epoch: 26 | loss: 0.3764813
	speed: 0.0082s/iter; left time: 40.5741s
	iters: 900, epoch: 26 | loss: 0.2825671
	speed: 0.0074s/iter; left time: 35.8845s
	iters: 1000, epoch: 26 | loss: 0.3707954
	speed: 0.0079s/iter; left time: 37.4894s
	iters: 1100, epoch: 26 | loss: 0.3617019
	speed: 0.0075s/iter; left time: 34.7185s
Epoch: 26 cost time: 8.901496648788452
Epoch: 26, Steps: 1146 | Train Loss: 0.4408416 Vali Loss: 0.4304253 Test Loss: 0.1758009
Validation loss decreased (0.431739 --> 0.430425).  Saving model ...
Updating learning rate to 8.862938119652508e-06
	iters: 100, epoch: 27 | loss: 0.3378964
	speed: 0.0513s/iter; left time: 230.3001s
	iters: 200, epoch: 27 | loss: 0.3048827
	speed: 0.0072s/iter; left time: 31.6919s
	iters: 300, epoch: 27 | loss: 1.2569536
	speed: 0.0072s/iter; left time: 30.9945s
	iters: 400, epoch: 27 | loss: 0.2936173
	speed: 0.0072s/iter; left time: 30.2359s
	iters: 500, epoch: 27 | loss: 2.0340095
	speed: 0.0075s/iter; left time: 30.4578s
	iters: 600, epoch: 27 | loss: 0.2537383
	speed: 0.0072s/iter; left time: 28.5230s
	iters: 700, epoch: 27 | loss: 0.2526330
	speed: 0.0077s/iter; left time: 29.7842s
	iters: 800, epoch: 27 | loss: 0.3633683
	speed: 0.0076s/iter; left time: 28.8867s
	iters: 900, epoch: 27 | loss: 0.2680467
	speed: 0.0076s/iter; left time: 27.9301s
	iters: 1000, epoch: 27 | loss: 0.3543749
	speed: 0.0078s/iter; left time: 27.8433s
	iters: 1100, epoch: 27 | loss: 0.5630137
	speed: 0.0075s/iter; left time: 26.1221s
Epoch: 27 cost time: 8.774105787277222
Epoch: 27, Steps: 1146 | Train Loss: 0.4412053 Vali Loss: 0.4299201 Test Loss: 0.1757916
Validation loss decreased (0.430425 --> 0.429920).  Saving model ...
Updating learning rate to 7.976644307687255e-06
	iters: 100, epoch: 28 | loss: 0.5292476
	speed: 0.0532s/iter; left time: 177.7374s
	iters: 200, epoch: 28 | loss: 0.3638205
	speed: 0.0076s/iter; left time: 24.5741s
	iters: 300, epoch: 28 | loss: 0.4236591
	speed: 0.0074s/iter; left time: 23.1732s
	iters: 400, epoch: 28 | loss: 0.2755655
	speed: 0.0074s/iter; left time: 22.6140s
	iters: 500, epoch: 28 | loss: 0.2335557
	speed: 0.0074s/iter; left time: 21.7634s
	iters: 600, epoch: 28 | loss: 0.4162736
	speed: 0.0076s/iter; left time: 21.5476s
	iters: 700, epoch: 28 | loss: 0.4820290
	speed: 0.0091s/iter; left time: 24.9694s
	iters: 800, epoch: 28 | loss: 0.3390884
	speed: 0.0094s/iter; left time: 24.7037s
	iters: 900, epoch: 28 | loss: 0.6010064
	speed: 0.0087s/iter; left time: 21.9638s
	iters: 1000, epoch: 28 | loss: 0.2862957
	speed: 0.0093s/iter; left time: 22.7800s
	iters: 1100, epoch: 28 | loss: 0.3393321
	speed: 0.0085s/iter; left time: 19.7895s
Epoch: 28 cost time: 9.61728286743164
Epoch: 28, Steps: 1146 | Train Loss: 0.4408963 Vali Loss: 0.4301714 Test Loss: 0.1759648
EarlyStopping counter: 1 out of 100
Updating learning rate to 7.178979876918531e-06
	iters: 100, epoch: 29 | loss: 0.3383303
	speed: 0.0526s/iter; left time: 115.2675s
	iters: 200, epoch: 29 | loss: 0.3048523
	speed: 0.0089s/iter; left time: 18.5936s
	iters: 300, epoch: 29 | loss: 0.4849890
	speed: 0.0085s/iter; left time: 16.9445s
	iters: 400, epoch: 29 | loss: 0.4318843
	speed: 0.0083s/iter; left time: 15.7126s
	iters: 500, epoch: 29 | loss: 0.2953373
	speed: 0.0086s/iter; left time: 15.4105s
	iters: 600, epoch: 29 | loss: 0.2963011
	speed: 0.0082s/iter; left time: 13.9137s
	iters: 700, epoch: 29 | loss: 0.3355617
	speed: 0.0080s/iter; left time: 12.8060s
	iters: 800, epoch: 29 | loss: 0.3236728
	speed: 0.0084s/iter; left time: 12.4914s
	iters: 900, epoch: 29 | loss: 1.3118510
	speed: 0.0081s/iter; left time: 11.3009s
	iters: 1000, epoch: 29 | loss: 0.5926090
	speed: 0.0088s/iter; left time: 11.3583s
	iters: 1100, epoch: 29 | loss: 0.3212265
	speed: 0.0098s/iter; left time: 11.6507s
Epoch: 29 cost time: 10.002525568008423
Epoch: 29, Steps: 1146 | Train Loss: 0.4409465 Vali Loss: 0.4314509 Test Loss: 0.1759605
EarlyStopping counter: 2 out of 100
Updating learning rate to 6.4610818892266776e-06
	iters: 100, epoch: 30 | loss: 0.2893735
	speed: 0.0529s/iter; left time: 55.4289s
	iters: 200, epoch: 30 | loss: 0.4556346
	speed: 0.0089s/iter; left time: 8.4460s
	iters: 300, epoch: 30 | loss: 0.2880952
	speed: 0.0091s/iter; left time: 7.7122s
	iters: 400, epoch: 30 | loss: 0.4085790
	speed: 0.0082s/iter; left time: 6.1343s
	iters: 500, epoch: 30 | loss: 0.3678743
	speed: 0.0083s/iter; left time: 5.3952s
	iters: 600, epoch: 30 | loss: 0.3076093
	speed: 0.0085s/iter; left time: 4.6643s
	iters: 700, epoch: 30 | loss: 0.3159821
	speed: 0.0086s/iter; left time: 3.8513s
	iters: 800, epoch: 30 | loss: 0.4320529
	speed: 0.0105s/iter; left time: 3.6267s
	iters: 900, epoch: 30 | loss: 0.2603843
	speed: 0.0084s/iter; left time: 2.0723s
	iters: 1000, epoch: 30 | loss: 0.3185449
	speed: 0.0090s/iter; left time: 1.3161s
	iters: 1100, epoch: 30 | loss: 0.3255904
	speed: 0.0084s/iter; left time: 0.3942s
Epoch: 30 cost time: 10.25938892364502
Epoch: 30, Steps: 1146 | Train Loss: 0.4405152 Vali Loss: 0.4311841 Test Loss: 0.1756615
EarlyStopping counter: 3 out of 100
Updating learning rate to 5.8149737003040096e-06
>>>>>>>testing : weather_96_96_MLPAer_only_temp_custom_ftM_sl96_ll48_pl96_dm2048_nh8_el2_dl1_df2048_fc1_ebtimeF_dtTrue_Exp_0<<<<<<<<<<<<<<<<<<<<<<<<<<<<<<<<<
test 10444
mse:0.17579159140586853, mae:0.21520116925239563, rse:0.5524653196334839
